(0.1, 0.1, (1, 2), (2, 1))
0.1 0.1 0.1
{'a1': 0.9, 'a4': 0.1, 'G_theta': 3, 'G_k': 2, 'U_b': 1, 'U_a': 0, 'mia': -0.7789658101894101}
{'a1': 0.8, 'a4': 0.1, 'G_theta': 3, 'G_k': 2, 'U_b': 1, 'U_a': 0, 'mia': -0.7789658085069837}
{'a1': 0.7000000000000001, 'a4': 0.1, 'G_theta': 3, 'G_k': 2, 'U_b': 1, 'U_a': 0, 'mia': -0.7789658060324229}
{'a1': 0.9, 'a4': 0.2, 'G_theta': 3, 'G_k': 2, 'U_b': 1, 'U_a': 0, 'mia': -0.77896580414428}
{'a1': 0.6, 'a4': 0.1, 'G_theta': 3, 'G_k': 2, 'U_b': 1, 'U_a': 0, 'mia': -0.7789658021767889}
{'a1': 0.9, 'a4': 0.1, 'G_theta': 2, 'G_k': 2, 'U_b': 1, 'U_a': 0, 'mia': -0.7789658021767889}
{'a1': 0.8, 'a4': 0.2, 'G_theta': 3, 'G_k': 2, 'U_b': 1, 'U_a': 0, 'mia': -0.7789658007908364}
{'a1': 0.8, 'a4': 0.1, 'G_theta': 2, 'G_k': 2, 'U_b': 1, 'U_a': 0, 'mia': -0.7789657982693241}
{'a1': 0.9, 'a4': 0.1, 'G_theta': 3, 'G_k': 2, 'U_b': 2, 'U_a': 1, 'mia': -0.77896579809915}
{'a1': 0.7000000000000001, 'a4': 0.2, 'G_theta': 3, 'G_k': 2, 'U_b': 1, 'U_a': 0, 'mia': -0.7789657958433103}
{'a1': 0.5, 'a4': 0.1, 'G_theta': 3, 'G_k': 2, 'U_b': 1, 'U_a': 0, 'mia': -0.7789657956804468}
{'a1': 0.8, 'a4': 0.1, 'G_theta': 3, 'G_k': 2, 'U_b': 2, 'U_a': 1, 'mia': -0.7789657930746892}
{'a1': 0.7000000000000001, 'a4': 0.1, 'G_theta': 2, 'G_k': 2, 'U_b': 1, 'U_a': 0, 'mia': -0.778965792493095}
{'a1': 0.6, 'a4': 0.2, 'G_theta': 3, 'G_k': 2, 'U_b': 1, 'U_a': 0, 'mia': -0.7789657881039891}
{'a1': 0.9, 'a4': 0.2, 'G_theta': 2, 'G_k': 2, 'U_b': 1, 'U_a': 0, 'mia': -0.7789657881039891}
{'a1': 0.9, 'a4': 0.30000000000000004, 'G_theta': 3, 'G_k': 2, 'U_b': 1, 'U_a': 0, 'mia': -0.7789657866688571}
{'a1': 0.7000000000000001, 'a4': 0.1, 'G_theta': 3, 'G_k': 2, 'U_b': 2, 'U_a': 1, 'mia': -0.7789657856541974}
{'a1': 0.4, 'a4': 0.1, 'G_theta': 3, 'G_k': 2, 'U_b': 1, 'U_a': 0, 'mia': -0.7789657834309356}
{'a1': 0.6, 'a4': 0.1, 'G_theta': 2, 'G_k': 2, 'U_b': 1, 'U_a': 0, 'mia': -0.7789657834309356}
{'a1': 0.8, 'a4': 0.2, 'G_theta': 2, 'G_k': 2, 'U_b': 1, 'U_a': 0, 'mia': -0.7789657802284855}
{'a1': 0.8, 'a4': 0.30000000000000004, 'G_theta': 3, 'G_k': 2, 'U_b': 1, 'U_a': 0, 'mia': -0.7789657785037027}
{'a1': 0.5, 'a4': 0.2, 'G_theta': 3, 'G_k': 2, 'U_b': 1, 'U_a': 0, 'mia': -0.7789657749950603}
{'a1': 0.6, 'a4': 0.1, 'G_theta': 3, 'G_k': 2, 'U_b': 2, 'U_a': 1, 'mia': -0.7789657740311893}
{'a1': 0.9, 'a4': 0.1, 'G_theta': 2, 'G_k': 2, 'U_b': 2, 'U_a': 1, 'mia': -0.7789657740311893}
{'a1': 0.7000000000000001, 'a4': 0.2, 'G_theta': 2, 'G_k': 2, 'U_b': 1, 'U_a': 0, 'mia': -0.7789657685365325}
{'a1': 0.5, 'a4': 0.1, 'G_theta': 2, 'G_k': 2, 'U_b': 1, 'U_a': 0, 'mia': -0.7789657680095399}
{'a1': 0.7000000000000001, 'a4': 0.30000000000000004, 'G_theta': 3, 'G_k': 2, 'U_b': 1, 'U_a': 0, 'mia': -0.778965766444838}
{'a1': 0.8, 'a4': 0.1, 'G_theta': 2, 'G_k': 2, 'U_b': 2, 'U_a': 1, 'mia': -0.7789657621876469}
{'a1': 0.30000000000000004, 'a4': 0.1, 'G_theta': 3, 'G_k': 2, 'U_b': 1, 'U_a': 0, 'mia': -0.7789657558659615}
{'a1': 0.9, 'a4': 0.1, 'G_theta': 1, 'G_k': 2, 'U_b': 1, 'U_a': 0, 'mia': -0.7789657558659615}
{'a1': 0.5, 'a4': 0.1, 'G_theta': 3, 'G_k': 2, 'U_b': 2, 'U_a': 1, 'mia': -0.7789657543096737}
{'a1': 0.4, 'a4': 0.2, 'G_theta': 3, 'G_k': 2, 'U_b': 1, 'U_a': 0, 'mia': -0.7789657500932377}
{'a1': 0.6, 'a4': 0.2, 'G_theta': 2, 'G_k': 2, 'U_b': 1, 'U_a': 0, 'mia': -0.7789657500932377}
{'a1': 0.6, 'a4': 0.30000000000000004, 'G_theta': 3, 'G_k': 2, 'U_b': 1, 'U_a': 0, 'mia': -0.7789657475566314}
{'a1': 0.9, 'a4': 0.30000000000000004, 'G_theta': 2, 'G_k': 2, 'U_b': 1, 'U_a': 0, 'mia': -0.7789657475566314}
{'a1': 0.7000000000000001, 'a4': 0.1, 'G_theta': 2, 'G_k': 2, 'U_b': 2, 'U_a': 1, 'mia': -0.7789657445799703}
{'a1': 0.4, 'a4': 0.1, 'G_theta': 2, 'G_k': 2, 'U_b': 1, 'U_a': 0, 'mia': -0.7789657384751945}
{'a1': 0.8, 'a4': 0.1, 'G_theta': 1, 'G_k': 2, 'U_b': 1, 'U_a': 0, 'mia': -0.7789657384751945}
{'a1': 0.9, 'a4': 0.4, 'G_theta': 3, 'G_k': 2, 'U_b': 1, 'U_a': 0, 'mia': -0.7789657360277313}
{'a1': 0.8, 'a4': 0.30000000000000004, 'G_theta': 2, 'G_k': 2, 'U_b': 1, 'U_a': 0, 'mia': -0.7789657283101119}
{'a1': 0.5, 'a4': 0.2, 'G_theta': 2, 'G_k': 2, 'U_b': 1, 'U_a': 0, 'mia': -0.7789657184823671}
{'a1': 0.4, 'a4': 0.1, 'G_theta': 3, 'G_k': 2, 'U_b': 2, 'U_a': 1, 'mia': -0.7789657167555399}
{'a1': 0.6, 'a4': 0.1, 'G_theta': 2, 'G_k': 2, 'U_b': 2, 'U_a': 1, 'mia': -0.7789657167555399}
{'a1': 0.5, 'a4': 0.30000000000000004, 'G_theta': 3, 'G_k': 2, 'U_b': 1, 'U_a': 0, 'mia': -0.7789657155079319}
{'a1': 0.8, 'a4': 0.4, 'G_theta': 3, 'G_k': 2, 'U_b': 1, 'U_a': 0, 'mia': -0.7789657139285382}
{'a1': 0.7000000000000001, 'a4': 0.1, 'G_theta': 1, 'G_k': 2, 'U_b': 1, 'U_a': 0, 'mia': -0.7789657122927689}
{'a1': 0.7000000000000001, 'a4': 0.30000000000000004, 'G_theta': 2, 'G_k': 2, 'U_b': 1, 'U_a': 0, 'mia': -0.7789656996966121}
{'a1': 0.30000000000000004, 'a4': 0.2, 'G_theta': 3, 'G_k': 2, 'U_b': 1, 'U_a': 0, 'mia': -0.7789656934284874}
{'a1': 0.9, 'a4': 0.2, 'G_theta': 1, 'G_k': 2, 'U_b': 1, 'U_a': 0, 'mia': -0.7789656934284874}
{'a1': 0.7000000000000001, 'a4': 0.4, 'G_theta': 3, 'G_k': 2, 'U_b': 1, 'U_a': 0, 'mia': -0.7789656812811092}
{'a1': 0.2, 'a4': 0.1, 'G_theta': 3, 'G_k': 2, 'U_b': 1, 'U_a': 0, 'mia': -0.7789656701606191}
{'a1': 0.30000000000000004, 'a4': 0.1, 'G_theta': 2, 'G_k': 2, 'U_b': 1, 'U_a': 0, 'mia': -0.7789656701606191}
{'a1': 0.6, 'a4': 0.1, 'G_theta': 1, 'G_k': 2, 'U_b': 1, 'U_a': 0, 'mia': -0.7789656701606191}
{'a1': 0.5, 'a4': 0.1, 'G_theta': 2, 'G_k': 2, 'U_b': 2, 'U_a': 1, 'mia': -0.778965668955194}
{'a1': 0.9, 'a4': 0.2, 'G_theta': 3, 'G_k': 2, 'U_b': 2, 'U_a': 1, 'mia': -0.7789656679111825}
{'a1': 0.4, 'a4': 0.2, 'G_theta': 2, 'G_k': 2, 'U_b': 1, 'U_a': 0, 'mia': -0.7789656573459915}
{'a1': 0.8, 'a4': 0.2, 'G_theta': 1, 'G_k': 2, 'U_b': 1, 'U_a': 0, 'mia': -0.7789656573459915}
{'a1': 0.4, 'a4': 0.30000000000000004, 'G_theta': 3, 'G_k': 2, 'U_b': 1, 'U_a': 0, 'mia': -0.7789656544805108}
{'a1': 0.6, 'a4': 0.30000000000000004, 'G_theta': 2, 'G_k': 2, 'U_b': 1, 'U_a': 0, 'mia': -0.7789656544805108}
{'a1': 0.30000000000000004, 'a4': 0.1, 'G_theta': 3, 'G_k': 2, 'U_b': 2, 'U_a': 1, 'mia': -0.7789656309910136}
{'a1': 0.9, 'a4': 0.1, 'G_theta': 1, 'G_k': 2, 'U_b': 2, 'U_a': 1, 'mia': -0.7789656309910136}
{'a1': 0.6, 'a4': 0.4, 'G_theta': 3, 'G_k': 2, 'U_b': 1, 'U_a': 0, 'mia': -0.7789656301246894}
{'a1': 0.9, 'a4': 0.4, 'G_theta': 2, 'G_k': 2, 'U_b': 1, 'U_a': 0, 'mia': -0.7789656301246894}
{'a1': 0.8, 'a4': 0.2, 'G_theta': 3, 'G_k': 2, 'U_b': 2, 'U_a': 1, 'mia': -0.7789656270662402}
{'a1': 0.7000000000000001, 'a4': 0.2, 'G_theta': 1, 'G_k': 2, 'U_b': 1, 'U_a': 0, 'mia': -0.7789656026519547}
{'a1': 0.5, 'a4': 0.1, 'G_theta': 1, 'G_k': 2, 'U_b': 1, 'U_a': 0, 'mia': -0.7789655957377748}
{'a1': 0.9, 'a4': 0.5, 'G_theta': 3, 'G_k': 2, 'U_b': 1, 'U_a': 0, 'mia': -0.7789655850299668}
{'a1': 0.8, 'a4': 0.4, 'G_theta': 2, 'G_k': 2, 'U_b': 1, 'U_a': 0, 'mia': -0.7789655779772455}
{'a1': 0.5, 'a4': 0.30000000000000004, 'G_theta': 2, 'G_k': 2, 'U_b': 1, 'U_a': 0, 'mia': -0.7789655768030264}
{'a1': 0.4, 'a4': 0.1, 'G_theta': 2, 'G_k': 2, 'U_b': 2, 'U_a': 1, 'mia': -0.7789655762167886}
{'a1': 0.8, 'a4': 0.1, 'G_theta': 1, 'G_k': 2, 'U_b': 2, 'U_a': 1, 'mia': -0.7789655762167886}
{'a1': 0.7000000000000001, 'a4': 0.2, 'G_theta': 3, 'G_k': 2, 'U_b': 2, 'U_a': 1, 'mia': -0.7789655667189082}
{'a1': 0.5, 'a4': 0.4, 'G_theta': 3, 'G_k': 2, 'U_b': 1, 'U_a': 0, 'mia': -0.7789655432805129}
{'a1': 0.8, 'a4': 0.5, 'G_theta': 3, 'G_k': 2, 'U_b': 1, 'U_a': 0, 'mia': -0.7789655213888982}
{'a1': 0.30000000000000004, 'a4': 0.30000000000000004, 'G_theta': 3, 'G_k': 2, 'U_b': 1, 'U_a': 0, 'mia': -0.778965515110053}
{'a1': 0.9, 'a4': 0.30000000000000004, 'G_theta': 1, 'G_k': 2, 'U_b': 1, 'U_a': 0, 'mia': -0.778965515110053}
{'a1': 0.2, 'a4': 0.2, 'G_theta': 3, 'G_k': 2, 'U_b': 1, 'U_a': 0, 'mia': -0.7789655139030511}
{'a1': 0.30000000000000004, 'a4': 0.2, 'G_theta': 2, 'G_k': 2, 'U_b': 1, 'U_a': 0, 'mia': -0.7789655139030511}
{'a1': 0.6, 'a4': 0.2, 'G_theta': 1, 'G_k': 2, 'U_b': 1, 'U_a': 0, 'mia': -0.7789655139030511}
{'a1': 0.7000000000000001, 'a4': 0.4, 'G_theta': 2, 'G_k': 2, 'U_b': 1, 'U_a': 0, 'mia': -0.7789655004186544}
{'a1': 0.7000000000000001, 'a4': 0.1, 'G_theta': 1, 'G_k': 2, 'U_b': 2, 'U_a': 1, 'mia': -0.7789654930111405}
{'a1': 0.6, 'a4': 0.2, 'G_theta': 3, 'G_k': 2, 'U_b': 2, 'U_a': 1, 'mia': -0.7789654721453896}
{'a1': 0.9, 'a4': 0.2, 'G_theta': 2, 'G_k': 2, 'U_b': 2, 'U_a': 1, 'mia': -0.7789654721453896}
{'a1': 0.2, 'a4': 0.1, 'G_theta': 2, 'G_k': 2, 'U_b': 1, 'U_a': 0, 'mia': -0.7789654444430831}
{'a1': 0.4, 'a4': 0.1, 'G_theta': 1, 'G_k': 2, 'U_b': 1, 'U_a': 0, 'mia': -0.7789654444430831}
{'a1': 0.7000000000000001, 'a4': 0.5, 'G_theta': 3, 'G_k': 2, 'U_b': 1, 'U_a': 0, 'mia': -0.7789654273631303}
{'a1': 0.4, 'a4': 0.30000000000000004, 'G_theta': 2, 'G_k': 2, 'U_b': 1, 'U_a': 0, 'mia': -0.7789654261006651}
{'a1': 0.8, 'a4': 0.30000000000000004, 'G_theta': 1, 'G_k': 2, 'U_b': 1, 'U_a': 0, 'mia': -0.7789654261006651}
{'a1': 0.4, 'a4': 0.4, 'G_theta': 3, 'G_k': 2, 'U_b': 1, 'U_a': 0, 'mia': -0.7789653777943419}
{'a1': 0.6, 'a4': 0.4, 'G_theta': 2, 'G_k': 2, 'U_b': 1, 'U_a': 0, 'mia': -0.7789653777943419}
{'a1': 0.8, 'a4': 0.2, 'G_theta': 2, 'G_k': 2, 'U_b': 2, 'U_a': 1, 'mia': -0.7789653757260053}
{'a1': 0.2, 'a4': 0.1, 'G_theta': 3, 'G_k': 2, 'U_b': 2, 'U_a': 1, 'mia': -0.7789653576454831}
{'a1': 0.30000000000000004, 'a4': 0.1, 'G_theta': 2, 'G_k': 2, 'U_b': 2, 'U_a': 1, 'mia': -0.7789653576454831}
{'a1': 0.6, 'a4': 0.1, 'G_theta': 1, 'G_k': 2, 'U_b': 2, 'U_a': 1, 'mia': -0.7789653576454831}
{'a1': 0.5, 'a4': 0.2, 'G_theta': 1, 'G_k': 2, 'U_b': 1, 'U_a': 0, 'mia': -0.7789653554945235}
{'a1': 0.5, 'a4': 0.2, 'G_theta': 3, 'G_k': 2, 'U_b': 2, 'U_a': 1, 'mia': -0.7789653115659656}
{'a1': 0.7000000000000001, 'a4': 0.30000000000000004, 'G_theta': 1, 'G_k': 2, 'U_b': 1, 'U_a': 0, 'mia': -0.7789652908903346}
{'a1': 0.6, 'a4': 0.5, 'G_theta': 3, 'G_k': 2, 'U_b': 1, 'U_a': 0, 'mia': -0.7789652800148319}
{'a1': 0.9, 'a4': 0.5, 'G_theta': 2, 'G_k': 2, 'U_b': 1, 'U_a': 0, 'mia': -0.7789652800148319}
{'a1': 0.7000000000000001, 'a4': 0.2, 'G_theta': 2, 'G_k': 2, 'U_b': 2, 'U_a': 1, 'mia': -0.7789652323007763}
{'a1': 0.5, 'a4': 0.4, 'G_theta': 2, 'G_k': 2, 'U_b': 1, 'U_a': 0, 'mia': -0.7789651669944402}
{'a1': 0.8, 'a4': 0.5, 'G_theta': 2, 'G_k': 2, 'U_b': 1, 'U_a': 0, 'mia': -0.7789651297953204}
{'a1': 0.9, 'a4': 0.6, 'G_theta': 3, 'G_k': 2, 'U_b': 1, 'U_a': 0, 'mia': -0.7789651228531977}
{'a1': 0.5, 'a4': 0.1, 'G_theta': 1, 'G_k': 2, 'U_b': 2, 'U_a': 1, 'mia': -0.7789651152512724}
{'a1': 0.2, 'a4': 0.30000000000000004, 'G_theta': 3, 'G_k': 2, 'U_b': 1, 'U_a': 0, 'mia': -0.7789650709208047}
{'a1': 0.30000000000000004, 'a4': 0.30000000000000004, 'G_theta': 2, 'G_k': 2, 'U_b': 1, 'U_a': 0, 'mia': -0.7789650709208047}
{'a1': 0.6, 'a4': 0.30000000000000004, 'G_theta': 1, 'G_k': 2, 'U_b': 1, 'U_a': 0, 'mia': -0.7789650709208047}
{'a1': 0.1, 'a4': 0.1, 'G_theta': 3, 'G_k': 2, 'U_b': 1, 'U_a': 0, 'mia': -0.7789650541627715}
{'a1': 0.30000000000000004, 'a4': 0.1, 'G_theta': 1, 'G_k': 2, 'U_b': 1, 'U_a': 0, 'mia': -0.7789650541627715}
{'a1': 0.5, 'a4': 0.5, 'G_theta': 3, 'G_k': 2, 'U_b': 1, 'U_a': 0, 'mia': -0.7789650298374937}
{'a1': 0.2, 'a4': 0.2, 'G_theta': 2, 'G_k': 2, 'U_b': 1, 'U_a': 0, 'mia': -0.7789650291596351}
{'a1': 0.4, 'a4': 0.2, 'G_theta': 1, 'G_k': 2, 'U_b': 1, 'U_a': 0, 'mia': -0.7789650291596351}
{'a1': 0.4, 'a4': 0.2, 'G_theta': 3, 'G_k': 2, 'U_b': 2, 'U_a': 1, 'mia': -0.778965005495446}
{'a1': 0.6, 'a4': 0.2, 'G_theta': 2, 'G_k': 2, 'U_b': 2, 'U_a': 1, 'mia': -0.778965005495446}
{'a1': 0.30000000000000004, 'a4': 0.4, 'G_theta': 3, 'G_k': 2, 'U_b': 1, 'U_a': 0, 'mia': -0.778964999472253}
{'a1': 0.9, 'a4': 0.4, 'G_theta': 1, 'G_k': 2, 'U_b': 1, 'U_a': 0, 'mia': -0.778964999472253}
{'a1': 0.8, 'a4': 0.6, 'G_theta': 3, 'G_k': 2, 'U_b': 1, 'U_a': 0, 'mia': -0.7789649320635168}
{'a1': 0.7000000000000001, 'a4': 0.5, 'G_theta': 2, 'G_k': 2, 'U_b': 1, 'U_a': 0, 'mia': -0.7789649063488835}
{'a1': 0.4, 'a4': 0.4, 'G_theta': 2, 'G_k': 2, 'U_b': 1, 'U_a': 0, 'mia': -0.7789647576493253}
{'a1': 0.8, 'a4': 0.4, 'G_theta': 1, 'G_k': 2, 'U_b': 1, 'U_a': 0, 'mia': -0.7789647576493253}
{'a1': 0.5, 'a4': 0.30000000000000004, 'G_theta': 1, 'G_k': 2, 'U_b': 1, 'U_a': 0, 'mia': -0.7789646770329972}
{'a1': 0.7000000000000001, 'a4': 0.6, 'G_theta': 3, 'G_k': 2, 'U_b': 1, 'U_a': 0, 'mia': -0.7789646501768097}
{'a1': 0.5, 'a4': 0.2, 'G_theta': 2, 'G_k': 2, 'U_b': 2, 'U_a': 1, 'mia': -0.7789646155065133}
{'a1': 0.2, 'a4': 0.1, 'G_theta': 2, 'G_k': 2, 'U_b': 2, 'U_a': 1, 'mia': -0.778964613876187}
{'a1': 0.4, 'a4': 0.1, 'G_theta': 1, 'G_k': 2, 'U_b': 2, 'U_a': 1, 'mia': -0.778964613876187}
{'a1': 0.4, 'a4': 0.5, 'G_theta': 3, 'G_k': 2, 'U_b': 1, 'U_a': 0, 'mia': -0.7789645530165641}
{'a1': 0.6, 'a4': 0.5, 'G_theta': 2, 'G_k': 2, 'U_b': 1, 'U_a': 0, 'mia': -0.7789645530165641}
{'a1': 0.9, 'a4': 0.30000000000000004, 'G_theta': 3, 'G_k': 2, 'U_b': 2, 'U_a': 1, 'mia': -0.7789644590375386}
{'a1': 0.7000000000000001, 'a4': 0.4, 'G_theta': 1, 'G_k': 2, 'U_b': 1, 'U_a': 0, 'mia': -0.7789643900794951}
{'a1': 0.30000000000000004, 'a4': 0.2, 'G_theta': 3, 'G_k': 2, 'U_b': 2, 'U_a': 1, 'mia': -0.7789643055160185}
{'a1': 0.9, 'a4': 0.2, 'G_theta': 1, 'G_k': 2, 'U_b': 2, 'U_a': 1, 'mia': -0.7789643055160185}
{'a1': 0.6, 'a4': 0.6, 'G_theta': 3, 'G_k': 2, 'U_b': 1, 'U_a': 0, 'mia': -0.7789642084172304}
{'a1': 0.9, 'a4': 0.6, 'G_theta': 2, 'G_k': 2, 'U_b': 1, 'U_a': 0, 'mia': -0.7789642084172304}
{'a1': 0.1, 'a4': 0.2, 'G_theta': 3, 'G_k': 2, 'U_b': 1, 'U_a': 0, 'mia': -0.778964172736115}
{'a1': 0.30000000000000004, 'a4': 0.2, 'G_theta': 1, 'G_k': 2, 'U_b': 1, 'U_a': 0, 'mia': -0.778964172736115}
{'a1': 0.8, 'a4': 0.30000000000000004, 'G_theta': 3, 'G_k': 2, 'U_b': 2, 'U_a': 1, 'mia': -0.7789640856233309}
{'a1': 0.5, 'a4': 0.5, 'G_theta': 2, 'G_k': 2, 'U_b': 1, 'U_a': 0, 'mia': -0.778963945498333}
{'a1': 0.2, 'a4': 0.30000000000000004, 'G_theta': 2, 'G_k': 2, 'U_b': 1, 'U_a': 0, 'mia': -0.7789638623130124}
{'a1': 0.4, 'a4': 0.30000000000000004, 'G_theta': 1, 'G_k': 2, 'U_b': 1, 'U_a': 0, 'mia': -0.7789638623130124}
{'a1': 0.4, 'a4': 0.2, 'G_theta': 2, 'G_k': 2, 'U_b': 2, 'U_a': 1, 'mia': -0.7789638579526592}
{'a1': 0.8, 'a4': 0.2, 'G_theta': 1, 'G_k': 2, 'U_b': 2, 'U_a': 1, 'mia': -0.7789638579526592}
{'a1': 0.2, 'a4': 0.4, 'G_theta': 3, 'G_k': 2, 'U_b': 1, 'U_a': 0, 'mia': -0.7789637916441896}
{'a1': 0.30000000000000004, 'a4': 0.4, 'G_theta': 2, 'G_k': 2, 'U_b': 1, 'U_a': 0, 'mia': -0.7789637916441896}
{'a1': 0.6, 'a4': 0.4, 'G_theta': 1, 'G_k': 2, 'U_b': 1, 'U_a': 0, 'mia': -0.7789637916441896}
{'a1': 0.8, 'a4': 0.6, 'G_theta': 2, 'G_k': 2, 'U_b': 1, 'U_a': 0, 'mia': -0.778963758035579}
{'a1': 0.9, 'a4': 0.7000000000000001, 'G_theta': 3, 'G_k': 2, 'U_b': 1, 'U_a': 0, 'mia': -0.7789636782443101}
{'a1': 0.7000000000000001, 'a4': 0.30000000000000004, 'G_theta': 3, 'G_k': 2, 'U_b': 2, 'U_a': 1, 'mia': -0.7789635339087817}
{'a1': 0.30000000000000004, 'a4': 0.5, 'G_theta': 3, 'G_k': 2, 'U_b': 1, 'U_a': 0, 'mia': -0.7789634626232884}
{'a1': 0.9, 'a4': 0.5, 'G_theta': 1, 'G_k': 2, 'U_b': 1, 'U_a': 0, 'mia': -0.7789634626232884}
{'a1': 0.5, 'a4': 0.6, 'G_theta': 3, 'G_k': 2, 'U_b': 1, 'U_a': 0, 'mia': -0.7789634583396177}
{'a1': 0.1, 'a4': 0.1, 'G_theta': 2, 'G_k': 2, 'U_b': 1, 'U_a': 0, 'mia': -0.7789633855303015}
{'a1': 0.2, 'a4': 0.1, 'G_theta': 1, 'G_k': 2, 'U_b': 1, 'U_a': 0, 'mia': -0.7789633855303015}
{'a1': 0.1, 'a4': 0.1, 'G_theta': 3, 'G_k': 2, 'U_b': 2, 'U_a': 1, 'mia': -0.7789632913094584}
{'a1': 0.30000000000000004, 'a4': 0.1, 'G_theta': 1, 'G_k': 2, 'U_b': 2, 'U_a': 1, 'mia': -0.7789632913094584}
{'a1': 0.7000000000000001, 'a4': 0.2, 'G_theta': 1, 'G_k': 2, 'U_b': 2, 'U_a': 1, 'mia': -0.7789631775070358}
{'a1': 0.8, 'a4': 0.7000000000000001, 'G_theta': 3, 'G_k': 2, 'U_b': 1, 'U_a': 0, 'mia': -0.7789630900333155}
{'a1': 0.7000000000000001, 'a4': 0.6, 'G_theta': 2, 'G_k': 2, 'U_b': 1, 'U_a': 0, 'mia': -0.778963088086509}
{'a1': 0.4, 'a4': 0.5, 'G_theta': 2, 'G_k': 2, 'U_b': 1, 'U_a': 0, 'mia': -0.7789627654782385}
{'a1': 0.8, 'a4': 0.5, 'G_theta': 1, 'G_k': 2, 'U_b': 1, 'U_a': 0, 'mia': -0.7789627654782385}
{'a1': 0.5, 'a4': 0.4, 'G_theta': 1, 'G_k': 2, 'U_b': 1, 'U_a': 0, 'mia': -0.7789627190719861}
{'a1': 0.6, 'a4': 0.30000000000000004, 'G_theta': 3, 'G_k': 2, 'U_b': 2, 'U_a': 1, 'mia': -0.7789626692778293}
{'a1': 0.9, 'a4': 0.30000000000000004, 'G_theta': 2, 'G_k': 2, 'U_b': 2, 'U_a': 1, 'mia': -0.7789626692778293}
{'a1': 0.7000000000000001, 'a4': 0.7000000000000001, 'G_theta': 3, 'G_k': 2, 'U_b': 1, 'U_a': 0, 'mia': -0.7789622209613993}
{'a1': 0.2, 'a4': 0.2, 'G_theta': 3, 'G_k': 2, 'U_b': 2, 'U_a': 1, 'mia': -0.7789620693853281}
{'a1': 0.30000000000000004, 'a4': 0.2, 'G_theta': 2, 'G_k': 2, 'U_b': 2, 'U_a': 1, 'mia': -0.7789620693853281}
{'a1': 0.6, 'a4': 0.2, 'G_theta': 1, 'G_k': 2, 'U_b': 2, 'U_a': 1, 'mia': -0.7789620693853281}
{'a1': 0.4, 'a4': 0.6, 'G_theta': 3, 'G_k': 2, 'U_b': 1, 'U_a': 0, 'mia': -0.7789620286635759}
{'a1': 0.6, 'a4': 0.6, 'G_theta': 2, 'G_k': 2, 'U_b': 1, 'U_a': 0, 'mia': -0.7789620286635759}
{'a1': 0.8, 'a4': 0.30000000000000004, 'G_theta': 2, 'G_k': 2, 'U_b': 2, 'U_a': 1, 'mia': -0.7789617877610462}
{'a1': 0.1, 'a4': 0.30000000000000004, 'G_theta': 3, 'G_k': 2, 'U_b': 1, 'U_a': 0, 'mia': -0.7789617132096467}
{'a1': 0.30000000000000004, 'a4': 0.30000000000000004, 'G_theta': 1, 'G_k': 2, 'U_b': 1, 'U_a': 0, 'mia': -0.7789617132096467}
{'a1': 0.7000000000000001, 'a4': 0.5, 'G_theta': 1, 'G_k': 2, 'U_b': 1, 'U_a': 0, 'mia': -0.7789617056368143}
{'a1': 0.5, 'a4': 0.30000000000000004, 'G_theta': 3, 'G_k': 2, 'U_b': 2, 'U_a': 1, 'mia': -0.7789612011713032}
{'a1': 0.6, 'a4': 0.7000000000000001, 'G_theta': 3, 'G_k': 2, 'U_b': 1, 'U_a': 0, 'mia': -0.7789608589813242}
{'a1': 0.9, 'a4': 0.7000000000000001, 'G_theta': 2, 'G_k': 2, 'U_b': 1, 'U_a': 0, 'mia': -0.7789608589813242}
{'a1': 0.2, 'a4': 0.4, 'G_theta': 2, 'G_k': 2, 'U_b': 1, 'U_a': 0, 'mia': -0.7789604980061668}
{'a1': 0.4, 'a4': 0.4, 'G_theta': 1, 'G_k': 2, 'U_b': 1, 'U_a': 0, 'mia': -0.7789604980061668}
{'a1': 0.7000000000000001, 'a4': 0.30000000000000004, 'G_theta': 2, 'G_k': 2, 'U_b': 2, 'U_a': 1, 'mia': -0.7789604764764058}
{'a1': 0.1, 'a4': 0.2, 'G_theta': 2, 'G_k': 2, 'U_b': 1, 'U_a': 0, 'mia': -0.7789604296945569}
{'a1': 0.2, 'a4': 0.2, 'G_theta': 1, 'G_k': 2, 'U_b': 1, 'U_a': 0, 'mia': -0.7789604296945569}
{'a1': 0.5, 'a4': 0.6, 'G_theta': 2, 'G_k': 2, 'U_b': 1, 'U_a': 0, 'mia': -0.7789602069997488}
{'a1': 0.5, 'a4': 0.2, 'G_theta': 1, 'G_k': 2, 'U_b': 2, 'U_a': 1, 'mia': -0.7789600826494487}
{'a1': 0.2, 'a4': 0.5, 'G_theta': 3, 'G_k': 2, 'U_b': 1, 'U_a': 0, 'mia': -0.7789599797617548}
{'a1': 0.30000000000000004, 'a4': 0.5, 'G_theta': 2, 'G_k': 2, 'U_b': 1, 'U_a': 0, 'mia': -0.7789599797617548}
{'a1': 0.6, 'a4': 0.5, 'G_theta': 1, 'G_k': 2, 'U_b': 1, 'U_a': 0, 'mia': -0.7789599797617548}
{'a1': 0.8, 'a4': 0.7000000000000001, 'G_theta': 2, 'G_k': 2, 'U_b': 1, 'U_a': 0, 'mia': -0.7789594704067051}
{'a1': 0.9, 'a4': 0.8, 'G_theta': 3, 'G_k': 2, 'U_b': 1, 'U_a': 0, 'mia': -0.7789590874436529}
{'a1': 0.30000000000000004, 'a4': 0.6, 'G_theta': 3, 'G_k': 2, 'U_b': 1, 'U_a': 0, 'mia': -0.7789587590143399}
{'a1': 0.9, 'a4': 0.6, 'G_theta': 1, 'G_k': 2, 'U_b': 1, 'U_a': 0, 'mia': -0.7789587590143399}
{'a1': 0.5, 'a4': 0.7000000000000001, 'G_theta': 3, 'G_k': 2, 'U_b': 1, 'U_a': 0, 'mia': -0.7789585464063542}
{'a1': 0.4, 'a4': 0.30000000000000004, 'G_theta': 3, 'G_k': 2, 'U_b': 2, 'U_a': 1, 'mia': -0.778958402846641}
{'a1': 0.6, 'a4': 0.30000000000000004, 'G_theta': 2, 'G_k': 2, 'U_b': 2, 'U_a': 1, 'mia': -0.778958402846641}
{'a1': 0.1, 'a4': 0.1, 'G_theta': 2, 'G_k': 2, 'U_b': 2, 'U_a': 1, 'mia': -0.7789574738588123}
{'a1': 0.2, 'a4': 0.1, 'G_theta': 1, 'G_k': 2, 'U_b': 2, 'U_a': 1, 'mia': -0.7789574738588123}
{'a1': 0.7000000000000001, 'a4': 0.7000000000000001, 'G_theta': 2, 'G_k': 2, 'U_b': 1, 'U_a': 0, 'mia': -0.7789574048637917}
{'a1': 0.8, 'a4': 0.8, 'G_theta': 3, 'G_k': 2, 'U_b': 1, 'U_a': 0, 'mia': -0.7789572362752466}
{'a1': 0.5, 'a4': 0.5, 'G_theta': 1, 'G_k': 2, 'U_b': 1, 'U_a': 0, 'mia': -0.7789568856883289}
{'a1': 0.4, 'a4': 0.6, 'G_theta': 2, 'G_k': 2, 'U_b': 1, 'U_a': 0, 'mia': -0.7789566684178859}
{'a1': 0.8, 'a4': 0.6, 'G_theta': 1, 'G_k': 2, 'U_b': 1, 'U_a': 0, 'mia': -0.7789566684178859}
{'a1': 0.2, 'a4': 0.2, 'G_theta': 2, 'G_k': 2, 'U_b': 2, 'U_a': 1, 'mia': -0.7789559668526984}
{'a1': 0.4, 'a4': 0.2, 'G_theta': 1, 'G_k': 2, 'U_b': 2, 'U_a': 1, 'mia': -0.7789559668526984}
{'a1': 0.5, 'a4': 0.30000000000000004, 'G_theta': 2, 'G_k': 2, 'U_b': 2, 'U_a': 1, 'mia': -0.7789548371964712}
{'a1': 0.1, 'a4': 0.4, 'G_theta': 3, 'G_k': 2, 'U_b': 1, 'U_a': 0, 'mia': -0.7789546306760688}
{'a1': 0.30000000000000004, 'a4': 0.4, 'G_theta': 1, 'G_k': 2, 'U_b': 1, 'U_a': 0, 'mia': -0.7789546306760688}
{'a1': 0.7000000000000001, 'a4': 0.8, 'G_theta': 3, 'G_k': 2, 'U_b': 1, 'U_a': 0, 'mia': -0.7789545011998411}
{'a1': 0.4, 'a4': 0.7000000000000001, 'G_theta': 3, 'G_k': 2, 'U_b': 1, 'U_a': 0, 'mia': -0.7789541384837306}
{'a1': 0.6, 'a4': 0.7000000000000001, 'G_theta': 2, 'G_k': 2, 'U_b': 1, 'U_a': 0, 'mia': -0.7789541384837306}
{'a1': 0.7000000000000001, 'a4': 0.6, 'G_theta': 1, 'G_k': 2, 'U_b': 1, 'U_a': 0, 'mia': -0.7789534900148845}
{'a1': 0.9, 'a4': 0.4, 'G_theta': 3, 'G_k': 2, 'U_b': 2, 'U_a': 1, 'mia': -0.7789524388595748}
{'a1': 0.1, 'a4': 0.30000000000000004, 'G_theta': 2, 'G_k': 2, 'U_b': 1, 'U_a': 0, 'mia': -0.7789522603089443}
{'a1': 0.2, 'a4': 0.30000000000000004, 'G_theta': 1, 'G_k': 2, 'U_b': 1, 'U_a': 0, 'mia': -0.7789522603089443}
{'a1': 0.30000000000000004, 'a4': 0.30000000000000004, 'G_theta': 3, 'G_k': 2, 'U_b': 2, 'U_a': 1, 'mia': -0.778952002918627}
{'a1': 0.9, 'a4': 0.30000000000000004, 'G_theta': 1, 'G_k': 2, 'U_b': 2, 'U_a': 1, 'mia': -0.778952002918627}
{'a1': 0.2, 'a4': 0.5, 'G_theta': 2, 'G_k': 2, 'U_b': 1, 'U_a': 0, 'mia': -0.7789504764678368}
{'a1': 0.4, 'a4': 0.5, 'G_theta': 1, 'G_k': 2, 'U_b': 1, 'U_a': 0, 'mia': -0.7789504764678368}
{'a1': 0.6, 'a4': 0.8, 'G_theta': 3, 'G_k': 2, 'U_b': 1, 'U_a': 0, 'mia': -0.778950214872248}
{'a1': 0.9, 'a4': 0.8, 'G_theta': 2, 'G_k': 2, 'U_b': 1, 'U_a': 0, 'mia': -0.778950214872248}
{'a1': 0.1, 'a4': 0.1, 'G_theta': 0.5, 'G_k': 1, 'U_b': 1, 'U_a': 0, 'mia': -0.7789492595086982}
{'a1': 0.8, 'a4': 0.4, 'G_theta': 3, 'G_k': 2, 'U_b': 2, 'U_a': 1, 'mia': -0.7789487586219548}
{'a1': 0.5, 'a4': 0.7000000000000001, 'G_theta': 2, 'G_k': 2, 'U_b': 1, 'U_a': 0, 'mia': -0.7789485219036236}
{'a1': 0.2, 'a4': 0.6, 'G_theta': 3, 'G_k': 2, 'U_b': 1, 'U_a': 0, 'mia': -0.7789483139129358}
{'a1': 0.30000000000000004, 'a4': 0.6, 'G_theta': 2, 'G_k': 2, 'U_b': 1, 'U_a': 0, 'mia': -0.7789483139129358}
{'a1': 0.6, 'a4': 0.6, 'G_theta': 1, 'G_k': 2, 'U_b': 1, 'U_a': 0, 'mia': -0.7789483139129358}
{'a1': 0.4, 'a4': 0.30000000000000004, 'G_theta': 2, 'G_k': 2, 'U_b': 2, 'U_a': 1, 'mia': -0.7789479107351065}
{'a1': 0.8, 'a4': 0.30000000000000004, 'G_theta': 1, 'G_k': 2, 'U_b': 2, 'U_a': 1, 'mia': -0.7789479107351065}
{'a1': 0.8, 'a4': 0.8, 'G_theta': 2, 'G_k': 2, 'U_b': 1, 'U_a': 0, 'mia': -0.7789458448376734}
{'a1': 0.1, 'a4': 0.2, 'G_theta': 3, 'G_k': 2, 'U_b': 2, 'U_a': 1, 'mia': -0.7789450886160225}
{'a1': 0.30000000000000004, 'a4': 0.2, 'G_theta': 1, 'G_k': 2, 'U_b': 2, 'U_a': 1, 'mia': -0.7789450886160225}
{'a1': 0.9, 'a4': 0.9, 'G_theta': 3, 'G_k': 2, 'U_b': 1, 'U_a': 0, 'mia': -0.7789443037961299}
{'a1': 0.30000000000000004, 'a4': 0.7000000000000001, 'G_theta': 3, 'G_k': 2, 'U_b': 1, 'U_a': 0, 'mia': -0.7789440573955313}
{'a1': 0.9, 'a4': 0.7000000000000001, 'G_theta': 1, 'G_k': 2, 'U_b': 1, 'U_a': 0, 'mia': -0.7789440573955313}
{'a1': 0.7000000000000001, 'a4': 0.4, 'G_theta': 3, 'G_k': 2, 'U_b': 2, 'U_a': 1, 'mia': -0.778943321118573}
{'a1': 0.5, 'a4': 0.8, 'G_theta': 3, 'G_k': 2, 'U_b': 1, 'U_a': 0, 'mia': -0.7789429368769221}
{'a1': 0.7000000000000001, 'a4': 0.30000000000000004, 'G_theta': 1, 'G_k': 2, 'U_b': 2, 'U_a': 1, 'mia': -0.7789416891394343}
{'a1': 0.7000000000000001, 'a4': 0.8, 'G_theta': 2, 'G_k': 2, 'U_b': 1, 'U_a': 0, 'mia': -0.7789393442748911}
{'a1': 0.5, 'a4': 0.6, 'G_theta': 1, 'G_k': 2, 'U_b': 1, 'U_a': 0, 'mia': -0.7789390337569693}
{'a1': 0.8, 'a4': 0.9, 'G_theta': 3, 'G_k': 2, 'U_b': 1, 'U_a': 0, 'mia': -0.7789383855569576}
{'a1': 0.4, 'a4': 0.7000000000000001, 'G_theta': 2, 'G_k': 2, 'U_b': 1, 'U_a': 0, 'mia': -0.7789376114809492}
{'a1': 0.8, 'a4': 0.7000000000000001, 'G_theta': 1, 'G_k': 2, 'U_b': 1, 'U_a': 0, 'mia': -0.7789376114809492}
{'a1': 0.6, 'a4': 0.4, 'G_theta': 3, 'G_k': 2, 'U_b': 2, 'U_a': 1, 'mia': -0.7789347996198068}
{'a1': 0.9, 'a4': 0.4, 'G_theta': 2, 'G_k': 2, 'U_b': 2, 'U_a': 1, 'mia': -0.7789347996198068}
{'a1': 0.1, 'a4': 0.5, 'G_theta': 3, 'G_k': 2, 'U_b': 1, 'U_a': 0, 'mia': -0.7789335385345233}
{'a1': 0.30000000000000004, 'a4': 0.5, 'G_theta': 1, 'G_k': 2, 'U_b': 1, 'U_a': 0, 'mia': -0.7789335385345233}
{'a1': 0.2, 'a4': 0.30000000000000004, 'G_theta': 3, 'G_k': 2, 'U_b': 2, 'U_a': 1, 'mia': -0.778931556905067}
{'a1': 0.30000000000000004, 'a4': 0.30000000000000004, 'G_theta': 2, 'G_k': 2, 'U_b': 2, 'U_a': 1, 'mia': -0.778931556905067}
{'a1': 0.6, 'a4': 0.30000000000000004, 'G_theta': 1, 'G_k': 2, 'U_b': 2, 'U_a': 1, 'mia': -0.778931556905067}
{'a1': 0.7000000000000001, 'a4': 0.9, 'G_theta': 3, 'G_k': 2, 'U_b': 1, 'U_a': 0, 'mia': -0.778929641436972}
{'a1': 0.1, 'a4': 0.2, 'G_theta': 0.5, 'G_k': 1, 'U_b': 1, 'U_a': 0, 'mia': -0.7789293231007266}
{'a1': 0.4, 'a4': 0.8, 'G_theta': 3, 'G_k': 2, 'U_b': 1, 'U_a': 0, 'mia': -0.7789290644713023}
{'a1': 0.6, 'a4': 0.8, 'G_theta': 2, 'G_k': 2, 'U_b': 1, 'U_a': 0, 'mia': -0.7789290644713023}
{'a1': 0.1, 'a4': 0.4, 'G_theta': 2, 'G_k': 2, 'U_b': 1, 'U_a': 0, 'mia': -0.7789287766638495}
{'a1': 0.2, 'a4': 0.4, 'G_theta': 1, 'G_k': 2, 'U_b': 1, 'U_a': 0, 'mia': -0.7789287766638495}
{'a1': 0.7000000000000001, 'a4': 0.7000000000000001, 'G_theta': 1, 'G_k': 2, 'U_b': 1, 'U_a': 0, 'mia': -0.778927811411688}
{'a1': 0.8, 'a4': 0.4, 'G_theta': 2, 'G_k': 2, 'U_b': 2, 'U_a': 1, 'mia': -0.7789261116981014}
{'a1': 0.5, 'a4': 0.4, 'G_theta': 3, 'G_k': 2, 'U_b': 2, 'U_a': 1, 'mia': -0.7789203304733312}
{'a1': 0.2, 'a4': 0.6, 'G_theta': 2, 'G_k': 2, 'U_b': 1, 'U_a': 0, 'mia': -0.7789198086490081}
{'a1': 0.4, 'a4': 0.6, 'G_theta': 1, 'G_k': 2, 'U_b': 1, 'U_a': 0, 'mia': -0.7789198086490081}
{'a1': 0.6, 'a4': 0.9, 'G_theta': 3, 'G_k': 2, 'U_b': 1, 'U_a': 0, 'mia': -0.7789159379072224}
{'a1': 0.9, 'a4': 0.9, 'G_theta': 2, 'G_k': 2, 'U_b': 1, 'U_a': 0, 'mia': -0.7789159379072224}
{'a1': 0.5, 'a4': 0.30000000000000004, 'G_theta': 1, 'G_k': 2, 'U_b': 2, 'U_a': 1, 'mia': -0.7789133904809413}
{'a1': 0.7000000000000001, 'a4': 0.4, 'G_theta': 2, 'G_k': 2, 'U_b': 2, 'U_a': 1, 'mia': -0.7789131881311275}
{'a1': 0.2, 'a4': 0.7000000000000001, 'G_theta': 3, 'G_k': 2, 'U_b': 1, 'U_a': 0, 'mia': -0.77891185151519}
{'a1': 0.30000000000000004, 'a4': 0.7000000000000001, 'G_theta': 2, 'G_k': 2, 'U_b': 1, 'U_a': 0, 'mia': -0.77891185151519}
{'a1': 0.6, 'a4': 0.7000000000000001, 'G_theta': 1, 'G_k': 2, 'U_b': 1, 'U_a': 0, 'mia': -0.77891185151519}
{'a1': 0.5, 'a4': 0.8, 'G_theta': 2, 'G_k': 2, 'U_b': 1, 'U_a': 0, 'mia': -0.7789113881522474}
{'a1': 0.1, 'a4': 0.1, 'G_theta': 0.5, 'G_k': 1, 'U_b': 2, 'U_a': 1, 'mia': -0.778909386692755}
{'a1': 0.8, 'a4': 0.9, 'G_theta': 2, 'G_k': 2, 'U_b': 1, 'U_a': 0, 'mia': -0.7789019667541666}
{'a1': 0.30000000000000004, 'a4': 0.8, 'G_theta': 3, 'G_k': 2, 'U_b': 1, 'U_a': 0, 'mia': -0.7788973375455945}
{'a1': 0.9, 'a4': 0.8, 'G_theta': 1, 'G_k': 2, 'U_b': 1, 'U_a': 0, 'mia': -0.7788973375455945}
{'a1': 0.1, 'a4': 0.2, 'G_theta': 2, 'G_k': 2, 'U_b': 2, 'U_a': 1, 'mia': -0.7788971236331421}
{'a1': 0.2, 'a4': 0.2, 'G_theta': 1, 'G_k': 2, 'U_b': 2, 'U_a': 1, 'mia': -0.7788971236331421}
{'a1': 0.1, 'a4': 0.1, 'G_theta': 1, 'G_k': 2, 'U_b': 1, 'U_a': 0, 'mia': -0.7788938079477645}
{'a1': 0.4, 'a4': 0.4, 'G_theta': 3, 'G_k': 2, 'U_b': 2, 'U_a': 1, 'mia': -0.7788927511482628}
{'a1': 0.6, 'a4': 0.4, 'G_theta': 2, 'G_k': 2, 'U_b': 2, 'U_a': 1, 'mia': -0.7788927511482628}
{'a1': 0.5, 'a4': 0.9, 'G_theta': 3, 'G_k': 2, 'U_b': 1, 'U_a': 0, 'mia': -0.7788926698976635}
{'a1': 0.5, 'a4': 0.7000000000000001, 'G_theta': 1, 'G_k': 2, 'U_b': 1, 'U_a': 0, 'mia': -0.7788832366831167}
{'a1': 0.7000000000000001, 'a4': 0.9, 'G_theta': 2, 'G_k': 2, 'U_b': 1, 'U_a': 0, 'mia': -0.7788811842136407}
{'a1': 0.4, 'a4': 0.8, 'G_theta': 2, 'G_k': 2, 'U_b': 1, 'U_a': 0, 'mia': -0.7788770510340541}
{'a1': 0.8, 'a4': 0.8, 'G_theta': 1, 'G_k': 2, 'U_b': 1, 'U_a': 0, 'mia': -0.7788770510340541}
{'a1': 0.2, 'a4': 0.30000000000000004, 'G_theta': 2, 'G_k': 2, 'U_b': 2, 'U_a': 1, 'mia': -0.7788757549850038}
{'a1': 0.4, 'a4': 0.30000000000000004, 'G_theta': 1, 'G_k': 2, 'U_b': 2, 'U_a': 1, 'mia': -0.7788757549850038}
{'a1': 0.1, 'a4': 0.30000000000000004, 'G_theta': 0.5, 'G_k': 1, 'U_b': 1, 'U_a': 0, 'mia': -0.778874121333641}
{'a1': 0.1, 'a4': 0.6, 'G_theta': 3, 'G_k': 2, 'U_b': 1, 'U_a': 0, 'mia': -0.7788689958607073}
{'a1': 0.30000000000000004, 'a4': 0.6, 'G_theta': 1, 'G_k': 2, 'U_b': 1, 'U_a': 0, 'mia': -0.7788689958607073}
{'a1': 0.1, 'a4': 0.5, 'G_theta': 2, 'G_k': 2, 'U_b': 1, 'U_a': 0, 'mia': -0.7788588652453985}
{'a1': 0.2, 'a4': 0.5, 'G_theta': 1, 'G_k': 2, 'U_b': 1, 'U_a': 0, 'mia': -0.7788588652453985}
{'a1': 0.5, 'a4': 0.4, 'G_theta': 2, 'G_k': 2, 'U_b': 2, 'U_a': 1, 'mia': -0.7788576093100548}
{'a1': 0.4, 'a4': 0.9, 'G_theta': 3, 'G_k': 2, 'U_b': 1, 'U_a': 0, 'mia': -0.7788483192712186}
{'a1': 0.6, 'a4': 0.9, 'G_theta': 2, 'G_k': 2, 'U_b': 1, 'U_a': 0, 'mia': -0.7788483192712186}
{'a1': 0.7000000000000001, 'a4': 0.8, 'G_theta': 1, 'G_k': 2, 'U_b': 1, 'U_a': 0, 'mia': -0.7788462082483047}
{'a1': 0.30000000000000004, 'a4': 0.4, 'G_theta': 3, 'G_k': 2, 'U_b': 2, 'U_a': 1, 'mia': -0.7788296756189361}
{'a1': 0.9, 'a4': 0.4, 'G_theta': 1, 'G_k': 2, 'U_b': 2, 'U_a': 1, 'mia': -0.7788296756189361}
{'a1': 0.9, 'a4': 0.5, 'G_theta': 3, 'G_k': 2, 'U_b': 2, 'U_a': 1, 'mia': -0.778826776147461}
{'a1': 0.2, 'a4': 0.7000000000000001, 'G_theta': 2, 'G_k': 2, 'U_b': 1, 'U_a': 0, 'mia': -0.7788239556806702}
{'a1': 0.4, 'a4': 0.7000000000000001, 'G_theta': 1, 'G_k': 2, 'U_b': 1, 'U_a': 0, 'mia': -0.7788239556806702}
{'a1': 0.1, 'a4': 0.2, 'G_theta': 1, 'G_k': 2, 'U_b': 1, 'U_a': 0, 'mia': -0.7788008072235617}
{'a1': 0.2, 'a4': 0.8, 'G_theta': 3, 'G_k': 2, 'U_b': 1, 'U_a': 0, 'mia': -0.7787959790221268}
{'a1': 0.30000000000000004, 'a4': 0.8, 'G_theta': 2, 'G_k': 2, 'U_b': 1, 'U_a': 0, 'mia': -0.7787959790221268}
{'a1': 0.6, 'a4': 0.8, 'G_theta': 1, 'G_k': 2, 'U_b': 1, 'U_a': 0, 'mia': -0.7787959790221268}
{'a1': 0.5, 'a4': 0.9, 'G_theta': 2, 'G_k': 2, 'U_b': 1, 'U_a': 0, 'mia': -0.7787918073094304}
{'a1': 0.4, 'a4': 0.4, 'G_theta': 2, 'G_k': 2, 'U_b': 2, 'U_a': 1, 'mia': -0.7787893444187828}
{'a1': 0.8, 'a4': 0.4, 'G_theta': 1, 'G_k': 2, 'U_b': 2, 'U_a': 1, 'mia': -0.7787893444187828}
{'a1': 0.8, 'a4': 0.5, 'G_theta': 3, 'G_k': 2, 'U_b': 2, 'U_a': 1, 'mia': -0.7787885253419518}
{'a1': 0.1, 'a4': 0.30000000000000004, 'G_theta': 3, 'G_k': 2, 'U_b': 2, 'U_a': 1, 'mia': -0.778776278511768}
{'a1': 0.30000000000000004, 'a4': 0.30000000000000004, 'G_theta': 1, 'G_k': 2, 'U_b': 2, 'U_a': 1, 'mia': -0.778776278511768}
{'a1': 0.30000000000000004, 'a4': 0.9, 'G_theta': 3, 'G_k': 2, 'U_b': 1, 'U_a': 0, 'mia': -0.7787468868624454}
{'a1': 0.9, 'a4': 0.9, 'G_theta': 1, 'G_k': 2, 'U_b': 1, 'U_a': 0, 'mia': -0.7787468868624454}
{'a1': 0.7000000000000001, 'a4': 0.5, 'G_theta': 3, 'G_k': 2, 'U_b': 2, 'U_a': 1, 'mia': -0.7787320102723752}
{'a1': 0.7000000000000001, 'a4': 0.4, 'G_theta': 1, 'G_k': 2, 'U_b': 2, 'U_a': 1, 'mia': -0.7787280264171144}
{'a1': 0.1, 'a4': 0.4, 'G_theta': 0.5, 'G_k': 1, 'U_b': 1, 'U_a': 0, 'mia': -0.7787153852391229}
{'a1': 0.1, 'a4': 0.1, 'G_theta': 1, 'G_k': 2, 'U_b': 2, 'U_a': 1, 'mia': -0.7787078064993589}
{'a1': 0.5, 'a4': 0.8, 'G_theta': 1, 'G_k': 2, 'U_b': 1, 'U_a': 0, 'mia': -0.7787059214920911}
{'a1': 0.4, 'a4': 0.9, 'G_theta': 2, 'G_k': 2, 'U_b': 1, 'U_a': 0, 'mia': -0.7786820298790433}
{'a1': 0.8, 'a4': 0.9, 'G_theta': 1, 'G_k': 2, 'U_b': 1, 'U_a': 0, 'mia': -0.7786820298790433}
{'a1': 0.1, 'a4': 0.7000000000000001, 'G_theta': 3, 'G_k': 2, 'U_b': 1, 'U_a': 0, 'mia': -0.7786672685177742}
{'a1': 0.30000000000000004, 'a4': 0.7000000000000001, 'G_theta': 1, 'G_k': 2, 'U_b': 1, 'U_a': 0, 'mia': -0.7786672685177742}
{'a1': 0.1, 'a4': 0.6, 'G_theta': 2, 'G_k': 2, 'U_b': 1, 'U_a': 0, 'mia': -0.7786449492423877}
{'a1': 0.2, 'a4': 0.6, 'G_theta': 1, 'G_k': 2, 'U_b': 1, 'U_a': 0, 'mia': -0.7786449492423877}
{'a1': 0.6, 'a4': 0.5, 'G_theta': 3, 'G_k': 2, 'U_b': 2, 'U_a': 1, 'mia': -0.778643441481834}
{'a1': 0.9, 'a4': 0.5, 'G_theta': 2, 'G_k': 2, 'U_b': 2, 'U_a': 1, 'mia': -0.778643441481834}
{'a1': 0.2, 'a4': 0.4, 'G_theta': 3, 'G_k': 2, 'U_b': 2, 'U_a': 1, 'mia': -0.7786281664000643}
{'a1': 0.30000000000000004, 'a4': 0.4, 'G_theta': 2, 'G_k': 2, 'U_b': 2, 'U_a': 1, 'mia': -0.7786281664000643}
{'a1': 0.6, 'a4': 0.4, 'G_theta': 1, 'G_k': 2, 'U_b': 2, 'U_a': 1, 'mia': -0.7786281664000643}
{'a1': 0.7000000000000001, 'a4': 0.9, 'G_theta': 1, 'G_k': 2, 'U_b': 1, 'U_a': 0, 'mia': -0.7785834238608724}
{'a1': 0.8, 'a4': 0.5, 'G_theta': 2, 'G_k': 2, 'U_b': 2, 'U_a': 1, 'mia': -0.7785531429624193}
{'a1': 0.1, 'a4': 0.30000000000000004, 'G_theta': 1, 'G_k': 2, 'U_b': 1, 'U_a': 0, 'mia': -0.7785465771953766}
{'a1': 0.2, 'a4': 0.8, 'G_theta': 2, 'G_k': 2, 'U_b': 1, 'U_a': 0, 'mia': -0.778519349100218}
{'a1': 0.4, 'a4': 0.8, 'G_theta': 1, 'G_k': 2, 'U_b': 1, 'U_a': 0, 'mia': -0.778519349100218}
{'a1': 0.1, 'a4': 0.2, 'G_theta': 0.5, 'G_k': 1, 'U_b': 2, 'U_a': 1, 'mia': -0.7785014473775194}
{'a1': 0.5, 'a4': 0.5, 'G_theta': 3, 'G_k': 2, 'U_b': 2, 'U_a': 1, 'mia': -0.7784930553998448}
{'a1': 0.5, 'a4': 0.4, 'G_theta': 1, 'G_k': 2, 'U_b': 2, 'U_a': 1, 'mia': -0.7784491239121958}
{'a1': 0.2, 'a4': 0.9, 'G_theta': 3, 'G_k': 2, 'U_b': 1, 'U_a': 0, 'mia': -0.7784228381647378}
{'a1': 0.30000000000000004, 'a4': 0.9, 'G_theta': 2, 'G_k': 2, 'U_b': 1, 'U_a': 0, 'mia': -0.7784228381647378}
{'a1': 0.6, 'a4': 0.9, 'G_theta': 1, 'G_k': 2, 'U_b': 1, 'U_a': 0, 'mia': -0.7784228381647378}
{'a1': 0.7000000000000001, 'a4': 0.5, 'G_theta': 2, 'G_k': 2, 'U_b': 2, 'U_a': 1, 'mia': -0.7784188209681411}
{'a1': 0.1, 'a4': 0.30000000000000004, 'G_theta': 2, 'G_k': 2, 'U_b': 2, 'U_a': 1, 'mia': -0.7783376381758311}
{'a1': 0.2, 'a4': 0.30000000000000004, 'G_theta': 1, 'G_k': 2, 'U_b': 2, 'U_a': 1, 'mia': -0.7783376381758311}
{'a1': 0.1, 'a4': 0.5, 'G_theta': 0.5, 'G_k': 1, 'U_b': 1, 'U_a': 0, 'mia': -0.7782427924339843}
{'a1': 0.4, 'a4': 0.5, 'G_theta': 3, 'G_k': 2, 'U_b': 2, 'U_a': 1, 'mia': -0.7782064077605748}
{'a1': 0.6, 'a4': 0.5, 'G_theta': 2, 'G_k': 2, 'U_b': 2, 'U_a': 1, 'mia': -0.7782064077605748}
{'a1': 0.5, 'a4': 0.9, 'G_theta': 1, 'G_k': 2, 'U_b': 1, 'U_a': 0, 'mia': -0.778134918668544}
{'a1': 0.2, 'a4': 0.4, 'G_theta': 2, 'G_k': 2, 'U_b': 2, 'U_a': 1, 'mia': -0.7780782001942692}
{'a1': 0.4, 'a4': 0.4, 'G_theta': 1, 'G_k': 2, 'U_b': 2, 'U_a': 1, 'mia': -0.7780782001942692}
{'a1': 0.1, 'a4': 0.8, 'G_theta': 3, 'G_k': 2, 'U_b': 1, 'U_a': 0, 'mia': -0.7780262104415852}
{'a1': 0.30000000000000004, 'a4': 0.8, 'G_theta': 1, 'G_k': 2, 'U_b': 1, 'U_a': 0, 'mia': -0.7780262104415852}
{'a1': 0.1, 'a4': 0.7000000000000001, 'G_theta': 2, 'G_k': 2, 'U_b': 1, 'U_a': 0, 'mia': -0.7779763678555585}
{'a1': 0.2, 'a4': 0.7000000000000001, 'G_theta': 1, 'G_k': 2, 'U_b': 1, 'U_a': 0, 'mia': -0.7779763678555585}
{'a1': 0.5, 'a4': 0.5, 'G_theta': 2, 'G_k': 2, 'U_b': 2, 'U_a': 1, 'mia': -0.7778411586096148}
{'a1': 0.1, 'a4': 0.4, 'G_theta': 1, 'G_k': 2, 'U_b': 1, 'U_a': 0, 'mia': -0.7778172555390794}
{'a1': 0.30000000000000004, 'a4': 0.5, 'G_theta': 3, 'G_k': 2, 'U_b': 2, 'U_a': 1, 'mia': -0.7775508278368035}
{'a1': 0.9, 'a4': 0.5, 'G_theta': 1, 'G_k': 2, 'U_b': 2, 'U_a': 1, 'mia': -0.7775508278368035}
{'a1': 0.2, 'a4': 0.9, 'G_theta': 2, 'G_k': 2, 'U_b': 1, 'U_a': 0, 'mia': -0.777538434037244}
{'a1': 0.4, 'a4': 0.9, 'G_theta': 1, 'G_k': 2, 'U_b': 1, 'U_a': 0, 'mia': -0.777538434037244}
{'a1': 0.9, 'a4': 0.6, 'G_theta': 3, 'G_k': 2, 'U_b': 2, 'U_a': 1, 'mia': -0.7774651828326407}
{'a1': 0.4, 'a4': 0.5, 'G_theta': 2, 'G_k': 2, 'U_b': 2, 'U_a': 1, 'mia': -0.777131642683689}
{'a1': 0.8, 'a4': 0.5, 'G_theta': 1, 'G_k': 2, 'U_b': 2, 'U_a': 1, 'mia': -0.777131642683689}
{'a1': 0.1, 'a4': 0.4, 'G_theta': 3, 'G_k': 2, 'U_b': 2, 'U_a': 1, 'mia': -0.7770977902071015}
{'a1': 0.30000000000000004, 'a4': 0.4, 'G_theta': 1, 'G_k': 2, 'U_b': 2, 'U_a': 1, 'mia': -0.7770977902071015}
{'a1': 0.8, 'a4': 0.6, 'G_theta': 3, 'G_k': 2, 'U_b': 2, 'U_a': 1, 'mia': -0.777052349517404}
{'a1': 0.2, 'a4': 0.1, 'G_theta': 0.5, 'G_k': 1, 'U_b': 1, 'U_a': 0, 'mia': -0.7769111336580352}
{'a1': 0.1, 'a4': 0.2, 'G_theta': 1, 'G_k': 2, 'U_b': 2, 'U_a': 1, 'mia': -0.7768337038545974}
{'a1': 0.1, 'a4': 0.6, 'G_theta': 0.5, 'G_k': 1, 'U_b': 1, 'U_a': 0, 'mia': -0.7767967259288981}
{'a1': 0.7000000000000001, 'a4': 0.5, 'G_theta': 1, 'G_k': 2, 'U_b': 2, 'U_a': 1, 'mia': -0.7764943297341942}
{'a1': 0.7000000000000001, 'a4': 0.6, 'G_theta': 3, 'G_k': 2, 'U_b': 2, 'U_a': 1, 'mia': -0.7764423936426064}
{'a1': 0.1, 'a4': 0.9, 'G_theta': 3, 'G_k': 2, 'U_b': 1, 'U_a': 0, 'mia': -0.7759618323643256}
{'a1': 0.30000000000000004, 'a4': 0.9, 'G_theta': 1, 'G_k': 2, 'U_b': 1, 'U_a': 0, 'mia': -0.7759618323643256}
{'a1': 0.1, 'a4': 0.8, 'G_theta': 2, 'G_k': 2, 'U_b': 1, 'U_a': 0, 'mia': -0.7758517279258959}
{'a1': 0.2, 'a4': 0.8, 'G_theta': 1, 'G_k': 2, 'U_b': 1, 'U_a': 0, 'mia': -0.7758517279258959}
{'a1': 0.1, 'a4': 0.5, 'G_theta': 1, 'G_k': 2, 'U_b': 1, 'U_a': 0, 'mia': -0.7756469155322094}
{'a1': 0.6, 'a4': 0.6, 'G_theta': 3, 'G_k': 2, 'U_b': 2, 'U_a': 1, 'mia': -0.775486488350001}
{'a1': 0.9, 'a4': 0.6, 'G_theta': 2, 'G_k': 2, 'U_b': 2, 'U_a': 1, 'mia': -0.775486488350001}
{'a1': 0.2, 'a4': 0.2, 'G_theta': 0.5, 'G_k': 1, 'U_b': 1, 'U_a': 0, 'mia': -0.7754795270682393}
{'a1': 0.2, 'a4': 0.5, 'G_theta': 3, 'G_k': 2, 'U_b': 2, 'U_a': 1, 'mia': -0.7754564276353915}
{'a1': 0.30000000000000004, 'a4': 0.5, 'G_theta': 2, 'G_k': 2, 'U_b': 2, 'U_a': 1, 'mia': -0.7754564276353915}
{'a1': 0.6, 'a4': 0.5, 'G_theta': 1, 'G_k': 2, 'U_b': 2, 'U_a': 1, 'mia': -0.7754564276353912}
{'a1': 0.1, 'a4': 0.30000000000000004, 'G_theta': 0.5, 'G_k': 1, 'U_b': 2, 'U_a': 1, 'mia': -0.7747193305241553}
{'a1': 0.8, 'a4': 0.6, 'G_theta': 2, 'G_k': 2, 'U_b': 2, 'U_a': 1, 'mia': -0.7745119144385253}
{'a1': 0.2, 'a4': 0.1, 'G_theta': 0.5, 'G_k': 1, 'U_b': 2, 'U_a': 1, 'mia': -0.77406147724144}
{'a1': 0.5, 'a4': 0.6, 'G_theta': 3, 'G_k': 2, 'U_b': 2, 'U_a': 1, 'mia': -0.7738634013590924}
{'a1': 0.5, 'a4': 0.5, 'G_theta': 1, 'G_k': 2, 'U_b': 2, 'U_a': 1, 'mia': -0.7735955369440195}
{'a1': 0.7000000000000001, 'a4': 0.6, 'G_theta': 2, 'G_k': 2, 'U_b': 2, 'U_a': 1, 'mia': -0.773062203942446}
{'a1': 0.1, 'a4': 0.4, 'G_theta': 2, 'G_k': 2, 'U_b': 2, 'U_a': 1, 'mia': -0.772774679187942}
{'a1': 0.2, 'a4': 0.4, 'G_theta': 1, 'G_k': 2, 'U_b': 2, 'U_a': 1, 'mia': -0.772774679187942}
{'a1': 0.2, 'a4': 0.30000000000000004, 'G_theta': 0.5, 'G_k': 1, 'U_b': 1, 'U_a': 0, 'mia': -0.7727137338858394}
{'a1': 0.1, 'a4': 0.7000000000000001, 'G_theta': 0.5, 'G_k': 1, 'U_b': 1, 'U_a': 0, 'mia': -0.7722771198280336}
{'a1': 0.4, 'a4': 0.6, 'G_theta': 3, 'G_k': 2, 'U_b': 2, 'U_a': 1, 'mia': -0.7707696705549358}
{'a1': 0.6, 'a4': 0.6, 'G_theta': 2, 'G_k': 2, 'U_b': 2, 'U_a': 1, 'mia': -0.7707696705549358}
{'a1': 0.2, 'a4': 0.5, 'G_theta': 2, 'G_k': 2, 'U_b': 2, 'U_a': 1, 'mia': -0.7697403151334152}
{'a1': 0.4, 'a4': 0.5, 'G_theta': 1, 'G_k': 2, 'U_b': 2, 'U_a': 1, 'mia': -0.7697403151334152}
{'a1': 0.1, 'a4': 0.9, 'G_theta': 2, 'G_k': 2, 'U_b': 1, 'U_a': 0, 'mia': -0.7690098261071794}
{'a1': 0.2, 'a4': 0.9, 'G_theta': 1, 'G_k': 2, 'U_b': 1, 'U_a': 0, 'mia': -0.7690098261071794}
{'a1': 0.1, 'a4': 0.6, 'G_theta': 1, 'G_k': 2, 'U_b': 1, 'U_a': 0, 'mia': -0.7690066307775958}
{'a1': 0.9, 'a4': 0.7000000000000001, 'G_theta': 3, 'G_k': 2, 'U_b': 2, 'U_a': 1, 'mia': -0.7686393007198293}
{'a1': 0.2, 'a4': 0.4, 'G_theta': 0.5, 'G_k': 1, 'U_b': 1, 'U_a': 0, 'mia': -0.7673319967697105}
{'a1': 0.5, 'a4': 0.6, 'G_theta': 2, 'G_k': 2, 'U_b': 2, 'U_a': 1, 'mia': -0.7668276093098454}
{'a1': 0.8, 'a4': 0.7000000000000001, 'G_theta': 3, 'G_k': 2, 'U_b': 2, 'U_a': 1, 'mia': -0.7657296402020948}
{'a1': 0.30000000000000004, 'a4': 0.6, 'G_theta': 3, 'G_k': 2, 'U_b': 2, 'U_a': 1, 'mia': -0.7636941271786988}
{'a1': 0.9, 'a4': 0.6, 'G_theta': 1, 'G_k': 2, 'U_b': 2, 'U_a': 1, 'mia': -0.7636941271786988}
{'a1': 0.7000000000000001, 'a4': 0.7000000000000001, 'G_theta': 3, 'G_k': 2, 'U_b': 2, 'U_a': 1, 'mia': -0.7613946863832679}
{'a1': 0.1, 'a4': 0.5, 'G_theta': 3, 'G_k': 2, 'U_b': 2, 'U_a': 1, 'mia': -0.7595503546249842}
{'a1': 0.30000000000000004, 'a4': 0.5, 'G_theta': 1, 'G_k': 2, 'U_b': 2, 'U_a': 1, 'mia': -0.7595503546249842}
{'a1': 0.1, 'a4': 0.30000000000000004, 'G_theta': 1, 'G_k': 2, 'U_b': 2, 'U_a': 1, 'mia': -0.759466684359815}
{'a1': 0.2, 'a4': 0.2, 'G_theta': 0.5, 'G_k': 1, 'U_b': 2, 'U_a': 1, 'mia': -0.7593011821870512}
{'a1': 0.4, 'a4': 0.6, 'G_theta': 2, 'G_k': 2, 'U_b': 2, 'U_a': 1, 'mia': -0.7591699454173322}
{'a1': 0.8, 'a4': 0.6, 'G_theta': 1, 'G_k': 2, 'U_b': 2, 'U_a': 1, 'mia': -0.7591699454173322}
{'a1': 0.1, 'a4': 0.8, 'G_theta': 0.5, 'G_k': 1, 'U_b': 1, 'U_a': 0, 'mia': -0.7579145569639891}
{'a1': 0.2, 'a4': 0.5, 'G_theta': 0.5, 'G_k': 1, 'U_b': 1, 'U_a': 0, 'mia': -0.7568275082280074}
{'a1': 0.6, 'a4': 0.7000000000000001, 'G_theta': 3, 'G_k': 2, 'U_b': 2, 'U_a': 1, 'mia': -0.7545226660340514}
{'a1': 0.9, 'a4': 0.7000000000000001, 'G_theta': 2, 'G_k': 2, 'U_b': 2, 'U_a': 1, 'mia': -0.7545226660340514}
{'a1': 0.7000000000000001, 'a4': 0.6, 'G_theta': 1, 'G_k': 2, 'U_b': 2, 'U_a': 1, 'mia': -0.7522915538486896}
{'a1': 0.1, 'a4': 0.7000000000000001, 'G_theta': 1, 'G_k': 2, 'U_b': 1, 'U_a': 0, 'mia': -0.7482532057599851}
{'a1': 0.8, 'a4': 0.7000000000000001, 'G_theta': 2, 'G_k': 2, 'U_b': 2, 'U_a': 1, 'mia': -0.7474349056534539}
{'a1': 0.9, 'a4': 0.8, 'G_theta': 3, 'G_k': 2, 'U_b': 2, 'U_a': 1, 'mia': -0.7471505054027323}
{'a1': 0.30000000000000004, 'a4': 0.1, 'G_theta': 0.5, 'G_k': 1, 'U_b': 1, 'U_a': 0, 'mia': -0.7462472875479731}
{'a1': 0.5, 'a4': 0.7000000000000001, 'G_theta': 3, 'G_k': 2, 'U_b': 2, 'U_a': 1, 'mia': -0.742676148062922}
{'a1': 0.2, 'a4': 0.6, 'G_theta': 3, 'G_k': 2, 'U_b': 2, 'U_a': 1, 'mia': -0.7410896834761651}
{'a1': 0.30000000000000004, 'a4': 0.6, 'G_theta': 2, 'G_k': 2, 'U_b': 2, 'U_a': 1, 'mia': -0.7410896834761651}
{'a1': 0.6, 'a4': 0.6, 'G_theta': 1, 'G_k': 2, 'U_b': 2, 'U_a': 1, 'mia': -0.7410896834761651}
{'a1': 0.8, 'a4': 0.8, 'G_theta': 3, 'G_k': 2, 'U_b': 2, 'U_a': 1, 'mia': -0.7379163475271202}
{'a1': 0.1, 'a4': 0.4, 'G_theta': 0.5, 'G_k': 1, 'U_b': 2, 'U_a': 1, 'mia': -0.7371137286888554}
{'a1': 0.7000000000000001, 'a4': 0.7000000000000001, 'G_theta': 2, 'G_k': 2, 'U_b': 2, 'U_a': 1, 'mia': -0.7367539859158194}
{'a1': 0.2, 'a4': 0.6, 'G_theta': 0.5, 'G_k': 1, 'U_b': 1, 'U_a': 0, 'mia': -0.7365901983916237}
{'a1': 0.30000000000000004, 'a4': 0.2, 'G_theta': 0.5, 'G_k': 1, 'U_b': 1, 'U_a': 0, 'mia': -0.7348007811549828}
{'a1': 0.7000000000000001, 'a4': 0.8, 'G_theta': 3, 'G_k': 2, 'U_b': 2, 'U_a': 1, 'mia': -0.7239904758838596}
{'a1': 0.30000000000000004, 'a4': 0.1, 'G_theta': 0.5, 'G_k': 1, 'U_b': 2, 'U_a': 1, 'mia': -0.7235540582246398}
{'a1': 0.5, 'a4': 0.6, 'G_theta': 1, 'G_k': 2, 'U_b': 2, 'U_a': 1, 'mia': -0.7210054613404144}
{'a1': 0.4, 'a4': 0.7000000000000001, 'G_theta': 3, 'G_k': 2, 'U_b': 2, 'U_a': 1, 'mia': -0.7195861674666684}
{'a1': 0.6, 'a4': 0.7000000000000001, 'G_theta': 2, 'G_k': 2, 'U_b': 2, 'U_a': 1, 'mia': -0.7195861674666684}
{'a1': 0.30000000000000004, 'a4': 0.30000000000000004, 'G_theta': 0.5, 'G_k': 1, 'U_b': 1, 'U_a': 0, 'mia': -0.7178206825375864}
{'a1': 0.1, 'a4': 0.5, 'G_theta': 2, 'G_k': 2, 'U_b': 2, 'U_a': 1, 'mia': -0.7146177935916891}
{'a1': 0.2, 'a4': 0.5, 'G_theta': 1, 'G_k': 2, 'U_b': 2, 'U_a': 1, 'mia': -0.7146177935916891}
{'a1': 0.1, 'a4': 0.9, 'G_theta': 0.5, 'G_k': 1, 'U_b': 1, 'U_a': 0, 'mia': -0.7116633030510344}
{'a1': 0.9, 'a4': 0.9, 'G_theta': 3, 'G_k': 2, 'U_b': 2, 'U_a': 1, 'mia': -0.7091758094438816}
{'a1': 0.6, 'a4': 0.8, 'G_theta': 3, 'G_k': 2, 'U_b': 2, 'U_a': 1, 'mia': -0.7016064479218862}
{'a1': 0.9, 'a4': 0.8, 'G_theta': 2, 'G_k': 2, 'U_b': 2, 'U_a': 1, 'mia': -0.7016064479218862}
{'a1': 0.2, 'a4': 0.30000000000000004, 'G_theta': 0.5, 'G_k': 1, 'U_b': 2, 'U_a': 1, 'mia': -0.701262744327253}
{'a1': 0.2, 'a4': 0.7000000000000001, 'G_theta': 0.5, 'G_k': 1, 'U_b': 1, 'U_a': 0, 'mia': -0.698702008564037}
{'a1': 0.30000000000000004, 'a4': 0.4, 'G_theta': 0.5, 'G_k': 1, 'U_b': 1, 'U_a': 0, 'mia': -0.6928582238384917}
{'a1': 0.5, 'a4': 0.7000000000000001, 'G_theta': 2, 'G_k': 2, 'U_b': 2, 'U_a': 1, 'mia': -0.6894015522677863}
{'a1': 0.8, 'a4': 0.9, 'G_theta': 3, 'G_k': 2, 'U_b': 2, 'U_a': 1, 'mia': -0.688274400514006}
{'a1': 0.1, 'a4': 0.8, 'G_theta': 1, 'G_k': 2, 'U_b': 1, 'U_a': 0, 'mia': -0.6823025630651649}
{'a1': 0.2, 'a4': 0.6, 'G_theta': 2, 'G_k': 2, 'U_b': 2, 'U_a': 1, 'mia': -0.6793968211282324}
{'a1': 0.4, 'a4': 0.6, 'G_theta': 1, 'G_k': 2, 'U_b': 2, 'U_a': 1, 'mia': -0.6793968211282324}
{'a1': 0.8, 'a4': 0.8, 'G_theta': 2, 'G_k': 2, 'U_b': 2, 'U_a': 1, 'mia': -0.6781344674646121}
{'a1': 0.30000000000000004, 'a4': 0.7000000000000001, 'G_theta': 3, 'G_k': 2, 'U_b': 2, 'U_a': 1, 'mia': -0.6648992425663875}
{'a1': 0.9, 'a4': 0.7000000000000001, 'G_theta': 1, 'G_k': 2, 'U_b': 2, 'U_a': 1, 'mia': -0.6648992425663873}
{'a1': 0.5, 'a4': 0.8, 'G_theta': 3, 'G_k': 2, 'U_b': 2, 'U_a': 1, 'mia': -0.6622134800530664}
{'a1': 0.4, 'a4': 0.1, 'G_theta': 0.5, 'G_k': 1, 'U_b': 1, 'U_a': 0, 'mia': -0.6568207820398813}
{'a1': 0.30000000000000004, 'a4': 0.5, 'G_theta': 0.5, 'G_k': 1, 'U_b': 1, 'U_a': 0, 'mia': -0.6565489087970635}
{'a1': 0.7000000000000001, 'a4': 0.9, 'G_theta': 3, 'G_k': 2, 'U_b': 2, 'U_a': 1, 'mia': -0.6564257418537651}
{'a1': 0.30000000000000004, 'a4': 0.2, 'G_theta': 0.5, 'G_k': 1, 'U_b': 2, 'U_a': 1, 'mia': -0.6523474441538706}
{'a1': 0.7000000000000001, 'a4': 0.8, 'G_theta': 2, 'G_k': 2, 'U_b': 2, 'U_a': 1, 'mia': -0.6422009391657415}
{'a1': 0.2, 'a4': 0.8, 'G_theta': 0.5, 'G_k': 1, 'U_b': 1, 'U_a': 0, 'mia': -0.6316192612718845}
{'a1': 0.4, 'a4': 0.2, 'G_theta': 0.5, 'G_k': 1, 'U_b': 1, 'U_a': 0, 'mia': -0.6301926521126766}
{'a1': 0.4, 'a4': 0.7000000000000001, 'G_theta': 2, 'G_k': 2, 'U_b': 2, 'U_a': 1, 'mia': -0.6288567797193287}
{'a1': 0.8, 'a4': 0.7000000000000001, 'G_theta': 1, 'G_k': 2, 'U_b': 2, 'U_a': 1, 'mia': -0.6288567797193287}
{'a1': 0.30000000000000004, 'a4': 0.6, 'G_theta': 0.5, 'G_k': 1, 'U_b': 1, 'U_a': 0, 'mia': -0.6046635700157559}
{'a1': 0.4, 'a4': 0.1, 'G_theta': 0.5, 'G_k': 1, 'U_b': 2, 'U_a': 1, 'mia': -0.6045243018265114}
{'a1': 0.6, 'a4': 0.9, 'G_theta': 3, 'G_k': 2, 'U_b': 2, 'U_a': 1, 'mia': -0.6044005447113814}
{'a1': 0.9, 'a4': 0.9, 'G_theta': 2, 'G_k': 2, 'U_b': 2, 'U_a': 1, 'mia': -0.6044005447113814}
{'a1': 0.4, 'a4': 0.30000000000000004, 'G_theta': 0.5, 'G_k': 1, 'U_b': 1, 'U_a': 0, 'mia': -0.5955508701676773}
{'a1': 0.1, 'a4': 0.4, 'G_theta': 1, 'G_k': 2, 'U_b': 2, 'U_a': 1, 'mia': -0.5867878705912504}
{'a1': 0.4, 'a4': 0.8, 'G_theta': 3, 'G_k': 2, 'U_b': 2, 'U_a': 1, 'mia': -0.5831383982893461}
{'a1': 0.6, 'a4': 0.8, 'G_theta': 2, 'G_k': 2, 'U_b': 2, 'U_a': 1, 'mia': -0.5831383982893461}
{'a1': 0.7000000000000001, 'a4': 0.7000000000000001, 'G_theta': 1, 'G_k': 2, 'U_b': 2, 'U_a': 1, 'mia': -0.5727732350437629}
{'a1': 0.1, 'a4': 0.6, 'G_theta': 3, 'G_k': 2, 'U_b': 2, 'U_a': 1, 'mia': -0.5694186093491007}
{'a1': 0.30000000000000004, 'a4': 0.6, 'G_theta': 1, 'G_k': 2, 'U_b': 2, 'U_a': 1, 'mia': -0.5694186093491007}
{'a1': 0.4, 'a4': 0.4, 'G_theta': 0.5, 'G_k': 1, 'U_b': 1, 'U_a': 0, 'mia': -0.5509371073163543}
{'a1': 0.8, 'a4': 0.9, 'G_theta': 2, 'G_k': 2, 'U_b': 2, 'U_a': 1, 'mia': -0.5490698806318146}
{'a1': 0.30000000000000004, 'a4': 0.7000000000000001, 'G_theta': 0.5, 'G_k': 1, 'U_b': 1, 'U_a': 0, 'mia': -0.5327331994819822}
{'a1': 0.2, 'a4': 0.9, 'G_theta': 0.5, 'G_k': 1, 'U_b': 1, 'U_a': 0, 'mia': -0.523984389010548}
{'a1': 0.5, 'a4': 0.1, 'G_theta': 0.5, 'G_k': 1, 'U_b': 1, 'U_a': 0, 'mia': -0.5194378254246197}
{'a1': 0.5, 'a4': 0.9, 'G_theta': 3, 'G_k': 2, 'U_b': 2, 'U_a': 1, 'mia': -0.5110080834726423}
{'a1': 0.2, 'a4': 0.4, 'G_theta': 0.5, 'G_k': 1, 'U_b': 2, 'U_a': 1, 'mia': -0.5015448981913277}
{'a1': 0.30000000000000004, 'a4': 0.30000000000000004, 'G_theta': 0.5, 'G_k': 1, 'U_b': 2, 'U_a': 1, 'mia': -0.4981061768604189}
{'a1': 0.4, 'a4': 0.5, 'G_theta': 0.5, 'G_k': 1, 'U_b': 1, 'U_a': 0, 'mia': -0.4943998272735781}
{'a1': 0.5, 'a4': 0.2, 'G_theta': 0.5, 'G_k': 1, 'U_b': 1, 'U_a': 0, 'mia': -0.48105902926036803}
{'a1': 0.30000000000000004, 'a4': 0.7000000000000001, 'G_theta': 2, 'G_k': 2, 'U_b': 2, 'U_a': 1, 'mia': -0.4786402858239154}
{'a1': 0.2, 'a4': 0.7000000000000001, 'G_theta': 3, 'G_k': 2, 'U_b': 2, 'U_a': 1, 'mia': -0.47864028582391516}
{'a1': 0.6, 'a4': 0.7000000000000001, 'G_theta': 1, 'G_k': 2, 'U_b': 2, 'U_a': 1, 'mia': -0.47864028582391516}
{'a1': 0.4, 'a4': 0.2, 'G_theta': 0.5, 'G_k': 1, 'U_b': 2, 'U_a': 1, 'mia': -0.4761193615683037}
{'a1': 0.5, 'a4': 0.8, 'G_theta': 2, 'G_k': 2, 'U_b': 2, 'U_a': 1, 'mia': -0.47605672213871086}
{'a1': 0.1, 'a4': 0.9, 'G_theta': 1, 'G_k': 2, 'U_b': 1, 'U_a': 0, 'mia': -0.46992427933665026}
{'a1': 0.7000000000000001, 'a4': 0.9, 'G_theta': 2, 'G_k': 2, 'U_b': 2, 'U_a': 1, 'mia': -0.4627722026680934}
{'a1': 0.5, 'a4': 0.1, 'G_theta': 0.5, 'G_k': 1, 'U_b': 2, 'U_a': 1, 'mia': -0.44371825027382905}
{'a1': 0.30000000000000004, 'a4': 0.8, 'G_theta': 0.5, 'G_k': 1, 'U_b': 1, 'U_a': 0, 'mia': -0.43748064633091377}
{'a1': 0.5, 'a4': 0.30000000000000004, 'G_theta': 0.5, 'G_k': 1, 'U_b': 1, 'U_a': 0, 'mia': -0.43421462123377075}
{'a1': 0.4, 'a4': 0.6, 'G_theta': 0.5, 'G_k': 1, 'U_b': 1, 'U_a': 0, 'mia': -0.42387820760667694}
{'a1': 0.30000000000000004, 'a4': 0.8, 'G_theta': 3, 'G_k': 2, 'U_b': 2, 'U_a': 1, 'mia': -0.3866688251157515}
{'a1': 0.9, 'a4': 0.8, 'G_theta': 1, 'G_k': 2, 'U_b': 2, 'U_a': 1, 'mia': -0.3866688251157513}
{'a1': 0.1, 'a4': 0.5, 'G_theta': 0.5, 'G_k': 1, 'U_b': 2, 'U_a': 1, 'mia': -0.3797693817392356}
{'a1': 0.5, 'a4': 0.4, 'G_theta': 0.5, 'G_k': 1, 'U_b': 1, 'U_a': 0, 'mia': -0.3782104911739006}
{'a1': 0.6, 'a4': 0.1, 'G_theta': 0.5, 'G_k': 1, 'U_b': 1, 'U_a': 0, 'mia': -0.36038392565578103}
{'a1': 0.4, 'a4': 0.7000000000000001, 'G_theta': 0.5, 'G_k': 1, 'U_b': 1, 'U_a': 0, 'mia': -0.3387417576724767}
{'a1': 0.30000000000000004, 'a4': 0.9, 'G_theta': 0.5, 'G_k': 1, 'U_b': 1, 'U_a': 0, 'mia': -0.31946387453146996}
{'a1': 0.4, 'a4': 0.9, 'G_theta': 3, 'G_k': 2, 'U_b': 2, 'U_a': 1, 'mia': -0.31776948997585897}
{'a1': 0.6, 'a4': 0.9, 'G_theta': 2, 'G_k': 2, 'U_b': 2, 'U_a': 1, 'mia': -0.31776948997585897}
{'a1': 0.6, 'a4': 0.2, 'G_theta': 0.5, 'G_k': 1, 'U_b': 1, 'U_a': 0, 'mia': -0.3146769784312775}
{'a1': 0.5, 'a4': 0.5, 'G_theta': 0.5, 'G_k': 1, 'U_b': 1, 'U_a': 0, 'mia': -0.31243435743752834}
{'a1': 0.5, 'a4': 0.7000000000000001, 'G_theta': 1, 'G_k': 2, 'U_b': 2, 'U_a': 1, 'mia': -0.30305516089196827}
{'a1': 0.5, 'a4': 0.2, 'G_theta': 0.5, 'G_k': 1, 'U_b': 2, 'U_a': 1, 'mia': -0.28293029725237995}
{'a1': 0.6, 'a4': 0.1, 'G_theta': 0.5, 'G_k': 1, 'U_b': 2, 'U_a': 1, 'mia': -0.2716635048753864}
{'a1': 0.4, 'a4': 0.30000000000000004, 'G_theta': 0.5, 'G_k': 1, 'U_b': 2, 'U_a': 1, 'mia': -0.2691587316198507}
{'a1': 0.6, 'a4': 0.30000000000000004, 'G_theta': 0.5, 'G_k': 1, 'U_b': 1, 'U_a': 0, 'mia': -0.26261548619137587}
{'a1': 0.4, 'a4': 0.8, 'G_theta': 2, 'G_k': 2, 'U_b': 2, 'U_a': 1, 'mia': -0.2516076611651268}
{'a1': 0.8, 'a4': 0.8, 'G_theta': 1, 'G_k': 2, 'U_b': 2, 'U_a': 1, 'mia': -0.2516076611651268}
{'a1': 0.4, 'a4': 0.8, 'G_theta': 0.5, 'G_k': 1, 'U_b': 1, 'U_a': 0, 'mia': -0.2394586278990236}
{'a1': 0.5, 'a4': 0.6, 'G_theta': 0.5, 'G_k': 1, 'U_b': 1, 'U_a': 0, 'mia': -0.23645678350822918}
{'a1': 0.30000000000000004, 'a4': 0.4, 'G_theta': 0.5, 'G_k': 1, 'U_b': 2, 'U_a': 1, 'mia': -0.2113475781564571}
{'a1': 0.6, 'a4': 0.4, 'G_theta': 0.5, 'G_k': 1, 'U_b': 1, 'U_a': 0, 'mia': -0.20294209222633453}
{'a1': 0.7000000000000001, 'a4': 0.1, 'G_theta': 0.5, 'G_k': 1, 'U_b': 1, 'U_a': 0, 'mia': -0.19875093172647706}
{'a1': 0.5, 'a4': 0.7000000000000001, 'G_theta': 0.5, 'G_k': 1, 'U_b': 1, 'U_a': 0, 'mia': -0.15178239180603081}
{'a1': 0.7000000000000001, 'a4': 0.2, 'G_theta': 0.5, 'G_k': 1, 'U_b': 1, 'U_a': 0, 'mia': -0.15123166319053838}
{'a1': 0.6, 'a4': 0.5, 'G_theta': 0.5, 'G_k': 1, 'U_b': 1, 'U_a': 0, 'mia': -0.13611216810656424}
{'a1': 0.4, 'a4': 0.9, 'G_theta': 0.5, 'G_k': 1, 'U_b': 1, 'U_a': 0, 'mia': -0.12940065221060615}
{'a1': 0.7000000000000001, 'a4': 0.1, 'G_theta': 0.5, 'G_k': 1, 'U_b': 2, 'U_a': 1, 'mia': -0.10550982809530773}
{'a1': 0.6, 'a4': 0.2, 'G_theta': 0.5, 'G_k': 1, 'U_b': 2, 'U_a': 1, 'mia': -0.10086795722818764}
{'a1': 0.7000000000000001, 'a4': 0.30000000000000004, 'G_theta': 0.5, 'G_k': 1, 'U_b': 1, 'U_a': 0, 'mia': -0.09729827673457359}
{'a1': 0.1, 'a4': 0.6, 'G_theta': 2, 'G_k': 2, 'U_b': 2, 'U_a': 1, 'mia': -0.08447043791491038}
{'a1': 0.2, 'a4': 0.6, 'G_theta': 1, 'G_k': 2, 'U_b': 2, 'U_a': 1, 'mia': -0.08447043791491038}
{'a1': 0.5, 'a4': 0.30000000000000004, 'G_theta': 0.5, 'G_k': 1, 'U_b': 2, 'U_a': 1, 'mia': -0.06592951491814047}
{'a1': 0.6, 'a4': 0.6, 'G_theta': 0.5, 'G_k': 1, 'U_b': 1, 'U_a': 0, 'mia': -0.0628049959234005}
{'a1': 0.5, 'a4': 0.8, 'G_theta': 0.5, 'G_k': 1, 'U_b': 1, 'U_a': 0, 'mia': -0.059282483451825074}
{'a1': 0.2, 'a4': 0.5, 'G_theta': 0.5, 'G_k': 1, 'U_b': 2, 'U_a': 1, 'mia': -0.049514412992757384}
{'a1': 0.5, 'a4': 0.9, 'G_theta': 2, 'G_k': 2, 'U_b': 2, 'U_a': 1, 'mia': -0.0468865101582836}
{'a1': 0.8, 'a4': 0.1, 'G_theta': 0.5, 'G_k': 1, 'U_b': 1, 'U_a': 0, 'mia': -0.0451872471514394}
{'a1': 0.7000000000000001, 'a4': 0.4, 'G_theta': 0.5, 'G_k': 1, 'U_b': 1, 'U_a': 0, 'mia': -0.03935709582362312}
{'a1': 0.7000000000000001, 'a4': 0.8, 'G_theta': 1, 'G_k': 2, 'U_b': 2, 'U_a': 1, 'mia': -0.03439748768457096}
{'a1': 0.8, 'a4': 0.2, 'G_theta': 0.5, 'G_k': 1, 'U_b': 1, 'U_a': 0, 'mia': 0.0007976317737714567}
{'a1': 0.4, 'a4': 0.4, 'G_theta': 0.5, 'G_k': 1, 'U_b': 2, 'U_a': 1, 'mia': 0.014504237859733093}
{'a1': 0.6, 'a4': 0.7000000000000001, 'G_theta': 0.5, 'G_k': 1, 'U_b': 1, 'U_a': 0, 'mia': 0.016024026153756088}
{'a1': 0.7000000000000001, 'a4': 0.5, 'G_theta': 0.5, 'G_k': 1, 'U_b': 1, 'U_a': 0, 'mia': 0.024045486035713104}
{'a1': 0.5, 'a4': 0.9, 'G_theta': 0.5, 'G_k': 1, 'U_b': 1, 'U_a': 0, 'mia': 0.037771659282727965}
{'a1': 0.8, 'a4': 0.1, 'G_theta': 0.5, 'G_k': 1, 'U_b': 2, 'U_a': 1, 'mia': 0.046505331855337007}
{'a1': 0.8, 'a4': 0.30000000000000004, 'G_theta': 0.5, 'G_k': 1, 'U_b': 1, 'U_a': 0, 'mia': 0.05281555116103909}
{'a1': 0.7000000000000001, 'a4': 0.2, 'G_theta': 0.5, 'G_k': 1, 'U_b': 2, 'U_a': 1, 'mia': 0.06117554964594629}
{'a1': 0.2, 'a4': 0.7000000000000001, 'G_theta': 2, 'G_k': 2, 'U_b': 2, 'U_a': 1, 'mia': 0.08108873621773527}
{'a1': 0.4, 'a4': 0.7000000000000001, 'G_theta': 1, 'G_k': 2, 'U_b': 2, 'U_a': 1, 'mia': 0.08108873621773527}
{'a1': 0.7000000000000001, 'a4': 0.6, 'G_theta': 0.5, 'G_k': 1, 'U_b': 1, 'U_a': 0, 'mia': 0.09167322616294826}
{'a1': 0.9, 'a4': 0.1, 'G_theta': 0.5, 'G_k': 1, 'U_b': 1, 'U_a': 0, 'mia': 0.09308819738268759}
{'a1': 0.6, 'a4': 0.8, 'G_theta': 0.5, 'G_k': 1, 'U_b': 1, 'U_a': 0, 'mia': 0.09873123001095929}
{'a1': 0.6, 'a4': 0.30000000000000004, 'G_theta': 0.5, 'G_k': 1, 'U_b': 2, 'U_a': 1, 'mia': 0.1049162345978587}
{'a1': 0.8, 'a4': 0.4, 'G_theta': 0.5, 'G_k': 1, 'U_b': 1, 'U_a': 0, 'mia': 0.1072705998451211}
{'a1': 0.9, 'a4': 0.2, 'G_theta': 0.5, 'G_k': 1, 'U_b': 1, 'U_a': 0, 'mia': 0.13922031331940254}
{'a1': 0.30000000000000004, 'a4': 0.5, 'G_theta': 0.5, 'G_k': 1, 'U_b': 2, 'U_a': 1, 'mia': 0.16007636893931965}
{'a1': 0.7000000000000001, 'a4': 0.7000000000000001, 'G_theta': 0.5, 'G_k': 1, 'U_b': 1, 'U_a': 0, 'mia': 0.16218020300591252}
{'a1': 0.8, 'a4': 0.5, 'G_theta': 0.5, 'G_k': 1, 'U_b': 1, 'U_a': 0, 'mia': 0.16536104909754168}
{'a1': 0.9, 'a4': 0.1, 'G_theta': 0.5, 'G_k': 1, 'U_b': 2, 'U_a': 1, 'mia': 0.17988949229391005}
{'a1': 0.6, 'a4': 0.9, 'G_theta': 0.5, 'G_k': 1, 'U_b': 1, 'U_a': 0, 'mia': 0.1821266777723618}
{'a1': 0.9, 'a4': 0.30000000000000004, 'G_theta': 0.5, 'G_k': 1, 'U_b': 1, 'U_a': 0, 'mia': 0.18541656641750026}
{'a1': 0.5, 'a4': 0.4, 'G_theta': 0.5, 'G_k': 1, 'U_b': 2, 'U_a': 1, 'mia': 0.1854355049038574}
{'a1': 0.30000000000000004, 'a4': 0.9, 'G_theta': 3, 'G_k': 2, 'U_b': 2, 'U_a': 1, 'mia': 0.18601670430179107}
{'a1': 0.9, 'a4': 0.9, 'G_theta': 1, 'G_k': 2, 'U_b': 2, 'U_a': 1, 'mia': 0.18601670430179196}
{'a1': 0.8, 'a4': 0.2, 'G_theta': 0.5, 'G_k': 1, 'U_b': 2, 'U_a': 1, 'mia': 0.2015530730519124}
{'a1': 0.1, 'a4': 0.1, 'G_theta': 5, 'G_k': 1, 'U_b': 1, 'U_a': 0, 'mia': 0.21739025895675446}
{'a1': 0.1, 'a4': 0.6, 'G_theta': 0.5, 'G_k': 1, 'U_b': 2, 'U_a': 1, 'mia': 0.22317762381770545}
{'a1': 0.8, 'a4': 0.6, 'G_theta': 0.5, 'G_k': 1, 'U_b': 1, 'U_a': 0, 'mia': 0.22671236737761857}
{'a1': 0.7000000000000001, 'a4': 0.8, 'G_theta': 0.5, 'G_k': 1, 'U_b': 1, 'U_a': 0, 'mia': 0.23412539010172795}
{'a1': 0.9, 'a4': 0.4, 'G_theta': 0.5, 'G_k': 1, 'U_b': 1, 'U_a': 0, 'mia': 0.23729005981414453}
{'a1': 0.7000000000000001, 'a4': 0.30000000000000004, 'G_theta': 0.5, 'G_k': 1, 'U_b': 2, 'U_a': 1, 'mia': 0.2472924031246151}
{'a1': 0.1, 'a4': 0.5, 'G_theta': 1, 'G_k': 2, 'U_b': 2, 'U_a': 1, 'mia': 0.2523266455685973}
{'a1': 0.1, 'a4': 0.2, 'G_theta': 5, 'G_k': 1, 'U_b': 1, 'U_a': 0, 'mia': 0.2604146204508391}
{'a1': 0.9, 'a4': 0.5, 'G_theta': 0.5, 'G_k': 1, 'U_b': 1, 'U_a': 0, 'mia': 0.2882263457667664}
{'a1': 0.8, 'a4': 0.7000000000000001, 'G_theta': 0.5, 'G_k': 1, 'U_b': 1, 'U_a': 0, 'mia': 0.2886809273155204}
{'a1': 0.1, 'a4': 0.1, 'G_theta': 5, 'G_k': 1, 'U_b': 2, 'U_a': 1, 'mia': 0.2981549542536557}
{'a1': 0.1, 'a4': 0.30000000000000004, 'G_theta': 5, 'G_k': 1, 'U_b': 1, 'U_a': 0, 'mia': 0.30263151572836544}
{'a1': 0.4, 'a4': 0.5, 'G_theta': 0.5, 'G_k': 1, 'U_b': 2, 'U_a': 1, 'mia': 0.30582748564491014}
{'a1': 0.7000000000000001, 'a4': 0.9, 'G_theta': 0.5, 'G_k': 1, 'U_b': 1, 'U_a': 0, 'mia': 0.3060244023110301}
{'a1': 0.6, 'a4': 0.4, 'G_theta': 0.5, 'G_k': 1, 'U_b': 2, 'U_a': 1, 'mia': 0.32096781888128034}
{'a1': 0.9, 'a4': 0.2, 'G_theta': 0.5, 'G_k': 1, 'U_b': 2, 'U_a': 1, 'mia': 0.3232810472030563}
{'a1': 0.9, 'a4': 0.6, 'G_theta': 0.5, 'G_k': 1, 'U_b': 1, 'U_a': 0, 'mia': 0.34259649903735045}
{'a1': 0.2, 'a4': 0.6, 'G_theta': 0.5, 'G_k': 1, 'U_b': 2, 'U_a': 1, 'mia': 0.34368570384908526}
{'a1': 0.2, 'a4': 0.8, 'G_theta': 3, 'G_k': 2, 'U_b': 2, 'U_a': 1, 'mia': 0.34657217308545607}
{'a1': 0.30000000000000004, 'a4': 0.8, 'G_theta': 2, 'G_k': 2, 'U_b': 2, 'U_a': 1, 'mia': 0.34657217308545607}
{'a1': 0.6, 'a4': 0.8, 'G_theta': 1, 'G_k': 2, 'U_b': 2, 'U_a': 1, 'mia': 0.34657217308545696}
{'a1': 0.1, 'a4': 0.4, 'G_theta': 5, 'G_k': 1, 'U_b': 1, 'U_a': 0, 'mia': 0.3486723449603413}
{'a1': 0.8, 'a4': 0.8, 'G_theta': 0.5, 'G_k': 1, 'U_b': 1, 'U_a': 0, 'mia': 0.35061483715339814}
{'a1': 0.8, 'a4': 0.30000000000000004, 'G_theta': 0.5, 'G_k': 1, 'U_b': 2, 'U_a': 1, 'mia': 0.36697789588713126}
{'a1': 0.1, 'a4': 0.5, 'G_theta': 5, 'G_k': 1, 'U_b': 1, 'U_a': 0, 'mia': 0.39496205747934643}
{'a1': 0.9, 'a4': 0.7000000000000001, 'G_theta': 0.5, 'G_k': 1, 'U_b': 1, 'U_a': 0, 'mia': 0.3968808961784056}
{'a1': 0.8, 'a4': 0.9, 'G_theta': 0.5, 'G_k': 1, 'U_b': 1, 'U_a': 0, 'mia': 0.41218100583124717}
{'a1': 0.5, 'a4': 0.5, 'G_theta': 0.5, 'G_k': 1, 'U_b': 2, 'U_a': 1, 'mia': 0.4201598063929919}
{'a1': 0.1, 'a4': 0.2, 'G_theta': 5, 'G_k': 1, 'U_b': 2, 'U_a': 1, 'mia': 0.4260667512087266}
{'a1': 0.7000000000000001, 'a4': 0.4, 'G_theta': 0.5, 'G_k': 1, 'U_b': 2, 'U_a': 1, 'mia': 0.43280750910823995}
{'a1': 0.1, 'a4': 0.6, 'G_theta': 5, 'G_k': 1, 'U_b': 1, 'U_a': 0, 'mia': 0.4426467795426301}
{'a1': 0.30000000000000004, 'a4': 0.6, 'G_theta': 0.5, 'G_k': 1, 'U_b': 2, 'U_a': 1, 'mia': 0.4444776176012448}
{'a1': 0.9, 'a4': 0.8, 'G_theta': 0.5, 'G_k': 1, 'U_b': 1, 'U_a': 0, 'mia': 0.45034060203378856}
{'a1': 0.1, 'a4': 0.1, 'G_theta': 9, 'G_k': 0.5, 'U_b': 1, 'U_a': 0, 'mia': 0.4576861231063345}
{'a1': 0.9, 'a4': 0.30000000000000004, 'G_theta': 0.5, 'G_k': 1, 'U_b': 2, 'U_a': 1, 'mia': 0.46761725935982024}
{'a1': 0.1, 'a4': 0.2, 'G_theta': 9, 'G_k': 0.5, 'U_b': 1, 'U_a': 0, 'mia': 0.4823216320882955}
{'a1': 0.1, 'a4': 0.7000000000000001, 'G_theta': 5, 'G_k': 1, 'U_b': 1, 'U_a': 0, 'mia': 0.4896534824525245}
{'a1': 0.1, 'a4': 0.1, 'G_theta': 9, 'G_k': 0.5, 'U_b': 2, 'U_a': 1, 'mia': 0.5019670051232852}
{'a1': 0.1, 'a4': 0.7000000000000001, 'G_theta': 0.5, 'G_k': 1, 'U_b': 2, 'U_a': 1, 'mia': 0.5024298933873754}
{'a1': 0.1, 'a4': 0.30000000000000004, 'G_theta': 9, 'G_k': 0.5, 'U_b': 1, 'U_a': 0, 'mia': 0.5042169580966864}
{'a1': 0.9, 'a4': 0.9, 'G_theta': 0.5, 'G_k': 1, 'U_b': 1, 'U_a': 0, 'mia': 0.5043185124644489}
{'a1': 0.1, 'a4': 0.6, 'G_theta': 1, 'G_k': 2, 'U_b': 2, 'U_a': 1, 'mia': 0.510117567351897}
{'a1': 0.6, 'a4': 0.5, 'G_theta': 0.5, 'G_k': 1, 'U_b': 2, 'U_a': 1, 'mia': 0.5156006151379529}
{'a1': 0.8, 'a4': 0.4, 'G_theta': 0.5, 'G_k': 1, 'U_b': 2, 'U_a': 1, 'mia': 0.5260227127256467}
{'a1': 0.1, 'a4': 0.4, 'G_theta': 9, 'G_k': 0.5, 'U_b': 1, 'U_a': 0, 'mia': 0.5284096120937241}
{'a1': 0.4, 'a4': 0.6, 'G_theta': 0.5, 'G_k': 1, 'U_b': 2, 'U_a': 1, 'mia': 0.5304396121267527}
{'a1': 0.1, 'a4': 0.8, 'G_theta': 5, 'G_k': 1, 'U_b': 1, 'U_a': 0, 'mia': 0.53734129145662}
{'a1': 0.4, 'a4': 0.9, 'G_theta': 2, 'G_k': 2, 'U_b': 2, 'U_a': 1, 'mia': 0.547231984943122}
{'a1': 0.8, 'a4': 0.9, 'G_theta': 1, 'G_k': 2, 'U_b': 2, 'U_a': 1, 'mia': 0.547231984943122}
{'a1': 0.1, 'a4': 0.5, 'G_theta': 9, 'G_k': 0.5, 'U_b': 1, 'U_a': 0, 'mia': 0.5549543289436574}
{'a1': 0.1, 'a4': 0.30000000000000004, 'G_theta': 5, 'G_k': 1, 'U_b': 2, 'U_a': 1, 'mia': 0.5554163519129975}
{'a1': 0.2, 'a4': 0.7000000000000001, 'G_theta': 0.5, 'G_k': 1, 'U_b': 2, 'U_a': 1, 'mia': 0.5717933897422662}
{'a1': 0.1, 'a4': 0.2, 'G_theta': 9, 'G_k': 0.5, 'U_b': 2, 'U_a': 1, 'mia': 0.5744975920991522}
{'a1': 0.1, 'a4': 0.9, 'G_theta': 5, 'G_k': 1, 'U_b': 1, 'U_a': 0, 'mia': 0.582165659861978}
{'a1': 0.1, 'a4': 0.6, 'G_theta': 9, 'G_k': 0.5, 'U_b': 1, 'U_a': 0, 'mia': 0.5839133525915288}
{'a1': 0.7000000000000001, 'a4': 0.5, 'G_theta': 0.5, 'G_k': 1, 'U_b': 2, 'U_a': 1, 'mia': 0.5946646034135636}
{'a1': 0.9, 'a4': 0.4, 'G_theta': 0.5, 'G_k': 1, 'U_b': 2, 'U_a': 1, 'mia': 0.6038689927605967}
{'a1': 0.5, 'a4': 0.6, 'G_theta': 0.5, 'G_k': 1, 'U_b': 2, 'U_a': 1, 'mia': 0.6046709444996745}
{'a1': 0.1, 'a4': 0.7000000000000001, 'G_theta': 9, 'G_k': 0.5, 'U_b': 1, 'U_a': 0, 'mia': 0.6153566140416502}
{'a1': 0.30000000000000004, 'a4': 0.7000000000000001, 'G_theta': 0.5, 'G_k': 1, 'U_b': 2, 'U_a': 1, 'mia': 0.6347298447930103}
{'a1': 0.1, 'a4': 0.8, 'G_theta': 9, 'G_k': 0.5, 'U_b': 1, 'U_a': 0, 'mia': 0.6433216212932584}
{'a1': 0.1, 'a4': 0.1, 'G_theta': 7.5, 'G_k': 1, 'U_b': 1, 'U_a': 0, 'mia': 0.6493563340367008}
{'a1': 0.1, 'a4': 0.30000000000000004, 'G_theta': 9, 'G_k': 0.5, 'U_b': 2, 'U_a': 1, 'mia': 0.6542189631397841}
{'a1': 0.8, 'a4': 0.5, 'G_theta': 0.5, 'G_k': 1, 'U_b': 2, 'U_a': 1, 'mia': 0.664054031796204}
{'a1': 0.6, 'a4': 0.6, 'G_theta': 0.5, 'G_k': 1, 'U_b': 2, 'U_a': 1, 'mia': 0.6694313920596628}
{'a1': 0.1, 'a4': 0.9, 'G_theta': 9, 'G_k': 0.5, 'U_b': 1, 'U_a': 0, 'mia': 0.6708778504834354}
{'a1': 0.1, 'a4': 0.4, 'G_theta': 5, 'G_k': 1, 'U_b': 2, 'U_a': 1, 'mia': 0.6710778215359223}
{'a1': 0.1, 'a4': 0.2, 'G_theta': 7.5, 'G_k': 1, 'U_b': 1, 'U_a': 0, 'mia': 0.6727528066168256}
{'a1': 0.1, 'a4': 0.8, 'G_theta': 0.5, 'G_k': 1, 'U_b': 2, 'U_a': 1, 'mia': 0.6779682890418022}
{'a1': 0.1, 'a4': 0.7000000000000001, 'G_theta': 1, 'G_k': 2, 'U_b': 2, 'U_a': 1, 'mia': 0.6807880281614085}
{'a1': 0.4, 'a4': 0.7000000000000001, 'G_theta': 0.5, 'G_k': 1, 'U_b': 2, 'U_a': 1, 'mia': 0.6918038236926363}
{'a1': 0.1, 'a4': 0.1, 'G_theta': 7.5, 'G_k': 1, 'U_b': 2, 'U_a': 1, 'mia': 0.6961492791969506}
{'a1': 0.1, 'a4': 0.30000000000000004, 'G_theta': 7.5, 'G_k': 1, 'U_b': 1, 'U_a': 0, 'mia': 0.6980496689678792}
{'a1': 0.9, 'a4': 0.5, 'G_theta': 0.5, 'G_k': 1, 'U_b': 2, 'U_a': 1, 'mia': 0.7231811693348935}
{'a1': 0.2, 'a4': 0.8, 'G_theta': 0.5, 'G_k': 1, 'U_b': 2, 'U_a': 1, 'mia': 0.7247877117384876}
{'a1': 0.1, 'a4': 0.4, 'G_theta': 7.5, 'G_k': 1, 'U_b': 1, 'U_a': 0, 'mia': 0.7252876025347981}
{'a1': 0.7000000000000001, 'a4': 0.6, 'G_theta': 0.5, 'G_k': 1, 'U_b': 2, 'U_a': 1, 'mia': 0.7259735949808319}
{'a1': 0.1, 'a4': 0.4, 'G_theta': 9, 'G_k': 0.5, 'U_b': 2, 'U_a': 1, 'mia': 0.7346365407314013}
{'a1': 0.5, 'a4': 0.7000000000000001, 'G_theta': 0.5, 'G_k': 1, 'U_b': 2, 'U_a': 1, 'mia': 0.7423810721177022}
{'a1': 0.1, 'a4': 0.5, 'G_theta': 7.5, 'G_k': 1, 'U_b': 1, 'U_a': 0, 'mia': 0.7523230523975646}
{'a1': 0.30000000000000004, 'a4': 0.8, 'G_theta': 0.5, 'G_k': 1, 'U_b': 2, 'U_a': 1, 'mia': 0.7687135368973057}
{'a1': 0.1, 'a4': 0.2, 'G_theta': 7.5, 'G_k': 1, 'U_b': 2, 'U_a': 1, 'mia': 0.7693665970490857}
{'a1': 0.1, 'a4': 0.5, 'G_theta': 5, 'G_k': 1, 'U_b': 2, 'U_a': 1, 'mia': 0.7732908891213157}
{'a1': 0.1, 'a4': 0.6, 'G_theta': 7.5, 'G_k': 1, 'U_b': 1, 'U_a': 0, 'mia': 0.7749990901108468}
{'a1': 0.8, 'a4': 0.6, 'G_theta': 0.5, 'G_k': 1, 'U_b': 2, 'U_a': 1, 'mia': 0.77507686560034}
{'a1': 0.6, 'a4': 0.7000000000000001, 'G_theta': 0.5, 'G_k': 1, 'U_b': 2, 'U_a': 1, 'mia': 0.7870912541549995}
{'a1': 0.1, 'a4': 0.7000000000000001, 'G_theta': 7.5, 'G_k': 1, 'U_b': 1, 'U_a': 0, 'mia': 0.7991312104862842}
{'a1': 0.1, 'a4': 0.9, 'G_theta': 0.5, 'G_k': 1, 'U_b': 2, 'U_a': 1, 'mia': 0.800732262633261}
{'a1': 0.1, 'a4': 0.8, 'G_theta': 1, 'G_k': 2, 'U_b': 2, 'U_a': 1, 'mia': 0.8017876667848212}
{'a1': 0.1, 'a4': 0.5, 'G_theta': 9, 'G_k': 0.5, 'U_b': 2, 'U_a': 1, 'mia': 0.8062715160823696}
{'a1': 0.4, 'a4': 0.8, 'G_theta': 0.5, 'G_k': 1, 'U_b': 2, 'U_a': 1, 'mia': 0.8076759990564376}
{'a1': 0.9, 'a4': 0.6, 'G_theta': 0.5, 'G_k': 1, 'U_b': 2, 'U_a': 1, 'mia': 0.8175658074412976}
{'a1': 0.1, 'a4': 0.8, 'G_theta': 7.5, 'G_k': 1, 'U_b': 1, 'U_a': 0, 'mia': 0.8223923033203895}
{'a1': 0.7000000000000001, 'a4': 0.7000000000000001, 'G_theta': 0.5, 'G_k': 1, 'U_b': 2, 'U_a': 1, 'mia': 0.825553508720771}
{'a1': 0.2, 'a4': 0.9, 'G_theta': 0.5, 'G_k': 1, 'U_b': 2, 'U_a': 1, 'mia': 0.8314630743403176}
{'a1': 0.1, 'a4': 0.30000000000000004, 'G_theta': 7.5, 'G_k': 1, 'U_b': 2, 'U_a': 1, 'mia': 0.8350701050259538}
{'a1': 0.5, 'a4': 0.8, 'G_theta': 0.5, 'G_k': 1, 'U_b': 2, 'U_a': 1, 'mia': 0.8395814919823951}
{'a1': 0.1, 'a4': 0.7000000000000001, 'G_theta': 2, 'G_k': 2, 'U_b': 2, 'U_a': 1, 'mia': 0.8405573516033622}
{'a1': 0.2, 'a4': 0.7000000000000001, 'G_theta': 1, 'G_k': 2, 'U_b': 2, 'U_a': 1, 'mia': 0.8405573516033622}
{'a1': 0.1, 'a4': 0.9, 'G_theta': 7.5, 'G_k': 1, 'U_b': 1, 'U_a': 0, 'mia': 0.8458915688504252}
{'a1': 0.1, 'a4': 0.6, 'G_theta': 5, 'G_k': 1, 'U_b': 2, 'U_a': 1, 'mia': 0.8527909093606293}
{'a1': 0.8, 'a4': 0.7000000000000001, 'G_theta': 0.5, 'G_k': 1, 'U_b': 2, 'U_a': 1, 'mia': 0.8587338617868199}
{'a1': 0.30000000000000004, 'a4': 0.9, 'G_theta': 0.5, 'G_k': 1, 'U_b': 2, 'U_a': 1, 'mia': 0.8593658949580925}
{'a1': 0.2, 'a4': 0.1, 'G_theta': 5, 'G_k': 1, 'U_b': 1, 'U_a': 0, 'mia': 0.8678520560224069}
{'a1': 0.1, 'a4': 0.6, 'G_theta': 9, 'G_k': 0.5, 'U_b': 2, 'U_a': 1, 'mia': 0.8681916427981982}
{'a1': 0.6, 'a4': 0.8, 'G_theta': 0.5, 'G_k': 1, 'U_b': 2, 'U_a': 1, 'mia': 0.8710751321141166}
{'a1': 0.2, 'a4': 0.2, 'G_theta': 5, 'G_k': 1, 'U_b': 1, 'U_a': 0, 'mia': 0.8826868639423748}
{'a1': 0.1, 'a4': 0.9, 'G_theta': 1, 'G_k': 2, 'U_b': 2, 'U_a': 1, 'mia': 0.884006215251193}
{'a1': 0.4, 'a4': 0.9, 'G_theta': 0.5, 'G_k': 1, 'U_b': 2, 'U_a': 1, 'mia': 0.8867710027926321}
{'a1': 0.1, 'a4': 0.4, 'G_theta': 7.5, 'G_k': 1, 'U_b': 2, 'U_a': 1, 'mia': 0.887449613095689}
{'a1': 0.9, 'a4': 0.7000000000000001, 'G_theta': 0.5, 'G_k': 1, 'U_b': 2, 'U_a': 1, 'mia': 0.8878999618004352}
{'a1': 0.7000000000000001, 'a4': 0.8, 'G_theta': 0.5, 'G_k': 1, 'U_b': 2, 'U_a': 1, 'mia': 0.8966089688156579}
{'a1': 0.2, 'a4': 0.1, 'G_theta': 5, 'G_k': 1, 'U_b': 2, 'U_a': 1, 'mia': 0.8975216718623424}
{'a1': 0.2, 'a4': 0.30000000000000004, 'G_theta': 5, 'G_k': 1, 'U_b': 1, 'U_a': 0, 'mia': 0.8984358502410833}
{'a1': 0.5, 'a4': 0.9, 'G_theta': 0.5, 'G_k': 1, 'U_b': 2, 'U_a': 1, 'mia': 0.9092633390962372}
{'a1': 0.1, 'a4': 0.8, 'G_theta': 2, 'G_k': 2, 'U_b': 2, 'U_a': 1, 'mia': 0.9097119581345293}
{'a1': 0.2, 'a4': 0.8, 'G_theta': 1, 'G_k': 2, 'U_b': 2, 'U_a': 1, 'mia': 0.9097119581345293}
{'a1': 0.2, 'a4': 0.4, 'G_theta': 5, 'G_k': 1, 'U_b': 1, 'U_a': 0, 'mia': 0.913315221142491}
{'a1': 0.1, 'a4': 0.7000000000000001, 'G_theta': 5, 'G_k': 1, 'U_b': 2, 'U_a': 1, 'mia': 0.9140394506594879}
{'a1': 0.8, 'a4': 0.8, 'G_theta': 0.5, 'G_k': 1, 'U_b': 2, 'U_a': 1, 'mia': 0.9216090816064787}
{'a1': 0.1, 'a4': 0.7000000000000001, 'G_theta': 9, 'G_k': 0.5, 'U_b': 2, 'U_a': 1, 'mia': 0.9238020578974762}
{'a1': 0.2, 'a4': 0.5, 'G_theta': 5, 'G_k': 1, 'U_b': 1, 'U_a': 0, 'mia': 0.9239998838002428}
{'a1': 0.2, 'a4': 0.2, 'G_theta': 5, 'G_k': 1, 'U_b': 2, 'U_a': 1, 'mia': 0.9330259381778223}
{'a1': 0.6, 'a4': 0.9, 'G_theta': 0.5, 'G_k': 1, 'U_b': 2, 'U_a': 1, 'mia': 0.9332754092847839}
{'a1': 0.2, 'a4': 0.6, 'G_theta': 5, 'G_k': 1, 'U_b': 1, 'U_a': 0, 'mia': 0.9352406802994928}
{'a1': 0.1, 'a4': 0.5, 'G_theta': 7.5, 'G_k': 1, 'U_b': 2, 'U_a': 1, 'mia': 0.9383273370311741}
{'a1': 0.1, 'a4': 0.7000000000000001, 'G_theta': 3, 'G_k': 2, 'U_b': 2, 'U_a': 1, 'mia': 0.9425030998448788}
{'a1': 0.30000000000000004, 'a4': 0.7000000000000001, 'G_theta': 1, 'G_k': 2, 'U_b': 2, 'U_a': 1, 'mia': 0.9425030998448788}
{'a1': 0.9, 'a4': 0.8, 'G_theta': 0.5, 'G_k': 1, 'U_b': 2, 'U_a': 1, 'mia': 0.9463399760552723}
{'a1': 0.2, 'a4': 0.7000000000000001, 'G_theta': 5, 'G_k': 1, 'U_b': 1, 'U_a': 0, 'mia': 0.9470405328796812}
{'a1': 0.2, 'a4': 0.1, 'G_theta': 9, 'G_k': 0.5, 'U_b': 1, 'U_a': 0, 'mia': 0.9473812525528882}
{'a1': 0.7000000000000001, 'a4': 0.9, 'G_theta': 0.5, 'G_k': 1, 'U_b': 2, 'U_a': 1, 'mia': 0.9538240730992402}
{'a1': 0.2, 'a4': 0.2, 'G_theta': 9, 'G_k': 0.5, 'U_b': 1, 'U_a': 0, 'mia': 0.9564218802059933}
{'a1': 0.2, 'a4': 0.8, 'G_theta': 5, 'G_k': 1, 'U_b': 1, 'U_a': 0, 'mia': 0.9594027420206708}
{'a1': 0.1, 'a4': 0.9, 'G_theta': 2, 'G_k': 2, 'U_b': 2, 'U_a': 1, 'mia': 0.9637481094648528}
{'a1': 0.2, 'a4': 0.9, 'G_theta': 1, 'G_k': 2, 'U_b': 2, 'U_a': 1, 'mia': 0.9637481094648528}
{'a1': 0.1, 'a4': 0.8, 'G_theta': 5, 'G_k': 1, 'U_b': 2, 'U_a': 1, 'mia': 0.963752204117048}
{'a1': 0.2, 'a4': 0.1, 'G_theta': 9, 'G_k': 0.5, 'U_b': 2, 'U_a': 1, 'mia': 0.9654625078590989}
{'a1': 0.1, 'a4': 0.8, 'G_theta': 9, 'G_k': 0.5, 'U_b': 2, 'U_a': 1, 'mia': 0.9657091539535667}
{'a1': 0.2, 'a4': 0.30000000000000004, 'G_theta': 9, 'G_k': 0.5, 'U_b': 1, 'U_a': 0, 'mia': 0.966037091017473}
{'a1': 0.2, 'a4': 0.30000000000000004, 'G_theta': 5, 'G_k': 1, 'U_b': 2, 'U_a': 1, 'mia': 0.967297211575162}
{'a1': 0.8, 'a4': 0.9, 'G_theta': 0.5, 'G_k': 1, 'U_b': 2, 'U_a': 1, 'mia': 0.9706743539177884}
{'a1': 0.2, 'a4': 0.9, 'G_theta': 5, 'G_k': 1, 'U_b': 1, 'U_a': 0, 'mia': 0.9723309860744027}
{'a1': 0.2, 'a4': 0.4, 'G_theta': 9, 'G_k': 0.5, 'U_b': 1, 'U_a': 0, 'mia': 0.9762285095727766}
{'a1': 0.1, 'a4': 0.6, 'G_theta': 7.5, 'G_k': 1, 'U_b': 2, 'U_a': 1, 'mia': 0.9770207917985386}
{'a1': 0.2, 'a4': 0.5, 'G_theta': 9, 'G_k': 0.5, 'U_b': 1, 'U_a': 0, 'mia': 0.9834629124545307}
{'a1': 0.1, 'a4': 0.8, 'G_theta': 3, 'G_k': 2, 'U_b': 2, 'U_a': 1, 'mia': 0.9850942856154417}
{'a1': 0.30000000000000004, 'a4': 0.8, 'G_theta': 1, 'G_k': 2, 'U_b': 2, 'U_a': 1, 'mia': 0.9850942856154417}
{'a1': 0.2, 'a4': 0.2, 'G_theta': 9, 'G_k': 0.5, 'U_b': 2, 'U_a': 1, 'mia': 0.987848958935509}
{'a1': 0.9, 'a4': 0.9, 'G_theta': 0.5, 'G_k': 1, 'U_b': 2, 'U_a': 1, 'mia': 0.9884581988702663}
{'a1': 0.2, 'a4': 0.6, 'G_theta': 9, 'G_k': 0.5, 'U_b': 1, 'U_a': 0, 'mia': 0.9890023872940228}
{'a1': 0.2, 'a4': 0.7000000000000001, 'G_theta': 9, 'G_k': 0.5, 'U_b': 1, 'U_a': 0, 'mia': 0.9948292875019458}
{'a1': 0.1, 'a4': 0.7000000000000001, 'G_theta': 7.5, 'G_k': 1, 'U_b': 2, 'U_a': 1, 'mia': 1.0}
{'a1': 0.1, 'a4': 0.8, 'G_theta': 7.5, 'G_k': 1, 'U_b': 2, 'U_a': 1, 'mia': 1.0}
{'a1': 0.1, 'a4': 0.9, 'G_theta': 3, 'G_k': 2, 'U_b': 2, 'U_a': 1, 'mia': 1.0}
{'a1': 0.1, 'a4': 0.9, 'G_theta': 5, 'G_k': 1, 'U_b': 2, 'U_a': 1, 'mia': 1.0}
{'a1': 0.1, 'a4': 0.9, 'G_theta': 9, 'G_k': 0.5, 'U_b': 2, 'U_a': 1, 'mia': 1.0}
{'a1': 0.1, 'a4': 0.9, 'G_theta': 7.5, 'G_k': 1, 'U_b': 2, 'U_a': 1, 'mia': 1.0}
{'a1': 0.2, 'a4': 0.1, 'G_theta': 7.5, 'G_k': 1, 'U_b': 1, 'U_a': 0, 'mia': 1.0}
{'a1': 0.2, 'a4': 0.1, 'G_theta': 7.5, 'G_k': 1, 'U_b': 2, 'U_a': 1, 'mia': 1.0}
{'a1': 0.2, 'a4': 0.2, 'G_theta': 7.5, 'G_k': 1, 'U_b': 1, 'U_a': 0, 'mia': 1.0}
{'a1': 0.2, 'a4': 0.2, 'G_theta': 7.5, 'G_k': 1, 'U_b': 2, 'U_a': 1, 'mia': 1.0}
{'a1': 0.2, 'a4': 0.30000000000000004, 'G_theta': 9, 'G_k': 0.5, 'U_b': 2, 'U_a': 1, 'mia': 1.0}
{'a1': 0.2, 'a4': 0.30000000000000004, 'G_theta': 7.5, 'G_k': 1, 'U_b': 1, 'U_a': 0, 'mia': 1.0}
{'a1': 0.2, 'a4': 0.30000000000000004, 'G_theta': 7.5, 'G_k': 1, 'U_b': 2, 'U_a': 1, 'mia': 1.0}
{'a1': 0.2, 'a4': 0.4, 'G_theta': 5, 'G_k': 1, 'U_b': 2, 'U_a': 1, 'mia': 1.0}
{'a1': 0.2, 'a4': 0.4, 'G_theta': 9, 'G_k': 0.5, 'U_b': 2, 'U_a': 1, 'mia': 1.0}
{'a1': 0.2, 'a4': 0.4, 'G_theta': 7.5, 'G_k': 1, 'U_b': 1, 'U_a': 0, 'mia': 1.0}
{'a1': 0.2, 'a4': 0.4, 'G_theta': 7.5, 'G_k': 1, 'U_b': 2, 'U_a': 1, 'mia': 1.0}
{'a1': 0.2, 'a4': 0.5, 'G_theta': 5, 'G_k': 1, 'U_b': 2, 'U_a': 1, 'mia': 1.0}
{'a1': 0.2, 'a4': 0.5, 'G_theta': 9, 'G_k': 0.5, 'U_b': 2, 'U_a': 1, 'mia': 1.0}
{'a1': 0.2, 'a4': 0.5, 'G_theta': 7.5, 'G_k': 1, 'U_b': 1, 'U_a': 0, 'mia': 1.0}
{'a1': 0.2, 'a4': 0.5, 'G_theta': 7.5, 'G_k': 1, 'U_b': 2, 'U_a': 1, 'mia': 1.0}
{'a1': 0.2, 'a4': 0.6, 'G_theta': 5, 'G_k': 1, 'U_b': 2, 'U_a': 1, 'mia': 1.0}
{'a1': 0.2, 'a4': 0.6, 'G_theta': 9, 'G_k': 0.5, 'U_b': 2, 'U_a': 1, 'mia': 1.0}
{'a1': 0.2, 'a4': 0.6, 'G_theta': 7.5, 'G_k': 1, 'U_b': 1, 'U_a': 0, 'mia': 1.0}
{'a1': 0.2, 'a4': 0.6, 'G_theta': 7.5, 'G_k': 1, 'U_b': 2, 'U_a': 1, 'mia': 1.0}
{'a1': 0.2, 'a4': 0.7000000000000001, 'G_theta': 5, 'G_k': 1, 'U_b': 2, 'U_a': 1, 'mia': 1.0}
{'a1': 0.2, 'a4': 0.7000000000000001, 'G_theta': 9, 'G_k': 0.5, 'U_b': 2, 'U_a': 1, 'mia': 1.0}
{'a1': 0.2, 'a4': 0.7000000000000001, 'G_theta': 7.5, 'G_k': 1, 'U_b': 1, 'U_a': 0, 'mia': 1.0}
{'a1': 0.2, 'a4': 0.7000000000000001, 'G_theta': 7.5, 'G_k': 1, 'U_b': 2, 'U_a': 1, 'mia': 1.0}
{'a1': 0.2, 'a4': 0.8, 'G_theta': 2, 'G_k': 2, 'U_b': 2, 'U_a': 1, 'mia': 1.0}
{'a1': 0.2, 'a4': 0.8, 'G_theta': 5, 'G_k': 1, 'U_b': 2, 'U_a': 1, 'mia': 1.0}
{'a1': 0.2, 'a4': 0.8, 'G_theta': 9, 'G_k': 0.5, 'U_b': 1, 'U_a': 0, 'mia': 1.0}
{'a1': 0.2, 'a4': 0.8, 'G_theta': 9, 'G_k': 0.5, 'U_b': 2, 'U_a': 1, 'mia': 1.0}
{'a1': 0.2, 'a4': 0.8, 'G_theta': 7.5, 'G_k': 1, 'U_b': 1, 'U_a': 0, 'mia': 1.0}
{'a1': 0.2, 'a4': 0.8, 'G_theta': 7.5, 'G_k': 1, 'U_b': 2, 'U_a': 1, 'mia': 1.0}
{'a1': 0.2, 'a4': 0.9, 'G_theta': 2, 'G_k': 2, 'U_b': 2, 'U_a': 1, 'mia': 1.0}
{'a1': 0.2, 'a4': 0.9, 'G_theta': 3, 'G_k': 2, 'U_b': 2, 'U_a': 1, 'mia': 1.0}
{'a1': 0.2, 'a4': 0.9, 'G_theta': 5, 'G_k': 1, 'U_b': 2, 'U_a': 1, 'mia': 1.0}
{'a1': 0.2, 'a4': 0.9, 'G_theta': 9, 'G_k': 0.5, 'U_b': 1, 'U_a': 0, 'mia': 1.0}
{'a1': 0.2, 'a4': 0.9, 'G_theta': 9, 'G_k': 0.5, 'U_b': 2, 'U_a': 1, 'mia': 1.0}
{'a1': 0.2, 'a4': 0.9, 'G_theta': 7.5, 'G_k': 1, 'U_b': 1, 'U_a': 0, 'mia': 1.0}
{'a1': 0.2, 'a4': 0.9, 'G_theta': 7.5, 'G_k': 1, 'U_b': 2, 'U_a': 1, 'mia': 1.0}
{'a1': 0.30000000000000004, 'a4': 0.1, 'G_theta': 5, 'G_k': 1, 'U_b': 1, 'U_a': 0, 'mia': 1.0}
{'a1': 0.30000000000000004, 'a4': 0.1, 'G_theta': 5, 'G_k': 1, 'U_b': 2, 'U_a': 1, 'mia': 1.0}
{'a1': 0.30000000000000004, 'a4': 0.1, 'G_theta': 9, 'G_k': 0.5, 'U_b': 1, 'U_a': 0, 'mia': 1.0}
{'a1': 0.30000000000000004, 'a4': 0.1, 'G_theta': 9, 'G_k': 0.5, 'U_b': 2, 'U_a': 1, 'mia': 1.0}
{'a1': 0.30000000000000004, 'a4': 0.1, 'G_theta': 7.5, 'G_k': 1, 'U_b': 1, 'U_a': 0, 'mia': 1.0}
{'a1': 0.30000000000000004, 'a4': 0.1, 'G_theta': 7.5, 'G_k': 1, 'U_b': 2, 'U_a': 1, 'mia': 1.0}
{'a1': 0.30000000000000004, 'a4': 0.2, 'G_theta': 5, 'G_k': 1, 'U_b': 1, 'U_a': 0, 'mia': 1.0}
{'a1': 0.30000000000000004, 'a4': 0.2, 'G_theta': 5, 'G_k': 1, 'U_b': 2, 'U_a': 1, 'mia': 1.0}
{'a1': 0.30000000000000004, 'a4': 0.2, 'G_theta': 9, 'G_k': 0.5, 'U_b': 1, 'U_a': 0, 'mia': 1.0}
{'a1': 0.30000000000000004, 'a4': 0.2, 'G_theta': 9, 'G_k': 0.5, 'U_b': 2, 'U_a': 1, 'mia': 1.0}
{'a1': 0.30000000000000004, 'a4': 0.2, 'G_theta': 7.5, 'G_k': 1, 'U_b': 1, 'U_a': 0, 'mia': 1.0}
{'a1': 0.30000000000000004, 'a4': 0.2, 'G_theta': 7.5, 'G_k': 1, 'U_b': 2, 'U_a': 1, 'mia': 1.0}
{'a1': 0.30000000000000004, 'a4': 0.30000000000000004, 'G_theta': 5, 'G_k': 1, 'U_b': 1, 'U_a': 0, 'mia': 1.0}
{'a1': 0.30000000000000004, 'a4': 0.30000000000000004, 'G_theta': 5, 'G_k': 1, 'U_b': 2, 'U_a': 1, 'mia': 1.0}
{'a1': 0.30000000000000004, 'a4': 0.30000000000000004, 'G_theta': 9, 'G_k': 0.5, 'U_b': 1, 'U_a': 0, 'mia': 1.0}
{'a1': 0.30000000000000004, 'a4': 0.30000000000000004, 'G_theta': 9, 'G_k': 0.5, 'U_b': 2, 'U_a': 1, 'mia': 1.0}
{'a1': 0.30000000000000004, 'a4': 0.30000000000000004, 'G_theta': 7.5, 'G_k': 1, 'U_b': 1, 'U_a': 0, 'mia': 1.0}
{'a1': 0.30000000000000004, 'a4': 0.30000000000000004, 'G_theta': 7.5, 'G_k': 1, 'U_b': 2, 'U_a': 1, 'mia': 1.0}
{'a1': 0.30000000000000004, 'a4': 0.4, 'G_theta': 5, 'G_k': 1, 'U_b': 1, 'U_a': 0, 'mia': 1.0}
{'a1': 0.30000000000000004, 'a4': 0.4, 'G_theta': 5, 'G_k': 1, 'U_b': 2, 'U_a': 1, 'mia': 1.0}
{'a1': 0.30000000000000004, 'a4': 0.4, 'G_theta': 9, 'G_k': 0.5, 'U_b': 1, 'U_a': 0, 'mia': 1.0}
{'a1': 0.30000000000000004, 'a4': 0.4, 'G_theta': 9, 'G_k': 0.5, 'U_b': 2, 'U_a': 1, 'mia': 1.0}
{'a1': 0.30000000000000004, 'a4': 0.4, 'G_theta': 7.5, 'G_k': 1, 'U_b': 1, 'U_a': 0, 'mia': 1.0}
{'a1': 0.30000000000000004, 'a4': 0.4, 'G_theta': 7.5, 'G_k': 1, 'U_b': 2, 'U_a': 1, 'mia': 1.0}
{'a1': 0.30000000000000004, 'a4': 0.5, 'G_theta': 5, 'G_k': 1, 'U_b': 1, 'U_a': 0, 'mia': 1.0}
{'a1': 0.30000000000000004, 'a4': 0.5, 'G_theta': 5, 'G_k': 1, 'U_b': 2, 'U_a': 1, 'mia': 1.0}
{'a1': 0.30000000000000004, 'a4': 0.5, 'G_theta': 9, 'G_k': 0.5, 'U_b': 1, 'U_a': 0, 'mia': 1.0}
{'a1': 0.30000000000000004, 'a4': 0.5, 'G_theta': 9, 'G_k': 0.5, 'U_b': 2, 'U_a': 1, 'mia': 1.0}
{'a1': 0.30000000000000004, 'a4': 0.5, 'G_theta': 7.5, 'G_k': 1, 'U_b': 1, 'U_a': 0, 'mia': 1.0}
{'a1': 0.30000000000000004, 'a4': 0.5, 'G_theta': 7.5, 'G_k': 1, 'U_b': 2, 'U_a': 1, 'mia': 1.0}
{'a1': 0.30000000000000004, 'a4': 0.6, 'G_theta': 5, 'G_k': 1, 'U_b': 1, 'U_a': 0, 'mia': 1.0}
{'a1': 0.30000000000000004, 'a4': 0.6, 'G_theta': 5, 'G_k': 1, 'U_b': 2, 'U_a': 1, 'mia': 1.0}
{'a1': 0.30000000000000004, 'a4': 0.6, 'G_theta': 9, 'G_k': 0.5, 'U_b': 1, 'U_a': 0, 'mia': 1.0}
{'a1': 0.30000000000000004, 'a4': 0.6, 'G_theta': 9, 'G_k': 0.5, 'U_b': 2, 'U_a': 1, 'mia': 1.0}
{'a1': 0.30000000000000004, 'a4': 0.6, 'G_theta': 7.5, 'G_k': 1, 'U_b': 1, 'U_a': 0, 'mia': 1.0}
{'a1': 0.30000000000000004, 'a4': 0.6, 'G_theta': 7.5, 'G_k': 1, 'U_b': 2, 'U_a': 1, 'mia': 1.0}
{'a1': 0.30000000000000004, 'a4': 0.7000000000000001, 'G_theta': 5, 'G_k': 1, 'U_b': 1, 'U_a': 0, 'mia': 1.0}
{'a1': 0.30000000000000004, 'a4': 0.7000000000000001, 'G_theta': 5, 'G_k': 1, 'U_b': 2, 'U_a': 1, 'mia': 1.0}
{'a1': 0.30000000000000004, 'a4': 0.7000000000000001, 'G_theta': 9, 'G_k': 0.5, 'U_b': 1, 'U_a': 0, 'mia': 1.0}
{'a1': 0.30000000000000004, 'a4': 0.7000000000000001, 'G_theta': 9, 'G_k': 0.5, 'U_b': 2, 'U_a': 1, 'mia': 1.0}
{'a1': 0.30000000000000004, 'a4': 0.7000000000000001, 'G_theta': 7.5, 'G_k': 1, 'U_b': 1, 'U_a': 0, 'mia': 1.0}
{'a1': 0.30000000000000004, 'a4': 0.7000000000000001, 'G_theta': 7.5, 'G_k': 1, 'U_b': 2, 'U_a': 1, 'mia': 1.0}
{'a1': 0.30000000000000004, 'a4': 0.8, 'G_theta': 5, 'G_k': 1, 'U_b': 1, 'U_a': 0, 'mia': 1.0}
{'a1': 0.30000000000000004, 'a4': 0.8, 'G_theta': 5, 'G_k': 1, 'U_b': 2, 'U_a': 1, 'mia': 1.0}
{'a1': 0.30000000000000004, 'a4': 0.8, 'G_theta': 9, 'G_k': 0.5, 'U_b': 1, 'U_a': 0, 'mia': 1.0}
{'a1': 0.30000000000000004, 'a4': 0.8, 'G_theta': 9, 'G_k': 0.5, 'U_b': 2, 'U_a': 1, 'mia': 1.0}
{'a1': 0.30000000000000004, 'a4': 0.8, 'G_theta': 7.5, 'G_k': 1, 'U_b': 1, 'U_a': 0, 'mia': 1.0}
{'a1': 0.30000000000000004, 'a4': 0.8, 'G_theta': 7.5, 'G_k': 1, 'U_b': 2, 'U_a': 1, 'mia': 1.0}
{'a1': 0.30000000000000004, 'a4': 0.9, 'G_theta': 1, 'G_k': 2, 'U_b': 2, 'U_a': 1, 'mia': 1.0}
{'a1': 0.30000000000000004, 'a4': 0.9, 'G_theta': 2, 'G_k': 2, 'U_b': 2, 'U_a': 1, 'mia': 1.0}
{'a1': 0.30000000000000004, 'a4': 0.9, 'G_theta': 5, 'G_k': 1, 'U_b': 1, 'U_a': 0, 'mia': 1.0}
{'a1': 0.30000000000000004, 'a4': 0.9, 'G_theta': 5, 'G_k': 1, 'U_b': 2, 'U_a': 1, 'mia': 1.0}
{'a1': 0.30000000000000004, 'a4': 0.9, 'G_theta': 9, 'G_k': 0.5, 'U_b': 1, 'U_a': 0, 'mia': 1.0}
{'a1': 0.30000000000000004, 'a4': 0.9, 'G_theta': 9, 'G_k': 0.5, 'U_b': 2, 'U_a': 1, 'mia': 1.0}
{'a1': 0.30000000000000004, 'a4': 0.9, 'G_theta': 7.5, 'G_k': 1, 'U_b': 1, 'U_a': 0, 'mia': 1.0}
{'a1': 0.30000000000000004, 'a4': 0.9, 'G_theta': 7.5, 'G_k': 1, 'U_b': 2, 'U_a': 1, 'mia': 1.0}
{'a1': 0.4, 'a4': 0.1, 'G_theta': 5, 'G_k': 1, 'U_b': 1, 'U_a': 0, 'mia': 1.0}
{'a1': 0.4, 'a4': 0.1, 'G_theta': 5, 'G_k': 1, 'U_b': 2, 'U_a': 1, 'mia': 1.0}
{'a1': 0.4, 'a4': 0.1, 'G_theta': 9, 'G_k': 0.5, 'U_b': 1, 'U_a': 0, 'mia': 1.0}
{'a1': 0.4, 'a4': 0.1, 'G_theta': 9, 'G_k': 0.5, 'U_b': 2, 'U_a': 1, 'mia': 1.0}
{'a1': 0.4, 'a4': 0.1, 'G_theta': 7.5, 'G_k': 1, 'U_b': 1, 'U_a': 0, 'mia': 1.0}
{'a1': 0.4, 'a4': 0.1, 'G_theta': 7.5, 'G_k': 1, 'U_b': 2, 'U_a': 1, 'mia': 1.0}
{'a1': 0.4, 'a4': 0.2, 'G_theta': 5, 'G_k': 1, 'U_b': 1, 'U_a': 0, 'mia': 1.0}
{'a1': 0.4, 'a4': 0.2, 'G_theta': 5, 'G_k': 1, 'U_b': 2, 'U_a': 1, 'mia': 1.0}
{'a1': 0.4, 'a4': 0.2, 'G_theta': 9, 'G_k': 0.5, 'U_b': 1, 'U_a': 0, 'mia': 1.0}
{'a1': 0.4, 'a4': 0.2, 'G_theta': 9, 'G_k': 0.5, 'U_b': 2, 'U_a': 1, 'mia': 1.0}
{'a1': 0.4, 'a4': 0.2, 'G_theta': 7.5, 'G_k': 1, 'U_b': 1, 'U_a': 0, 'mia': 1.0}
{'a1': 0.4, 'a4': 0.2, 'G_theta': 7.5, 'G_k': 1, 'U_b': 2, 'U_a': 1, 'mia': 1.0}
{'a1': 0.4, 'a4': 0.30000000000000004, 'G_theta': 5, 'G_k': 1, 'U_b': 1, 'U_a': 0, 'mia': 1.0}
{'a1': 0.4, 'a4': 0.30000000000000004, 'G_theta': 5, 'G_k': 1, 'U_b': 2, 'U_a': 1, 'mia': 1.0}
{'a1': 0.4, 'a4': 0.30000000000000004, 'G_theta': 9, 'G_k': 0.5, 'U_b': 1, 'U_a': 0, 'mia': 1.0}
{'a1': 0.4, 'a4': 0.30000000000000004, 'G_theta': 9, 'G_k': 0.5, 'U_b': 2, 'U_a': 1, 'mia': 1.0}
{'a1': 0.4, 'a4': 0.30000000000000004, 'G_theta': 7.5, 'G_k': 1, 'U_b': 1, 'U_a': 0, 'mia': 1.0}
{'a1': 0.4, 'a4': 0.30000000000000004, 'G_theta': 7.5, 'G_k': 1, 'U_b': 2, 'U_a': 1, 'mia': 1.0}
{'a1': 0.4, 'a4': 0.4, 'G_theta': 5, 'G_k': 1, 'U_b': 1, 'U_a': 0, 'mia': 1.0}
{'a1': 0.4, 'a4': 0.4, 'G_theta': 5, 'G_k': 1, 'U_b': 2, 'U_a': 1, 'mia': 1.0}
{'a1': 0.4, 'a4': 0.4, 'G_theta': 9, 'G_k': 0.5, 'U_b': 1, 'U_a': 0, 'mia': 1.0}
{'a1': 0.4, 'a4': 0.4, 'G_theta': 9, 'G_k': 0.5, 'U_b': 2, 'U_a': 1, 'mia': 1.0}
{'a1': 0.4, 'a4': 0.4, 'G_theta': 7.5, 'G_k': 1, 'U_b': 1, 'U_a': 0, 'mia': 1.0}
{'a1': 0.4, 'a4': 0.4, 'G_theta': 7.5, 'G_k': 1, 'U_b': 2, 'U_a': 1, 'mia': 1.0}
{'a1': 0.4, 'a4': 0.5, 'G_theta': 5, 'G_k': 1, 'U_b': 1, 'U_a': 0, 'mia': 1.0}
{'a1': 0.4, 'a4': 0.5, 'G_theta': 5, 'G_k': 1, 'U_b': 2, 'U_a': 1, 'mia': 1.0}
{'a1': 0.4, 'a4': 0.5, 'G_theta': 9, 'G_k': 0.5, 'U_b': 1, 'U_a': 0, 'mia': 1.0}
{'a1': 0.4, 'a4': 0.5, 'G_theta': 9, 'G_k': 0.5, 'U_b': 2, 'U_a': 1, 'mia': 1.0}
{'a1': 0.4, 'a4': 0.5, 'G_theta': 7.5, 'G_k': 1, 'U_b': 1, 'U_a': 0, 'mia': 1.0}
{'a1': 0.4, 'a4': 0.5, 'G_theta': 7.5, 'G_k': 1, 'U_b': 2, 'U_a': 1, 'mia': 1.0}
{'a1': 0.4, 'a4': 0.6, 'G_theta': 5, 'G_k': 1, 'U_b': 1, 'U_a': 0, 'mia': 1.0}
{'a1': 0.4, 'a4': 0.6, 'G_theta': 5, 'G_k': 1, 'U_b': 2, 'U_a': 1, 'mia': 1.0}
{'a1': 0.4, 'a4': 0.6, 'G_theta': 9, 'G_k': 0.5, 'U_b': 1, 'U_a': 0, 'mia': 1.0}
{'a1': 0.4, 'a4': 0.6, 'G_theta': 9, 'G_k': 0.5, 'U_b': 2, 'U_a': 1, 'mia': 1.0}
{'a1': 0.4, 'a4': 0.6, 'G_theta': 7.5, 'G_k': 1, 'U_b': 1, 'U_a': 0, 'mia': 1.0}
{'a1': 0.4, 'a4': 0.6, 'G_theta': 7.5, 'G_k': 1, 'U_b': 2, 'U_a': 1, 'mia': 1.0}
{'a1': 0.4, 'a4': 0.7000000000000001, 'G_theta': 5, 'G_k': 1, 'U_b': 1, 'U_a': 0, 'mia': 1.0}
{'a1': 0.4, 'a4': 0.7000000000000001, 'G_theta': 5, 'G_k': 1, 'U_b': 2, 'U_a': 1, 'mia': 1.0}
{'a1': 0.4, 'a4': 0.7000000000000001, 'G_theta': 9, 'G_k': 0.5, 'U_b': 1, 'U_a': 0, 'mia': 1.0}
{'a1': 0.4, 'a4': 0.7000000000000001, 'G_theta': 9, 'G_k': 0.5, 'U_b': 2, 'U_a': 1, 'mia': 1.0}
{'a1': 0.4, 'a4': 0.7000000000000001, 'G_theta': 7.5, 'G_k': 1, 'U_b': 1, 'U_a': 0, 'mia': 1.0}
{'a1': 0.4, 'a4': 0.7000000000000001, 'G_theta': 7.5, 'G_k': 1, 'U_b': 2, 'U_a': 1, 'mia': 1.0}
{'a1': 0.4, 'a4': 0.8, 'G_theta': 1, 'G_k': 2, 'U_b': 2, 'U_a': 1, 'mia': 1.0}
{'a1': 0.4, 'a4': 0.8, 'G_theta': 5, 'G_k': 1, 'U_b': 1, 'U_a': 0, 'mia': 1.0}
{'a1': 0.4, 'a4': 0.8, 'G_theta': 5, 'G_k': 1, 'U_b': 2, 'U_a': 1, 'mia': 1.0}
{'a1': 0.4, 'a4': 0.8, 'G_theta': 9, 'G_k': 0.5, 'U_b': 1, 'U_a': 0, 'mia': 1.0}
{'a1': 0.4, 'a4': 0.8, 'G_theta': 9, 'G_k': 0.5, 'U_b': 2, 'U_a': 1, 'mia': 1.0}
{'a1': 0.4, 'a4': 0.8, 'G_theta': 7.5, 'G_k': 1, 'U_b': 1, 'U_a': 0, 'mia': 1.0}
{'a1': 0.4, 'a4': 0.8, 'G_theta': 7.5, 'G_k': 1, 'U_b': 2, 'U_a': 1, 'mia': 1.0}
{'a1': 0.4, 'a4': 0.9, 'G_theta': 1, 'G_k': 2, 'U_b': 2, 'U_a': 1, 'mia': 1.0}
{'a1': 0.4, 'a4': 0.9, 'G_theta': 5, 'G_k': 1, 'U_b': 1, 'U_a': 0, 'mia': 1.0}
{'a1': 0.4, 'a4': 0.9, 'G_theta': 5, 'G_k': 1, 'U_b': 2, 'U_a': 1, 'mia': 1.0}
{'a1': 0.4, 'a4': 0.9, 'G_theta': 9, 'G_k': 0.5, 'U_b': 1, 'U_a': 0, 'mia': 1.0}
{'a1': 0.4, 'a4': 0.9, 'G_theta': 9, 'G_k': 0.5, 'U_b': 2, 'U_a': 1, 'mia': 1.0}
{'a1': 0.4, 'a4': 0.9, 'G_theta': 7.5, 'G_k': 1, 'U_b': 1, 'U_a': 0, 'mia': 1.0}
{'a1': 0.4, 'a4': 0.9, 'G_theta': 7.5, 'G_k': 1, 'U_b': 2, 'U_a': 1, 'mia': 1.0}
{'a1': 0.5, 'a4': 0.1, 'G_theta': 5, 'G_k': 1, 'U_b': 1, 'U_a': 0, 'mia': 1.0}
{'a1': 0.5, 'a4': 0.1, 'G_theta': 5, 'G_k': 1, 'U_b': 2, 'U_a': 1, 'mia': 1.0}
{'a1': 0.5, 'a4': 0.1, 'G_theta': 9, 'G_k': 0.5, 'U_b': 1, 'U_a': 0, 'mia': 1.0}
{'a1': 0.5, 'a4': 0.1, 'G_theta': 9, 'G_k': 0.5, 'U_b': 2, 'U_a': 1, 'mia': 1.0}
{'a1': 0.5, 'a4': 0.1, 'G_theta': 7.5, 'G_k': 1, 'U_b': 1, 'U_a': 0, 'mia': 1.0}
{'a1': 0.5, 'a4': 0.1, 'G_theta': 7.5, 'G_k': 1, 'U_b': 2, 'U_a': 1, 'mia': 1.0}
{'a1': 0.5, 'a4': 0.2, 'G_theta': 5, 'G_k': 1, 'U_b': 1, 'U_a': 0, 'mia': 1.0}
{'a1': 0.5, 'a4': 0.2, 'G_theta': 5, 'G_k': 1, 'U_b': 2, 'U_a': 1, 'mia': 1.0}
{'a1': 0.5, 'a4': 0.2, 'G_theta': 9, 'G_k': 0.5, 'U_b': 1, 'U_a': 0, 'mia': 1.0}
{'a1': 0.5, 'a4': 0.2, 'G_theta': 9, 'G_k': 0.5, 'U_b': 2, 'U_a': 1, 'mia': 1.0}
{'a1': 0.5, 'a4': 0.2, 'G_theta': 7.5, 'G_k': 1, 'U_b': 1, 'U_a': 0, 'mia': 1.0}
{'a1': 0.5, 'a4': 0.2, 'G_theta': 7.5, 'G_k': 1, 'U_b': 2, 'U_a': 1, 'mia': 1.0}
{'a1': 0.5, 'a4': 0.30000000000000004, 'G_theta': 5, 'G_k': 1, 'U_b': 1, 'U_a': 0, 'mia': 1.0}
{'a1': 0.5, 'a4': 0.30000000000000004, 'G_theta': 5, 'G_k': 1, 'U_b': 2, 'U_a': 1, 'mia': 1.0}
{'a1': 0.5, 'a4': 0.30000000000000004, 'G_theta': 9, 'G_k': 0.5, 'U_b': 1, 'U_a': 0, 'mia': 1.0}
{'a1': 0.5, 'a4': 0.30000000000000004, 'G_theta': 9, 'G_k': 0.5, 'U_b': 2, 'U_a': 1, 'mia': 1.0}
{'a1': 0.5, 'a4': 0.30000000000000004, 'G_theta': 7.5, 'G_k': 1, 'U_b': 1, 'U_a': 0, 'mia': 1.0}
{'a1': 0.5, 'a4': 0.30000000000000004, 'G_theta': 7.5, 'G_k': 1, 'U_b': 2, 'U_a': 1, 'mia': 1.0}
{'a1': 0.5, 'a4': 0.4, 'G_theta': 5, 'G_k': 1, 'U_b': 1, 'U_a': 0, 'mia': 1.0}
{'a1': 0.5, 'a4': 0.4, 'G_theta': 5, 'G_k': 1, 'U_b': 2, 'U_a': 1, 'mia': 1.0}
{'a1': 0.5, 'a4': 0.4, 'G_theta': 9, 'G_k': 0.5, 'U_b': 1, 'U_a': 0, 'mia': 1.0}
{'a1': 0.5, 'a4': 0.4, 'G_theta': 9, 'G_k': 0.5, 'U_b': 2, 'U_a': 1, 'mia': 1.0}
{'a1': 0.5, 'a4': 0.4, 'G_theta': 7.5, 'G_k': 1, 'U_b': 1, 'U_a': 0, 'mia': 1.0}
{'a1': 0.5, 'a4': 0.4, 'G_theta': 7.5, 'G_k': 1, 'U_b': 2, 'U_a': 1, 'mia': 1.0}
{'a1': 0.5, 'a4': 0.5, 'G_theta': 5, 'G_k': 1, 'U_b': 1, 'U_a': 0, 'mia': 1.0}
{'a1': 0.5, 'a4': 0.5, 'G_theta': 5, 'G_k': 1, 'U_b': 2, 'U_a': 1, 'mia': 1.0}
{'a1': 0.5, 'a4': 0.5, 'G_theta': 9, 'G_k': 0.5, 'U_b': 1, 'U_a': 0, 'mia': 1.0}
{'a1': 0.5, 'a4': 0.5, 'G_theta': 9, 'G_k': 0.5, 'U_b': 2, 'U_a': 1, 'mia': 1.0}
{'a1': 0.5, 'a4': 0.5, 'G_theta': 7.5, 'G_k': 1, 'U_b': 1, 'U_a': 0, 'mia': 1.0}
{'a1': 0.5, 'a4': 0.5, 'G_theta': 7.5, 'G_k': 1, 'U_b': 2, 'U_a': 1, 'mia': 1.0}
{'a1': 0.5, 'a4': 0.6, 'G_theta': 5, 'G_k': 1, 'U_b': 1, 'U_a': 0, 'mia': 1.0}
{'a1': 0.5, 'a4': 0.6, 'G_theta': 5, 'G_k': 1, 'U_b': 2, 'U_a': 1, 'mia': 1.0}
{'a1': 0.5, 'a4': 0.6, 'G_theta': 9, 'G_k': 0.5, 'U_b': 1, 'U_a': 0, 'mia': 1.0}
{'a1': 0.5, 'a4': 0.6, 'G_theta': 9, 'G_k': 0.5, 'U_b': 2, 'U_a': 1, 'mia': 1.0}
{'a1': 0.5, 'a4': 0.6, 'G_theta': 7.5, 'G_k': 1, 'U_b': 1, 'U_a': 0, 'mia': 1.0}
{'a1': 0.5, 'a4': 0.6, 'G_theta': 7.5, 'G_k': 1, 'U_b': 2, 'U_a': 1, 'mia': 1.0}
{'a1': 0.5, 'a4': 0.7000000000000001, 'G_theta': 5, 'G_k': 1, 'U_b': 1, 'U_a': 0, 'mia': 1.0}
{'a1': 0.5, 'a4': 0.7000000000000001, 'G_theta': 5, 'G_k': 1, 'U_b': 2, 'U_a': 1, 'mia': 1.0}
{'a1': 0.5, 'a4': 0.7000000000000001, 'G_theta': 9, 'G_k': 0.5, 'U_b': 1, 'U_a': 0, 'mia': 1.0}
{'a1': 0.5, 'a4': 0.7000000000000001, 'G_theta': 9, 'G_k': 0.5, 'U_b': 2, 'U_a': 1, 'mia': 1.0}
{'a1': 0.5, 'a4': 0.7000000000000001, 'G_theta': 7.5, 'G_k': 1, 'U_b': 1, 'U_a': 0, 'mia': 1.0}
{'a1': 0.5, 'a4': 0.7000000000000001, 'G_theta': 7.5, 'G_k': 1, 'U_b': 2, 'U_a': 1, 'mia': 1.0}
{'a1': 0.5, 'a4': 0.8, 'G_theta': 1, 'G_k': 2, 'U_b': 2, 'U_a': 1, 'mia': 1.0}
{'a1': 0.5, 'a4': 0.8, 'G_theta': 5, 'G_k': 1, 'U_b': 1, 'U_a': 0, 'mia': 1.0}
{'a1': 0.5, 'a4': 0.8, 'G_theta': 5, 'G_k': 1, 'U_b': 2, 'U_a': 1, 'mia': 1.0}
{'a1': 0.5, 'a4': 0.8, 'G_theta': 9, 'G_k': 0.5, 'U_b': 1, 'U_a': 0, 'mia': 1.0}
{'a1': 0.5, 'a4': 0.8, 'G_theta': 9, 'G_k': 0.5, 'U_b': 2, 'U_a': 1, 'mia': 1.0}
{'a1': 0.5, 'a4': 0.8, 'G_theta': 7.5, 'G_k': 1, 'U_b': 1, 'U_a': 0, 'mia': 1.0}
{'a1': 0.5, 'a4': 0.8, 'G_theta': 7.5, 'G_k': 1, 'U_b': 2, 'U_a': 1, 'mia': 1.0}
{'a1': 0.5, 'a4': 0.9, 'G_theta': 1, 'G_k': 2, 'U_b': 2, 'U_a': 1, 'mia': 1.0}
{'a1': 0.5, 'a4': 0.9, 'G_theta': 5, 'G_k': 1, 'U_b': 1, 'U_a': 0, 'mia': 1.0}
{'a1': 0.5, 'a4': 0.9, 'G_theta': 5, 'G_k': 1, 'U_b': 2, 'U_a': 1, 'mia': 1.0}
{'a1': 0.5, 'a4': 0.9, 'G_theta': 9, 'G_k': 0.5, 'U_b': 1, 'U_a': 0, 'mia': 1.0}
{'a1': 0.5, 'a4': 0.9, 'G_theta': 9, 'G_k': 0.5, 'U_b': 2, 'U_a': 1, 'mia': 1.0}
{'a1': 0.5, 'a4': 0.9, 'G_theta': 7.5, 'G_k': 1, 'U_b': 1, 'U_a': 0, 'mia': 1.0}
{'a1': 0.5, 'a4': 0.9, 'G_theta': 7.5, 'G_k': 1, 'U_b': 2, 'U_a': 1, 'mia': 1.0}
{'a1': 0.6, 'a4': 0.1, 'G_theta': 5, 'G_k': 1, 'U_b': 1, 'U_a': 0, 'mia': 1.0}
{'a1': 0.6, 'a4': 0.1, 'G_theta': 5, 'G_k': 1, 'U_b': 2, 'U_a': 1, 'mia': 1.0}
{'a1': 0.6, 'a4': 0.1, 'G_theta': 7.5, 'G_k': 1, 'U_b': 1, 'U_a': 0, 'mia': 1.0}
{'a1': 0.6, 'a4': 0.1, 'G_theta': 7.5, 'G_k': 1, 'U_b': 2, 'U_a': 1, 'mia': 1.0}
{'a1': 0.6, 'a4': 0.2, 'G_theta': 5, 'G_k': 1, 'U_b': 1, 'U_a': 0, 'mia': 1.0}
{'a1': 0.6, 'a4': 0.2, 'G_theta': 5, 'G_k': 1, 'U_b': 2, 'U_a': 1, 'mia': 1.0}
{'a1': 0.6, 'a4': 0.2, 'G_theta': 7.5, 'G_k': 1, 'U_b': 1, 'U_a': 0, 'mia': 1.0}
{'a1': 0.6, 'a4': 0.2, 'G_theta': 7.5, 'G_k': 1, 'U_b': 2, 'U_a': 1, 'mia': 1.0}
{'a1': 0.6, 'a4': 0.30000000000000004, 'G_theta': 5, 'G_k': 1, 'U_b': 1, 'U_a': 0, 'mia': 1.0}
{'a1': 0.6, 'a4': 0.30000000000000004, 'G_theta': 5, 'G_k': 1, 'U_b': 2, 'U_a': 1, 'mia': 1.0}
{'a1': 0.6, 'a4': 0.30000000000000004, 'G_theta': 7.5, 'G_k': 1, 'U_b': 1, 'U_a': 0, 'mia': 1.0}
{'a1': 0.6, 'a4': 0.30000000000000004, 'G_theta': 7.5, 'G_k': 1, 'U_b': 2, 'U_a': 1, 'mia': 1.0}
{'a1': 0.6, 'a4': 0.4, 'G_theta': 5, 'G_k': 1, 'U_b': 1, 'U_a': 0, 'mia': 1.0}
{'a1': 0.6, 'a4': 0.4, 'G_theta': 5, 'G_k': 1, 'U_b': 2, 'U_a': 1, 'mia': 1.0}
{'a1': 0.6, 'a4': 0.4, 'G_theta': 7.5, 'G_k': 1, 'U_b': 1, 'U_a': 0, 'mia': 1.0}
{'a1': 0.6, 'a4': 0.4, 'G_theta': 7.5, 'G_k': 1, 'U_b': 2, 'U_a': 1, 'mia': 1.0}
{'a1': 0.6, 'a4': 0.5, 'G_theta': 5, 'G_k': 1, 'U_b': 1, 'U_a': 0, 'mia': 1.0}
{'a1': 0.6, 'a4': 0.5, 'G_theta': 5, 'G_k': 1, 'U_b': 2, 'U_a': 1, 'mia': 1.0}
{'a1': 0.6, 'a4': 0.5, 'G_theta': 7.5, 'G_k': 1, 'U_b': 1, 'U_a': 0, 'mia': 1.0}
{'a1': 0.6, 'a4': 0.5, 'G_theta': 7.5, 'G_k': 1, 'U_b': 2, 'U_a': 1, 'mia': 1.0}
{'a1': 0.6, 'a4': 0.6, 'G_theta': 5, 'G_k': 1, 'U_b': 1, 'U_a': 0, 'mia': 1.0}
{'a1': 0.6, 'a4': 0.6, 'G_theta': 5, 'G_k': 1, 'U_b': 2, 'U_a': 1, 'mia': 1.0}
{'a1': 0.6, 'a4': 0.6, 'G_theta': 7.5, 'G_k': 1, 'U_b': 1, 'U_a': 0, 'mia': 1.0}
{'a1': 0.6, 'a4': 0.6, 'G_theta': 7.5, 'G_k': 1, 'U_b': 2, 'U_a': 1, 'mia': 1.0}
{'a1': 0.6, 'a4': 0.7000000000000001, 'G_theta': 5, 'G_k': 1, 'U_b': 1, 'U_a': 0, 'mia': 1.0}
{'a1': 0.6, 'a4': 0.7000000000000001, 'G_theta': 5, 'G_k': 1, 'U_b': 2, 'U_a': 1, 'mia': 1.0}
{'a1': 0.6, 'a4': 0.7000000000000001, 'G_theta': 7.5, 'G_k': 1, 'U_b': 1, 'U_a': 0, 'mia': 1.0}
{'a1': 0.6, 'a4': 0.7000000000000001, 'G_theta': 7.5, 'G_k': 1, 'U_b': 2, 'U_a': 1, 'mia': 1.0}
{'a1': 0.6, 'a4': 0.8, 'G_theta': 5, 'G_k': 1, 'U_b': 1, 'U_a': 0, 'mia': 1.0}
{'a1': 0.6, 'a4': 0.8, 'G_theta': 5, 'G_k': 1, 'U_b': 2, 'U_a': 1, 'mia': 1.0}
{'a1': 0.6, 'a4': 0.8, 'G_theta': 7.5, 'G_k': 1, 'U_b': 1, 'U_a': 0, 'mia': 1.0}
{'a1': 0.6, 'a4': 0.8, 'G_theta': 7.5, 'G_k': 1, 'U_b': 2, 'U_a': 1, 'mia': 1.0}
{'a1': 0.6, 'a4': 0.9, 'G_theta': 1, 'G_k': 2, 'U_b': 2, 'U_a': 1, 'mia': 1.0}
{'a1': 0.6, 'a4': 0.9, 'G_theta': 5, 'G_k': 1, 'U_b': 1, 'U_a': 0, 'mia': 1.0}
{'a1': 0.6, 'a4': 0.9, 'G_theta': 5, 'G_k': 1, 'U_b': 2, 'U_a': 1, 'mia': 1.0}
{'a1': 0.6, 'a4': 0.9, 'G_theta': 7.5, 'G_k': 1, 'U_b': 1, 'U_a': 0, 'mia': 1.0}
{'a1': 0.6, 'a4': 0.9, 'G_theta': 7.5, 'G_k': 1, 'U_b': 2, 'U_a': 1, 'mia': 1.0}
{'a1': 0.7000000000000001, 'a4': 0.1, 'G_theta': 5, 'G_k': 1, 'U_b': 1, 'U_a': 0, 'mia': 1.0}
{'a1': 0.7000000000000001, 'a4': 0.1, 'G_theta': 5, 'G_k': 1, 'U_b': 2, 'U_a': 1, 'mia': 1.0}
{'a1': 0.7000000000000001, 'a4': 0.2, 'G_theta': 5, 'G_k': 1, 'U_b': 1, 'U_a': 0, 'mia': 1.0}
{'a1': 0.7000000000000001, 'a4': 0.2, 'G_theta': 5, 'G_k': 1, 'U_b': 2, 'U_a': 1, 'mia': 1.0}
{'a1': 0.7000000000000001, 'a4': 0.30000000000000004, 'G_theta': 5, 'G_k': 1, 'U_b': 1, 'U_a': 0, 'mia': 1.0}
{'a1': 0.7000000000000001, 'a4': 0.30000000000000004, 'G_theta': 5, 'G_k': 1, 'U_b': 2, 'U_a': 1, 'mia': 1.0}
{'a1': 0.7000000000000001, 'a4': 0.4, 'G_theta': 5, 'G_k': 1, 'U_b': 1, 'U_a': 0, 'mia': 1.0}
{'a1': 0.7000000000000001, 'a4': 0.4, 'G_theta': 5, 'G_k': 1, 'U_b': 2, 'U_a': 1, 'mia': 1.0}
{'a1': 0.7000000000000001, 'a4': 0.5, 'G_theta': 5, 'G_k': 1, 'U_b': 1, 'U_a': 0, 'mia': 1.0}
{'a1': 0.7000000000000001, 'a4': 0.5, 'G_theta': 5, 'G_k': 1, 'U_b': 2, 'U_a': 1, 'mia': 1.0}
{'a1': 0.7000000000000001, 'a4': 0.6, 'G_theta': 5, 'G_k': 1, 'U_b': 1, 'U_a': 0, 'mia': 1.0}
{'a1': 0.7000000000000001, 'a4': 0.6, 'G_theta': 5, 'G_k': 1, 'U_b': 2, 'U_a': 1, 'mia': 1.0}
{'a1': 0.7000000000000001, 'a4': 0.7000000000000001, 'G_theta': 5, 'G_k': 1, 'U_b': 1, 'U_a': 0, 'mia': 1.0}
{'a1': 0.7000000000000001, 'a4': 0.7000000000000001, 'G_theta': 5, 'G_k': 1, 'U_b': 2, 'U_a': 1, 'mia': 1.0}
{'a1': 0.7000000000000001, 'a4': 0.8, 'G_theta': 5, 'G_k': 1, 'U_b': 1, 'U_a': 0, 'mia': 1.0}
{'a1': 0.7000000000000001, 'a4': 0.8, 'G_theta': 5, 'G_k': 1, 'U_b': 2, 'U_a': 1, 'mia': 1.0}
{'a1': 0.7000000000000001, 'a4': 0.9, 'G_theta': 1, 'G_k': 2, 'U_b': 2, 'U_a': 1, 'mia': 1.0}
{'a1': 0.7000000000000001, 'a4': 0.9, 'G_theta': 5, 'G_k': 1, 'U_b': 1, 'U_a': 0, 'mia': 1.0}
{'a1': 0.7000000000000001, 'a4': 0.9, 'G_theta': 5, 'G_k': 1, 'U_b': 2, 'U_a': 1, 'mia': 1.0}
{'a1': 0.8, 'a4': 0.1, 'G_theta': 5, 'G_k': 1, 'U_b': 1, 'U_a': 0, 'mia': 1.0}
{'a1': 0.8, 'a4': 0.1, 'G_theta': 5, 'G_k': 1, 'U_b': 2, 'U_a': 1, 'mia': 1.0}
{'a1': 0.8, 'a4': 0.2, 'G_theta': 5, 'G_k': 1, 'U_b': 1, 'U_a': 0, 'mia': 1.0}
{'a1': 0.8, 'a4': 0.2, 'G_theta': 5, 'G_k': 1, 'U_b': 2, 'U_a': 1, 'mia': 1.0}
{'a1': 0.8, 'a4': 0.30000000000000004, 'G_theta': 5, 'G_k': 1, 'U_b': 1, 'U_a': 0, 'mia': 1.0}
{'a1': 0.8, 'a4': 0.30000000000000004, 'G_theta': 5, 'G_k': 1, 'U_b': 2, 'U_a': 1, 'mia': 1.0}
{'a1': 0.8, 'a4': 0.4, 'G_theta': 5, 'G_k': 1, 'U_b': 1, 'U_a': 0, 'mia': 1.0}
{'a1': 0.8, 'a4': 0.4, 'G_theta': 5, 'G_k': 1, 'U_b': 2, 'U_a': 1, 'mia': 1.0}
{'a1': 0.8, 'a4': 0.5, 'G_theta': 5, 'G_k': 1, 'U_b': 1, 'U_a': 0, 'mia': 1.0}
{'a1': 0.8, 'a4': 0.5, 'G_theta': 5, 'G_k': 1, 'U_b': 2, 'U_a': 1, 'mia': 1.0}
{'a1': 0.8, 'a4': 0.6, 'G_theta': 5, 'G_k': 1, 'U_b': 1, 'U_a': 0, 'mia': 1.0}
{'a1': 0.8, 'a4': 0.6, 'G_theta': 5, 'G_k': 1, 'U_b': 2, 'U_a': 1, 'mia': 1.0}
{'a1': 0.8, 'a4': 0.7000000000000001, 'G_theta': 5, 'G_k': 1, 'U_b': 1, 'U_a': 0, 'mia': 1.0}
{'a1': 0.8, 'a4': 0.7000000000000001, 'G_theta': 5, 'G_k': 1, 'U_b': 2, 'U_a': 1, 'mia': 1.0}
{'a1': 0.8, 'a4': 0.8, 'G_theta': 5, 'G_k': 1, 'U_b': 1, 'U_a': 0, 'mia': 1.0}
{'a1': 0.8, 'a4': 0.8, 'G_theta': 5, 'G_k': 1, 'U_b': 2, 'U_a': 1, 'mia': 1.0}
{'a1': 0.8, 'a4': 0.9, 'G_theta': 5, 'G_k': 1, 'U_b': 1, 'U_a': 0, 'mia': 1.0}
{'a1': 0.8, 'a4': 0.9, 'G_theta': 5, 'G_k': 1, 'U_b': 2, 'U_a': 1, 'mia': 1.0}
{'a1': 0.9, 'a4': 0.1, 'G_theta': 5, 'G_k': 1, 'U_b': 1, 'U_a': 0, 'mia': 1.0}
{'a1': 0.9, 'a4': 0.1, 'G_theta': 5, 'G_k': 1, 'U_b': 2, 'U_a': 1, 'mia': 1.0}
{'a1': 0.9, 'a4': 0.2, 'G_theta': 5, 'G_k': 1, 'U_b': 1, 'U_a': 0, 'mia': 1.0}
{'a1': 0.9, 'a4': 0.2, 'G_theta': 5, 'G_k': 1, 'U_b': 2, 'U_a': 1, 'mia': 1.0}
{'a1': 0.9, 'a4': 0.30000000000000004, 'G_theta': 5, 'G_k': 1, 'U_b': 1, 'U_a': 0, 'mia': 1.0}
{'a1': 0.9, 'a4': 0.30000000000000004, 'G_theta': 5, 'G_k': 1, 'U_b': 2, 'U_a': 1, 'mia': 1.0}
{'a1': 0.9, 'a4': 0.4, 'G_theta': 5, 'G_k': 1, 'U_b': 1, 'U_a': 0, 'mia': 1.0}
{'a1': 0.9, 'a4': 0.4, 'G_theta': 5, 'G_k': 1, 'U_b': 2, 'U_a': 1, 'mia': 1.0}
{'a1': 0.9, 'a4': 0.5, 'G_theta': 5, 'G_k': 1, 'U_b': 1, 'U_a': 0, 'mia': 1.0}
{'a1': 0.9, 'a4': 0.5, 'G_theta': 5, 'G_k': 1, 'U_b': 2, 'U_a': 1, 'mia': 1.0}
{'a1': 0.9, 'a4': 0.6, 'G_theta': 5, 'G_k': 1, 'U_b': 1, 'U_a': 0, 'mia': 1.0}
{'a1': 0.9, 'a4': 0.6, 'G_theta': 5, 'G_k': 1, 'U_b': 2, 'U_a': 1, 'mia': 1.0}
{'a1': 0.9, 'a4': 0.7000000000000001, 'G_theta': 5, 'G_k': 1, 'U_b': 1, 'U_a': 0, 'mia': 1.0}
{'a1': 0.9, 'a4': 0.7000000000000001, 'G_theta': 5, 'G_k': 1, 'U_b': 2, 'U_a': 1, 'mia': 1.0}
{'a1': 0.9, 'a4': 0.8, 'G_theta': 5, 'G_k': 1, 'U_b': 1, 'U_a': 0, 'mia': 1.0}
{'a1': 0.9, 'a4': 0.8, 'G_theta': 5, 'G_k': 1, 'U_b': 2, 'U_a': 1, 'mia': 1.0}
{'a1': 0.9, 'a4': 0.9, 'G_theta': 5, 'G_k': 1, 'U_b': 1, 'U_a': 0, 'mia': 1.0}
{'a1': 0.9, 'a4': 0.9, 'G_theta': 5, 'G_k': 1, 'U_b': 2, 'U_a': 1, 'mia': 1.0}
