(0.1, 0.1, (1, 2), (2, 1))
0.1 0.1 0.7
{'a1': 0.9, 'a4': 0.1, 'G_theta': 3, 'G_k': 2, 'U_b': 1, 'U_a': 0, 'mia': 0.4570975547843086}
{'a1': 0.8, 'a4': 0.1, 'G_theta': 3, 'G_k': 2, 'U_b': 1, 'U_a': 0, 'mia': 0.45709755630663096}
{'a1': 0.7000000000000001, 'a4': 0.1, 'G_theta': 3, 'G_k': 2, 'U_b': 1, 'U_a': 0, 'mia': 0.4570975585457061}
{'a1': 0.9, 'a4': 0.2, 'G_theta': 3, 'G_k': 2, 'U_b': 1, 'U_a': 0, 'mia': 0.4570975602541686}
{'a1': 0.6, 'a4': 0.1, 'G_theta': 3, 'G_k': 2, 'U_b': 1, 'U_a': 0, 'mia': 0.4570975620344281}
{'a1': 0.9, 'a4': 0.1, 'G_theta': 2, 'G_k': 2, 'U_b': 1, 'U_a': 0, 'mia': 0.4570975620344281}
{'a1': 0.8, 'a4': 0.2, 'G_theta': 3, 'G_k': 2, 'U_b': 1, 'U_a': 0, 'mia': 0.4570975632884897}
{'a1': 0.8, 'a4': 0.1, 'G_theta': 2, 'G_k': 2, 'U_b': 1, 'U_a': 0, 'mia': 0.45709756557004844}
{'a1': 0.9, 'a4': 0.1, 'G_theta': 3, 'G_k': 2, 'U_b': 2, 'U_a': 1, 'mia': 0.4570975657240284}
{'a1': 0.7000000000000001, 'a4': 0.2, 'G_theta': 3, 'G_k': 2, 'U_b': 1, 'U_a': 0, 'mia': 0.4570975677651965}
{'a1': 0.5, 'a4': 0.1, 'G_theta': 3, 'G_k': 2, 'U_b': 1, 'U_a': 0, 'mia': 0.4570975679125615}
{'a1': 0.8, 'a4': 0.1, 'G_theta': 3, 'G_k': 2, 'U_b': 2, 'U_a': 1, 'mia': 0.4570975702703485}
{'a1': 0.7000000000000001, 'a4': 0.1, 'G_theta': 2, 'G_k': 2, 'U_b': 1, 'U_a': 0, 'mia': 0.45709757079659663}
{'a1': 0.6, 'a4': 0.2, 'G_theta': 3, 'G_k': 2, 'U_b': 1, 'U_a': 0, 'mia': 0.45709757476802393}
{'a1': 0.9, 'a4': 0.2, 'G_theta': 2, 'G_k': 2, 'U_b': 1, 'U_a': 0, 'mia': 0.45709757476802393}
{'a1': 0.9, 'a4': 0.30000000000000004, 'G_theta': 3, 'G_k': 2, 'U_b': 1, 'U_a': 0, 'mia': 0.4570975760665851}
{'a1': 0.7000000000000001, 'a4': 0.1, 'G_theta': 3, 'G_k': 2, 'U_b': 2, 'U_a': 1, 'mia': 0.4570975769846871}
{'a1': 0.4, 'a4': 0.1, 'G_theta': 3, 'G_k': 2, 'U_b': 1, 'U_a': 0, 'mia': 0.4570975789963776}
{'a1': 0.6, 'a4': 0.1, 'G_theta': 2, 'G_k': 2, 'U_b': 1, 'U_a': 0, 'mia': 0.4570975789963776}
{'a1': 0.8, 'a4': 0.2, 'G_theta': 2, 'G_k': 2, 'U_b': 1, 'U_a': 0, 'mia': 0.45709758189407423}
{'a1': 0.8, 'a4': 0.30000000000000004, 'G_theta': 3, 'G_k': 2, 'U_b': 1, 'U_a': 0, 'mia': 0.4570975834547223}
{'a1': 0.5, 'a4': 0.2, 'G_theta': 3, 'G_k': 2, 'U_b': 1, 'U_a': 0, 'mia': 0.4570975866294732}
{'a1': 0.6, 'a4': 0.1, 'G_theta': 3, 'G_k': 2, 'U_b': 2, 'U_a': 1, 'mia': 0.4570975875016198}
{'a1': 0.9, 'a4': 0.1, 'G_theta': 2, 'G_k': 2, 'U_b': 2, 'U_a': 1, 'mia': 0.4570975875016198}
{'a1': 0.7000000000000001, 'a4': 0.2, 'G_theta': 2, 'G_k': 2, 'U_b': 1, 'U_a': 0, 'mia': 0.45709759247339077}
{'a1': 0.5, 'a4': 0.1, 'G_theta': 2, 'G_k': 2, 'U_b': 1, 'U_a': 0, 'mia': 0.45709759295023344}
{'a1': 0.7000000000000001, 'a4': 0.30000000000000004, 'G_theta': 3, 'G_k': 2, 'U_b': 1, 'U_a': 0, 'mia': 0.45709759436603437}
{'a1': 0.8, 'a4': 0.1, 'G_theta': 2, 'G_k': 2, 'U_b': 2, 'U_a': 1, 'mia': 0.45709759821810003}
{'a1': 0.30000000000000004, 'a4': 0.1, 'G_theta': 3, 'G_k': 2, 'U_b': 1, 'U_a': 0, 'mia': 0.45709760393819754}
{'a1': 0.9, 'a4': 0.1, 'G_theta': 1, 'G_k': 2, 'U_b': 1, 'U_a': 0, 'mia': 0.45709760393819754}
{'a1': 0.5, 'a4': 0.1, 'G_theta': 3, 'G_k': 2, 'U_b': 2, 'U_a': 1, 'mia': 0.457097605346385}
{'a1': 0.4, 'a4': 0.2, 'G_theta': 3, 'G_k': 2, 'U_b': 1, 'U_a': 0, 'mia': 0.45709760916157416}
{'a1': 0.6, 'a4': 0.2, 'G_theta': 2, 'G_k': 2, 'U_b': 1, 'U_a': 0, 'mia': 0.45709760916157416}
{'a1': 0.6, 'a4': 0.30000000000000004, 'G_theta': 3, 'G_k': 2, 'U_b': 1, 'U_a': 0, 'mia': 0.4570976114567904}
{'a1': 0.9, 'a4': 0.30000000000000004, 'G_theta': 2, 'G_k': 2, 'U_b': 1, 'U_a': 0, 'mia': 0.4570976114567904}
{'a1': 0.7000000000000001, 'a4': 0.1, 'G_theta': 2, 'G_k': 2, 'U_b': 2, 'U_a': 1, 'mia': 0.4570976141501848}
{'a1': 0.4, 'a4': 0.1, 'G_theta': 2, 'G_k': 2, 'U_b': 1, 'U_a': 0, 'mia': 0.4570976196740143}
{'a1': 0.8, 'a4': 0.1, 'G_theta': 1, 'G_k': 2, 'U_b': 1, 'U_a': 0, 'mia': 0.4570976196740143}
{'a1': 0.9, 'a4': 0.4, 'G_theta': 3, 'G_k': 2, 'U_b': 1, 'U_a': 0, 'mia': 0.4570976218885705}
{'a1': 0.8, 'a4': 0.30000000000000004, 'G_theta': 2, 'G_k': 2, 'U_b': 1, 'U_a': 0, 'mia': 0.4570976288717614}
{'a1': 0.5, 'a4': 0.2, 'G_theta': 2, 'G_k': 2, 'U_b': 1, 'U_a': 0, 'mia': 0.4570976377642726}
{'a1': 0.4, 'a4': 0.1, 'G_theta': 3, 'G_k': 2, 'U_b': 2, 'U_a': 1, 'mia': 0.4570976393267704}
{'a1': 0.6, 'a4': 0.1, 'G_theta': 2, 'G_k': 2, 'U_b': 2, 'U_a': 1, 'mia': 0.4570976393267704}
{'a1': 0.5, 'a4': 0.30000000000000004, 'G_theta': 3, 'G_k': 2, 'U_b': 1, 'U_a': 0, 'mia': 0.4570976404556528}
{'a1': 0.8, 'a4': 0.4, 'G_theta': 3, 'G_k': 2, 'U_b': 1, 'U_a': 0, 'mia': 0.45709764188474744}
{'a1': 0.7000000000000001, 'a4': 0.1, 'G_theta': 1, 'G_k': 2, 'U_b': 1, 'U_a': 0, 'mia': 0.4570976433648527}
{'a1': 0.7000000000000001, 'a4': 0.30000000000000004, 'G_theta': 2, 'G_k': 2, 'U_b': 1, 'U_a': 0, 'mia': 0.45709765476232667}
{'a1': 0.30000000000000004, 'a4': 0.2, 'G_theta': 3, 'G_k': 2, 'U_b': 1, 'U_a': 0, 'mia': 0.4570976604339604}
{'a1': 0.9, 'a4': 0.2, 'G_theta': 1, 'G_k': 2, 'U_b': 1, 'U_a': 0, 'mia': 0.4570976604339604}
{'a1': 0.7000000000000001, 'a4': 0.4, 'G_theta': 3, 'G_k': 2, 'U_b': 1, 'U_a': 0, 'mia': 0.45709767142536273}
{'a1': 0.2, 'a4': 0.1, 'G_theta': 3, 'G_k': 2, 'U_b': 1, 'U_a': 0, 'mia': 0.45709768148759833}
{'a1': 0.30000000000000004, 'a4': 0.1, 'G_theta': 2, 'G_k': 2, 'U_b': 1, 'U_a': 0, 'mia': 0.45709768148759833}
{'a1': 0.6, 'a4': 0.1, 'G_theta': 1, 'G_k': 2, 'U_b': 1, 'U_a': 0, 'mia': 0.45709768148759833}
{'a1': 0.5, 'a4': 0.1, 'G_theta': 2, 'G_k': 2, 'U_b': 2, 'U_a': 1, 'mia': 0.45709768257831196}
{'a1': 0.9, 'a4': 0.2, 'G_theta': 3, 'G_k': 2, 'U_b': 2, 'U_a': 1, 'mia': 0.45709768352297275}
{'a1': 0.4, 'a4': 0.2, 'G_theta': 2, 'G_k': 2, 'U_b': 1, 'U_a': 0, 'mia': 0.45709769308275283}
{'a1': 0.8, 'a4': 0.2, 'G_theta': 1, 'G_k': 2, 'U_b': 1, 'U_a': 0, 'mia': 0.45709769308275283}
{'a1': 0.4, 'a4': 0.30000000000000004, 'G_theta': 3, 'G_k': 2, 'U_b': 1, 'U_a': 0, 'mia': 0.45709769567554703}
{'a1': 0.6, 'a4': 0.30000000000000004, 'G_theta': 2, 'G_k': 2, 'U_b': 1, 'U_a': 0, 'mia': 0.45709769567554703}
{'a1': 0.30000000000000004, 'a4': 0.1, 'G_theta': 3, 'G_k': 2, 'U_b': 2, 'U_a': 1, 'mia': 0.457097716929723}
{'a1': 0.9, 'a4': 0.1, 'G_theta': 1, 'G_k': 2, 'U_b': 2, 'U_a': 1, 'mia': 0.457097716929723}
{'a1': 0.6, 'a4': 0.4, 'G_theta': 3, 'G_k': 2, 'U_b': 1, 'U_a': 0, 'mia': 0.4570977177136055}
{'a1': 0.9, 'a4': 0.4, 'G_theta': 2, 'G_k': 2, 'U_b': 1, 'U_a': 0, 'mia': 0.4570977177136055}
{'a1': 0.8, 'a4': 0.2, 'G_theta': 3, 'G_k': 2, 'U_b': 2, 'U_a': 1, 'mia': 0.45709772048100483}
{'a1': 0.7000000000000001, 'a4': 0.2, 'G_theta': 1, 'G_k': 2, 'U_b': 1, 'U_a': 0, 'mia': 0.4570977425719639}
{'a1': 0.5, 'a4': 0.1, 'G_theta': 1, 'G_k': 2, 'U_b': 1, 'U_a': 0, 'mia': 0.45709774882817256}
{'a1': 0.9, 'a4': 0.5, 'G_theta': 3, 'G_k': 2, 'U_b': 1, 'U_a': 0, 'mia': 0.45709775851699785}
{'a1': 0.8, 'a4': 0.4, 'G_theta': 2, 'G_k': 2, 'U_b': 1, 'U_a': 0, 'mia': 0.457097764898564}
{'a1': 0.5, 'a4': 0.30000000000000004, 'G_theta': 2, 'G_k': 2, 'U_b': 1, 'U_a': 0, 'mia': 0.45709776596104146}
{'a1': 0.4, 'a4': 0.1, 'G_theta': 2, 'G_k': 2, 'U_b': 2, 'U_a': 1, 'mia': 0.45709776649149125}
{'a1': 0.8, 'a4': 0.1, 'G_theta': 1, 'G_k': 2, 'U_b': 2, 'U_a': 1, 'mia': 0.45709776649149125}
{'a1': 0.7000000000000001, 'a4': 0.2, 'G_theta': 3, 'G_k': 2, 'U_b': 2, 'U_a': 1, 'mia': 0.45709777508552896}
{'a1': 0.5, 'a4': 0.4, 'G_theta': 3, 'G_k': 2, 'U_b': 1, 'U_a': 0, 'mia': 0.4570977962934659}
{'a1': 0.8, 'a4': 0.5, 'G_theta': 3, 'G_k': 2, 'U_b': 1, 'U_a': 0, 'mia': 0.4570978161018181}
{'a1': 0.30000000000000004, 'a4': 0.30000000000000004, 'G_theta': 3, 'G_k': 2, 'U_b': 1, 'U_a': 0, 'mia': 0.4570978217831523}
{'a1': 0.9, 'a4': 0.30000000000000004, 'G_theta': 1, 'G_k': 2, 'U_b': 1, 'U_a': 0, 'mia': 0.4570978217831523}
{'a1': 0.2, 'a4': 0.2, 'G_theta': 3, 'G_k': 2, 'U_b': 1, 'U_a': 0, 'mia': 0.45709782287529266}
{'a1': 0.30000000000000004, 'a4': 0.2, 'G_theta': 2, 'G_k': 2, 'U_b': 1, 'U_a': 0, 'mia': 0.45709782287529266}
{'a1': 0.6, 'a4': 0.2, 'G_theta': 1, 'G_k': 2, 'U_b': 1, 'U_a': 0, 'mia': 0.45709782287529266}
{'a1': 0.7000000000000001, 'a4': 0.4, 'G_theta': 2, 'G_k': 2, 'U_b': 1, 'U_a': 0, 'mia': 0.4570978350764794}
{'a1': 0.7000000000000001, 'a4': 0.1, 'G_theta': 1, 'G_k': 2, 'U_b': 2, 'U_a': 1, 'mia': 0.4570978417790751}
{'a1': 0.6, 'a4': 0.2, 'G_theta': 3, 'G_k': 2, 'U_b': 2, 'U_a': 1, 'mia': 0.45709786065918734}
{'a1': 0.9, 'a4': 0.2, 'G_theta': 2, 'G_k': 2, 'U_b': 2, 'U_a': 1, 'mia': 0.45709786065918734}
{'a1': 0.2, 'a4': 0.1, 'G_theta': 2, 'G_k': 2, 'U_b': 1, 'U_a': 0, 'mia': 0.45709788572527077}
{'a1': 0.4, 'a4': 0.1, 'G_theta': 1, 'G_k': 2, 'U_b': 1, 'U_a': 0, 'mia': 0.45709788572527077}
{'a1': 0.7000000000000001, 'a4': 0.5, 'G_theta': 3, 'G_k': 2, 'U_b': 1, 'U_a': 0, 'mia': 0.45709790117985116}
{'a1': 0.4, 'a4': 0.30000000000000004, 'G_theta': 2, 'G_k': 2, 'U_b': 1, 'U_a': 0, 'mia': 0.45709790232217695}
{'a1': 0.8, 'a4': 0.30000000000000004, 'G_theta': 1, 'G_k': 2, 'U_b': 1, 'U_a': 0, 'mia': 0.45709790232217695}
{'a1': 0.4, 'a4': 0.4, 'G_theta': 3, 'G_k': 2, 'U_b': 1, 'U_a': 0, 'mia': 0.45709794603154563}
{'a1': 0.6, 'a4': 0.4, 'G_theta': 2, 'G_k': 2, 'U_b': 1, 'U_a': 0, 'mia': 0.45709794603154563}
{'a1': 0.8, 'a4': 0.2, 'G_theta': 2, 'G_k': 2, 'U_b': 2, 'U_a': 1, 'mia': 0.457097947903054}
{'a1': 0.2, 'a4': 0.1, 'G_theta': 3, 'G_k': 2, 'U_b': 2, 'U_a': 1, 'mia': 0.457097964262987}
{'a1': 0.30000000000000004, 'a4': 0.1, 'G_theta': 2, 'G_k': 2, 'U_b': 2, 'U_a': 1, 'mia': 0.457097964262987}
{'a1': 0.6, 'a4': 0.1, 'G_theta': 1, 'G_k': 2, 'U_b': 2, 'U_a': 1, 'mia': 0.457097964262987}
{'a1': 0.5, 'a4': 0.2, 'G_theta': 1, 'G_k': 2, 'U_b': 1, 'U_a': 0, 'mia': 0.4570979662092558}
{'a1': 0.5, 'a4': 0.2, 'G_theta': 3, 'G_k': 2, 'U_b': 2, 'U_a': 1, 'mia': 0.45709800595745864}
{'a1': 0.7000000000000001, 'a4': 0.30000000000000004, 'G_theta': 1, 'G_k': 2, 'U_b': 1, 'U_a': 0, 'mia': 0.4570980246655433}
{'a1': 0.6, 'a4': 0.5, 'G_theta': 3, 'G_k': 2, 'U_b': 1, 'U_a': 0, 'mia': 0.4570980345061051}
{'a1': 0.9, 'a4': 0.5, 'G_theta': 2, 'G_k': 2, 'U_b': 1, 'U_a': 0, 'mia': 0.4570980345061051}
{'a1': 0.7000000000000001, 'a4': 0.2, 'G_theta': 2, 'G_k': 2, 'U_b': 2, 'U_a': 1, 'mia': 0.4570980776795679}
{'a1': 0.5, 'a4': 0.4, 'G_theta': 2, 'G_k': 2, 'U_b': 1, 'U_a': 0, 'mia': 0.4570981367711845}
{'a1': 0.8, 'a4': 0.5, 'G_theta': 2, 'G_k': 2, 'U_b': 1, 'U_a': 0, 'mia': 0.45709817043033996}
{'a1': 0.9, 'a4': 0.6, 'G_theta': 3, 'G_k': 2, 'U_b': 1, 'U_a': 0, 'mia': 0.4570981767118323}
{'a1': 0.5, 'a4': 0.1, 'G_theta': 1, 'G_k': 2, 'U_b': 2, 'U_a': 1, 'mia': 0.4570981835903388}
{'a1': 0.2, 'a4': 0.30000000000000004, 'G_theta': 3, 'G_k': 2, 'U_b': 1, 'U_a': 0, 'mia': 0.45709822370220476}
{'a1': 0.30000000000000004, 'a4': 0.30000000000000004, 'G_theta': 2, 'G_k': 2, 'U_b': 1, 'U_a': 0, 'mia': 0.45709822370220476}
{'a1': 0.6, 'a4': 0.30000000000000004, 'G_theta': 1, 'G_k': 2, 'U_b': 1, 'U_a': 0, 'mia': 0.45709822370220476}
{'a1': 0.1, 'a4': 0.1, 'G_theta': 3, 'G_k': 2, 'U_b': 1, 'U_a': 0, 'mia': 0.4570982388655003}
{'a1': 0.30000000000000004, 'a4': 0.1, 'G_theta': 1, 'G_k': 2, 'U_b': 1, 'U_a': 0, 'mia': 0.4570982388655003}
{'a1': 0.5, 'a4': 0.5, 'G_theta': 3, 'G_k': 2, 'U_b': 1, 'U_a': 0, 'mia': 0.45709826087592176}
{'a1': 0.2, 'a4': 0.2, 'G_theta': 2, 'G_k': 2, 'U_b': 1, 'U_a': 0, 'mia': 0.4570982614892737}
{'a1': 0.4, 'a4': 0.2, 'G_theta': 1, 'G_k': 2, 'U_b': 1, 'U_a': 0, 'mia': 0.4570982614892737}
{'a1': 0.4, 'a4': 0.2, 'G_theta': 3, 'G_k': 2, 'U_b': 2, 'U_a': 1, 'mia': 0.4570982829015173}
{'a1': 0.6, 'a4': 0.2, 'G_theta': 2, 'G_k': 2, 'U_b': 2, 'U_a': 1, 'mia': 0.4570982829015173}
{'a1': 0.30000000000000004, 'a4': 0.4, 'G_theta': 3, 'G_k': 2, 'U_b': 1, 'U_a': 0, 'mia': 0.4570982883515279}
{'a1': 0.9, 'a4': 0.4, 'G_theta': 1, 'G_k': 2, 'U_b': 1, 'U_a': 0, 'mia': 0.4570982883515279}
{'a1': 0.8, 'a4': 0.6, 'G_theta': 3, 'G_k': 2, 'U_b': 1, 'U_a': 0, 'mia': 0.45709834934547455}
{'a1': 0.7000000000000001, 'a4': 0.5, 'G_theta': 2, 'G_k': 2, 'U_b': 1, 'U_a': 0, 'mia': 0.457098372613037}
{'a1': 0.4, 'a4': 0.4, 'G_theta': 2, 'G_k': 2, 'U_b': 1, 'U_a': 0, 'mia': 0.4570985071619613}
{'a1': 0.8, 'a4': 0.4, 'G_theta': 1, 'G_k': 2, 'U_b': 1, 'U_a': 0, 'mia': 0.4570985071619613}
{'a1': 0.5, 'a4': 0.30000000000000004, 'G_theta': 1, 'G_k': 2, 'U_b': 1, 'U_a': 0, 'mia': 0.4570985801066315}
{'a1': 0.7000000000000001, 'a4': 0.6, 'G_theta': 3, 'G_k': 2, 'U_b': 1, 'U_a': 0, 'mia': 0.4570986044071148}
{'a1': 0.5, 'a4': 0.2, 'G_theta': 2, 'G_k': 2, 'U_b': 2, 'U_a': 1, 'mia': 0.4570986357780963}
{'a1': 0.2, 'a4': 0.1, 'G_theta': 2, 'G_k': 2, 'U_b': 2, 'U_a': 1, 'mia': 0.4570986372532766}
{'a1': 0.4, 'a4': 0.1, 'G_theta': 1, 'G_k': 2, 'U_b': 2, 'U_a': 1, 'mia': 0.4570986372532766}
{'a1': 0.4, 'a4': 0.5, 'G_theta': 3, 'G_k': 2, 'U_b': 1, 'U_a': 0, 'mia': 0.4570986923213406}
{'a1': 0.6, 'a4': 0.5, 'G_theta': 2, 'G_k': 2, 'U_b': 1, 'U_a': 0, 'mia': 0.4570986923213406}
{'a1': 0.9, 'a4': 0.30000000000000004, 'G_theta': 3, 'G_k': 2, 'U_b': 2, 'U_a': 1, 'mia': 0.4570987773570794}
{'a1': 0.7000000000000001, 'a4': 0.4, 'G_theta': 1, 'G_k': 2, 'U_b': 1, 'U_a': 0, 'mia': 0.45709883975289733}
{'a1': 0.30000000000000004, 'a4': 0.2, 'G_theta': 3, 'G_k': 2, 'U_b': 2, 'U_a': 1, 'mia': 0.45709891626909527}
{'a1': 0.9, 'a4': 0.2, 'G_theta': 1, 'G_k': 2, 'U_b': 2, 'U_a': 1, 'mia': 0.45709891626909527}
{'a1': 0.6, 'a4': 0.6, 'G_theta': 3, 'G_k': 2, 'U_b': 1, 'U_a': 0, 'mia': 0.457099004127712}
{'a1': 0.9, 'a4': 0.6, 'G_theta': 2, 'G_k': 2, 'U_b': 1, 'U_a': 0, 'mia': 0.457099004127712}
{'a1': 0.1, 'a4': 0.2, 'G_theta': 3, 'G_k': 2, 'U_b': 1, 'U_a': 0, 'mia': 0.4570990364133203}
{'a1': 0.30000000000000004, 'a4': 0.2, 'G_theta': 1, 'G_k': 2, 'U_b': 1, 'U_a': 0, 'mia': 0.4570990364133203}
{'a1': 0.8, 'a4': 0.30000000000000004, 'G_theta': 3, 'G_k': 2, 'U_b': 2, 'U_a': 1, 'mia': 0.4570991152362269}
{'a1': 0.5, 'a4': 0.5, 'G_theta': 2, 'G_k': 2, 'U_b': 1, 'U_a': 0, 'mia': 0.45709924202656826}
{'a1': 0.2, 'a4': 0.30000000000000004, 'G_theta': 2, 'G_k': 2, 'U_b': 1, 'U_a': 0, 'mia': 0.4570993172957589}
{'a1': 0.4, 'a4': 0.30000000000000004, 'G_theta': 1, 'G_k': 2, 'U_b': 1, 'U_a': 0, 'mia': 0.4570993172957589}
{'a1': 0.4, 'a4': 0.2, 'G_theta': 2, 'G_k': 2, 'U_b': 2, 'U_a': 1, 'mia': 0.4570993212411697}
{'a1': 0.8, 'a4': 0.2, 'G_theta': 1, 'G_k': 2, 'U_b': 2, 'U_a': 1, 'mia': 0.4570993212411697}
{'a1': 0.2, 'a4': 0.4, 'G_theta': 3, 'G_k': 2, 'U_b': 1, 'U_a': 0, 'mia': 0.45709938123955407}
{'a1': 0.30000000000000004, 'a4': 0.4, 'G_theta': 2, 'G_k': 2, 'U_b': 1, 'U_a': 0, 'mia': 0.45709938123955407}
{'a1': 0.6, 'a4': 0.4, 'G_theta': 1, 'G_k': 2, 'U_b': 1, 'U_a': 0, 'mia': 0.45709938123955407}
{'a1': 0.8, 'a4': 0.6, 'G_theta': 2, 'G_k': 2, 'U_b': 1, 'U_a': 0, 'mia': 0.45709941164988255}
{'a1': 0.9, 'a4': 0.7000000000000001, 'G_theta': 3, 'G_k': 2, 'U_b': 1, 'U_a': 0, 'mia': 0.45709948384800825}
{'a1': 0.7000000000000001, 'a4': 0.30000000000000004, 'G_theta': 3, 'G_k': 2, 'U_b': 2, 'U_a': 1, 'mia': 0.45709961444819514}
{'a1': 0.30000000000000004, 'a4': 0.5, 'G_theta': 3, 'G_k': 2, 'U_b': 1, 'U_a': 0, 'mia': 0.45709967894997683}
{'a1': 0.9, 'a4': 0.5, 'G_theta': 1, 'G_k': 2, 'U_b': 1, 'U_a': 0, 'mia': 0.45709967894997683}
{'a1': 0.5, 'a4': 0.6, 'G_theta': 3, 'G_k': 2, 'U_b': 1, 'U_a': 0, 'mia': 0.45709968282600244}
{'a1': 0.1, 'a4': 0.1, 'G_theta': 2, 'G_k': 2, 'U_b': 1, 'U_a': 0, 'mia': 0.457099748706596}
{'a1': 0.2, 'a4': 0.1, 'G_theta': 1, 'G_k': 2, 'U_b': 1, 'U_a': 0, 'mia': 0.457099748706596}
{'a1': 0.1, 'a4': 0.1, 'G_theta': 3, 'G_k': 2, 'U_b': 2, 'U_a': 1, 'mia': 0.4570998339611404}
{'a1': 0.30000000000000004, 'a4': 0.1, 'G_theta': 1, 'G_k': 2, 'U_b': 2, 'U_a': 1, 'mia': 0.4570998339611404}
{'a1': 0.7000000000000001, 'a4': 0.2, 'G_theta': 1, 'G_k': 2, 'U_b': 2, 'U_a': 1, 'mia': 0.45709993693383066}
{'a1': 0.8, 'a4': 0.7000000000000001, 'G_theta': 3, 'G_k': 2, 'U_b': 1, 'U_a': 0, 'mia': 0.45710001608332584}
{'a1': 0.7000000000000001, 'a4': 0.6, 'G_theta': 2, 'G_k': 2, 'U_b': 1, 'U_a': 0, 'mia': 0.4571000178448692}
{'a1': 0.4, 'a4': 0.5, 'G_theta': 2, 'G_k': 2, 'U_b': 1, 'U_a': 0, 'mia': 0.4571003097529037}
{'a1': 0.8, 'a4': 0.5, 'G_theta': 1, 'G_k': 2, 'U_b': 1, 'U_a': 0, 'mia': 0.4571003097529037}
{'a1': 0.5, 'a4': 0.4, 'G_theta': 1, 'G_k': 2, 'U_b': 1, 'U_a': 0, 'mia': 0.45710035174301733}
{'a1': 0.6, 'a4': 0.30000000000000004, 'G_theta': 3, 'G_k': 2, 'U_b': 2, 'U_a': 1, 'mia': 0.4571003967986337}
{'a1': 0.9, 'a4': 0.30000000000000004, 'G_theta': 2, 'G_k': 2, 'U_b': 2, 'U_a': 1, 'mia': 0.4571003967986337}
{'a1': 0.7000000000000001, 'a4': 0.7000000000000001, 'G_theta': 3, 'G_k': 2, 'U_b': 1, 'U_a': 0, 'mia': 0.4571008024521146}
{'a1': 0.2, 'a4': 0.2, 'G_theta': 3, 'G_k': 2, 'U_b': 2, 'U_a': 1, 'mia': 0.4571009396038156}
{'a1': 0.30000000000000004, 'a4': 0.2, 'G_theta': 2, 'G_k': 2, 'U_b': 2, 'U_a': 1, 'mia': 0.4571009396038156}
{'a1': 0.6, 'a4': 0.2, 'G_theta': 1, 'G_k': 2, 'U_b': 2, 'U_a': 1, 'mia': 0.4571009396038156}
{'a1': 0.4, 'a4': 0.6, 'G_theta': 3, 'G_k': 2, 'U_b': 1, 'U_a': 0, 'mia': 0.4571009764503806}
{'a1': 0.6, 'a4': 0.6, 'G_theta': 2, 'G_k': 2, 'U_b': 1, 'U_a': 0, 'mia': 0.4571009764503806}
{'a1': 0.8, 'a4': 0.30000000000000004, 'G_theta': 2, 'G_k': 2, 'U_b': 2, 'U_a': 1, 'mia': 0.4571011944280037}
{'a1': 0.1, 'a4': 0.30000000000000004, 'G_theta': 3, 'G_k': 2, 'U_b': 1, 'U_a': 0, 'mia': 0.4571012618848995}
{'a1': 0.30000000000000004, 'a4': 0.30000000000000004, 'G_theta': 1, 'G_k': 2, 'U_b': 1, 'U_a': 0, 'mia': 0.4571012618848995}
{'a1': 0.7000000000000001, 'a4': 0.5, 'G_theta': 1, 'G_k': 2, 'U_b': 1, 'U_a': 0, 'mia': 0.45710126873708157}
{'a1': 0.5, 'a4': 0.30000000000000004, 'G_theta': 3, 'G_k': 2, 'U_b': 2, 'U_a': 1, 'mia': 0.45710172519635217}
{'a1': 0.6, 'a4': 0.7000000000000001, 'G_theta': 3, 'G_k': 2, 'U_b': 1, 'U_a': 0, 'mia': 0.4571020348226492}
{'a1': 0.9, 'a4': 0.7000000000000001, 'G_theta': 2, 'G_k': 2, 'U_b': 1, 'U_a': 0, 'mia': 0.4571020348226492}
{'a1': 0.2, 'a4': 0.4, 'G_theta': 2, 'G_k': 2, 'U_b': 1, 'U_a': 0, 'mia': 0.45710236144647853}
{'a1': 0.4, 'a4': 0.4, 'G_theta': 1, 'G_k': 2, 'U_b': 1, 'U_a': 0, 'mia': 0.45710236144647853}
{'a1': 0.7000000000000001, 'a4': 0.30000000000000004, 'G_theta': 2, 'G_k': 2, 'U_b': 2, 'U_a': 1, 'mia': 0.45710238092741196}
{'a1': 0.1, 'a4': 0.2, 'G_theta': 2, 'G_k': 2, 'U_b': 1, 'U_a': 0, 'mia': 0.45710242325737926}
{'a1': 0.2, 'a4': 0.2, 'G_theta': 1, 'G_k': 2, 'U_b': 1, 'U_a': 0, 'mia': 0.45710242325737926}
{'a1': 0.5, 'a4': 0.6, 'G_theta': 2, 'G_k': 2, 'U_b': 1, 'U_a': 0, 'mia': 0.45710262475997454}
{'a1': 0.5, 'a4': 0.2, 'G_theta': 1, 'G_k': 2, 'U_b': 2, 'U_a': 1, 'mia': 0.45710273727677897}
{'a1': 0.2, 'a4': 0.5, 'G_theta': 3, 'G_k': 2, 'U_b': 1, 'U_a': 0, 'mia': 0.45710283037341426}
{'a1': 0.30000000000000004, 'a4': 0.5, 'G_theta': 2, 'G_k': 2, 'U_b': 1, 'U_a': 0, 'mia': 0.45710283037341426}
{'a1': 0.6, 'a4': 0.5, 'G_theta': 1, 'G_k': 2, 'U_b': 1, 'U_a': 0, 'mia': 0.45710283037341426}
{'a1': 0.8, 'a4': 0.7000000000000001, 'G_theta': 2, 'G_k': 2, 'U_b': 1, 'U_a': 0, 'mia': 0.4571032912569223}
{'a1': 0.9, 'a4': 0.8, 'G_theta': 3, 'G_k': 2, 'U_b': 1, 'U_a': 0, 'mia': 0.45710363777622165}
{'a1': 0.30000000000000004, 'a4': 0.6, 'G_theta': 3, 'G_k': 2, 'U_b': 1, 'U_a': 0, 'mia': 0.45710393495135326}
{'a1': 0.9, 'a4': 0.6, 'G_theta': 1, 'G_k': 2, 'U_b': 1, 'U_a': 0, 'mia': 0.45710393495135326}
{'a1': 0.5, 'a4': 0.7000000000000001, 'G_theta': 3, 'G_k': 2, 'U_b': 1, 'U_a': 0, 'mia': 0.4571041273270141}
{'a1': 0.4, 'a4': 0.30000000000000004, 'G_theta': 3, 'G_k': 2, 'U_b': 2, 'U_a': 1, 'mia': 0.4571042572252143}
{'a1': 0.6, 'a4': 0.30000000000000004, 'G_theta': 2, 'G_k': 2, 'U_b': 2, 'U_a': 1, 'mia': 0.4571042572252143}
{'a1': 0.1, 'a4': 0.1, 'G_theta': 2, 'G_k': 2, 'U_b': 2, 'U_a': 1, 'mia': 0.45710509780816255}
{'a1': 0.2, 'a4': 0.1, 'G_theta': 1, 'G_k': 2, 'U_b': 2, 'U_a': 1, 'mia': 0.45710509780816255}
{'a1': 0.7000000000000001, 'a4': 0.7000000000000001, 'G_theta': 2, 'G_k': 2, 'U_b': 1, 'U_a': 0, 'mia': 0.45710516023743886}
{'a1': 0.8, 'a4': 0.8, 'G_theta': 3, 'G_k': 2, 'U_b': 1, 'U_a': 0, 'mia': 0.45710531278266275}
{'a1': 0.5, 'a4': 0.5, 'G_theta': 1, 'G_k': 2, 'U_b': 1, 'U_a': 0, 'mia': 0.45710563000682414}
{'a1': 0.4, 'a4': 0.6, 'G_theta': 2, 'G_k': 2, 'U_b': 1, 'U_a': 0, 'mia': 0.4571058266012509}
{'a1': 0.8, 'a4': 0.6, 'G_theta': 1, 'G_k': 2, 'U_b': 1, 'U_a': 0, 'mia': 0.4571058266012509}
{'a1': 0.2, 'a4': 0.2, 'G_theta': 2, 'G_k': 2, 'U_b': 2, 'U_a': 1, 'mia': 0.4571064614036837}
{'a1': 0.4, 'a4': 0.2, 'G_theta': 1, 'G_k': 2, 'U_b': 2, 'U_a': 1, 'mia': 0.4571064614036837}
{'a1': 0.5, 'a4': 0.30000000000000004, 'G_theta': 2, 'G_k': 2, 'U_b': 2, 'U_a': 1, 'mia': 0.4571074835589076}
{'a1': 0.1, 'a4': 0.4, 'G_theta': 3, 'G_k': 2, 'U_b': 1, 'U_a': 0, 'mia': 0.4571076704262952}
{'a1': 0.30000000000000004, 'a4': 0.4, 'G_theta': 1, 'G_k': 2, 'U_b': 1, 'U_a': 0, 'mia': 0.4571076704262952}
{'a1': 0.7000000000000001, 'a4': 0.8, 'G_theta': 3, 'G_k': 2, 'U_b': 1, 'U_a': 0, 'mia': 0.45710778758123083}
{'a1': 0.4, 'a4': 0.7000000000000001, 'G_theta': 3, 'G_k': 2, 'U_b': 1, 'U_a': 0, 'mia': 0.4571081157803397}
{'a1': 0.6, 'a4': 0.7000000000000001, 'G_theta': 2, 'G_k': 2, 'U_b': 1, 'U_a': 0, 'mia': 0.4571081157803397}
{'a1': 0.7000000000000001, 'a4': 0.6, 'G_theta': 1, 'G_k': 2, 'U_b': 1, 'U_a': 0, 'mia': 0.4571087025392161}
{'a1': 0.9, 'a4': 0.4, 'G_theta': 3, 'G_k': 2, 'U_b': 2, 'U_a': 1, 'mia': 0.45710965366387246}
{'a1': 0.1, 'a4': 0.30000000000000004, 'G_theta': 2, 'G_k': 2, 'U_b': 1, 'U_a': 0, 'mia': 0.45710981522316396}
{'a1': 0.2, 'a4': 0.30000000000000004, 'G_theta': 1, 'G_k': 2, 'U_b': 1, 'U_a': 0, 'mia': 0.45710981522316396}
{'a1': 0.30000000000000004, 'a4': 0.30000000000000004, 'G_theta': 3, 'G_k': 2, 'U_b': 2, 'U_a': 1, 'mia': 0.45711004811955414}
{'a1': 0.9, 'a4': 0.30000000000000004, 'G_theta': 1, 'G_k': 2, 'U_b': 2, 'U_a': 1, 'mia': 0.45711004811955414}
{'a1': 0.2, 'a4': 0.5, 'G_theta': 2, 'G_k': 2, 'U_b': 1, 'U_a': 0, 'mia': 0.4571114293093459}
{'a1': 0.4, 'a4': 0.5, 'G_theta': 1, 'G_k': 2, 'U_b': 1, 'U_a': 0, 'mia': 0.4571114293093459}
{'a1': 0.6, 'a4': 0.8, 'G_theta': 3, 'G_k': 2, 'U_b': 1, 'U_a': 0, 'mia': 0.457111666010823}
{'a1': 0.9, 'a4': 0.8, 'G_theta': 2, 'G_k': 2, 'U_b': 1, 'U_a': 0, 'mia': 0.457111666010823}
{'a1': 0.1, 'a4': 0.1, 'G_theta': 0.5, 'G_k': 1, 'U_b': 1, 'U_a': 0, 'mia': 0.4571125304595107}
{'a1': 0.8, 'a4': 0.4, 'G_theta': 3, 'G_k': 2, 'U_b': 2, 'U_a': 1, 'mia': 0.4571129836805783}
{'a1': 0.5, 'a4': 0.7000000000000001, 'G_theta': 2, 'G_k': 2, 'U_b': 1, 'U_a': 0, 'mia': 0.45711319787218185}
{'a1': 0.2, 'a4': 0.6, 'G_theta': 3, 'G_k': 2, 'U_b': 1, 'U_a': 0, 'mia': 0.4571133860699388}
{'a1': 0.30000000000000004, 'a4': 0.6, 'G_theta': 2, 'G_k': 2, 'U_b': 1, 'U_a': 0, 'mia': 0.4571133860699388}
{'a1': 0.6, 'a4': 0.6, 'G_theta': 1, 'G_k': 2, 'U_b': 1, 'U_a': 0, 'mia': 0.4571133860699388}
{'a1': 0.4, 'a4': 0.30000000000000004, 'G_theta': 2, 'G_k': 2, 'U_b': 2, 'U_a': 1, 'mia': 0.4571137508803249}
{'a1': 0.8, 'a4': 0.30000000000000004, 'G_theta': 1, 'G_k': 2, 'U_b': 2, 'U_a': 1, 'mia': 0.4571137508803249}
{'a1': 0.8, 'a4': 0.8, 'G_theta': 2, 'G_k': 2, 'U_b': 1, 'U_a': 0, 'mia': 0.4571156201816242}
{'a1': 0.1, 'a4': 0.2, 'G_theta': 3, 'G_k': 2, 'U_b': 2, 'U_a': 1, 'mia': 0.4571163044392703}
{'a1': 0.30000000000000004, 'a4': 0.2, 'G_theta': 1, 'G_k': 2, 'U_b': 2, 'U_a': 1, 'mia': 0.4571163044392703}
{'a1': 0.9, 'a4': 0.9, 'G_theta': 3, 'G_k': 2, 'U_b': 1, 'U_a': 0, 'mia': 0.4571170145736755}
{'a1': 0.30000000000000004, 'a4': 0.7000000000000001, 'G_theta': 3, 'G_k': 2, 'U_b': 1, 'U_a': 0, 'mia': 0.45711723752615696}
{'a1': 0.9, 'a4': 0.7000000000000001, 'G_theta': 1, 'G_k': 2, 'U_b': 1, 'U_a': 0, 'mia': 0.45711723752615696}
{'a1': 0.7000000000000001, 'a4': 0.4, 'G_theta': 3, 'G_k': 2, 'U_b': 2, 'U_a': 1, 'mia': 0.4571179037370988}
{'a1': 0.5, 'a4': 0.8, 'G_theta': 3, 'G_k': 2, 'U_b': 1, 'U_a': 0, 'mia': 0.4571182514133222}
{'a1': 0.7000000000000001, 'a4': 0.30000000000000004, 'G_theta': 1, 'G_k': 2, 'U_b': 2, 'U_a': 1, 'mia': 0.457119380412889}
{'a1': 0.7000000000000001, 'a4': 0.8, 'G_theta': 2, 'G_k': 2, 'U_b': 1, 'U_a': 0, 'mia': 0.457121502134068}
{'a1': 0.5, 'a4': 0.6, 'G_theta': 1, 'G_k': 2, 'U_b': 1, 'U_a': 0, 'mia': 0.45712178310230256}
{'a1': 0.8, 'a4': 0.9, 'G_theta': 3, 'G_k': 2, 'U_b': 1, 'U_a': 0, 'mia': 0.4571223696179275}
{'a1': 0.4, 'a4': 0.7000000000000001, 'G_theta': 2, 'G_k': 2, 'U_b': 1, 'U_a': 0, 'mia': 0.4571230700308643}
{'a1': 0.8, 'a4': 0.7000000000000001, 'G_theta': 1, 'G_k': 2, 'U_b': 1, 'U_a': 0, 'mia': 0.4571230700308643}
{'a1': 0.6, 'a4': 0.4, 'G_theta': 3, 'G_k': 2, 'U_b': 2, 'U_a': 1, 'mia': 0.4571256143080402}
{'a1': 0.9, 'a4': 0.4, 'G_theta': 2, 'G_k': 2, 'U_b': 2, 'U_a': 1, 'mia': 0.4571256143080402}
{'a1': 0.1, 'a4': 0.5, 'G_theta': 3, 'G_k': 2, 'U_b': 1, 'U_a': 0, 'mia': 0.4571267553851921}
{'a1': 0.30000000000000004, 'a4': 0.5, 'G_theta': 1, 'G_k': 2, 'U_b': 1, 'U_a': 0, 'mia': 0.4571267553851921}
{'a1': 0.2, 'a4': 0.30000000000000004, 'G_theta': 3, 'G_k': 2, 'U_b': 2, 'U_a': 1, 'mia': 0.4571285484376729}
{'a1': 0.30000000000000004, 'a4': 0.30000000000000004, 'G_theta': 2, 'G_k': 2, 'U_b': 2, 'U_a': 1, 'mia': 0.4571285484376729}
{'a1': 0.6, 'a4': 0.30000000000000004, 'G_theta': 1, 'G_k': 2, 'U_b': 2, 'U_a': 1, 'mia': 0.4571285484376729}
{'a1': 0.7000000000000001, 'a4': 0.9, 'G_theta': 3, 'G_k': 2, 'U_b': 1, 'U_a': 0, 'mia': 0.45713028162487834}
{'a1': 0.1, 'a4': 0.2, 'G_theta': 0.5, 'G_k': 1, 'U_b': 1, 'U_a': 0, 'mia': 0.4571305696674246}
{'a1': 0.4, 'a4': 0.8, 'G_theta': 3, 'G_k': 2, 'U_b': 1, 'U_a': 0, 'mia': 0.45713080368500514}
{'a1': 0.6, 'a4': 0.8, 'G_theta': 2, 'G_k': 2, 'U_b': 1, 'U_a': 0, 'mia': 0.45713080368500514}
{'a1': 0.1, 'a4': 0.4, 'G_theta': 2, 'G_k': 2, 'U_b': 1, 'U_a': 0, 'mia': 0.45713106410395765}
{'a1': 0.2, 'a4': 0.4, 'G_theta': 1, 'G_k': 2, 'U_b': 1, 'U_a': 0, 'mia': 0.45713106410395765}
{'a1': 0.7000000000000001, 'a4': 0.7000000000000001, 'G_theta': 1, 'G_k': 2, 'U_b': 1, 'U_a': 0, 'mia': 0.4571319375002312}
{'a1': 0.8, 'a4': 0.4, 'G_theta': 2, 'G_k': 2, 'U_b': 2, 'U_a': 1, 'mia': 0.4571334754646843}
{'a1': 0.5, 'a4': 0.4, 'G_theta': 3, 'G_k': 2, 'U_b': 2, 'U_a': 1, 'mia': 0.45713870653317845}
{'a1': 0.2, 'a4': 0.6, 'G_theta': 2, 'G_k': 2, 'U_b': 1, 'U_a': 0, 'mia': 0.4571391786993516}
{'a1': 0.4, 'a4': 0.6, 'G_theta': 1, 'G_k': 2, 'U_b': 1, 'U_a': 0, 'mia': 0.4571391786993516}
{'a1': 0.6, 'a4': 0.9, 'G_theta': 3, 'G_k': 2, 'U_b': 1, 'U_a': 0, 'mia': 0.4571426810913549}
{'a1': 0.9, 'a4': 0.9, 'G_theta': 2, 'G_k': 2, 'U_b': 1, 'U_a': 0, 'mia': 0.4571426810913549}
{'a1': 0.5, 'a4': 0.30000000000000004, 'G_theta': 1, 'G_k': 2, 'U_b': 2, 'U_a': 1, 'mia': 0.4571449860979737}
{'a1': 0.7000000000000001, 'a4': 0.4, 'G_theta': 2, 'G_k': 2, 'U_b': 2, 'U_a': 1, 'mia': 0.4571451691916567}
{'a1': 0.2, 'a4': 0.7000000000000001, 'G_theta': 3, 'G_k': 2, 'U_b': 1, 'U_a': 0, 'mia': 0.45714637861177054}
{'a1': 0.30000000000000004, 'a4': 0.7000000000000001, 'G_theta': 2, 'G_k': 2, 'U_b': 1, 'U_a': 0, 'mia': 0.45714637861177054}
{'a1': 0.6, 'a4': 0.7000000000000001, 'G_theta': 1, 'G_k': 2, 'U_b': 1, 'U_a': 0, 'mia': 0.45714637861177054}
{'a1': 0.5, 'a4': 0.8, 'G_theta': 2, 'G_k': 2, 'U_b': 1, 'U_a': 0, 'mia': 0.4571467978798992}
{'a1': 0.1, 'a4': 0.1, 'G_theta': 0.5, 'G_k': 1, 'U_b': 2, 'U_a': 1, 'mia': 0.4571486088753386}
{'a1': 0.8, 'a4': 0.9, 'G_theta': 2, 'G_k': 2, 'U_b': 1, 'U_a': 0, 'mia': 0.45715532271341286}
{'a1': 0.30000000000000004, 'a4': 0.8, 'G_theta': 3, 'G_k': 2, 'U_b': 1, 'U_a': 0, 'mia': 0.4571595113945448}
{'a1': 0.9, 'a4': 0.8, 'G_theta': 1, 'G_k': 2, 'U_b': 1, 'U_a': 0, 'mia': 0.4571595113945448}
{'a1': 0.1, 'a4': 0.2, 'G_theta': 2, 'G_k': 2, 'U_b': 2, 'U_a': 1, 'mia': 0.45715970495053593}
{'a1': 0.2, 'a4': 0.2, 'G_theta': 1, 'G_k': 2, 'U_b': 2, 'U_a': 1, 'mia': 0.45715970495053593}
{'a1': 0.1, 'a4': 0.1, 'G_theta': 1, 'G_k': 2, 'U_b': 1, 'U_a': 0, 'mia': 0.45716270510673196}
{'a1': 0.4, 'a4': 0.4, 'G_theta': 3, 'G_k': 2, 'U_b': 2, 'U_a': 1, 'mia': 0.4571636613384644}
{'a1': 0.6, 'a4': 0.4, 'G_theta': 2, 'G_k': 2, 'U_b': 2, 'U_a': 1, 'mia': 0.4571636613384644}
{'a1': 0.5, 'a4': 0.9, 'G_theta': 3, 'G_k': 2, 'U_b': 1, 'U_a': 0, 'mia': 0.457163734857047}
{'a1': 0.5, 'a4': 0.7000000000000001, 'G_theta': 1, 'G_k': 2, 'U_b': 1, 'U_a': 0, 'mia': 0.4571722703825414}
{'a1': 0.7000000000000001, 'a4': 0.9, 'G_theta': 2, 'G_k': 2, 'U_b': 1, 'U_a': 0, 'mia': 0.45717412753372255}
{'a1': 0.4, 'a4': 0.8, 'G_theta': 2, 'G_k': 2, 'U_b': 1, 'U_a': 0, 'mia': 0.4571778673892679}
{'a1': 0.8, 'a4': 0.8, 'G_theta': 1, 'G_k': 2, 'U_b': 1, 'U_a': 0, 'mia': 0.4571778673892679}
{'a1': 0.2, 'a4': 0.30000000000000004, 'G_theta': 2, 'G_k': 2, 'U_b': 2, 'U_a': 1, 'mia': 0.4571790401029443}
{'a1': 0.4, 'a4': 0.30000000000000004, 'G_theta': 1, 'G_k': 2, 'U_b': 2, 'U_a': 1, 'mia': 0.4571790401029443}
{'a1': 0.1, 'a4': 0.30000000000000004, 'G_theta': 0.5, 'G_k': 1, 'U_b': 1, 'U_a': 0, 'mia': 0.4571805182918254}
{'a1': 0.1, 'a4': 0.6, 'G_theta': 3, 'G_k': 2, 'U_b': 1, 'U_a': 0, 'mia': 0.4571851560115209}
{'a1': 0.30000000000000004, 'a4': 0.6, 'G_theta': 1, 'G_k': 2, 'U_b': 1, 'U_a': 0, 'mia': 0.4571851560115209}
{'a1': 0.1, 'a4': 0.5, 'G_theta': 2, 'G_k': 2, 'U_b': 1, 'U_a': 0, 'mia': 0.4571943225713201}
{'a1': 0.2, 'a4': 0.5, 'G_theta': 1, 'G_k': 2, 'U_b': 1, 'U_a': 0, 'mia': 0.4571943225713201}
{'a1': 0.5, 'a4': 0.4, 'G_theta': 2, 'G_k': 2, 'U_b': 2, 'U_a': 1, 'mia': 0.4571954589886137}
{'a1': 0.4, 'a4': 0.9, 'G_theta': 3, 'G_k': 2, 'U_b': 1, 'U_a': 0, 'mia': 0.45720386496336773}
{'a1': 0.6, 'a4': 0.9, 'G_theta': 2, 'G_k': 2, 'U_b': 1, 'U_a': 0, 'mia': 0.45720386496336773}
{'a1': 0.7000000000000001, 'a4': 0.8, 'G_theta': 1, 'G_k': 2, 'U_b': 1, 'U_a': 0, 'mia': 0.45720577509589044}
{'a1': 0.30000000000000004, 'a4': 0.4, 'G_theta': 3, 'G_k': 2, 'U_b': 2, 'U_a': 1, 'mia': 0.4572207344375617}
{'a1': 0.9, 'a4': 0.4, 'G_theta': 1, 'G_k': 2, 'U_b': 2, 'U_a': 1, 'mia': 0.4572207344375617}
{'a1': 0.9, 'a4': 0.5, 'G_theta': 3, 'G_k': 2, 'U_b': 2, 'U_a': 1, 'mia': 0.45722335798784497}
{'a1': 0.2, 'a4': 0.7000000000000001, 'G_theta': 2, 'G_k': 2, 'U_b': 1, 'U_a': 0, 'mia': 0.4572259100517335}
{'a1': 0.4, 'a4': 0.7000000000000001, 'G_theta': 1, 'G_k': 2, 'U_b': 1, 'U_a': 0, 'mia': 0.4572259100517335}
{'a1': 0.1, 'a4': 0.2, 'G_theta': 1, 'G_k': 2, 'U_b': 1, 'U_a': 0, 'mia': 0.45724685564189516}
{'a1': 0.2, 'a4': 0.8, 'G_theta': 3, 'G_k': 2, 'U_b': 1, 'U_a': 0, 'mia': 0.4572512243792153}
{'a1': 0.30000000000000004, 'a4': 0.8, 'G_theta': 2, 'G_k': 2, 'U_b': 1, 'U_a': 0, 'mia': 0.4572512243792153}
{'a1': 0.6, 'a4': 0.8, 'G_theta': 1, 'G_k': 2, 'U_b': 1, 'U_a': 0, 'mia': 0.4572512243792153}
{'a1': 0.5, 'a4': 0.9, 'G_theta': 2, 'G_k': 2, 'U_b': 1, 'U_a': 0, 'mia': 0.45725499910096024}
{'a1': 0.4, 'a4': 0.4, 'G_theta': 2, 'G_k': 2, 'U_b': 2, 'U_a': 1, 'mia': 0.4572572276165747}
{'a1': 0.8, 'a4': 0.4, 'G_theta': 1, 'G_k': 2, 'U_b': 2, 'U_a': 1, 'mia': 0.4572572276165747}
{'a1': 0.8, 'a4': 0.5, 'G_theta': 3, 'G_k': 2, 'U_b': 2, 'U_a': 1, 'mia': 0.45725796874793967}
{'a1': 0.1, 'a4': 0.30000000000000004, 'G_theta': 3, 'G_k': 2, 'U_b': 2, 'U_a': 1, 'mia': 0.45726905013814234}
{'a1': 0.30000000000000004, 'a4': 0.30000000000000004, 'G_theta': 1, 'G_k': 2, 'U_b': 2, 'U_a': 1, 'mia': 0.45726905013814234}
{'a1': 0.30000000000000004, 'a4': 0.9, 'G_theta': 3, 'G_k': 2, 'U_b': 1, 'U_a': 0, 'mia': 0.4572956448022272}
{'a1': 0.9, 'a4': 0.9, 'G_theta': 1, 'G_k': 2, 'U_b': 1, 'U_a': 0, 'mia': 0.4572956448022272}
{'a1': 0.7000000000000001, 'a4': 0.5, 'G_theta': 3, 'G_k': 2, 'U_b': 2, 'U_a': 1, 'mia': 0.45730910569757555}
{'a1': 0.7000000000000001, 'a4': 0.4, 'G_theta': 1, 'G_k': 2, 'U_b': 2, 'U_a': 1, 'mia': 0.45731271043888355}
{'a1': 0.1, 'a4': 0.4, 'G_theta': 0.5, 'G_k': 1, 'U_b': 1, 'U_a': 0, 'mia': 0.45732414864973825}
{'a1': 0.1, 'a4': 0.1, 'G_theta': 1, 'G_k': 2, 'U_b': 2, 'U_a': 1, 'mia': 0.45733100617705824}
{'a1': 0.5, 'a4': 0.8, 'G_theta': 1, 'G_k': 2, 'U_b': 1, 'U_a': 0, 'mia': 0.4573327118021675}
{'a1': 0.4, 'a4': 0.9, 'G_theta': 2, 'G_k': 2, 'U_b': 1, 'U_a': 0, 'mia': 0.45735432982763036}
{'a1': 0.8, 'a4': 0.9, 'G_theta': 1, 'G_k': 2, 'U_b': 1, 'U_a': 0, 'mia': 0.45735432982763036}
{'a1': 0.1, 'a4': 0.7000000000000001, 'G_theta': 3, 'G_k': 2, 'U_b': 1, 'U_a': 0, 'mia': 0.45736768645964776}
{'a1': 0.30000000000000004, 'a4': 0.7000000000000001, 'G_theta': 1, 'G_k': 2, 'U_b': 1, 'U_a': 0, 'mia': 0.45736768645964776}
{'a1': 0.1, 'a4': 0.6, 'G_theta': 2, 'G_k': 2, 'U_b': 1, 'U_a': 0, 'mia': 0.4573878817751609}
{'a1': 0.2, 'a4': 0.6, 'G_theta': 1, 'G_k': 2, 'U_b': 1, 'U_a': 0, 'mia': 0.4573878817751609}
{'a1': 0.6, 'a4': 0.5, 'G_theta': 3, 'G_k': 2, 'U_b': 2, 'U_a': 1, 'mia': 0.4573892460533274}
{'a1': 0.9, 'a4': 0.5, 'G_theta': 2, 'G_k': 2, 'U_b': 2, 'U_a': 1, 'mia': 0.4573892460533274}
{'a1': 0.2, 'a4': 0.4, 'G_theta': 3, 'G_k': 2, 'U_b': 2, 'U_a': 1, 'mia': 0.45740306751887616}
{'a1': 0.30000000000000004, 'a4': 0.4, 'G_theta': 2, 'G_k': 2, 'U_b': 2, 'U_a': 1, 'mia': 0.45740306751887616}
{'a1': 0.6, 'a4': 0.4, 'G_theta': 1, 'G_k': 2, 'U_b': 2, 'U_a': 1, 'mia': 0.45740306751887616}
{'a1': 0.7000000000000001, 'a4': 0.9, 'G_theta': 1, 'G_k': 2, 'U_b': 1, 'U_a': 0, 'mia': 0.4574435522425149}
{'a1': 0.8, 'a4': 0.5, 'G_theta': 2, 'G_k': 2, 'U_b': 2, 'U_a': 1, 'mia': 0.45747095153248707}
{'a1': 0.1, 'a4': 0.30000000000000004, 'G_theta': 1, 'G_k': 2, 'U_b': 1, 'U_a': 0, 'mia': 0.45747689248418544}
{'a1': 0.2, 'a4': 0.8, 'G_theta': 2, 'G_k': 2, 'U_b': 1, 'U_a': 0, 'mia': 0.45750152948350664}
{'a1': 0.4, 'a4': 0.8, 'G_theta': 1, 'G_k': 2, 'U_b': 1, 'U_a': 0, 'mia': 0.45750152948350664}
{'a1': 0.1, 'a4': 0.2, 'G_theta': 0.5, 'G_k': 1, 'U_b': 2, 'U_a': 1, 'mia': 0.4575177276320518}
{'a1': 0.5, 'a4': 0.5, 'G_theta': 3, 'G_k': 2, 'U_b': 2, 'U_a': 1, 'mia': 0.457525321007463}
{'a1': 0.5, 'a4': 0.4, 'G_theta': 1, 'G_k': 2, 'U_b': 2, 'U_a': 1, 'mia': 0.4575650718613178}
{'a1': 0.2, 'a4': 0.9, 'G_theta': 3, 'G_k': 2, 'U_b': 1, 'U_a': 0, 'mia': 0.4575888561891789}
{'a1': 0.30000000000000004, 'a4': 0.9, 'G_theta': 2, 'G_k': 2, 'U_b': 1, 'U_a': 0, 'mia': 0.4575888561891789}
{'a1': 0.6, 'a4': 0.9, 'G_theta': 1, 'G_k': 2, 'U_b': 1, 'U_a': 0, 'mia': 0.4575888561891789}
{'a1': 0.7000000000000001, 'a4': 0.5, 'G_theta': 2, 'G_k': 2, 'U_b': 2, 'U_a': 1, 'mia': 0.45759249109897515}
{'a1': 0.1, 'a4': 0.30000000000000004, 'G_theta': 2, 'G_k': 2, 'U_b': 2, 'U_a': 1, 'mia': 0.4576659483271579}
{'a1': 0.2, 'a4': 0.30000000000000004, 'G_theta': 1, 'G_k': 2, 'U_b': 2, 'U_a': 1, 'mia': 0.4576659483271579}
{'a1': 0.1, 'a4': 0.5, 'G_theta': 0.5, 'G_k': 1, 'U_b': 1, 'U_a': 0, 'mia': 0.4577517683033222}
{'a1': 0.4, 'a4': 0.5, 'G_theta': 3, 'G_k': 2, 'U_b': 2, 'U_a': 1, 'mia': 0.4577846905172661}
{'a1': 0.6, 'a4': 0.5, 'G_theta': 2, 'G_k': 2, 'U_b': 2, 'U_a': 1, 'mia': 0.4577846905172661}
{'a1': 0.5, 'a4': 0.9, 'G_theta': 1, 'G_k': 2, 'U_b': 1, 'U_a': 0, 'mia': 0.45784937652271707}
{'a1': 0.2, 'a4': 0.4, 'G_theta': 2, 'G_k': 2, 'U_b': 2, 'U_a': 1, 'mia': 0.45790069752053475}
{'a1': 0.4, 'a4': 0.4, 'G_theta': 1, 'G_k': 2, 'U_b': 2, 'U_a': 1, 'mia': 0.45790069752053475}
{'a1': 0.1, 'a4': 0.8, 'G_theta': 3, 'G_k': 2, 'U_b': 1, 'U_a': 0, 'mia': 0.45794773979411774}
{'a1': 0.30000000000000004, 'a4': 0.8, 'G_theta': 1, 'G_k': 2, 'U_b': 1, 'U_a': 0, 'mia': 0.45794773979411774}
{'a1': 0.1, 'a4': 0.7000000000000001, 'G_theta': 2, 'G_k': 2, 'U_b': 1, 'U_a': 0, 'mia': 0.45799283923096634}
{'a1': 0.2, 'a4': 0.7000000000000001, 'G_theta': 1, 'G_k': 2, 'U_b': 1, 'U_a': 0, 'mia': 0.45799283923096634}
{'a1': 0.5, 'a4': 0.5, 'G_theta': 2, 'G_k': 2, 'U_b': 2, 'U_a': 1, 'mia': 0.45811518161596065}
{'a1': 0.1, 'a4': 0.4, 'G_theta': 1, 'G_k': 2, 'U_b': 1, 'U_a': 0, 'mia': 0.45813681000858697}
{'a1': 0.30000000000000004, 'a4': 0.5, 'G_theta': 3, 'G_k': 2, 'U_b': 2, 'U_a': 1, 'mia': 0.45837788376280764}
{'a1': 0.9, 'a4': 0.5, 'G_theta': 1, 'G_k': 2, 'U_b': 2, 'U_a': 1, 'mia': 0.45837788376280764}
{'a1': 0.2, 'a4': 0.9, 'G_theta': 2, 'G_k': 2, 'U_b': 1, 'U_a': 0, 'mia': 0.4583890981364007}
{'a1': 0.4, 'a4': 0.9, 'G_theta': 1, 'G_k': 2, 'U_b': 1, 'U_a': 0, 'mia': 0.4583890981364007}
{'a1': 0.9, 'a4': 0.6, 'G_theta': 3, 'G_k': 2, 'U_b': 2, 'U_a': 1, 'mia': 0.45845537856724194}
{'a1': 0.4, 'a4': 0.5, 'G_theta': 2, 'G_k': 2, 'U_b': 2, 'U_a': 1, 'mia': 0.45875717817443074}
{'a1': 0.8, 'a4': 0.5, 'G_theta': 1, 'G_k': 2, 'U_b': 2, 'U_a': 1, 'mia': 0.45875717817443074}
{'a1': 0.1, 'a4': 0.4, 'G_theta': 3, 'G_k': 2, 'U_b': 2, 'U_a': 1, 'mia': 0.4587878091619403}
{'a1': 0.30000000000000004, 'a4': 0.4, 'G_theta': 1, 'G_k': 2, 'U_b': 2, 'U_a': 1, 'mia': 0.4587878091619403}
{'a1': 0.8, 'a4': 0.6, 'G_theta': 3, 'G_k': 2, 'U_b': 2, 'U_a': 1, 'mia': 0.4588289255982799}
{'a1': 0.2, 'a4': 0.1, 'G_theta': 0.5, 'G_k': 1, 'U_b': 1, 'U_a': 0, 'mia': 0.458956702991857}
{'a1': 0.1, 'a4': 0.2, 'G_theta': 1, 'G_k': 2, 'U_b': 2, 'U_a': 1, 'mia': 0.4590267643752787}
{'a1': 0.1, 'a4': 0.6, 'G_theta': 0.5, 'G_k': 1, 'U_b': 1, 'U_a': 0, 'mia': 0.45906022338609265}
{'a1': 0.7000000000000001, 'a4': 0.5, 'G_theta': 1, 'G_k': 2, 'U_b': 2, 'U_a': 1, 'mia': 0.4593338427781325}
{'a1': 0.7000000000000001, 'a4': 0.6, 'G_theta': 3, 'G_k': 2, 'U_b': 2, 'U_a': 1, 'mia': 0.45938083649714767}
{'a1': 0.1, 'a4': 0.9, 'G_theta': 3, 'G_k': 2, 'U_b': 1, 'U_a': 0, 'mia': 0.4598156663233953}
{'a1': 0.30000000000000004, 'a4': 0.9, 'G_theta': 1, 'G_k': 2, 'U_b': 1, 'U_a': 0, 'mia': 0.4598156663233953}
{'a1': 0.1, 'a4': 0.8, 'G_theta': 2, 'G_k': 2, 'U_b': 1, 'U_a': 0, 'mia': 0.45991529293917843}
{'a1': 0.2, 'a4': 0.8, 'G_theta': 1, 'G_k': 2, 'U_b': 1, 'U_a': 0, 'mia': 0.45991529293917843}
{'a1': 0.1, 'a4': 0.5, 'G_theta': 1, 'G_k': 2, 'U_b': 1, 'U_a': 0, 'mia': 0.4601006148566634}
{'a1': 0.6, 'a4': 0.6, 'G_theta': 3, 'G_k': 2, 'U_b': 2, 'U_a': 1, 'mia': 0.4602457753739957}
{'a1': 0.9, 'a4': 0.6, 'G_theta': 2, 'G_k': 2, 'U_b': 2, 'U_a': 1, 'mia': 0.4602457753739957}
{'a1': 0.2, 'a4': 0.2, 'G_theta': 0.5, 'G_k': 1, 'U_b': 1, 'U_a': 0, 'mia': 0.46025207420221115}
{'a1': 0.2, 'a4': 0.5, 'G_theta': 3, 'G_k': 2, 'U_b': 2, 'U_a': 1, 'mia': 0.4602729754333873}
{'a1': 0.30000000000000004, 'a4': 0.5, 'G_theta': 2, 'G_k': 2, 'U_b': 2, 'U_a': 1, 'mia': 0.4602729754333873}
{'a1': 0.6, 'a4': 0.5, 'G_theta': 1, 'G_k': 2, 'U_b': 2, 'U_a': 1, 'mia': 0.4602729754333875}
{'a1': 0.1, 'a4': 0.30000000000000004, 'G_theta': 0.5, 'G_k': 1, 'U_b': 2, 'U_a': 1, 'mia': 0.4609399284803599}
{'a1': 0.8, 'a4': 0.6, 'G_theta': 2, 'G_k': 2, 'U_b': 2, 'U_a': 1, 'mia': 0.46112760631574057}
{'a1': 0.2, 'a4': 0.1, 'G_theta': 0.5, 'G_k': 1, 'U_b': 2, 'U_a': 1, 'mia': 0.4615351787461385}
{'a1': 0.5, 'a4': 0.6, 'G_theta': 3, 'G_k': 2, 'U_b': 2, 'U_a': 1, 'mia': 0.4617144052160972}
{'a1': 0.5, 'a4': 0.5, 'G_theta': 1, 'G_k': 2, 'U_b': 2, 'U_a': 1, 'mia': 0.4619567789618154}
{'a1': 0.7000000000000001, 'a4': 0.6, 'G_theta': 2, 'G_k': 2, 'U_b': 2, 'U_a': 1, 'mia': 0.46243935861791263}
{'a1': 0.1, 'a4': 0.4, 'G_theta': 2, 'G_k': 2, 'U_b': 2, 'U_a': 1, 'mia': 0.46269952177439944}
{'a1': 0.2, 'a4': 0.4, 'G_theta': 1, 'G_k': 2, 'U_b': 2, 'U_a': 1, 'mia': 0.46269952177439944}
{'a1': 0.2, 'a4': 0.30000000000000004, 'G_theta': 0.5, 'G_k': 1, 'U_b': 1, 'U_a': 0, 'mia': 0.46275466736419535}
{'a1': 0.1, 'a4': 0.7000000000000001, 'G_theta': 0.5, 'G_k': 1, 'U_b': 1, 'U_a': 0, 'mia': 0.46314973210093857}
{'a1': 0.4, 'a4': 0.6, 'G_theta': 3, 'G_k': 2, 'U_b': 2, 'U_a': 1, 'mia': 0.4645137286090285}
{'a1': 0.6, 'a4': 0.6, 'G_theta': 2, 'G_k': 2, 'U_b': 2, 'U_a': 1, 'mia': 0.4645137286090285}
{'a1': 0.2, 'a4': 0.5, 'G_theta': 2, 'G_k': 2, 'U_b': 2, 'U_a': 1, 'mia': 0.46544512791087855}
{'a1': 0.4, 'a4': 0.5, 'G_theta': 1, 'G_k': 2, 'U_b': 2, 'U_a': 1, 'mia': 0.46544512791087855}
{'a1': 0.1, 'a4': 0.9, 'G_theta': 2, 'G_k': 2, 'U_b': 1, 'U_a': 0, 'mia': 0.46610610171528133}
{'a1': 0.2, 'a4': 0.9, 'G_theta': 1, 'G_k': 2, 'U_b': 1, 'U_a': 0, 'mia': 0.46610610171528133}
{'a1': 0.1, 'a4': 0.6, 'G_theta': 1, 'G_k': 2, 'U_b': 1, 'U_a': 0, 'mia': 0.4661089929690515}
{'a1': 0.9, 'a4': 0.7000000000000001, 'G_theta': 3, 'G_k': 2, 'U_b': 2, 'U_a': 1, 'mia': 0.466441366950088}
{'a1': 0.2, 'a4': 0.4, 'G_theta': 0.5, 'G_k': 1, 'U_b': 1, 'U_a': 0, 'mia': 0.46762426448090166}
{'a1': 0.5, 'a4': 0.6, 'G_theta': 2, 'G_k': 2, 'U_b': 2, 'U_a': 1, 'mia': 0.4680806531277757}
{'a1': 0.8, 'a4': 0.7000000000000001, 'G_theta': 3, 'G_k': 2, 'U_b': 2, 'U_a': 1, 'mia': 0.46907413666031605}
{'a1': 0.30000000000000004, 'a4': 0.6, 'G_theta': 3, 'G_k': 2, 'U_b': 2, 'U_a': 1, 'mia': 0.4709159450087843}
{'a1': 0.9, 'a4': 0.6, 'G_theta': 1, 'G_k': 2, 'U_b': 2, 'U_a': 1, 'mia': 0.4709159450087843}
{'a1': 0.7000000000000001, 'a4': 0.7000000000000001, 'G_theta': 3, 'G_k': 2, 'U_b': 2, 'U_a': 1, 'mia': 0.4729965650810485}
{'a1': 0.1, 'a4': 0.5, 'G_theta': 3, 'G_k': 2, 'U_b': 2, 'U_a': 1, 'mia': 0.4746653854672156}
{'a1': 0.30000000000000004, 'a4': 0.5, 'G_theta': 1, 'G_k': 2, 'U_b': 2, 'U_a': 1, 'mia': 0.4746653854672156}
{'a1': 0.1, 'a4': 0.30000000000000004, 'G_theta': 1, 'G_k': 2, 'U_b': 2, 'U_a': 1, 'mia': 0.4747410934539177}
{'a1': 0.2, 'a4': 0.2, 'G_theta': 0.5, 'G_k': 1, 'U_b': 2, 'U_a': 1, 'mia': 0.4748908460126007}
{'a1': 0.4, 'a4': 0.6, 'G_theta': 2, 'G_k': 2, 'U_b': 2, 'U_a': 1, 'mia': 0.47500959395246456}
{'a1': 0.8, 'a4': 0.6, 'G_theta': 1, 'G_k': 2, 'U_b': 2, 'U_a': 1, 'mia': 0.47500959395246456}
{'a1': 0.1, 'a4': 0.8, 'G_theta': 0.5, 'G_k': 1, 'U_b': 1, 'U_a': 0, 'mia': 0.47614551639921965}
{'a1': 0.2, 'a4': 0.5, 'G_theta': 0.5, 'G_k': 1, 'U_b': 1, 'U_a': 0, 'mia': 0.4771291187707647}
{'a1': 0.6, 'a4': 0.7000000000000001, 'G_theta': 3, 'G_k': 2, 'U_b': 2, 'U_a': 1, 'mia': 0.47921462623052413}
{'a1': 0.9, 'a4': 0.7000000000000001, 'G_theta': 2, 'G_k': 2, 'U_b': 2, 'U_a': 1, 'mia': 0.47921462623052413}
{'a1': 0.7000000000000001, 'a4': 0.6, 'G_theta': 1, 'G_k': 2, 'U_b': 2, 'U_a': 1, 'mia': 0.4812334200196754}
{'a1': 0.1, 'a4': 0.7000000000000001, 'G_theta': 1, 'G_k': 2, 'U_b': 1, 'U_a': 0, 'mia': 0.4848874684773893}
{'a1': 0.8, 'a4': 0.7000000000000001, 'G_theta': 2, 'G_k': 2, 'U_b': 2, 'U_a': 1, 'mia': 0.4856278970329615}
{'a1': 0.9, 'a4': 0.8, 'G_theta': 3, 'G_k': 2, 'U_b': 2, 'U_a': 1, 'mia': 0.4858852330215132}
{'a1': 0.30000000000000004, 'a4': 0.1, 'G_theta': 0.5, 'G_k': 1, 'U_b': 1, 'U_a': 0, 'mia': 0.4867024983331375}
{'a1': 0.5, 'a4': 0.7000000000000001, 'G_theta': 3, 'G_k': 2, 'U_b': 2, 'U_a': 1, 'mia': 0.4899337989642374}
{'a1': 0.2, 'a4': 0.6, 'G_theta': 3, 'G_k': 2, 'U_b': 2, 'U_a': 1, 'mia': 0.4913692914847241}
{'a1': 0.30000000000000004, 'a4': 0.6, 'G_theta': 2, 'G_k': 2, 'U_b': 2, 'U_a': 1, 'mia': 0.4913692914847241}
{'a1': 0.6, 'a4': 0.6, 'G_theta': 1, 'G_k': 2, 'U_b': 2, 'U_a': 1, 'mia': 0.4913692914847241}
{'a1': 0.8, 'a4': 0.8, 'G_theta': 3, 'G_k': 2, 'U_b': 2, 'U_a': 1, 'mia': 0.4942406445914185}
{'a1': 0.1, 'a4': 0.4, 'G_theta': 0.5, 'G_k': 1, 'U_b': 2, 'U_a': 1, 'mia': 0.49496688414870105}
{'a1': 0.7000000000000001, 'a4': 0.7000000000000001, 'G_theta': 2, 'G_k': 2, 'U_b': 2, 'U_a': 1, 'mia': 0.495292392870612}
{'a1': 0.2, 'a4': 0.6, 'G_theta': 0.5, 'G_k': 1, 'U_b': 1, 'U_a': 0, 'mia': 0.49544059395111184}
{'a1': 0.30000000000000004, 'a4': 0.2, 'G_theta': 0.5, 'G_k': 1, 'U_b': 1, 'U_a': 0, 'mia': 0.4970597256233029}
{'a1': 0.7000000000000001, 'a4': 0.8, 'G_theta': 3, 'G_k': 2, 'U_b': 2, 'U_a': 1, 'mia': 0.5068412943330067}
{'a1': 0.30000000000000004, 'a4': 0.1, 'G_theta': 0.5, 'G_k': 1, 'U_b': 2, 'U_a': 1, 'mia': 0.5072361813609604}
{'a1': 0.5, 'a4': 0.6, 'G_theta': 1, 'G_k': 2, 'U_b': 2, 'U_a': 1, 'mia': 0.5095422471852973}
{'a1': 0.4, 'a4': 0.7000000000000001, 'G_theta': 3, 'G_k': 2, 'U_b': 2, 'U_a': 1, 'mia': 0.510826477389452}
{'a1': 0.6, 'a4': 0.7000000000000001, 'G_theta': 2, 'G_k': 2, 'U_b': 2, 'U_a': 1, 'mia': 0.510826477389452}
{'a1': 0.30000000000000004, 'a4': 0.30000000000000004, 'G_theta': 0.5, 'G_k': 1, 'U_b': 1, 'U_a': 0, 'mia': 0.5124239542142639}
{'a1': 0.1, 'a4': 0.5, 'G_theta': 2, 'G_k': 2, 'U_b': 2, 'U_a': 1, 'mia': 0.5153220479783256}
{'a1': 0.2, 'a4': 0.5, 'G_theta': 1, 'G_k': 2, 'U_b': 2, 'U_a': 1, 'mia': 0.5153220479783256}
{'a1': 0.1, 'a4': 0.9, 'G_theta': 0.5, 'G_k': 1, 'U_b': 1, 'U_a': 0, 'mia': 0.5179953815707432}
{'a1': 0.9, 'a4': 0.9, 'G_theta': 3, 'G_k': 2, 'U_b': 2, 'U_a': 1, 'mia': 0.5202461588636202}
{'a1': 0.6, 'a4': 0.8, 'G_theta': 3, 'G_k': 2, 'U_b': 2, 'U_a': 1, 'mia': 0.5270952003993634}
{'a1': 0.9, 'a4': 0.8, 'G_theta': 2, 'G_k': 2, 'U_b': 2, 'U_a': 1, 'mia': 0.5270952003993634}
{'a1': 0.2, 'a4': 0.30000000000000004, 'G_theta': 0.5, 'G_k': 1, 'U_b': 2, 'U_a': 1, 'mia': 0.527406196272501}
{'a1': 0.2, 'a4': 0.7000000000000001, 'G_theta': 0.5, 'G_k': 1, 'U_b': 1, 'U_a': 0, 'mia': 0.5297232458087617}
{'a1': 0.30000000000000004, 'a4': 0.4, 'G_theta': 0.5, 'G_k': 1, 'U_b': 1, 'U_a': 0, 'mia': 0.535010920891382}
{'a1': 0.5, 'a4': 0.7000000000000001, 'G_theta': 2, 'G_k': 2, 'U_b': 2, 'U_a': 1, 'mia': 0.5381386466704174}
{'a1': 0.8, 'a4': 0.9, 'G_theta': 3, 'G_k': 2, 'U_b': 2, 'U_a': 1, 'mia': 0.5391585357530426}
{'a1': 0.1, 'a4': 0.8, 'G_theta': 1, 'G_k': 2, 'U_b': 1, 'U_a': 0, 'mia': 0.5445620777311826}
{'a1': 0.2, 'a4': 0.6, 'G_theta': 2, 'G_k': 2, 'U_b': 2, 'U_a': 1, 'mia': 0.5471913017628753}
{'a1': 0.4, 'a4': 0.6, 'G_theta': 1, 'G_k': 2, 'U_b': 2, 'U_a': 1, 'mia': 0.5471913017628753}
{'a1': 0.8, 'a4': 0.8, 'G_theta': 2, 'G_k': 2, 'U_b': 2, 'U_a': 1, 'mia': 0.5483335265925138}
{'a1': 0.30000000000000004, 'a4': 0.7000000000000001, 'G_theta': 3, 'G_k': 2, 'U_b': 2, 'U_a': 1, 'mia': 0.5603092533165486}
{'a1': 0.9, 'a4': 0.7000000000000001, 'G_theta': 1, 'G_k': 2, 'U_b': 2, 'U_a': 1, 'mia': 0.5603092533165487}
{'a1': 0.5, 'a4': 0.8, 'G_theta': 3, 'G_k': 2, 'U_b': 2, 'U_a': 1, 'mia': 0.5627394317345598}
{'a1': 0.4, 'a4': 0.1, 'G_theta': 0.5, 'G_k': 1, 'U_b': 1, 'U_a': 0, 'mia': 0.567618946681058}
{'a1': 0.30000000000000004, 'a4': 0.5, 'G_theta': 0.5, 'G_k': 1, 'U_b': 1, 'U_a': 0, 'mia': 0.5678649477641222}
{'a1': 0.7000000000000001, 'a4': 0.9, 'G_theta': 3, 'G_k': 2, 'U_b': 2, 'U_a': 1, 'mia': 0.5679763938230836}
{'a1': 0.30000000000000004, 'a4': 0.2, 'G_theta': 0.5, 'G_k': 1, 'U_b': 2, 'U_a': 1, 'mia': 0.5716665901838383}
{'a1': 0.7000000000000001, 'a4': 0.8, 'G_theta': 2, 'G_k': 2, 'U_b': 2, 'U_a': 1, 'mia': 0.5808475275593858}
{'a1': 0.2, 'a4': 0.8, 'G_theta': 0.5, 'G_k': 1, 'U_b': 1, 'U_a': 0, 'mia': 0.5904222256633517}
{'a1': 0.4, 'a4': 0.2, 'G_theta': 0.5, 'G_k': 1, 'U_b': 1, 'U_a': 0, 'mia': 0.5917130750115158}
{'a1': 0.4, 'a4': 0.7000000000000001, 'G_theta': 2, 'G_k': 2, 'U_b': 2, 'U_a': 1, 'mia': 0.5929218223387382}
{'a1': 0.8, 'a4': 0.7000000000000001, 'G_theta': 1, 'G_k': 2, 'U_b': 2, 'U_a': 1, 'mia': 0.5929218223387382}
{'a1': 0.30000000000000004, 'a4': 0.6, 'G_theta': 0.5, 'G_k': 1, 'U_b': 1, 'U_a': 0, 'mia': 0.6148127437409217}
{'a1': 0.4, 'a4': 0.1, 'G_theta': 0.5, 'G_k': 1, 'U_b': 2, 'U_a': 1, 'mia': 0.6149387588096922}
{'a1': 0.6, 'a4': 0.9, 'G_theta': 3, 'G_k': 2, 'U_b': 2, 'U_a': 1, 'mia': 0.6150507388782099}
{'a1': 0.9, 'a4': 0.9, 'G_theta': 2, 'G_k': 2, 'U_b': 2, 'U_a': 1, 'mia': 0.6150507388782099}
{'a1': 0.4, 'a4': 0.30000000000000004, 'G_theta': 0.5, 'G_k': 1, 'U_b': 1, 'U_a': 0, 'mia': 0.6230582555427937}
{'a1': 0.1, 'a4': 0.4, 'G_theta': 1, 'G_k': 2, 'U_b': 2, 'U_a': 1, 'mia': 0.630987345453778}
{'a1': 0.4, 'a4': 0.8, 'G_theta': 3, 'G_k': 2, 'U_b': 2, 'U_a': 1, 'mia': 0.6342895245486269}
{'a1': 0.6, 'a4': 0.8, 'G_theta': 2, 'G_k': 2, 'U_b': 2, 'U_a': 1, 'mia': 0.6342895245486269}
{'a1': 0.7000000000000001, 'a4': 0.7000000000000001, 'G_theta': 1, 'G_k': 2, 'U_b': 2, 'U_a': 1, 'mia': 0.6436683120972816}
{'a1': 0.1, 'a4': 0.6, 'G_theta': 3, 'G_k': 2, 'U_b': 2, 'U_a': 1, 'mia': 0.6467037029493168}
{'a1': 0.30000000000000004, 'a4': 0.6, 'G_theta': 1, 'G_k': 2, 'U_b': 2, 'U_a': 1, 'mia': 0.6467037029493168}
{'a1': 0.4, 'a4': 0.4, 'G_theta': 0.5, 'G_k': 1, 'U_b': 1, 'U_a': 0, 'mia': 0.6634264575300535}
{'a1': 0.8, 'a4': 0.9, 'G_theta': 2, 'G_k': 2, 'U_b': 2, 'U_a': 1, 'mia': 0.6651159941021801}
{'a1': 0.30000000000000004, 'a4': 0.7000000000000001, 'G_theta': 0.5, 'G_k': 1, 'U_b': 1, 'U_a': 0, 'mia': 0.6798980344930712}
{'a1': 0.2, 'a4': 0.9, 'G_theta': 0.5, 'G_k': 1, 'U_b': 1, 'U_a': 0, 'mia': 0.6878142855709297}
{'a1': 0.5, 'a4': 0.1, 'G_theta': 0.5, 'G_k': 1, 'U_b': 1, 'U_a': 0, 'mia': 0.6919281864269574}
{'a1': 0.5, 'a4': 0.9, 'G_theta': 3, 'G_k': 2, 'U_b': 2, 'U_a': 1, 'mia': 0.6995557323694941}
{'a1': 0.2, 'a4': 0.4, 'G_theta': 0.5, 'G_k': 1, 'U_b': 2, 'U_a': 1, 'mia': 0.7081183765058345}
{'a1': 0.30000000000000004, 'a4': 0.30000000000000004, 'G_theta': 0.5, 'G_k': 1, 'U_b': 2, 'U_a': 1, 'mia': 0.7112298602362392}
{'a1': 0.4, 'a4': 0.5, 'G_theta': 0.5, 'G_k': 1, 'U_b': 1, 'U_a': 0, 'mia': 0.714583504026735}
{'a1': 0.5, 'a4': 0.2, 'G_theta': 0.5, 'G_k': 1, 'U_b': 1, 'U_a': 0, 'mia': 0.7266547572555473}
{'a1': 0.30000000000000004, 'a4': 0.7000000000000001, 'G_theta': 2, 'G_k': 2, 'U_b': 2, 'U_a': 1, 'mia': 0.7288433268214785}
{'a1': 0.2, 'a4': 0.7000000000000001, 'G_theta': 3, 'G_k': 2, 'U_b': 2, 'U_a': 1, 'mia': 0.7288433268214787}
{'a1': 0.6, 'a4': 0.7000000000000001, 'G_theta': 1, 'G_k': 2, 'U_b': 2, 'U_a': 1, 'mia': 0.7288433268214787}
{'a1': 0.4, 'a4': 0.2, 'G_theta': 0.5, 'G_k': 1, 'U_b': 2, 'U_a': 1, 'mia': 0.7311243534159904}
{'a1': 0.5, 'a4': 0.8, 'G_theta': 2, 'G_k': 2, 'U_b': 2, 'U_a': 1, 'mia': 0.7311810319157304}
{'a1': 0.1, 'a4': 0.9, 'G_theta': 1, 'G_k': 2, 'U_b': 1, 'U_a': 0, 'mia': 0.7367298956270001}
{'a1': 0.7000000000000001, 'a4': 0.9, 'G_theta': 2, 'G_k': 2, 'U_b': 2, 'U_a': 1, 'mia': 0.7432013622133724}
{'a1': 0.5, 'a4': 0.1, 'G_theta': 0.5, 'G_k': 1, 'U_b': 2, 'U_a': 1, 'mia': 0.7604420913011786}
{'a1': 0.30000000000000004, 'a4': 0.8, 'G_theta': 0.5, 'G_k': 1, 'U_b': 1, 'U_a': 0, 'mia': 0.766086108747617}
{'a1': 0.5, 'a4': 0.30000000000000004, 'G_theta': 0.5, 'G_k': 1, 'U_b': 1, 'U_a': 0, 'mia': 0.7690413304637566}
{'a1': 0.4, 'a4': 0.6, 'G_theta': 0.5, 'G_k': 1, 'U_b': 1, 'U_a': 0, 'mia': 0.7783941042818479}
{'a1': 0.30000000000000004, 'a4': 0.8, 'G_theta': 3, 'G_k': 2, 'U_b': 2, 'U_a': 1, 'mia': 0.8120625458616492}
{'a1': 0.9, 'a4': 0.8, 'G_theta': 1, 'G_k': 2, 'U_b': 2, 'U_a': 1, 'mia': 0.8120625458616494}
{'a1': 0.1, 'a4': 0.5, 'G_theta': 0.5, 'G_k': 1, 'U_b': 2, 'U_a': 1, 'mia': 0.8183054203923412}
{'a1': 0.5, 'a4': 0.4, 'G_theta': 0.5, 'G_k': 1, 'U_b': 1, 'U_a': 0, 'mia': 0.8197159629064795}
{'a1': 0.6, 'a4': 0.1, 'G_theta': 0.5, 'G_k': 1, 'U_b': 1, 'U_a': 0, 'mia': 0.8358461064223437}
{'a1': 0.4, 'a4': 0.7000000000000001, 'G_theta': 0.5, 'G_k': 1, 'U_b': 1, 'U_a': 0, 'mia': 0.8554287498210572}
{'a1': 0.30000000000000004, 'a4': 0.9, 'G_theta': 0.5, 'G_k': 1, 'U_b': 1, 'U_a': 0, 'mia': 0.8728720998275648}
{'a1': 0.4, 'a4': 0.9, 'G_theta': 3, 'G_k': 2, 'U_b': 2, 'U_a': 1, 'mia': 0.8744052423740238}
{'a1': 0.6, 'a4': 0.9, 'G_theta': 2, 'G_k': 2, 'U_b': 2, 'U_a': 1, 'mia': 0.8744052423740238}
{'a1': 0.6, 'a4': 0.2, 'G_theta': 0.5, 'G_k': 1, 'U_b': 1, 'U_a': 0, 'mia': 0.8772034625352693}
{'a1': 0.5, 'a4': 0.5, 'G_theta': 0.5, 'G_k': 1, 'U_b': 1, 'U_a': 0, 'mia': 0.8792326699248866}
{'a1': 0.5, 'a4': 0.7000000000000001, 'G_theta': 1, 'G_k': 2, 'U_b': 2, 'U_a': 1, 'mia': 0.8877193179104229}
{'a1': 0.5, 'a4': 0.2, 'G_theta': 0.5, 'G_k': 1, 'U_b': 2, 'U_a': 1, 'mia': 0.9059290475643937}
{'a1': 0.6, 'a4': 0.1, 'G_theta': 0.5, 'G_k': 1, 'U_b': 2, 'U_a': 1, 'mia': 0.9161236628883398}
{'a1': 0.4, 'a4': 0.30000000000000004, 'G_theta': 0.5, 'G_k': 1, 'U_b': 2, 'U_a': 1, 'mia': 0.9183900754536443}
{'a1': 0.6, 'a4': 0.30000000000000004, 'G_theta': 0.5, 'G_k': 1, 'U_b': 1, 'U_a': 0, 'mia': 0.9243106487527211}
{'a1': 0.4, 'a4': 0.8, 'G_theta': 2, 'G_k': 2, 'U_b': 2, 'U_a': 1, 'mia': 0.9342709407276639}
{'a1': 0.8, 'a4': 0.8, 'G_theta': 1, 'G_k': 2, 'U_b': 2, 'U_a': 1, 'mia': 0.9342709407276639}
{'a1': 0.4, 'a4': 0.8, 'G_theta': 0.5, 'G_k': 1, 'U_b': 1, 'U_a': 0, 'mia': 0.9452638406197976}
{'a1': 0.5, 'a4': 0.6, 'G_theta': 0.5, 'G_k': 1, 'U_b': 1, 'U_a': 0, 'mia': 0.9479800217477098}
{'a1': 0.30000000000000004, 'a4': 0.4, 'G_theta': 0.5, 'G_k': 1, 'U_b': 2, 'U_a': 1, 'mia': 0.9706997702871419}
{'a1': 0.6, 'a4': 0.4, 'G_theta': 0.5, 'G_k': 1, 'U_b': 1, 'U_a': 0, 'mia': 0.9783053684734917}
{'a1': 0.7000000000000001, 'a4': 0.1, 'G_theta': 0.5, 'G_k': 1, 'U_b': 1, 'U_a': 0, 'mia': 0.982097687318757}
{'a1': 0.1, 'a4': 0.1, 'G_theta': 5, 'G_k': 1, 'U_b': 1, 'U_a': 0, 'mia': 1.0}
{'a1': 0.1, 'a4': 0.1, 'G_theta': 5, 'G_k': 1, 'U_b': 2, 'U_a': 1, 'mia': 1.0}
{'a1': 0.1, 'a4': 0.1, 'G_theta': 9, 'G_k': 0.5, 'U_b': 1, 'U_a': 0, 'mia': 1.0}
{'a1': 0.1, 'a4': 0.1, 'G_theta': 9, 'G_k': 0.5, 'U_b': 2, 'U_a': 1, 'mia': 1.0}
{'a1': 0.1, 'a4': 0.1, 'G_theta': 7.5, 'G_k': 1, 'U_b': 1, 'U_a': 0, 'mia': 1.0}
{'a1': 0.1, 'a4': 0.1, 'G_theta': 7.5, 'G_k': 1, 'U_b': 2, 'U_a': 1, 'mia': 1.0}
{'a1': 0.1, 'a4': 0.2, 'G_theta': 5, 'G_k': 1, 'U_b': 1, 'U_a': 0, 'mia': 1.0}
{'a1': 0.1, 'a4': 0.2, 'G_theta': 5, 'G_k': 1, 'U_b': 2, 'U_a': 1, 'mia': 1.0}
{'a1': 0.1, 'a4': 0.2, 'G_theta': 9, 'G_k': 0.5, 'U_b': 1, 'U_a': 0, 'mia': 1.0}
{'a1': 0.1, 'a4': 0.2, 'G_theta': 9, 'G_k': 0.5, 'U_b': 2, 'U_a': 1, 'mia': 1.0}
{'a1': 0.1, 'a4': 0.2, 'G_theta': 7.5, 'G_k': 1, 'U_b': 1, 'U_a': 0, 'mia': 1.0}
{'a1': 0.1, 'a4': 0.2, 'G_theta': 7.5, 'G_k': 1, 'U_b': 2, 'U_a': 1, 'mia': 1.0}
{'a1': 0.1, 'a4': 0.30000000000000004, 'G_theta': 5, 'G_k': 1, 'U_b': 1, 'U_a': 0, 'mia': 1.0}
{'a1': 0.1, 'a4': 0.30000000000000004, 'G_theta': 5, 'G_k': 1, 'U_b': 2, 'U_a': 1, 'mia': 1.0}
{'a1': 0.1, 'a4': 0.30000000000000004, 'G_theta': 9, 'G_k': 0.5, 'U_b': 1, 'U_a': 0, 'mia': 1.0}
{'a1': 0.1, 'a4': 0.30000000000000004, 'G_theta': 9, 'G_k': 0.5, 'U_b': 2, 'U_a': 1, 'mia': 1.0}
{'a1': 0.1, 'a4': 0.30000000000000004, 'G_theta': 7.5, 'G_k': 1, 'U_b': 1, 'U_a': 0, 'mia': 1.0}
{'a1': 0.1, 'a4': 0.30000000000000004, 'G_theta': 7.5, 'G_k': 1, 'U_b': 2, 'U_a': 1, 'mia': 1.0}
{'a1': 0.1, 'a4': 0.4, 'G_theta': 5, 'G_k': 1, 'U_b': 1, 'U_a': 0, 'mia': 1.0}
{'a1': 0.1, 'a4': 0.4, 'G_theta': 5, 'G_k': 1, 'U_b': 2, 'U_a': 1, 'mia': 1.0}
{'a1': 0.1, 'a4': 0.4, 'G_theta': 9, 'G_k': 0.5, 'U_b': 1, 'U_a': 0, 'mia': 1.0}
{'a1': 0.1, 'a4': 0.4, 'G_theta': 9, 'G_k': 0.5, 'U_b': 2, 'U_a': 1, 'mia': 1.0}
{'a1': 0.1, 'a4': 0.4, 'G_theta': 7.5, 'G_k': 1, 'U_b': 1, 'U_a': 0, 'mia': 1.0}
{'a1': 0.1, 'a4': 0.4, 'G_theta': 7.5, 'G_k': 1, 'U_b': 2, 'U_a': 1, 'mia': 1.0}
{'a1': 0.1, 'a4': 0.5, 'G_theta': 1, 'G_k': 2, 'U_b': 2, 'U_a': 1, 'mia': 1.0}
{'a1': 0.1, 'a4': 0.5, 'G_theta': 5, 'G_k': 1, 'U_b': 1, 'U_a': 0, 'mia': 1.0}
{'a1': 0.1, 'a4': 0.5, 'G_theta': 5, 'G_k': 1, 'U_b': 2, 'U_a': 1, 'mia': 1.0}
{'a1': 0.1, 'a4': 0.5, 'G_theta': 9, 'G_k': 0.5, 'U_b': 1, 'U_a': 0, 'mia': 1.0}
{'a1': 0.1, 'a4': 0.5, 'G_theta': 9, 'G_k': 0.5, 'U_b': 2, 'U_a': 1, 'mia': 1.0}
{'a1': 0.1, 'a4': 0.5, 'G_theta': 7.5, 'G_k': 1, 'U_b': 1, 'U_a': 0, 'mia': 1.0}
{'a1': 0.1, 'a4': 0.5, 'G_theta': 7.5, 'G_k': 1, 'U_b': 2, 'U_a': 1, 'mia': 1.0}
{'a1': 0.1, 'a4': 0.6, 'G_theta': 1, 'G_k': 2, 'U_b': 2, 'U_a': 1, 'mia': 1.0}
{'a1': 0.1, 'a4': 0.6, 'G_theta': 2, 'G_k': 2, 'U_b': 2, 'U_a': 1, 'mia': 1.0}
{'a1': 0.1, 'a4': 0.6, 'G_theta': 5, 'G_k': 1, 'U_b': 1, 'U_a': 0, 'mia': 1.0}
{'a1': 0.1, 'a4': 0.6, 'G_theta': 5, 'G_k': 1, 'U_b': 2, 'U_a': 1, 'mia': 1.0}
{'a1': 0.1, 'a4': 0.6, 'G_theta': 9, 'G_k': 0.5, 'U_b': 1, 'U_a': 0, 'mia': 1.0}
{'a1': 0.1, 'a4': 0.6, 'G_theta': 9, 'G_k': 0.5, 'U_b': 2, 'U_a': 1, 'mia': 1.0}
{'a1': 0.1, 'a4': 0.6, 'G_theta': 7.5, 'G_k': 1, 'U_b': 1, 'U_a': 0, 'mia': 1.0}
{'a1': 0.1, 'a4': 0.6, 'G_theta': 7.5, 'G_k': 1, 'U_b': 2, 'U_a': 1, 'mia': 1.0}
{'a1': 0.1, 'a4': 0.6, 'G_theta': 0.5, 'G_k': 1, 'U_b': 2, 'U_a': 1, 'mia': 1.0}
{'a1': 0.1, 'a4': 0.7000000000000001, 'G_theta': 1, 'G_k': 2, 'U_b': 2, 'U_a': 1, 'mia': 1.0}
{'a1': 0.1, 'a4': 0.7000000000000001, 'G_theta': 2, 'G_k': 2, 'U_b': 2, 'U_a': 1, 'mia': 1.0}
{'a1': 0.1, 'a4': 0.7000000000000001, 'G_theta': 3, 'G_k': 2, 'U_b': 2, 'U_a': 1, 'mia': 1.0}
{'a1': 0.1, 'a4': 0.7000000000000001, 'G_theta': 5, 'G_k': 1, 'U_b': 1, 'U_a': 0, 'mia': 1.0}
{'a1': 0.1, 'a4': 0.7000000000000001, 'G_theta': 5, 'G_k': 1, 'U_b': 2, 'U_a': 1, 'mia': 1.0}
{'a1': 0.1, 'a4': 0.7000000000000001, 'G_theta': 9, 'G_k': 0.5, 'U_b': 1, 'U_a': 0, 'mia': 1.0}
{'a1': 0.1, 'a4': 0.7000000000000001, 'G_theta': 9, 'G_k': 0.5, 'U_b': 2, 'U_a': 1, 'mia': 1.0}
{'a1': 0.1, 'a4': 0.7000000000000001, 'G_theta': 7.5, 'G_k': 1, 'U_b': 1, 'U_a': 0, 'mia': 1.0}
{'a1': 0.1, 'a4': 0.7000000000000001, 'G_theta': 7.5, 'G_k': 1, 'U_b': 2, 'U_a': 1, 'mia': 1.0}
{'a1': 0.1, 'a4': 0.7000000000000001, 'G_theta': 0.5, 'G_k': 1, 'U_b': 2, 'U_a': 1, 'mia': 1.0}
{'a1': 0.1, 'a4': 0.8, 'G_theta': 1, 'G_k': 2, 'U_b': 2, 'U_a': 1, 'mia': 1.0}
{'a1': 0.1, 'a4': 0.8, 'G_theta': 2, 'G_k': 2, 'U_b': 2, 'U_a': 1, 'mia': 1.0}
{'a1': 0.1, 'a4': 0.8, 'G_theta': 3, 'G_k': 2, 'U_b': 2, 'U_a': 1, 'mia': 1.0}
{'a1': 0.1, 'a4': 0.8, 'G_theta': 5, 'G_k': 1, 'U_b': 1, 'U_a': 0, 'mia': 1.0}
{'a1': 0.1, 'a4': 0.8, 'G_theta': 5, 'G_k': 1, 'U_b': 2, 'U_a': 1, 'mia': 1.0}
{'a1': 0.1, 'a4': 0.8, 'G_theta': 9, 'G_k': 0.5, 'U_b': 1, 'U_a': 0, 'mia': 1.0}
{'a1': 0.1, 'a4': 0.8, 'G_theta': 9, 'G_k': 0.5, 'U_b': 2, 'U_a': 1, 'mia': 1.0}
{'a1': 0.1, 'a4': 0.8, 'G_theta': 7.5, 'G_k': 1, 'U_b': 1, 'U_a': 0, 'mia': 1.0}
{'a1': 0.1, 'a4': 0.8, 'G_theta': 7.5, 'G_k': 1, 'U_b': 2, 'U_a': 1, 'mia': 1.0}
{'a1': 0.1, 'a4': 0.8, 'G_theta': 0.5, 'G_k': 1, 'U_b': 2, 'U_a': 1, 'mia': 1.0}
{'a1': 0.1, 'a4': 0.9, 'G_theta': 1, 'G_k': 2, 'U_b': 2, 'U_a': 1, 'mia': 1.0}
{'a1': 0.1, 'a4': 0.9, 'G_theta': 2, 'G_k': 2, 'U_b': 2, 'U_a': 1, 'mia': 1.0}
{'a1': 0.1, 'a4': 0.9, 'G_theta': 3, 'G_k': 2, 'U_b': 2, 'U_a': 1, 'mia': 1.0}
{'a1': 0.1, 'a4': 0.9, 'G_theta': 5, 'G_k': 1, 'U_b': 1, 'U_a': 0, 'mia': 1.0}
{'a1': 0.1, 'a4': 0.9, 'G_theta': 5, 'G_k': 1, 'U_b': 2, 'U_a': 1, 'mia': 1.0}
{'a1': 0.1, 'a4': 0.9, 'G_theta': 9, 'G_k': 0.5, 'U_b': 1, 'U_a': 0, 'mia': 1.0}
{'a1': 0.1, 'a4': 0.9, 'G_theta': 9, 'G_k': 0.5, 'U_b': 2, 'U_a': 1, 'mia': 1.0}
{'a1': 0.1, 'a4': 0.9, 'G_theta': 7.5, 'G_k': 1, 'U_b': 1, 'U_a': 0, 'mia': 1.0}
{'a1': 0.1, 'a4': 0.9, 'G_theta': 7.5, 'G_k': 1, 'U_b': 2, 'U_a': 1, 'mia': 1.0}
{'a1': 0.1, 'a4': 0.9, 'G_theta': 0.5, 'G_k': 1, 'U_b': 2, 'U_a': 1, 'mia': 1.0}
{'a1': 0.2, 'a4': 0.1, 'G_theta': 5, 'G_k': 1, 'U_b': 1, 'U_a': 0, 'mia': 1.0}
{'a1': 0.2, 'a4': 0.1, 'G_theta': 5, 'G_k': 1, 'U_b': 2, 'U_a': 1, 'mia': 1.0}
{'a1': 0.2, 'a4': 0.1, 'G_theta': 9, 'G_k': 0.5, 'U_b': 1, 'U_a': 0, 'mia': 1.0}
{'a1': 0.2, 'a4': 0.1, 'G_theta': 9, 'G_k': 0.5, 'U_b': 2, 'U_a': 1, 'mia': 1.0}
{'a1': 0.2, 'a4': 0.1, 'G_theta': 7.5, 'G_k': 1, 'U_b': 1, 'U_a': 0, 'mia': 1.0}
{'a1': 0.2, 'a4': 0.1, 'G_theta': 7.5, 'G_k': 1, 'U_b': 2, 'U_a': 1, 'mia': 1.0}
{'a1': 0.2, 'a4': 0.2, 'G_theta': 5, 'G_k': 1, 'U_b': 1, 'U_a': 0, 'mia': 1.0}
{'a1': 0.2, 'a4': 0.2, 'G_theta': 5, 'G_k': 1, 'U_b': 2, 'U_a': 1, 'mia': 1.0}
{'a1': 0.2, 'a4': 0.2, 'G_theta': 9, 'G_k': 0.5, 'U_b': 1, 'U_a': 0, 'mia': 1.0}
{'a1': 0.2, 'a4': 0.2, 'G_theta': 9, 'G_k': 0.5, 'U_b': 2, 'U_a': 1, 'mia': 1.0}
{'a1': 0.2, 'a4': 0.2, 'G_theta': 7.5, 'G_k': 1, 'U_b': 1, 'U_a': 0, 'mia': 1.0}
{'a1': 0.2, 'a4': 0.2, 'G_theta': 7.5, 'G_k': 1, 'U_b': 2, 'U_a': 1, 'mia': 1.0}
{'a1': 0.2, 'a4': 0.30000000000000004, 'G_theta': 5, 'G_k': 1, 'U_b': 1, 'U_a': 0, 'mia': 1.0}
{'a1': 0.2, 'a4': 0.30000000000000004, 'G_theta': 5, 'G_k': 1, 'U_b': 2, 'U_a': 1, 'mia': 1.0}
{'a1': 0.2, 'a4': 0.30000000000000004, 'G_theta': 9, 'G_k': 0.5, 'U_b': 1, 'U_a': 0, 'mia': 1.0}
{'a1': 0.2, 'a4': 0.30000000000000004, 'G_theta': 9, 'G_k': 0.5, 'U_b': 2, 'U_a': 1, 'mia': 1.0}
{'a1': 0.2, 'a4': 0.30000000000000004, 'G_theta': 7.5, 'G_k': 1, 'U_b': 1, 'U_a': 0, 'mia': 1.0}
{'a1': 0.2, 'a4': 0.30000000000000004, 'G_theta': 7.5, 'G_k': 1, 'U_b': 2, 'U_a': 1, 'mia': 1.0}
{'a1': 0.2, 'a4': 0.4, 'G_theta': 5, 'G_k': 1, 'U_b': 1, 'U_a': 0, 'mia': 1.0}
{'a1': 0.2, 'a4': 0.4, 'G_theta': 5, 'G_k': 1, 'U_b': 2, 'U_a': 1, 'mia': 1.0}
{'a1': 0.2, 'a4': 0.4, 'G_theta': 9, 'G_k': 0.5, 'U_b': 1, 'U_a': 0, 'mia': 1.0}
{'a1': 0.2, 'a4': 0.4, 'G_theta': 9, 'G_k': 0.5, 'U_b': 2, 'U_a': 1, 'mia': 1.0}
{'a1': 0.2, 'a4': 0.4, 'G_theta': 7.5, 'G_k': 1, 'U_b': 1, 'U_a': 0, 'mia': 1.0}
{'a1': 0.2, 'a4': 0.4, 'G_theta': 7.5, 'G_k': 1, 'U_b': 2, 'U_a': 1, 'mia': 1.0}
{'a1': 0.2, 'a4': 0.5, 'G_theta': 5, 'G_k': 1, 'U_b': 1, 'U_a': 0, 'mia': 1.0}
{'a1': 0.2, 'a4': 0.5, 'G_theta': 5, 'G_k': 1, 'U_b': 2, 'U_a': 1, 'mia': 1.0}
{'a1': 0.2, 'a4': 0.5, 'G_theta': 9, 'G_k': 0.5, 'U_b': 1, 'U_a': 0, 'mia': 1.0}
{'a1': 0.2, 'a4': 0.5, 'G_theta': 9, 'G_k': 0.5, 'U_b': 2, 'U_a': 1, 'mia': 1.0}
{'a1': 0.2, 'a4': 0.5, 'G_theta': 7.5, 'G_k': 1, 'U_b': 1, 'U_a': 0, 'mia': 1.0}
{'a1': 0.2, 'a4': 0.5, 'G_theta': 7.5, 'G_k': 1, 'U_b': 2, 'U_a': 1, 'mia': 1.0}
{'a1': 0.2, 'a4': 0.5, 'G_theta': 0.5, 'G_k': 1, 'U_b': 2, 'U_a': 1, 'mia': 1.0}
{'a1': 0.2, 'a4': 0.6, 'G_theta': 1, 'G_k': 2, 'U_b': 2, 'U_a': 1, 'mia': 1.0}
{'a1': 0.2, 'a4': 0.6, 'G_theta': 5, 'G_k': 1, 'U_b': 1, 'U_a': 0, 'mia': 1.0}
{'a1': 0.2, 'a4': 0.6, 'G_theta': 5, 'G_k': 1, 'U_b': 2, 'U_a': 1, 'mia': 1.0}
{'a1': 0.2, 'a4': 0.6, 'G_theta': 9, 'G_k': 0.5, 'U_b': 1, 'U_a': 0, 'mia': 1.0}
{'a1': 0.2, 'a4': 0.6, 'G_theta': 9, 'G_k': 0.5, 'U_b': 2, 'U_a': 1, 'mia': 1.0}
{'a1': 0.2, 'a4': 0.6, 'G_theta': 7.5, 'G_k': 1, 'U_b': 1, 'U_a': 0, 'mia': 1.0}
{'a1': 0.2, 'a4': 0.6, 'G_theta': 7.5, 'G_k': 1, 'U_b': 2, 'U_a': 1, 'mia': 1.0}
{'a1': 0.2, 'a4': 0.6, 'G_theta': 0.5, 'G_k': 1, 'U_b': 2, 'U_a': 1, 'mia': 1.0}
{'a1': 0.2, 'a4': 0.7000000000000001, 'G_theta': 1, 'G_k': 2, 'U_b': 2, 'U_a': 1, 'mia': 1.0}
{'a1': 0.2, 'a4': 0.7000000000000001, 'G_theta': 2, 'G_k': 2, 'U_b': 2, 'U_a': 1, 'mia': 1.0}
{'a1': 0.2, 'a4': 0.7000000000000001, 'G_theta': 5, 'G_k': 1, 'U_b': 1, 'U_a': 0, 'mia': 1.0}
{'a1': 0.2, 'a4': 0.7000000000000001, 'G_theta': 5, 'G_k': 1, 'U_b': 2, 'U_a': 1, 'mia': 1.0}
{'a1': 0.2, 'a4': 0.7000000000000001, 'G_theta': 9, 'G_k': 0.5, 'U_b': 1, 'U_a': 0, 'mia': 1.0}
{'a1': 0.2, 'a4': 0.7000000000000001, 'G_theta': 9, 'G_k': 0.5, 'U_b': 2, 'U_a': 1, 'mia': 1.0}
{'a1': 0.2, 'a4': 0.7000000000000001, 'G_theta': 7.5, 'G_k': 1, 'U_b': 1, 'U_a': 0, 'mia': 1.0}
{'a1': 0.2, 'a4': 0.7000000000000001, 'G_theta': 7.5, 'G_k': 1, 'U_b': 2, 'U_a': 1, 'mia': 1.0}
{'a1': 0.2, 'a4': 0.7000000000000001, 'G_theta': 0.5, 'G_k': 1, 'U_b': 2, 'U_a': 1, 'mia': 1.0}
{'a1': 0.2, 'a4': 0.8, 'G_theta': 1, 'G_k': 2, 'U_b': 2, 'U_a': 1, 'mia': 1.0}
{'a1': 0.2, 'a4': 0.8, 'G_theta': 2, 'G_k': 2, 'U_b': 2, 'U_a': 1, 'mia': 1.0}
{'a1': 0.2, 'a4': 0.8, 'G_theta': 3, 'G_k': 2, 'U_b': 2, 'U_a': 1, 'mia': 1.0}
{'a1': 0.2, 'a4': 0.8, 'G_theta': 5, 'G_k': 1, 'U_b': 1, 'U_a': 0, 'mia': 1.0}
{'a1': 0.2, 'a4': 0.8, 'G_theta': 5, 'G_k': 1, 'U_b': 2, 'U_a': 1, 'mia': 1.0}
{'a1': 0.2, 'a4': 0.8, 'G_theta': 9, 'G_k': 0.5, 'U_b': 1, 'U_a': 0, 'mia': 1.0}
{'a1': 0.2, 'a4': 0.8, 'G_theta': 9, 'G_k': 0.5, 'U_b': 2, 'U_a': 1, 'mia': 1.0}
{'a1': 0.2, 'a4': 0.8, 'G_theta': 7.5, 'G_k': 1, 'U_b': 1, 'U_a': 0, 'mia': 1.0}
{'a1': 0.2, 'a4': 0.8, 'G_theta': 7.5, 'G_k': 1, 'U_b': 2, 'U_a': 1, 'mia': 1.0}
{'a1': 0.2, 'a4': 0.8, 'G_theta': 0.5, 'G_k': 1, 'U_b': 2, 'U_a': 1, 'mia': 1.0}
{'a1': 0.2, 'a4': 0.9, 'G_theta': 1, 'G_k': 2, 'U_b': 2, 'U_a': 1, 'mia': 1.0}
{'a1': 0.2, 'a4': 0.9, 'G_theta': 2, 'G_k': 2, 'U_b': 2, 'U_a': 1, 'mia': 1.0}
{'a1': 0.2, 'a4': 0.9, 'G_theta': 3, 'G_k': 2, 'U_b': 2, 'U_a': 1, 'mia': 1.0}
{'a1': 0.2, 'a4': 0.9, 'G_theta': 5, 'G_k': 1, 'U_b': 1, 'U_a': 0, 'mia': 1.0}
{'a1': 0.2, 'a4': 0.9, 'G_theta': 5, 'G_k': 1, 'U_b': 2, 'U_a': 1, 'mia': 1.0}
{'a1': 0.2, 'a4': 0.9, 'G_theta': 9, 'G_k': 0.5, 'U_b': 1, 'U_a': 0, 'mia': 1.0}
{'a1': 0.2, 'a4': 0.9, 'G_theta': 9, 'G_k': 0.5, 'U_b': 2, 'U_a': 1, 'mia': 1.0}
{'a1': 0.2, 'a4': 0.9, 'G_theta': 7.5, 'G_k': 1, 'U_b': 1, 'U_a': 0, 'mia': 1.0}
{'a1': 0.2, 'a4': 0.9, 'G_theta': 7.5, 'G_k': 1, 'U_b': 2, 'U_a': 1, 'mia': 1.0}
{'a1': 0.2, 'a4': 0.9, 'G_theta': 0.5, 'G_k': 1, 'U_b': 2, 'U_a': 1, 'mia': 1.0}
{'a1': 0.30000000000000004, 'a4': 0.1, 'G_theta': 5, 'G_k': 1, 'U_b': 1, 'U_a': 0, 'mia': 1.0}
{'a1': 0.30000000000000004, 'a4': 0.1, 'G_theta': 5, 'G_k': 1, 'U_b': 2, 'U_a': 1, 'mia': 1.0}
{'a1': 0.30000000000000004, 'a4': 0.1, 'G_theta': 9, 'G_k': 0.5, 'U_b': 1, 'U_a': 0, 'mia': 1.0}
{'a1': 0.30000000000000004, 'a4': 0.1, 'G_theta': 9, 'G_k': 0.5, 'U_b': 2, 'U_a': 1, 'mia': 1.0}
{'a1': 0.30000000000000004, 'a4': 0.1, 'G_theta': 7.5, 'G_k': 1, 'U_b': 1, 'U_a': 0, 'mia': 1.0}
{'a1': 0.30000000000000004, 'a4': 0.1, 'G_theta': 7.5, 'G_k': 1, 'U_b': 2, 'U_a': 1, 'mia': 1.0}
{'a1': 0.30000000000000004, 'a4': 0.2, 'G_theta': 5, 'G_k': 1, 'U_b': 1, 'U_a': 0, 'mia': 1.0}
{'a1': 0.30000000000000004, 'a4': 0.2, 'G_theta': 5, 'G_k': 1, 'U_b': 2, 'U_a': 1, 'mia': 1.0}
{'a1': 0.30000000000000004, 'a4': 0.2, 'G_theta': 9, 'G_k': 0.5, 'U_b': 1, 'U_a': 0, 'mia': 1.0}
{'a1': 0.30000000000000004, 'a4': 0.2, 'G_theta': 9, 'G_k': 0.5, 'U_b': 2, 'U_a': 1, 'mia': 1.0}
{'a1': 0.30000000000000004, 'a4': 0.2, 'G_theta': 7.5, 'G_k': 1, 'U_b': 1, 'U_a': 0, 'mia': 1.0}
{'a1': 0.30000000000000004, 'a4': 0.2, 'G_theta': 7.5, 'G_k': 1, 'U_b': 2, 'U_a': 1, 'mia': 1.0}
{'a1': 0.30000000000000004, 'a4': 0.30000000000000004, 'G_theta': 5, 'G_k': 1, 'U_b': 1, 'U_a': 0, 'mia': 1.0}
{'a1': 0.30000000000000004, 'a4': 0.30000000000000004, 'G_theta': 5, 'G_k': 1, 'U_b': 2, 'U_a': 1, 'mia': 1.0}
{'a1': 0.30000000000000004, 'a4': 0.30000000000000004, 'G_theta': 9, 'G_k': 0.5, 'U_b': 1, 'U_a': 0, 'mia': 1.0}
{'a1': 0.30000000000000004, 'a4': 0.30000000000000004, 'G_theta': 9, 'G_k': 0.5, 'U_b': 2, 'U_a': 1, 'mia': 1.0}
{'a1': 0.30000000000000004, 'a4': 0.30000000000000004, 'G_theta': 7.5, 'G_k': 1, 'U_b': 1, 'U_a': 0, 'mia': 1.0}
{'a1': 0.30000000000000004, 'a4': 0.30000000000000004, 'G_theta': 7.5, 'G_k': 1, 'U_b': 2, 'U_a': 1, 'mia': 1.0}
{'a1': 0.30000000000000004, 'a4': 0.4, 'G_theta': 5, 'G_k': 1, 'U_b': 1, 'U_a': 0, 'mia': 1.0}
{'a1': 0.30000000000000004, 'a4': 0.4, 'G_theta': 5, 'G_k': 1, 'U_b': 2, 'U_a': 1, 'mia': 1.0}
{'a1': 0.30000000000000004, 'a4': 0.4, 'G_theta': 9, 'G_k': 0.5, 'U_b': 1, 'U_a': 0, 'mia': 1.0}
{'a1': 0.30000000000000004, 'a4': 0.4, 'G_theta': 9, 'G_k': 0.5, 'U_b': 2, 'U_a': 1, 'mia': 1.0}
{'a1': 0.30000000000000004, 'a4': 0.4, 'G_theta': 7.5, 'G_k': 1, 'U_b': 1, 'U_a': 0, 'mia': 1.0}
{'a1': 0.30000000000000004, 'a4': 0.4, 'G_theta': 7.5, 'G_k': 1, 'U_b': 2, 'U_a': 1, 'mia': 1.0}
{'a1': 0.30000000000000004, 'a4': 0.5, 'G_theta': 5, 'G_k': 1, 'U_b': 1, 'U_a': 0, 'mia': 1.0}
{'a1': 0.30000000000000004, 'a4': 0.5, 'G_theta': 5, 'G_k': 1, 'U_b': 2, 'U_a': 1, 'mia': 1.0}
{'a1': 0.30000000000000004, 'a4': 0.5, 'G_theta': 9, 'G_k': 0.5, 'U_b': 1, 'U_a': 0, 'mia': 1.0}
{'a1': 0.30000000000000004, 'a4': 0.5, 'G_theta': 9, 'G_k': 0.5, 'U_b': 2, 'U_a': 1, 'mia': 1.0}
{'a1': 0.30000000000000004, 'a4': 0.5, 'G_theta': 7.5, 'G_k': 1, 'U_b': 1, 'U_a': 0, 'mia': 1.0}
{'a1': 0.30000000000000004, 'a4': 0.5, 'G_theta': 7.5, 'G_k': 1, 'U_b': 2, 'U_a': 1, 'mia': 1.0}
{'a1': 0.30000000000000004, 'a4': 0.5, 'G_theta': 0.5, 'G_k': 1, 'U_b': 2, 'U_a': 1, 'mia': 1.0}
{'a1': 0.30000000000000004, 'a4': 0.6, 'G_theta': 5, 'G_k': 1, 'U_b': 1, 'U_a': 0, 'mia': 1.0}
{'a1': 0.30000000000000004, 'a4': 0.6, 'G_theta': 5, 'G_k': 1, 'U_b': 2, 'U_a': 1, 'mia': 1.0}
{'a1': 0.30000000000000004, 'a4': 0.6, 'G_theta': 9, 'G_k': 0.5, 'U_b': 1, 'U_a': 0, 'mia': 1.0}
{'a1': 0.30000000000000004, 'a4': 0.6, 'G_theta': 9, 'G_k': 0.5, 'U_b': 2, 'U_a': 1, 'mia': 1.0}
{'a1': 0.30000000000000004, 'a4': 0.6, 'G_theta': 7.5, 'G_k': 1, 'U_b': 1, 'U_a': 0, 'mia': 1.0}
{'a1': 0.30000000000000004, 'a4': 0.6, 'G_theta': 7.5, 'G_k': 1, 'U_b': 2, 'U_a': 1, 'mia': 1.0}
{'a1': 0.30000000000000004, 'a4': 0.6, 'G_theta': 0.5, 'G_k': 1, 'U_b': 2, 'U_a': 1, 'mia': 1.0}
{'a1': 0.30000000000000004, 'a4': 0.7000000000000001, 'G_theta': 1, 'G_k': 2, 'U_b': 2, 'U_a': 1, 'mia': 1.0}
{'a1': 0.30000000000000004, 'a4': 0.7000000000000001, 'G_theta': 5, 'G_k': 1, 'U_b': 1, 'U_a': 0, 'mia': 1.0}
{'a1': 0.30000000000000004, 'a4': 0.7000000000000001, 'G_theta': 5, 'G_k': 1, 'U_b': 2, 'U_a': 1, 'mia': 1.0}
{'a1': 0.30000000000000004, 'a4': 0.7000000000000001, 'G_theta': 9, 'G_k': 0.5, 'U_b': 1, 'U_a': 0, 'mia': 1.0}
{'a1': 0.30000000000000004, 'a4': 0.7000000000000001, 'G_theta': 9, 'G_k': 0.5, 'U_b': 2, 'U_a': 1, 'mia': 1.0}
{'a1': 0.30000000000000004, 'a4': 0.7000000000000001, 'G_theta': 7.5, 'G_k': 1, 'U_b': 1, 'U_a': 0, 'mia': 1.0}
{'a1': 0.30000000000000004, 'a4': 0.7000000000000001, 'G_theta': 7.5, 'G_k': 1, 'U_b': 2, 'U_a': 1, 'mia': 1.0}
{'a1': 0.30000000000000004, 'a4': 0.7000000000000001, 'G_theta': 0.5, 'G_k': 1, 'U_b': 2, 'U_a': 1, 'mia': 1.0}
{'a1': 0.30000000000000004, 'a4': 0.8, 'G_theta': 1, 'G_k': 2, 'U_b': 2, 'U_a': 1, 'mia': 1.0}
{'a1': 0.30000000000000004, 'a4': 0.8, 'G_theta': 2, 'G_k': 2, 'U_b': 2, 'U_a': 1, 'mia': 1.0}
{'a1': 0.30000000000000004, 'a4': 0.8, 'G_theta': 5, 'G_k': 1, 'U_b': 1, 'U_a': 0, 'mia': 1.0}
{'a1': 0.30000000000000004, 'a4': 0.8, 'G_theta': 5, 'G_k': 1, 'U_b': 2, 'U_a': 1, 'mia': 1.0}
{'a1': 0.30000000000000004, 'a4': 0.8, 'G_theta': 9, 'G_k': 0.5, 'U_b': 1, 'U_a': 0, 'mia': 1.0}
{'a1': 0.30000000000000004, 'a4': 0.8, 'G_theta': 9, 'G_k': 0.5, 'U_b': 2, 'U_a': 1, 'mia': 1.0}
{'a1': 0.30000000000000004, 'a4': 0.8, 'G_theta': 7.5, 'G_k': 1, 'U_b': 1, 'U_a': 0, 'mia': 1.0}
{'a1': 0.30000000000000004, 'a4': 0.8, 'G_theta': 7.5, 'G_k': 1, 'U_b': 2, 'U_a': 1, 'mia': 1.0}
{'a1': 0.30000000000000004, 'a4': 0.8, 'G_theta': 0.5, 'G_k': 1, 'U_b': 2, 'U_a': 1, 'mia': 1.0}
{'a1': 0.30000000000000004, 'a4': 0.9, 'G_theta': 1, 'G_k': 2, 'U_b': 2, 'U_a': 1, 'mia': 1.0}
{'a1': 0.30000000000000004, 'a4': 0.9, 'G_theta': 2, 'G_k': 2, 'U_b': 2, 'U_a': 1, 'mia': 1.0}
{'a1': 0.30000000000000004, 'a4': 0.9, 'G_theta': 3, 'G_k': 2, 'U_b': 2, 'U_a': 1, 'mia': 1.0}
{'a1': 0.30000000000000004, 'a4': 0.9, 'G_theta': 5, 'G_k': 1, 'U_b': 1, 'U_a': 0, 'mia': 1.0}
{'a1': 0.30000000000000004, 'a4': 0.9, 'G_theta': 5, 'G_k': 1, 'U_b': 2, 'U_a': 1, 'mia': 1.0}
{'a1': 0.30000000000000004, 'a4': 0.9, 'G_theta': 9, 'G_k': 0.5, 'U_b': 1, 'U_a': 0, 'mia': 1.0}
{'a1': 0.30000000000000004, 'a4': 0.9, 'G_theta': 9, 'G_k': 0.5, 'U_b': 2, 'U_a': 1, 'mia': 1.0}
{'a1': 0.30000000000000004, 'a4': 0.9, 'G_theta': 7.5, 'G_k': 1, 'U_b': 1, 'U_a': 0, 'mia': 1.0}
{'a1': 0.30000000000000004, 'a4': 0.9, 'G_theta': 7.5, 'G_k': 1, 'U_b': 2, 'U_a': 1, 'mia': 1.0}
{'a1': 0.30000000000000004, 'a4': 0.9, 'G_theta': 0.5, 'G_k': 1, 'U_b': 2, 'U_a': 1, 'mia': 1.0}
{'a1': 0.4, 'a4': 0.1, 'G_theta': 5, 'G_k': 1, 'U_b': 1, 'U_a': 0, 'mia': 1.0}
{'a1': 0.4, 'a4': 0.1, 'G_theta': 5, 'G_k': 1, 'U_b': 2, 'U_a': 1, 'mia': 1.0}
{'a1': 0.4, 'a4': 0.1, 'G_theta': 9, 'G_k': 0.5, 'U_b': 1, 'U_a': 0, 'mia': 1.0}
{'a1': 0.4, 'a4': 0.1, 'G_theta': 9, 'G_k': 0.5, 'U_b': 2, 'U_a': 1, 'mia': 1.0}
{'a1': 0.4, 'a4': 0.1, 'G_theta': 7.5, 'G_k': 1, 'U_b': 1, 'U_a': 0, 'mia': 1.0}
{'a1': 0.4, 'a4': 0.1, 'G_theta': 7.5, 'G_k': 1, 'U_b': 2, 'U_a': 1, 'mia': 1.0}
{'a1': 0.4, 'a4': 0.2, 'G_theta': 5, 'G_k': 1, 'U_b': 1, 'U_a': 0, 'mia': 1.0}
{'a1': 0.4, 'a4': 0.2, 'G_theta': 5, 'G_k': 1, 'U_b': 2, 'U_a': 1, 'mia': 1.0}
{'a1': 0.4, 'a4': 0.2, 'G_theta': 9, 'G_k': 0.5, 'U_b': 1, 'U_a': 0, 'mia': 1.0}
{'a1': 0.4, 'a4': 0.2, 'G_theta': 9, 'G_k': 0.5, 'U_b': 2, 'U_a': 1, 'mia': 1.0}
{'a1': 0.4, 'a4': 0.2, 'G_theta': 7.5, 'G_k': 1, 'U_b': 1, 'U_a': 0, 'mia': 1.0}
{'a1': 0.4, 'a4': 0.2, 'G_theta': 7.5, 'G_k': 1, 'U_b': 2, 'U_a': 1, 'mia': 1.0}
{'a1': 0.4, 'a4': 0.30000000000000004, 'G_theta': 5, 'G_k': 1, 'U_b': 1, 'U_a': 0, 'mia': 1.0}
{'a1': 0.4, 'a4': 0.30000000000000004, 'G_theta': 5, 'G_k': 1, 'U_b': 2, 'U_a': 1, 'mia': 1.0}
{'a1': 0.4, 'a4': 0.30000000000000004, 'G_theta': 9, 'G_k': 0.5, 'U_b': 1, 'U_a': 0, 'mia': 1.0}
{'a1': 0.4, 'a4': 0.30000000000000004, 'G_theta': 9, 'G_k': 0.5, 'U_b': 2, 'U_a': 1, 'mia': 1.0}
{'a1': 0.4, 'a4': 0.30000000000000004, 'G_theta': 7.5, 'G_k': 1, 'U_b': 1, 'U_a': 0, 'mia': 1.0}
{'a1': 0.4, 'a4': 0.30000000000000004, 'G_theta': 7.5, 'G_k': 1, 'U_b': 2, 'U_a': 1, 'mia': 1.0}
{'a1': 0.4, 'a4': 0.4, 'G_theta': 5, 'G_k': 1, 'U_b': 1, 'U_a': 0, 'mia': 1.0}
{'a1': 0.4, 'a4': 0.4, 'G_theta': 5, 'G_k': 1, 'U_b': 2, 'U_a': 1, 'mia': 1.0}
{'a1': 0.4, 'a4': 0.4, 'G_theta': 9, 'G_k': 0.5, 'U_b': 1, 'U_a': 0, 'mia': 1.0}
{'a1': 0.4, 'a4': 0.4, 'G_theta': 9, 'G_k': 0.5, 'U_b': 2, 'U_a': 1, 'mia': 1.0}
{'a1': 0.4, 'a4': 0.4, 'G_theta': 7.5, 'G_k': 1, 'U_b': 1, 'U_a': 0, 'mia': 1.0}
{'a1': 0.4, 'a4': 0.4, 'G_theta': 7.5, 'G_k': 1, 'U_b': 2, 'U_a': 1, 'mia': 1.0}
{'a1': 0.4, 'a4': 0.4, 'G_theta': 0.5, 'G_k': 1, 'U_b': 2, 'U_a': 1, 'mia': 1.0}
{'a1': 0.4, 'a4': 0.5, 'G_theta': 5, 'G_k': 1, 'U_b': 1, 'U_a': 0, 'mia': 1.0}
{'a1': 0.4, 'a4': 0.5, 'G_theta': 5, 'G_k': 1, 'U_b': 2, 'U_a': 1, 'mia': 1.0}
{'a1': 0.4, 'a4': 0.5, 'G_theta': 9, 'G_k': 0.5, 'U_b': 1, 'U_a': 0, 'mia': 1.0}
{'a1': 0.4, 'a4': 0.5, 'G_theta': 9, 'G_k': 0.5, 'U_b': 2, 'U_a': 1, 'mia': 1.0}
{'a1': 0.4, 'a4': 0.5, 'G_theta': 7.5, 'G_k': 1, 'U_b': 1, 'U_a': 0, 'mia': 1.0}
{'a1': 0.4, 'a4': 0.5, 'G_theta': 7.5, 'G_k': 1, 'U_b': 2, 'U_a': 1, 'mia': 1.0}
{'a1': 0.4, 'a4': 0.5, 'G_theta': 0.5, 'G_k': 1, 'U_b': 2, 'U_a': 1, 'mia': 1.0}
{'a1': 0.4, 'a4': 0.6, 'G_theta': 5, 'G_k': 1, 'U_b': 1, 'U_a': 0, 'mia': 1.0}
{'a1': 0.4, 'a4': 0.6, 'G_theta': 5, 'G_k': 1, 'U_b': 2, 'U_a': 1, 'mia': 1.0}
{'a1': 0.4, 'a4': 0.6, 'G_theta': 9, 'G_k': 0.5, 'U_b': 1, 'U_a': 0, 'mia': 1.0}
{'a1': 0.4, 'a4': 0.6, 'G_theta': 9, 'G_k': 0.5, 'U_b': 2, 'U_a': 1, 'mia': 1.0}
{'a1': 0.4, 'a4': 0.6, 'G_theta': 7.5, 'G_k': 1, 'U_b': 1, 'U_a': 0, 'mia': 1.0}
{'a1': 0.4, 'a4': 0.6, 'G_theta': 7.5, 'G_k': 1, 'U_b': 2, 'U_a': 1, 'mia': 1.0}
{'a1': 0.4, 'a4': 0.6, 'G_theta': 0.5, 'G_k': 1, 'U_b': 2, 'U_a': 1, 'mia': 1.0}
{'a1': 0.4, 'a4': 0.7000000000000001, 'G_theta': 1, 'G_k': 2, 'U_b': 2, 'U_a': 1, 'mia': 1.0}
{'a1': 0.4, 'a4': 0.7000000000000001, 'G_theta': 5, 'G_k': 1, 'U_b': 1, 'U_a': 0, 'mia': 1.0}
{'a1': 0.4, 'a4': 0.7000000000000001, 'G_theta': 5, 'G_k': 1, 'U_b': 2, 'U_a': 1, 'mia': 1.0}
{'a1': 0.4, 'a4': 0.7000000000000001, 'G_theta': 9, 'G_k': 0.5, 'U_b': 1, 'U_a': 0, 'mia': 1.0}
{'a1': 0.4, 'a4': 0.7000000000000001, 'G_theta': 9, 'G_k': 0.5, 'U_b': 2, 'U_a': 1, 'mia': 1.0}
{'a1': 0.4, 'a4': 0.7000000000000001, 'G_theta': 7.5, 'G_k': 1, 'U_b': 1, 'U_a': 0, 'mia': 1.0}
{'a1': 0.4, 'a4': 0.7000000000000001, 'G_theta': 7.5, 'G_k': 1, 'U_b': 2, 'U_a': 1, 'mia': 1.0}
{'a1': 0.4, 'a4': 0.7000000000000001, 'G_theta': 0.5, 'G_k': 1, 'U_b': 2, 'U_a': 1, 'mia': 1.0}
{'a1': 0.4, 'a4': 0.8, 'G_theta': 1, 'G_k': 2, 'U_b': 2, 'U_a': 1, 'mia': 1.0}
{'a1': 0.4, 'a4': 0.8, 'G_theta': 5, 'G_k': 1, 'U_b': 1, 'U_a': 0, 'mia': 1.0}
{'a1': 0.4, 'a4': 0.8, 'G_theta': 5, 'G_k': 1, 'U_b': 2, 'U_a': 1, 'mia': 1.0}
{'a1': 0.4, 'a4': 0.8, 'G_theta': 9, 'G_k': 0.5, 'U_b': 1, 'U_a': 0, 'mia': 1.0}
{'a1': 0.4, 'a4': 0.8, 'G_theta': 9, 'G_k': 0.5, 'U_b': 2, 'U_a': 1, 'mia': 1.0}
{'a1': 0.4, 'a4': 0.8, 'G_theta': 7.5, 'G_k': 1, 'U_b': 1, 'U_a': 0, 'mia': 1.0}
{'a1': 0.4, 'a4': 0.8, 'G_theta': 7.5, 'G_k': 1, 'U_b': 2, 'U_a': 1, 'mia': 1.0}
{'a1': 0.4, 'a4': 0.8, 'G_theta': 0.5, 'G_k': 1, 'U_b': 2, 'U_a': 1, 'mia': 1.0}
{'a1': 0.4, 'a4': 0.9, 'G_theta': 1, 'G_k': 2, 'U_b': 2, 'U_a': 1, 'mia': 1.0}
{'a1': 0.4, 'a4': 0.9, 'G_theta': 2, 'G_k': 2, 'U_b': 2, 'U_a': 1, 'mia': 1.0}
{'a1': 0.4, 'a4': 0.9, 'G_theta': 5, 'G_k': 1, 'U_b': 1, 'U_a': 0, 'mia': 1.0}
{'a1': 0.4, 'a4': 0.9, 'G_theta': 5, 'G_k': 1, 'U_b': 2, 'U_a': 1, 'mia': 1.0}
{'a1': 0.4, 'a4': 0.9, 'G_theta': 9, 'G_k': 0.5, 'U_b': 1, 'U_a': 0, 'mia': 1.0}
{'a1': 0.4, 'a4': 0.9, 'G_theta': 9, 'G_k': 0.5, 'U_b': 2, 'U_a': 1, 'mia': 1.0}
{'a1': 0.4, 'a4': 0.9, 'G_theta': 7.5, 'G_k': 1, 'U_b': 1, 'U_a': 0, 'mia': 1.0}
{'a1': 0.4, 'a4': 0.9, 'G_theta': 7.5, 'G_k': 1, 'U_b': 2, 'U_a': 1, 'mia': 1.0}
{'a1': 0.4, 'a4': 0.9, 'G_theta': 0.5, 'G_k': 1, 'U_b': 1, 'U_a': 0, 'mia': 1.0}
{'a1': 0.4, 'a4': 0.9, 'G_theta': 0.5, 'G_k': 1, 'U_b': 2, 'U_a': 1, 'mia': 1.0}
{'a1': 0.5, 'a4': 0.1, 'G_theta': 5, 'G_k': 1, 'U_b': 1, 'U_a': 0, 'mia': 1.0}
{'a1': 0.5, 'a4': 0.1, 'G_theta': 5, 'G_k': 1, 'U_b': 2, 'U_a': 1, 'mia': 1.0}
{'a1': 0.5, 'a4': 0.1, 'G_theta': 9, 'G_k': 0.5, 'U_b': 1, 'U_a': 0, 'mia': 1.0}
{'a1': 0.5, 'a4': 0.1, 'G_theta': 9, 'G_k': 0.5, 'U_b': 2, 'U_a': 1, 'mia': 1.0}
{'a1': 0.5, 'a4': 0.1, 'G_theta': 7.5, 'G_k': 1, 'U_b': 1, 'U_a': 0, 'mia': 1.0}
{'a1': 0.5, 'a4': 0.1, 'G_theta': 7.5, 'G_k': 1, 'U_b': 2, 'U_a': 1, 'mia': 1.0}
{'a1': 0.5, 'a4': 0.2, 'G_theta': 5, 'G_k': 1, 'U_b': 1, 'U_a': 0, 'mia': 1.0}
{'a1': 0.5, 'a4': 0.2, 'G_theta': 5, 'G_k': 1, 'U_b': 2, 'U_a': 1, 'mia': 1.0}
{'a1': 0.5, 'a4': 0.2, 'G_theta': 9, 'G_k': 0.5, 'U_b': 1, 'U_a': 0, 'mia': 1.0}
{'a1': 0.5, 'a4': 0.2, 'G_theta': 9, 'G_k': 0.5, 'U_b': 2, 'U_a': 1, 'mia': 1.0}
{'a1': 0.5, 'a4': 0.2, 'G_theta': 7.5, 'G_k': 1, 'U_b': 1, 'U_a': 0, 'mia': 1.0}
{'a1': 0.5, 'a4': 0.2, 'G_theta': 7.5, 'G_k': 1, 'U_b': 2, 'U_a': 1, 'mia': 1.0}
{'a1': 0.5, 'a4': 0.30000000000000004, 'G_theta': 5, 'G_k': 1, 'U_b': 1, 'U_a': 0, 'mia': 1.0}
{'a1': 0.5, 'a4': 0.30000000000000004, 'G_theta': 5, 'G_k': 1, 'U_b': 2, 'U_a': 1, 'mia': 1.0}
{'a1': 0.5, 'a4': 0.30000000000000004, 'G_theta': 9, 'G_k': 0.5, 'U_b': 1, 'U_a': 0, 'mia': 1.0}
{'a1': 0.5, 'a4': 0.30000000000000004, 'G_theta': 9, 'G_k': 0.5, 'U_b': 2, 'U_a': 1, 'mia': 1.0}
{'a1': 0.5, 'a4': 0.30000000000000004, 'G_theta': 7.5, 'G_k': 1, 'U_b': 1, 'U_a': 0, 'mia': 1.0}
{'a1': 0.5, 'a4': 0.30000000000000004, 'G_theta': 7.5, 'G_k': 1, 'U_b': 2, 'U_a': 1, 'mia': 1.0}
{'a1': 0.5, 'a4': 0.30000000000000004, 'G_theta': 0.5, 'G_k': 1, 'U_b': 2, 'U_a': 1, 'mia': 1.0}
{'a1': 0.5, 'a4': 0.4, 'G_theta': 5, 'G_k': 1, 'U_b': 1, 'U_a': 0, 'mia': 1.0}
{'a1': 0.5, 'a4': 0.4, 'G_theta': 5, 'G_k': 1, 'U_b': 2, 'U_a': 1, 'mia': 1.0}
{'a1': 0.5, 'a4': 0.4, 'G_theta': 9, 'G_k': 0.5, 'U_b': 1, 'U_a': 0, 'mia': 1.0}
{'a1': 0.5, 'a4': 0.4, 'G_theta': 9, 'G_k': 0.5, 'U_b': 2, 'U_a': 1, 'mia': 1.0}
{'a1': 0.5, 'a4': 0.4, 'G_theta': 7.5, 'G_k': 1, 'U_b': 1, 'U_a': 0, 'mia': 1.0}
{'a1': 0.5, 'a4': 0.4, 'G_theta': 7.5, 'G_k': 1, 'U_b': 2, 'U_a': 1, 'mia': 1.0}
{'a1': 0.5, 'a4': 0.4, 'G_theta': 0.5, 'G_k': 1, 'U_b': 2, 'U_a': 1, 'mia': 1.0}
{'a1': 0.5, 'a4': 0.5, 'G_theta': 5, 'G_k': 1, 'U_b': 1, 'U_a': 0, 'mia': 1.0}
{'a1': 0.5, 'a4': 0.5, 'G_theta': 5, 'G_k': 1, 'U_b': 2, 'U_a': 1, 'mia': 1.0}
{'a1': 0.5, 'a4': 0.5, 'G_theta': 9, 'G_k': 0.5, 'U_b': 1, 'U_a': 0, 'mia': 1.0}
{'a1': 0.5, 'a4': 0.5, 'G_theta': 9, 'G_k': 0.5, 'U_b': 2, 'U_a': 1, 'mia': 1.0}
{'a1': 0.5, 'a4': 0.5, 'G_theta': 7.5, 'G_k': 1, 'U_b': 1, 'U_a': 0, 'mia': 1.0}
{'a1': 0.5, 'a4': 0.5, 'G_theta': 7.5, 'G_k': 1, 'U_b': 2, 'U_a': 1, 'mia': 1.0}
{'a1': 0.5, 'a4': 0.5, 'G_theta': 0.5, 'G_k': 1, 'U_b': 2, 'U_a': 1, 'mia': 1.0}
{'a1': 0.5, 'a4': 0.6, 'G_theta': 5, 'G_k': 1, 'U_b': 1, 'U_a': 0, 'mia': 1.0}
{'a1': 0.5, 'a4': 0.6, 'G_theta': 5, 'G_k': 1, 'U_b': 2, 'U_a': 1, 'mia': 1.0}
{'a1': 0.5, 'a4': 0.6, 'G_theta': 9, 'G_k': 0.5, 'U_b': 1, 'U_a': 0, 'mia': 1.0}
{'a1': 0.5, 'a4': 0.6, 'G_theta': 9, 'G_k': 0.5, 'U_b': 2, 'U_a': 1, 'mia': 1.0}
{'a1': 0.5, 'a4': 0.6, 'G_theta': 7.5, 'G_k': 1, 'U_b': 1, 'U_a': 0, 'mia': 1.0}
{'a1': 0.5, 'a4': 0.6, 'G_theta': 7.5, 'G_k': 1, 'U_b': 2, 'U_a': 1, 'mia': 1.0}
{'a1': 0.5, 'a4': 0.6, 'G_theta': 0.5, 'G_k': 1, 'U_b': 2, 'U_a': 1, 'mia': 1.0}
{'a1': 0.5, 'a4': 0.7000000000000001, 'G_theta': 5, 'G_k': 1, 'U_b': 1, 'U_a': 0, 'mia': 1.0}
{'a1': 0.5, 'a4': 0.7000000000000001, 'G_theta': 5, 'G_k': 1, 'U_b': 2, 'U_a': 1, 'mia': 1.0}
{'a1': 0.5, 'a4': 0.7000000000000001, 'G_theta': 9, 'G_k': 0.5, 'U_b': 1, 'U_a': 0, 'mia': 1.0}
{'a1': 0.5, 'a4': 0.7000000000000001, 'G_theta': 9, 'G_k': 0.5, 'U_b': 2, 'U_a': 1, 'mia': 1.0}
{'a1': 0.5, 'a4': 0.7000000000000001, 'G_theta': 7.5, 'G_k': 1, 'U_b': 1, 'U_a': 0, 'mia': 1.0}
{'a1': 0.5, 'a4': 0.7000000000000001, 'G_theta': 7.5, 'G_k': 1, 'U_b': 2, 'U_a': 1, 'mia': 1.0}
{'a1': 0.5, 'a4': 0.7000000000000001, 'G_theta': 0.5, 'G_k': 1, 'U_b': 1, 'U_a': 0, 'mia': 1.0}
{'a1': 0.5, 'a4': 0.7000000000000001, 'G_theta': 0.5, 'G_k': 1, 'U_b': 2, 'U_a': 1, 'mia': 1.0}
{'a1': 0.5, 'a4': 0.8, 'G_theta': 1, 'G_k': 2, 'U_b': 2, 'U_a': 1, 'mia': 1.0}
{'a1': 0.5, 'a4': 0.8, 'G_theta': 5, 'G_k': 1, 'U_b': 1, 'U_a': 0, 'mia': 1.0}
{'a1': 0.5, 'a4': 0.8, 'G_theta': 5, 'G_k': 1, 'U_b': 2, 'U_a': 1, 'mia': 1.0}
{'a1': 0.5, 'a4': 0.8, 'G_theta': 9, 'G_k': 0.5, 'U_b': 1, 'U_a': 0, 'mia': 1.0}
{'a1': 0.5, 'a4': 0.8, 'G_theta': 9, 'G_k': 0.5, 'U_b': 2, 'U_a': 1, 'mia': 1.0}
{'a1': 0.5, 'a4': 0.8, 'G_theta': 7.5, 'G_k': 1, 'U_b': 1, 'U_a': 0, 'mia': 1.0}
{'a1': 0.5, 'a4': 0.8, 'G_theta': 7.5, 'G_k': 1, 'U_b': 2, 'U_a': 1, 'mia': 1.0}
{'a1': 0.5, 'a4': 0.8, 'G_theta': 0.5, 'G_k': 1, 'U_b': 1, 'U_a': 0, 'mia': 1.0}
{'a1': 0.5, 'a4': 0.8, 'G_theta': 0.5, 'G_k': 1, 'U_b': 2, 'U_a': 1, 'mia': 1.0}
{'a1': 0.5, 'a4': 0.9, 'G_theta': 1, 'G_k': 2, 'U_b': 2, 'U_a': 1, 'mia': 1.0}
{'a1': 0.5, 'a4': 0.9, 'G_theta': 2, 'G_k': 2, 'U_b': 2, 'U_a': 1, 'mia': 1.0}
{'a1': 0.5, 'a4': 0.9, 'G_theta': 5, 'G_k': 1, 'U_b': 1, 'U_a': 0, 'mia': 1.0}
{'a1': 0.5, 'a4': 0.9, 'G_theta': 5, 'G_k': 1, 'U_b': 2, 'U_a': 1, 'mia': 1.0}
{'a1': 0.5, 'a4': 0.9, 'G_theta': 9, 'G_k': 0.5, 'U_b': 1, 'U_a': 0, 'mia': 1.0}
{'a1': 0.5, 'a4': 0.9, 'G_theta': 9, 'G_k': 0.5, 'U_b': 2, 'U_a': 1, 'mia': 1.0}
{'a1': 0.5, 'a4': 0.9, 'G_theta': 7.5, 'G_k': 1, 'U_b': 1, 'U_a': 0, 'mia': 1.0}
{'a1': 0.5, 'a4': 0.9, 'G_theta': 7.5, 'G_k': 1, 'U_b': 2, 'U_a': 1, 'mia': 1.0}
{'a1': 0.5, 'a4': 0.9, 'G_theta': 0.5, 'G_k': 1, 'U_b': 1, 'U_a': 0, 'mia': 1.0}
{'a1': 0.5, 'a4': 0.9, 'G_theta': 0.5, 'G_k': 1, 'U_b': 2, 'U_a': 1, 'mia': 1.0}
{'a1': 0.6, 'a4': 0.1, 'G_theta': 5, 'G_k': 1, 'U_b': 1, 'U_a': 0, 'mia': 1.0}
{'a1': 0.6, 'a4': 0.1, 'G_theta': 5, 'G_k': 1, 'U_b': 2, 'U_a': 1, 'mia': 1.0}
{'a1': 0.6, 'a4': 0.1, 'G_theta': 7.5, 'G_k': 1, 'U_b': 1, 'U_a': 0, 'mia': 1.0}
{'a1': 0.6, 'a4': 0.1, 'G_theta': 7.5, 'G_k': 1, 'U_b': 2, 'U_a': 1, 'mia': 1.0}
{'a1': 0.6, 'a4': 0.2, 'G_theta': 5, 'G_k': 1, 'U_b': 1, 'U_a': 0, 'mia': 1.0}
{'a1': 0.6, 'a4': 0.2, 'G_theta': 5, 'G_k': 1, 'U_b': 2, 'U_a': 1, 'mia': 1.0}
{'a1': 0.6, 'a4': 0.2, 'G_theta': 7.5, 'G_k': 1, 'U_b': 1, 'U_a': 0, 'mia': 1.0}
{'a1': 0.6, 'a4': 0.2, 'G_theta': 7.5, 'G_k': 1, 'U_b': 2, 'U_a': 1, 'mia': 1.0}
{'a1': 0.6, 'a4': 0.2, 'G_theta': 0.5, 'G_k': 1, 'U_b': 2, 'U_a': 1, 'mia': 1.0}
{'a1': 0.6, 'a4': 0.30000000000000004, 'G_theta': 5, 'G_k': 1, 'U_b': 1, 'U_a': 0, 'mia': 1.0}
{'a1': 0.6, 'a4': 0.30000000000000004, 'G_theta': 5, 'G_k': 1, 'U_b': 2, 'U_a': 1, 'mia': 1.0}
{'a1': 0.6, 'a4': 0.30000000000000004, 'G_theta': 7.5, 'G_k': 1, 'U_b': 1, 'U_a': 0, 'mia': 1.0}
{'a1': 0.6, 'a4': 0.30000000000000004, 'G_theta': 7.5, 'G_k': 1, 'U_b': 2, 'U_a': 1, 'mia': 1.0}
{'a1': 0.6, 'a4': 0.30000000000000004, 'G_theta': 0.5, 'G_k': 1, 'U_b': 2, 'U_a': 1, 'mia': 1.0}
{'a1': 0.6, 'a4': 0.4, 'G_theta': 5, 'G_k': 1, 'U_b': 1, 'U_a': 0, 'mia': 1.0}
{'a1': 0.6, 'a4': 0.4, 'G_theta': 5, 'G_k': 1, 'U_b': 2, 'U_a': 1, 'mia': 1.0}
{'a1': 0.6, 'a4': 0.4, 'G_theta': 7.5, 'G_k': 1, 'U_b': 1, 'U_a': 0, 'mia': 1.0}
{'a1': 0.6, 'a4': 0.4, 'G_theta': 7.5, 'G_k': 1, 'U_b': 2, 'U_a': 1, 'mia': 1.0}
{'a1': 0.6, 'a4': 0.4, 'G_theta': 0.5, 'G_k': 1, 'U_b': 2, 'U_a': 1, 'mia': 1.0}
{'a1': 0.6, 'a4': 0.5, 'G_theta': 5, 'G_k': 1, 'U_b': 1, 'U_a': 0, 'mia': 1.0}
{'a1': 0.6, 'a4': 0.5, 'G_theta': 5, 'G_k': 1, 'U_b': 2, 'U_a': 1, 'mia': 1.0}
{'a1': 0.6, 'a4': 0.5, 'G_theta': 7.5, 'G_k': 1, 'U_b': 1, 'U_a': 0, 'mia': 1.0}
{'a1': 0.6, 'a4': 0.5, 'G_theta': 7.5, 'G_k': 1, 'U_b': 2, 'U_a': 1, 'mia': 1.0}
{'a1': 0.6, 'a4': 0.5, 'G_theta': 0.5, 'G_k': 1, 'U_b': 1, 'U_a': 0, 'mia': 1.0}
{'a1': 0.6, 'a4': 0.5, 'G_theta': 0.5, 'G_k': 1, 'U_b': 2, 'U_a': 1, 'mia': 1.0}
{'a1': 0.6, 'a4': 0.6, 'G_theta': 5, 'G_k': 1, 'U_b': 1, 'U_a': 0, 'mia': 1.0}
{'a1': 0.6, 'a4': 0.6, 'G_theta': 5, 'G_k': 1, 'U_b': 2, 'U_a': 1, 'mia': 1.0}
{'a1': 0.6, 'a4': 0.6, 'G_theta': 7.5, 'G_k': 1, 'U_b': 1, 'U_a': 0, 'mia': 1.0}
{'a1': 0.6, 'a4': 0.6, 'G_theta': 7.5, 'G_k': 1, 'U_b': 2, 'U_a': 1, 'mia': 1.0}
{'a1': 0.6, 'a4': 0.6, 'G_theta': 0.5, 'G_k': 1, 'U_b': 1, 'U_a': 0, 'mia': 1.0}
{'a1': 0.6, 'a4': 0.6, 'G_theta': 0.5, 'G_k': 1, 'U_b': 2, 'U_a': 1, 'mia': 1.0}
{'a1': 0.6, 'a4': 0.7000000000000001, 'G_theta': 5, 'G_k': 1, 'U_b': 1, 'U_a': 0, 'mia': 1.0}
{'a1': 0.6, 'a4': 0.7000000000000001, 'G_theta': 5, 'G_k': 1, 'U_b': 2, 'U_a': 1, 'mia': 1.0}
{'a1': 0.6, 'a4': 0.7000000000000001, 'G_theta': 7.5, 'G_k': 1, 'U_b': 1, 'U_a': 0, 'mia': 1.0}
{'a1': 0.6, 'a4': 0.7000000000000001, 'G_theta': 7.5, 'G_k': 1, 'U_b': 2, 'U_a': 1, 'mia': 1.0}
{'a1': 0.6, 'a4': 0.7000000000000001, 'G_theta': 0.5, 'G_k': 1, 'U_b': 1, 'U_a': 0, 'mia': 1.0}
{'a1': 0.6, 'a4': 0.7000000000000001, 'G_theta': 0.5, 'G_k': 1, 'U_b': 2, 'U_a': 1, 'mia': 1.0}
{'a1': 0.6, 'a4': 0.8, 'G_theta': 1, 'G_k': 2, 'U_b': 2, 'U_a': 1, 'mia': 1.0}
{'a1': 0.6, 'a4': 0.8, 'G_theta': 5, 'G_k': 1, 'U_b': 1, 'U_a': 0, 'mia': 1.0}
{'a1': 0.6, 'a4': 0.8, 'G_theta': 5, 'G_k': 1, 'U_b': 2, 'U_a': 1, 'mia': 1.0}
{'a1': 0.6, 'a4': 0.8, 'G_theta': 7.5, 'G_k': 1, 'U_b': 1, 'U_a': 0, 'mia': 1.0}
{'a1': 0.6, 'a4': 0.8, 'G_theta': 7.5, 'G_k': 1, 'U_b': 2, 'U_a': 1, 'mia': 1.0}
{'a1': 0.6, 'a4': 0.8, 'G_theta': 0.5, 'G_k': 1, 'U_b': 1, 'U_a': 0, 'mia': 1.0}
{'a1': 0.6, 'a4': 0.8, 'G_theta': 0.5, 'G_k': 1, 'U_b': 2, 'U_a': 1, 'mia': 1.0}
{'a1': 0.6, 'a4': 0.9, 'G_theta': 1, 'G_k': 2, 'U_b': 2, 'U_a': 1, 'mia': 1.0}
{'a1': 0.6, 'a4': 0.9, 'G_theta': 5, 'G_k': 1, 'U_b': 1, 'U_a': 0, 'mia': 1.0}
{'a1': 0.6, 'a4': 0.9, 'G_theta': 5, 'G_k': 1, 'U_b': 2, 'U_a': 1, 'mia': 1.0}
{'a1': 0.6, 'a4': 0.9, 'G_theta': 7.5, 'G_k': 1, 'U_b': 1, 'U_a': 0, 'mia': 1.0}
{'a1': 0.6, 'a4': 0.9, 'G_theta': 7.5, 'G_k': 1, 'U_b': 2, 'U_a': 1, 'mia': 1.0}
{'a1': 0.6, 'a4': 0.9, 'G_theta': 0.5, 'G_k': 1, 'U_b': 1, 'U_a': 0, 'mia': 1.0}
{'a1': 0.6, 'a4': 0.9, 'G_theta': 0.5, 'G_k': 1, 'U_b': 2, 'U_a': 1, 'mia': 1.0}
{'a1': 0.7000000000000001, 'a4': 0.1, 'G_theta': 5, 'G_k': 1, 'U_b': 1, 'U_a': 0, 'mia': 1.0}
{'a1': 0.7000000000000001, 'a4': 0.1, 'G_theta': 5, 'G_k': 1, 'U_b': 2, 'U_a': 1, 'mia': 1.0}
{'a1': 0.7000000000000001, 'a4': 0.1, 'G_theta': 0.5, 'G_k': 1, 'U_b': 2, 'U_a': 1, 'mia': 1.0}
{'a1': 0.7000000000000001, 'a4': 0.2, 'G_theta': 5, 'G_k': 1, 'U_b': 1, 'U_a': 0, 'mia': 1.0}
{'a1': 0.7000000000000001, 'a4': 0.2, 'G_theta': 5, 'G_k': 1, 'U_b': 2, 'U_a': 1, 'mia': 1.0}
{'a1': 0.7000000000000001, 'a4': 0.2, 'G_theta': 0.5, 'G_k': 1, 'U_b': 1, 'U_a': 0, 'mia': 1.0}
{'a1': 0.7000000000000001, 'a4': 0.2, 'G_theta': 0.5, 'G_k': 1, 'U_b': 2, 'U_a': 1, 'mia': 1.0}
{'a1': 0.7000000000000001, 'a4': 0.30000000000000004, 'G_theta': 5, 'G_k': 1, 'U_b': 1, 'U_a': 0, 'mia': 1.0}
{'a1': 0.7000000000000001, 'a4': 0.30000000000000004, 'G_theta': 5, 'G_k': 1, 'U_b': 2, 'U_a': 1, 'mia': 1.0}
{'a1': 0.7000000000000001, 'a4': 0.30000000000000004, 'G_theta': 0.5, 'G_k': 1, 'U_b': 1, 'U_a': 0, 'mia': 1.0}
{'a1': 0.7000000000000001, 'a4': 0.30000000000000004, 'G_theta': 0.5, 'G_k': 1, 'U_b': 2, 'U_a': 1, 'mia': 1.0}
{'a1': 0.7000000000000001, 'a4': 0.4, 'G_theta': 5, 'G_k': 1, 'U_b': 1, 'U_a': 0, 'mia': 1.0}
{'a1': 0.7000000000000001, 'a4': 0.4, 'G_theta': 5, 'G_k': 1, 'U_b': 2, 'U_a': 1, 'mia': 1.0}
{'a1': 0.7000000000000001, 'a4': 0.4, 'G_theta': 0.5, 'G_k': 1, 'U_b': 1, 'U_a': 0, 'mia': 1.0}
{'a1': 0.7000000000000001, 'a4': 0.4, 'G_theta': 0.5, 'G_k': 1, 'U_b': 2, 'U_a': 1, 'mia': 1.0}
{'a1': 0.7000000000000001, 'a4': 0.5, 'G_theta': 5, 'G_k': 1, 'U_b': 1, 'U_a': 0, 'mia': 1.0}
{'a1': 0.7000000000000001, 'a4': 0.5, 'G_theta': 5, 'G_k': 1, 'U_b': 2, 'U_a': 1, 'mia': 1.0}
{'a1': 0.7000000000000001, 'a4': 0.5, 'G_theta': 0.5, 'G_k': 1, 'U_b': 1, 'U_a': 0, 'mia': 1.0}
{'a1': 0.7000000000000001, 'a4': 0.5, 'G_theta': 0.5, 'G_k': 1, 'U_b': 2, 'U_a': 1, 'mia': 1.0}
{'a1': 0.7000000000000001, 'a4': 0.6, 'G_theta': 5, 'G_k': 1, 'U_b': 1, 'U_a': 0, 'mia': 1.0}
{'a1': 0.7000000000000001, 'a4': 0.6, 'G_theta': 5, 'G_k': 1, 'U_b': 2, 'U_a': 1, 'mia': 1.0}
{'a1': 0.7000000000000001, 'a4': 0.6, 'G_theta': 0.5, 'G_k': 1, 'U_b': 1, 'U_a': 0, 'mia': 1.0}
{'a1': 0.7000000000000001, 'a4': 0.6, 'G_theta': 0.5, 'G_k': 1, 'U_b': 2, 'U_a': 1, 'mia': 1.0}
{'a1': 0.7000000000000001, 'a4': 0.7000000000000001, 'G_theta': 5, 'G_k': 1, 'U_b': 1, 'U_a': 0, 'mia': 1.0}
{'a1': 0.7000000000000001, 'a4': 0.7000000000000001, 'G_theta': 5, 'G_k': 1, 'U_b': 2, 'U_a': 1, 'mia': 1.0}
{'a1': 0.7000000000000001, 'a4': 0.7000000000000001, 'G_theta': 0.5, 'G_k': 1, 'U_b': 1, 'U_a': 0, 'mia': 1.0}
{'a1': 0.7000000000000001, 'a4': 0.7000000000000001, 'G_theta': 0.5, 'G_k': 1, 'U_b': 2, 'U_a': 1, 'mia': 1.0}
{'a1': 0.7000000000000001, 'a4': 0.8, 'G_theta': 1, 'G_k': 2, 'U_b': 2, 'U_a': 1, 'mia': 1.0}
{'a1': 0.7000000000000001, 'a4': 0.8, 'G_theta': 5, 'G_k': 1, 'U_b': 1, 'U_a': 0, 'mia': 1.0}
{'a1': 0.7000000000000001, 'a4': 0.8, 'G_theta': 5, 'G_k': 1, 'U_b': 2, 'U_a': 1, 'mia': 1.0}
{'a1': 0.7000000000000001, 'a4': 0.8, 'G_theta': 0.5, 'G_k': 1, 'U_b': 1, 'U_a': 0, 'mia': 1.0}
{'a1': 0.7000000000000001, 'a4': 0.8, 'G_theta': 0.5, 'G_k': 1, 'U_b': 2, 'U_a': 1, 'mia': 1.0}
{'a1': 0.7000000000000001, 'a4': 0.9, 'G_theta': 1, 'G_k': 2, 'U_b': 2, 'U_a': 1, 'mia': 1.0}
{'a1': 0.7000000000000001, 'a4': 0.9, 'G_theta': 5, 'G_k': 1, 'U_b': 1, 'U_a': 0, 'mia': 1.0}
{'a1': 0.7000000000000001, 'a4': 0.9, 'G_theta': 5, 'G_k': 1, 'U_b': 2, 'U_a': 1, 'mia': 1.0}
{'a1': 0.7000000000000001, 'a4': 0.9, 'G_theta': 0.5, 'G_k': 1, 'U_b': 1, 'U_a': 0, 'mia': 1.0}
{'a1': 0.7000000000000001, 'a4': 0.9, 'G_theta': 0.5, 'G_k': 1, 'U_b': 2, 'U_a': 1, 'mia': 1.0}
{'a1': 0.8, 'a4': 0.1, 'G_theta': 5, 'G_k': 1, 'U_b': 1, 'U_a': 0, 'mia': 1.0}
{'a1': 0.8, 'a4': 0.1, 'G_theta': 5, 'G_k': 1, 'U_b': 2, 'U_a': 1, 'mia': 1.0}
{'a1': 0.8, 'a4': 0.1, 'G_theta': 0.5, 'G_k': 1, 'U_b': 1, 'U_a': 0, 'mia': 1.0}
{'a1': 0.8, 'a4': 0.1, 'G_theta': 0.5, 'G_k': 1, 'U_b': 2, 'U_a': 1, 'mia': 1.0}
{'a1': 0.8, 'a4': 0.2, 'G_theta': 5, 'G_k': 1, 'U_b': 1, 'U_a': 0, 'mia': 1.0}
{'a1': 0.8, 'a4': 0.2, 'G_theta': 5, 'G_k': 1, 'U_b': 2, 'U_a': 1, 'mia': 1.0}
{'a1': 0.8, 'a4': 0.2, 'G_theta': 0.5, 'G_k': 1, 'U_b': 1, 'U_a': 0, 'mia': 1.0}
{'a1': 0.8, 'a4': 0.2, 'G_theta': 0.5, 'G_k': 1, 'U_b': 2, 'U_a': 1, 'mia': 1.0}
{'a1': 0.8, 'a4': 0.30000000000000004, 'G_theta': 5, 'G_k': 1, 'U_b': 1, 'U_a': 0, 'mia': 1.0}
{'a1': 0.8, 'a4': 0.30000000000000004, 'G_theta': 5, 'G_k': 1, 'U_b': 2, 'U_a': 1, 'mia': 1.0}
{'a1': 0.8, 'a4': 0.30000000000000004, 'G_theta': 0.5, 'G_k': 1, 'U_b': 1, 'U_a': 0, 'mia': 1.0}
{'a1': 0.8, 'a4': 0.30000000000000004, 'G_theta': 0.5, 'G_k': 1, 'U_b': 2, 'U_a': 1, 'mia': 1.0}
{'a1': 0.8, 'a4': 0.4, 'G_theta': 5, 'G_k': 1, 'U_b': 1, 'U_a': 0, 'mia': 1.0}
{'a1': 0.8, 'a4': 0.4, 'G_theta': 5, 'G_k': 1, 'U_b': 2, 'U_a': 1, 'mia': 1.0}
{'a1': 0.8, 'a4': 0.4, 'G_theta': 0.5, 'G_k': 1, 'U_b': 1, 'U_a': 0, 'mia': 1.0}
{'a1': 0.8, 'a4': 0.4, 'G_theta': 0.5, 'G_k': 1, 'U_b': 2, 'U_a': 1, 'mia': 1.0}
{'a1': 0.8, 'a4': 0.5, 'G_theta': 5, 'G_k': 1, 'U_b': 1, 'U_a': 0, 'mia': 1.0}
{'a1': 0.8, 'a4': 0.5, 'G_theta': 5, 'G_k': 1, 'U_b': 2, 'U_a': 1, 'mia': 1.0}
{'a1': 0.8, 'a4': 0.5, 'G_theta': 0.5, 'G_k': 1, 'U_b': 1, 'U_a': 0, 'mia': 1.0}
{'a1': 0.8, 'a4': 0.5, 'G_theta': 0.5, 'G_k': 1, 'U_b': 2, 'U_a': 1, 'mia': 1.0}
{'a1': 0.8, 'a4': 0.6, 'G_theta': 5, 'G_k': 1, 'U_b': 1, 'U_a': 0, 'mia': 1.0}
{'a1': 0.8, 'a4': 0.6, 'G_theta': 5, 'G_k': 1, 'U_b': 2, 'U_a': 1, 'mia': 1.0}
{'a1': 0.8, 'a4': 0.6, 'G_theta': 0.5, 'G_k': 1, 'U_b': 1, 'U_a': 0, 'mia': 1.0}
{'a1': 0.8, 'a4': 0.6, 'G_theta': 0.5, 'G_k': 1, 'U_b': 2, 'U_a': 1, 'mia': 1.0}
{'a1': 0.8, 'a4': 0.7000000000000001, 'G_theta': 5, 'G_k': 1, 'U_b': 1, 'U_a': 0, 'mia': 1.0}
{'a1': 0.8, 'a4': 0.7000000000000001, 'G_theta': 5, 'G_k': 1, 'U_b': 2, 'U_a': 1, 'mia': 1.0}
{'a1': 0.8, 'a4': 0.7000000000000001, 'G_theta': 0.5, 'G_k': 1, 'U_b': 1, 'U_a': 0, 'mia': 1.0}
{'a1': 0.8, 'a4': 0.7000000000000001, 'G_theta': 0.5, 'G_k': 1, 'U_b': 2, 'U_a': 1, 'mia': 1.0}
{'a1': 0.8, 'a4': 0.8, 'G_theta': 5, 'G_k': 1, 'U_b': 1, 'U_a': 0, 'mia': 1.0}
{'a1': 0.8, 'a4': 0.8, 'G_theta': 5, 'G_k': 1, 'U_b': 2, 'U_a': 1, 'mia': 1.0}
{'a1': 0.8, 'a4': 0.8, 'G_theta': 0.5, 'G_k': 1, 'U_b': 1, 'U_a': 0, 'mia': 1.0}
{'a1': 0.8, 'a4': 0.8, 'G_theta': 0.5, 'G_k': 1, 'U_b': 2, 'U_a': 1, 'mia': 1.0}
{'a1': 0.8, 'a4': 0.9, 'G_theta': 1, 'G_k': 2, 'U_b': 2, 'U_a': 1, 'mia': 1.0}
{'a1': 0.8, 'a4': 0.9, 'G_theta': 5, 'G_k': 1, 'U_b': 1, 'U_a': 0, 'mia': 1.0}
{'a1': 0.8, 'a4': 0.9, 'G_theta': 5, 'G_k': 1, 'U_b': 2, 'U_a': 1, 'mia': 1.0}
{'a1': 0.8, 'a4': 0.9, 'G_theta': 0.5, 'G_k': 1, 'U_b': 1, 'U_a': 0, 'mia': 1.0}
{'a1': 0.8, 'a4': 0.9, 'G_theta': 0.5, 'G_k': 1, 'U_b': 2, 'U_a': 1, 'mia': 1.0}
{'a1': 0.9, 'a4': 0.1, 'G_theta': 5, 'G_k': 1, 'U_b': 1, 'U_a': 0, 'mia': 1.0}
{'a1': 0.9, 'a4': 0.1, 'G_theta': 5, 'G_k': 1, 'U_b': 2, 'U_a': 1, 'mia': 1.0}
{'a1': 0.9, 'a4': 0.1, 'G_theta': 0.5, 'G_k': 1, 'U_b': 1, 'U_a': 0, 'mia': 1.0}
{'a1': 0.9, 'a4': 0.1, 'G_theta': 0.5, 'G_k': 1, 'U_b': 2, 'U_a': 1, 'mia': 1.0}
{'a1': 0.9, 'a4': 0.2, 'G_theta': 5, 'G_k': 1, 'U_b': 1, 'U_a': 0, 'mia': 1.0}
{'a1': 0.9, 'a4': 0.2, 'G_theta': 5, 'G_k': 1, 'U_b': 2, 'U_a': 1, 'mia': 1.0}
{'a1': 0.9, 'a4': 0.2, 'G_theta': 0.5, 'G_k': 1, 'U_b': 1, 'U_a': 0, 'mia': 1.0}
{'a1': 0.9, 'a4': 0.2, 'G_theta': 0.5, 'G_k': 1, 'U_b': 2, 'U_a': 1, 'mia': 1.0}
{'a1': 0.9, 'a4': 0.30000000000000004, 'G_theta': 5, 'G_k': 1, 'U_b': 1, 'U_a': 0, 'mia': 1.0}
{'a1': 0.9, 'a4': 0.30000000000000004, 'G_theta': 5, 'G_k': 1, 'U_b': 2, 'U_a': 1, 'mia': 1.0}
{'a1': 0.9, 'a4': 0.30000000000000004, 'G_theta': 0.5, 'G_k': 1, 'U_b': 1, 'U_a': 0, 'mia': 1.0}
{'a1': 0.9, 'a4': 0.30000000000000004, 'G_theta': 0.5, 'G_k': 1, 'U_b': 2, 'U_a': 1, 'mia': 1.0}
{'a1': 0.9, 'a4': 0.4, 'G_theta': 5, 'G_k': 1, 'U_b': 1, 'U_a': 0, 'mia': 1.0}
{'a1': 0.9, 'a4': 0.4, 'G_theta': 5, 'G_k': 1, 'U_b': 2, 'U_a': 1, 'mia': 1.0}
{'a1': 0.9, 'a4': 0.4, 'G_theta': 0.5, 'G_k': 1, 'U_b': 1, 'U_a': 0, 'mia': 1.0}
{'a1': 0.9, 'a4': 0.4, 'G_theta': 0.5, 'G_k': 1, 'U_b': 2, 'U_a': 1, 'mia': 1.0}
{'a1': 0.9, 'a4': 0.5, 'G_theta': 5, 'G_k': 1, 'U_b': 1, 'U_a': 0, 'mia': 1.0}
{'a1': 0.9, 'a4': 0.5, 'G_theta': 5, 'G_k': 1, 'U_b': 2, 'U_a': 1, 'mia': 1.0}
{'a1': 0.9, 'a4': 0.5, 'G_theta': 0.5, 'G_k': 1, 'U_b': 1, 'U_a': 0, 'mia': 1.0}
{'a1': 0.9, 'a4': 0.5, 'G_theta': 0.5, 'G_k': 1, 'U_b': 2, 'U_a': 1, 'mia': 1.0}
{'a1': 0.9, 'a4': 0.6, 'G_theta': 5, 'G_k': 1, 'U_b': 1, 'U_a': 0, 'mia': 1.0}
{'a1': 0.9, 'a4': 0.6, 'G_theta': 5, 'G_k': 1, 'U_b': 2, 'U_a': 1, 'mia': 1.0}
{'a1': 0.9, 'a4': 0.6, 'G_theta': 0.5, 'G_k': 1, 'U_b': 1, 'U_a': 0, 'mia': 1.0}
{'a1': 0.9, 'a4': 0.6, 'G_theta': 0.5, 'G_k': 1, 'U_b': 2, 'U_a': 1, 'mia': 1.0}
{'a1': 0.9, 'a4': 0.7000000000000001, 'G_theta': 5, 'G_k': 1, 'U_b': 1, 'U_a': 0, 'mia': 1.0}
{'a1': 0.9, 'a4': 0.7000000000000001, 'G_theta': 5, 'G_k': 1, 'U_b': 2, 'U_a': 1, 'mia': 1.0}
{'a1': 0.9, 'a4': 0.7000000000000001, 'G_theta': 0.5, 'G_k': 1, 'U_b': 1, 'U_a': 0, 'mia': 1.0}
{'a1': 0.9, 'a4': 0.7000000000000001, 'G_theta': 0.5, 'G_k': 1, 'U_b': 2, 'U_a': 1, 'mia': 1.0}
{'a1': 0.9, 'a4': 0.8, 'G_theta': 5, 'G_k': 1, 'U_b': 1, 'U_a': 0, 'mia': 1.0}
{'a1': 0.9, 'a4': 0.8, 'G_theta': 5, 'G_k': 1, 'U_b': 2, 'U_a': 1, 'mia': 1.0}
{'a1': 0.9, 'a4': 0.8, 'G_theta': 0.5, 'G_k': 1, 'U_b': 1, 'U_a': 0, 'mia': 1.0}
{'a1': 0.9, 'a4': 0.8, 'G_theta': 0.5, 'G_k': 1, 'U_b': 2, 'U_a': 1, 'mia': 1.0}
{'a1': 0.9, 'a4': 0.9, 'G_theta': 1, 'G_k': 2, 'U_b': 2, 'U_a': 1, 'mia': 1.0}
{'a1': 0.9, 'a4': 0.9, 'G_theta': 5, 'G_k': 1, 'U_b': 1, 'U_a': 0, 'mia': 1.0}
{'a1': 0.9, 'a4': 0.9, 'G_theta': 5, 'G_k': 1, 'U_b': 2, 'U_a': 1, 'mia': 1.0}
{'a1': 0.9, 'a4': 0.9, 'G_theta': 0.5, 'G_k': 1, 'U_b': 1, 'U_a': 0, 'mia': 1.0}
{'a1': 0.9, 'a4': 0.9, 'G_theta': 0.5, 'G_k': 1, 'U_b': 2, 'U_a': 1, 'mia': 1.0}
