(0.1, 0.1, (1, 2), (2, 1))
1.0 1.0 0.3
{'a1': 0.1, 'a4': 0.1, 'G_theta': 1, 'G_k': 2, 'U_b': 1, 'U_a': 0, 'mia': 0.48496878235998075}
{'a1': 0.1, 'a4': 0.1, 'G_theta': 1, 'G_k': 2, 'U_b': 2, 'U_a': 1, 'mia': 0.48496878235998075}
{'a1': 0.1, 'a4': 0.1, 'G_theta': 2, 'G_k': 2, 'U_b': 1, 'U_a': 0, 'mia': 0.48496878235998075}
{'a1': 0.1, 'a4': 0.1, 'G_theta': 2, 'G_k': 2, 'U_b': 2, 'U_a': 1, 'mia': 0.48496878235998075}
{'a1': 0.1, 'a4': 0.1, 'G_theta': 3, 'G_k': 2, 'U_b': 1, 'U_a': 0, 'mia': 0.48496878235998075}
{'a1': 0.1, 'a4': 0.1, 'G_theta': 3, 'G_k': 2, 'U_b': 2, 'U_a': 1, 'mia': 0.48496878235998075}
{'a1': 0.1, 'a4': 0.2, 'G_theta': 1, 'G_k': 2, 'U_b': 1, 'U_a': 0, 'mia': 0.48496878235998075}
{'a1': 0.1, 'a4': 0.2, 'G_theta': 1, 'G_k': 2, 'U_b': 2, 'U_a': 1, 'mia': 0.48496878235998075}
{'a1': 0.1, 'a4': 0.2, 'G_theta': 2, 'G_k': 2, 'U_b': 1, 'U_a': 0, 'mia': 0.48496878235998075}
{'a1': 0.1, 'a4': 0.2, 'G_theta': 2, 'G_k': 2, 'U_b': 2, 'U_a': 1, 'mia': 0.48496878235998075}
{'a1': 0.1, 'a4': 0.2, 'G_theta': 3, 'G_k': 2, 'U_b': 1, 'U_a': 0, 'mia': 0.48496878235998075}
{'a1': 0.1, 'a4': 0.2, 'G_theta': 3, 'G_k': 2, 'U_b': 2, 'U_a': 1, 'mia': 0.48496878235998075}
{'a1': 0.1, 'a4': 0.30000000000000004, 'G_theta': 1, 'G_k': 2, 'U_b': 1, 'U_a': 0, 'mia': 0.48496878235998075}
{'a1': 0.1, 'a4': 0.30000000000000004, 'G_theta': 1, 'G_k': 2, 'U_b': 2, 'U_a': 1, 'mia': 0.48496878235998075}
{'a1': 0.1, 'a4': 0.30000000000000004, 'G_theta': 2, 'G_k': 2, 'U_b': 1, 'U_a': 0, 'mia': 0.48496878235998075}
{'a1': 0.1, 'a4': 0.30000000000000004, 'G_theta': 2, 'G_k': 2, 'U_b': 2, 'U_a': 1, 'mia': 0.48496878235998075}
{'a1': 0.1, 'a4': 0.30000000000000004, 'G_theta': 3, 'G_k': 2, 'U_b': 1, 'U_a': 0, 'mia': 0.48496878235998075}
{'a1': 0.1, 'a4': 0.30000000000000004, 'G_theta': 3, 'G_k': 2, 'U_b': 2, 'U_a': 1, 'mia': 0.48496878235998075}
{'a1': 0.1, 'a4': 0.4, 'G_theta': 1, 'G_k': 2, 'U_b': 1, 'U_a': 0, 'mia': 0.48496878235998075}
{'a1': 0.1, 'a4': 0.4, 'G_theta': 2, 'G_k': 2, 'U_b': 1, 'U_a': 0, 'mia': 0.48496878235998075}
{'a1': 0.1, 'a4': 0.4, 'G_theta': 2, 'G_k': 2, 'U_b': 2, 'U_a': 1, 'mia': 0.48496878235998075}
{'a1': 0.1, 'a4': 0.4, 'G_theta': 3, 'G_k': 2, 'U_b': 1, 'U_a': 0, 'mia': 0.48496878235998075}
{'a1': 0.1, 'a4': 0.4, 'G_theta': 3, 'G_k': 2, 'U_b': 2, 'U_a': 1, 'mia': 0.48496878235998075}
{'a1': 0.1, 'a4': 0.5, 'G_theta': 1, 'G_k': 2, 'U_b': 1, 'U_a': 0, 'mia': 0.48496878235998075}
{'a1': 0.1, 'a4': 0.5, 'G_theta': 2, 'G_k': 2, 'U_b': 1, 'U_a': 0, 'mia': 0.48496878235998075}
{'a1': 0.1, 'a4': 0.5, 'G_theta': 3, 'G_k': 2, 'U_b': 1, 'U_a': 0, 'mia': 0.48496878235998075}
{'a1': 0.1, 'a4': 0.6, 'G_theta': 1, 'G_k': 2, 'U_b': 1, 'U_a': 0, 'mia': 0.48496878235998075}
{'a1': 0.1, 'a4': 0.6, 'G_theta': 2, 'G_k': 2, 'U_b': 1, 'U_a': 0, 'mia': 0.48496878235998075}
{'a1': 0.1, 'a4': 0.6, 'G_theta': 3, 'G_k': 2, 'U_b': 1, 'U_a': 0, 'mia': 0.48496878235998075}
{'a1': 0.1, 'a4': 0.7000000000000001, 'G_theta': 1, 'G_k': 2, 'U_b': 1, 'U_a': 0, 'mia': 0.48496878235998075}
{'a1': 0.1, 'a4': 0.7000000000000001, 'G_theta': 2, 'G_k': 2, 'U_b': 1, 'U_a': 0, 'mia': 0.48496878235998075}
{'a1': 0.1, 'a4': 0.7000000000000001, 'G_theta': 3, 'G_k': 2, 'U_b': 1, 'U_a': 0, 'mia': 0.48496878235998075}
{'a1': 0.1, 'a4': 0.8, 'G_theta': 2, 'G_k': 2, 'U_b': 1, 'U_a': 0, 'mia': 0.48496878235998075}
{'a1': 0.1, 'a4': 0.8, 'G_theta': 3, 'G_k': 2, 'U_b': 1, 'U_a': 0, 'mia': 0.48496878235998075}
{'a1': 0.2, 'a4': 0.1, 'G_theta': 1, 'G_k': 2, 'U_b': 1, 'U_a': 0, 'mia': 0.48496878235998075}
{'a1': 0.2, 'a4': 0.1, 'G_theta': 1, 'G_k': 2, 'U_b': 2, 'U_a': 1, 'mia': 0.48496878235998075}
{'a1': 0.2, 'a4': 0.1, 'G_theta': 2, 'G_k': 2, 'U_b': 1, 'U_a': 0, 'mia': 0.48496878235998075}
{'a1': 0.2, 'a4': 0.1, 'G_theta': 2, 'G_k': 2, 'U_b': 2, 'U_a': 1, 'mia': 0.48496878235998075}
{'a1': 0.2, 'a4': 0.1, 'G_theta': 3, 'G_k': 2, 'U_b': 1, 'U_a': 0, 'mia': 0.48496878235998075}
{'a1': 0.2, 'a4': 0.1, 'G_theta': 3, 'G_k': 2, 'U_b': 2, 'U_a': 1, 'mia': 0.48496878235998075}
{'a1': 0.2, 'a4': 0.2, 'G_theta': 1, 'G_k': 2, 'U_b': 1, 'U_a': 0, 'mia': 0.48496878235998075}
{'a1': 0.2, 'a4': 0.2, 'G_theta': 1, 'G_k': 2, 'U_b': 2, 'U_a': 1, 'mia': 0.48496878235998075}
{'a1': 0.2, 'a4': 0.2, 'G_theta': 2, 'G_k': 2, 'U_b': 1, 'U_a': 0, 'mia': 0.48496878235998075}
{'a1': 0.2, 'a4': 0.2, 'G_theta': 2, 'G_k': 2, 'U_b': 2, 'U_a': 1, 'mia': 0.48496878235998075}
{'a1': 0.2, 'a4': 0.2, 'G_theta': 3, 'G_k': 2, 'U_b': 1, 'U_a': 0, 'mia': 0.48496878235998075}
{'a1': 0.2, 'a4': 0.2, 'G_theta': 3, 'G_k': 2, 'U_b': 2, 'U_a': 1, 'mia': 0.48496878235998075}
{'a1': 0.2, 'a4': 0.30000000000000004, 'G_theta': 1, 'G_k': 2, 'U_b': 1, 'U_a': 0, 'mia': 0.48496878235998075}
{'a1': 0.2, 'a4': 0.30000000000000004, 'G_theta': 1, 'G_k': 2, 'U_b': 2, 'U_a': 1, 'mia': 0.48496878235998075}
{'a1': 0.2, 'a4': 0.30000000000000004, 'G_theta': 2, 'G_k': 2, 'U_b': 1, 'U_a': 0, 'mia': 0.48496878235998075}
{'a1': 0.2, 'a4': 0.30000000000000004, 'G_theta': 2, 'G_k': 2, 'U_b': 2, 'U_a': 1, 'mia': 0.48496878235998075}
{'a1': 0.2, 'a4': 0.30000000000000004, 'G_theta': 3, 'G_k': 2, 'U_b': 1, 'U_a': 0, 'mia': 0.48496878235998075}
{'a1': 0.2, 'a4': 0.30000000000000004, 'G_theta': 3, 'G_k': 2, 'U_b': 2, 'U_a': 1, 'mia': 0.48496878235998075}
{'a1': 0.2, 'a4': 0.4, 'G_theta': 1, 'G_k': 2, 'U_b': 1, 'U_a': 0, 'mia': 0.48496878235998075}
{'a1': 0.2, 'a4': 0.4, 'G_theta': 1, 'G_k': 2, 'U_b': 2, 'U_a': 1, 'mia': 0.48496878235998075}
{'a1': 0.2, 'a4': 0.4, 'G_theta': 2, 'G_k': 2, 'U_b': 1, 'U_a': 0, 'mia': 0.48496878235998075}
{'a1': 0.2, 'a4': 0.4, 'G_theta': 2, 'G_k': 2, 'U_b': 2, 'U_a': 1, 'mia': 0.48496878235998075}
{'a1': 0.2, 'a4': 0.4, 'G_theta': 3, 'G_k': 2, 'U_b': 1, 'U_a': 0, 'mia': 0.48496878235998075}
{'a1': 0.2, 'a4': 0.4, 'G_theta': 3, 'G_k': 2, 'U_b': 2, 'U_a': 1, 'mia': 0.48496878235998075}
{'a1': 0.2, 'a4': 0.5, 'G_theta': 1, 'G_k': 2, 'U_b': 1, 'U_a': 0, 'mia': 0.48496878235998075}
{'a1': 0.2, 'a4': 0.5, 'G_theta': 2, 'G_k': 2, 'U_b': 1, 'U_a': 0, 'mia': 0.48496878235998075}
{'a1': 0.2, 'a4': 0.5, 'G_theta': 3, 'G_k': 2, 'U_b': 1, 'U_a': 0, 'mia': 0.48496878235998075}
{'a1': 0.2, 'a4': 0.6, 'G_theta': 1, 'G_k': 2, 'U_b': 1, 'U_a': 0, 'mia': 0.48496878235998075}
{'a1': 0.2, 'a4': 0.6, 'G_theta': 2, 'G_k': 2, 'U_b': 1, 'U_a': 0, 'mia': 0.48496878235998075}
{'a1': 0.2, 'a4': 0.6, 'G_theta': 3, 'G_k': 2, 'U_b': 1, 'U_a': 0, 'mia': 0.48496878235998075}
{'a1': 0.2, 'a4': 0.7000000000000001, 'G_theta': 1, 'G_k': 2, 'U_b': 1, 'U_a': 0, 'mia': 0.48496878235998075}
{'a1': 0.2, 'a4': 0.7000000000000001, 'G_theta': 2, 'G_k': 2, 'U_b': 1, 'U_a': 0, 'mia': 0.48496878235998075}
{'a1': 0.2, 'a4': 0.7000000000000001, 'G_theta': 3, 'G_k': 2, 'U_b': 1, 'U_a': 0, 'mia': 0.48496878235998075}
{'a1': 0.2, 'a4': 0.8, 'G_theta': 1, 'G_k': 2, 'U_b': 1, 'U_a': 0, 'mia': 0.48496878235998075}
{'a1': 0.2, 'a4': 0.8, 'G_theta': 2, 'G_k': 2, 'U_b': 1, 'U_a': 0, 'mia': 0.48496878235998075}
{'a1': 0.2, 'a4': 0.8, 'G_theta': 3, 'G_k': 2, 'U_b': 1, 'U_a': 0, 'mia': 0.48496878235998075}
{'a1': 0.30000000000000004, 'a4': 0.1, 'G_theta': 1, 'G_k': 2, 'U_b': 1, 'U_a': 0, 'mia': 0.48496878235998075}
{'a1': 0.30000000000000004, 'a4': 0.1, 'G_theta': 1, 'G_k': 2, 'U_b': 2, 'U_a': 1, 'mia': 0.48496878235998075}
{'a1': 0.30000000000000004, 'a4': 0.1, 'G_theta': 2, 'G_k': 2, 'U_b': 1, 'U_a': 0, 'mia': 0.48496878235998075}
{'a1': 0.30000000000000004, 'a4': 0.1, 'G_theta': 2, 'G_k': 2, 'U_b': 2, 'U_a': 1, 'mia': 0.48496878235998075}
{'a1': 0.30000000000000004, 'a4': 0.1, 'G_theta': 3, 'G_k': 2, 'U_b': 1, 'U_a': 0, 'mia': 0.48496878235998075}
{'a1': 0.30000000000000004, 'a4': 0.1, 'G_theta': 3, 'G_k': 2, 'U_b': 2, 'U_a': 1, 'mia': 0.48496878235998075}
{'a1': 0.30000000000000004, 'a4': 0.2, 'G_theta': 1, 'G_k': 2, 'U_b': 1, 'U_a': 0, 'mia': 0.48496878235998075}
{'a1': 0.30000000000000004, 'a4': 0.2, 'G_theta': 1, 'G_k': 2, 'U_b': 2, 'U_a': 1, 'mia': 0.48496878235998075}
{'a1': 0.30000000000000004, 'a4': 0.2, 'G_theta': 2, 'G_k': 2, 'U_b': 1, 'U_a': 0, 'mia': 0.48496878235998075}
{'a1': 0.30000000000000004, 'a4': 0.2, 'G_theta': 2, 'G_k': 2, 'U_b': 2, 'U_a': 1, 'mia': 0.48496878235998075}
{'a1': 0.30000000000000004, 'a4': 0.2, 'G_theta': 3, 'G_k': 2, 'U_b': 1, 'U_a': 0, 'mia': 0.48496878235998075}
{'a1': 0.30000000000000004, 'a4': 0.2, 'G_theta': 3, 'G_k': 2, 'U_b': 2, 'U_a': 1, 'mia': 0.48496878235998075}
{'a1': 0.30000000000000004, 'a4': 0.30000000000000004, 'G_theta': 1, 'G_k': 2, 'U_b': 1, 'U_a': 0, 'mia': 0.48496878235998075}
{'a1': 0.30000000000000004, 'a4': 0.30000000000000004, 'G_theta': 1, 'G_k': 2, 'U_b': 2, 'U_a': 1, 'mia': 0.48496878235998075}
{'a1': 0.30000000000000004, 'a4': 0.30000000000000004, 'G_theta': 2, 'G_k': 2, 'U_b': 1, 'U_a': 0, 'mia': 0.48496878235998075}
{'a1': 0.30000000000000004, 'a4': 0.30000000000000004, 'G_theta': 2, 'G_k': 2, 'U_b': 2, 'U_a': 1, 'mia': 0.48496878235998075}
{'a1': 0.30000000000000004, 'a4': 0.30000000000000004, 'G_theta': 3, 'G_k': 2, 'U_b': 1, 'U_a': 0, 'mia': 0.48496878235998075}
{'a1': 0.30000000000000004, 'a4': 0.30000000000000004, 'G_theta': 3, 'G_k': 2, 'U_b': 2, 'U_a': 1, 'mia': 0.48496878235998075}
{'a1': 0.30000000000000004, 'a4': 0.4, 'G_theta': 1, 'G_k': 2, 'U_b': 1, 'U_a': 0, 'mia': 0.48496878235998075}
{'a1': 0.30000000000000004, 'a4': 0.4, 'G_theta': 1, 'G_k': 2, 'U_b': 2, 'U_a': 1, 'mia': 0.48496878235998075}
{'a1': 0.30000000000000004, 'a4': 0.4, 'G_theta': 2, 'G_k': 2, 'U_b': 1, 'U_a': 0, 'mia': 0.48496878235998075}
{'a1': 0.30000000000000004, 'a4': 0.4, 'G_theta': 2, 'G_k': 2, 'U_b': 2, 'U_a': 1, 'mia': 0.48496878235998075}
{'a1': 0.30000000000000004, 'a4': 0.4, 'G_theta': 3, 'G_k': 2, 'U_b': 1, 'U_a': 0, 'mia': 0.48496878235998075}
{'a1': 0.30000000000000004, 'a4': 0.4, 'G_theta': 3, 'G_k': 2, 'U_b': 2, 'U_a': 1, 'mia': 0.48496878235998075}
{'a1': 0.30000000000000004, 'a4': 0.5, 'G_theta': 1, 'G_k': 2, 'U_b': 1, 'U_a': 0, 'mia': 0.48496878235998075}
{'a1': 0.30000000000000004, 'a4': 0.5, 'G_theta': 2, 'G_k': 2, 'U_b': 1, 'U_a': 0, 'mia': 0.48496878235998075}
{'a1': 0.30000000000000004, 'a4': 0.5, 'G_theta': 3, 'G_k': 2, 'U_b': 1, 'U_a': 0, 'mia': 0.48496878235998075}
{'a1': 0.30000000000000004, 'a4': 0.6, 'G_theta': 1, 'G_k': 2, 'U_b': 1, 'U_a': 0, 'mia': 0.48496878235998075}
{'a1': 0.30000000000000004, 'a4': 0.6, 'G_theta': 2, 'G_k': 2, 'U_b': 1, 'U_a': 0, 'mia': 0.48496878235998075}
{'a1': 0.30000000000000004, 'a4': 0.6, 'G_theta': 3, 'G_k': 2, 'U_b': 1, 'U_a': 0, 'mia': 0.48496878235998075}
{'a1': 0.30000000000000004, 'a4': 0.7000000000000001, 'G_theta': 1, 'G_k': 2, 'U_b': 1, 'U_a': 0, 'mia': 0.48496878235998075}
{'a1': 0.30000000000000004, 'a4': 0.7000000000000001, 'G_theta': 2, 'G_k': 2, 'U_b': 1, 'U_a': 0, 'mia': 0.48496878235998075}
{'a1': 0.30000000000000004, 'a4': 0.7000000000000001, 'G_theta': 3, 'G_k': 2, 'U_b': 1, 'U_a': 0, 'mia': 0.48496878235998075}
{'a1': 0.30000000000000004, 'a4': 0.8, 'G_theta': 1, 'G_k': 2, 'U_b': 1, 'U_a': 0, 'mia': 0.48496878235998075}
{'a1': 0.30000000000000004, 'a4': 0.8, 'G_theta': 2, 'G_k': 2, 'U_b': 1, 'U_a': 0, 'mia': 0.48496878235998075}
{'a1': 0.30000000000000004, 'a4': 0.8, 'G_theta': 3, 'G_k': 2, 'U_b': 1, 'U_a': 0, 'mia': 0.48496878235998075}
{'a1': 0.4, 'a4': 0.1, 'G_theta': 1, 'G_k': 2, 'U_b': 1, 'U_a': 0, 'mia': 0.48496878235998075}
{'a1': 0.4, 'a4': 0.1, 'G_theta': 1, 'G_k': 2, 'U_b': 2, 'U_a': 1, 'mia': 0.48496878235998075}
{'a1': 0.4, 'a4': 0.1, 'G_theta': 2, 'G_k': 2, 'U_b': 1, 'U_a': 0, 'mia': 0.48496878235998075}
{'a1': 0.4, 'a4': 0.1, 'G_theta': 2, 'G_k': 2, 'U_b': 2, 'U_a': 1, 'mia': 0.48496878235998075}
{'a1': 0.4, 'a4': 0.1, 'G_theta': 3, 'G_k': 2, 'U_b': 1, 'U_a': 0, 'mia': 0.48496878235998075}
{'a1': 0.4, 'a4': 0.1, 'G_theta': 3, 'G_k': 2, 'U_b': 2, 'U_a': 1, 'mia': 0.48496878235998075}
{'a1': 0.4, 'a4': 0.2, 'G_theta': 1, 'G_k': 2, 'U_b': 1, 'U_a': 0, 'mia': 0.48496878235998075}
{'a1': 0.4, 'a4': 0.2, 'G_theta': 1, 'G_k': 2, 'U_b': 2, 'U_a': 1, 'mia': 0.48496878235998075}
{'a1': 0.4, 'a4': 0.2, 'G_theta': 2, 'G_k': 2, 'U_b': 1, 'U_a': 0, 'mia': 0.48496878235998075}
{'a1': 0.4, 'a4': 0.2, 'G_theta': 2, 'G_k': 2, 'U_b': 2, 'U_a': 1, 'mia': 0.48496878235998075}
{'a1': 0.4, 'a4': 0.2, 'G_theta': 3, 'G_k': 2, 'U_b': 1, 'U_a': 0, 'mia': 0.48496878235998075}
{'a1': 0.4, 'a4': 0.2, 'G_theta': 3, 'G_k': 2, 'U_b': 2, 'U_a': 1, 'mia': 0.48496878235998075}
{'a1': 0.4, 'a4': 0.30000000000000004, 'G_theta': 1, 'G_k': 2, 'U_b': 1, 'U_a': 0, 'mia': 0.48496878235998075}
{'a1': 0.4, 'a4': 0.30000000000000004, 'G_theta': 1, 'G_k': 2, 'U_b': 2, 'U_a': 1, 'mia': 0.48496878235998075}
{'a1': 0.4, 'a4': 0.30000000000000004, 'G_theta': 2, 'G_k': 2, 'U_b': 1, 'U_a': 0, 'mia': 0.48496878235998075}
{'a1': 0.4, 'a4': 0.30000000000000004, 'G_theta': 2, 'G_k': 2, 'U_b': 2, 'U_a': 1, 'mia': 0.48496878235998075}
{'a1': 0.4, 'a4': 0.30000000000000004, 'G_theta': 3, 'G_k': 2, 'U_b': 1, 'U_a': 0, 'mia': 0.48496878235998075}
{'a1': 0.4, 'a4': 0.30000000000000004, 'G_theta': 3, 'G_k': 2, 'U_b': 2, 'U_a': 1, 'mia': 0.48496878235998075}
{'a1': 0.4, 'a4': 0.4, 'G_theta': 1, 'G_k': 2, 'U_b': 1, 'U_a': 0, 'mia': 0.48496878235998075}
{'a1': 0.4, 'a4': 0.4, 'G_theta': 1, 'G_k': 2, 'U_b': 2, 'U_a': 1, 'mia': 0.48496878235998075}
{'a1': 0.4, 'a4': 0.4, 'G_theta': 2, 'G_k': 2, 'U_b': 1, 'U_a': 0, 'mia': 0.48496878235998075}
{'a1': 0.4, 'a4': 0.4, 'G_theta': 2, 'G_k': 2, 'U_b': 2, 'U_a': 1, 'mia': 0.48496878235998075}
{'a1': 0.4, 'a4': 0.4, 'G_theta': 3, 'G_k': 2, 'U_b': 1, 'U_a': 0, 'mia': 0.48496878235998075}
{'a1': 0.4, 'a4': 0.4, 'G_theta': 3, 'G_k': 2, 'U_b': 2, 'U_a': 1, 'mia': 0.48496878235998075}
{'a1': 0.4, 'a4': 0.5, 'G_theta': 1, 'G_k': 2, 'U_b': 1, 'U_a': 0, 'mia': 0.48496878235998075}
{'a1': 0.4, 'a4': 0.5, 'G_theta': 2, 'G_k': 2, 'U_b': 1, 'U_a': 0, 'mia': 0.48496878235998075}
{'a1': 0.4, 'a4': 0.5, 'G_theta': 3, 'G_k': 2, 'U_b': 1, 'U_a': 0, 'mia': 0.48496878235998075}
{'a1': 0.4, 'a4': 0.6, 'G_theta': 1, 'G_k': 2, 'U_b': 1, 'U_a': 0, 'mia': 0.48496878235998075}
{'a1': 0.4, 'a4': 0.6, 'G_theta': 2, 'G_k': 2, 'U_b': 1, 'U_a': 0, 'mia': 0.48496878235998075}
{'a1': 0.4, 'a4': 0.6, 'G_theta': 3, 'G_k': 2, 'U_b': 1, 'U_a': 0, 'mia': 0.48496878235998075}
{'a1': 0.4, 'a4': 0.7000000000000001, 'G_theta': 1, 'G_k': 2, 'U_b': 1, 'U_a': 0, 'mia': 0.48496878235998075}
{'a1': 0.4, 'a4': 0.7000000000000001, 'G_theta': 2, 'G_k': 2, 'U_b': 1, 'U_a': 0, 'mia': 0.48496878235998075}
{'a1': 0.4, 'a4': 0.7000000000000001, 'G_theta': 3, 'G_k': 2, 'U_b': 1, 'U_a': 0, 'mia': 0.48496878235998075}
{'a1': 0.4, 'a4': 0.8, 'G_theta': 1, 'G_k': 2, 'U_b': 1, 'U_a': 0, 'mia': 0.48496878235998075}
{'a1': 0.4, 'a4': 0.8, 'G_theta': 2, 'G_k': 2, 'U_b': 1, 'U_a': 0, 'mia': 0.48496878235998075}
{'a1': 0.4, 'a4': 0.8, 'G_theta': 3, 'G_k': 2, 'U_b': 1, 'U_a': 0, 'mia': 0.48496878235998075}
{'a1': 0.5, 'a4': 0.1, 'G_theta': 1, 'G_k': 2, 'U_b': 1, 'U_a': 0, 'mia': 0.48496878235998075}
{'a1': 0.5, 'a4': 0.1, 'G_theta': 1, 'G_k': 2, 'U_b': 2, 'U_a': 1, 'mia': 0.48496878235998075}
{'a1': 0.5, 'a4': 0.1, 'G_theta': 2, 'G_k': 2, 'U_b': 1, 'U_a': 0, 'mia': 0.48496878235998075}
{'a1': 0.5, 'a4': 0.1, 'G_theta': 2, 'G_k': 2, 'U_b': 2, 'U_a': 1, 'mia': 0.48496878235998075}
{'a1': 0.5, 'a4': 0.1, 'G_theta': 3, 'G_k': 2, 'U_b': 1, 'U_a': 0, 'mia': 0.48496878235998075}
{'a1': 0.5, 'a4': 0.1, 'G_theta': 3, 'G_k': 2, 'U_b': 2, 'U_a': 1, 'mia': 0.48496878235998075}
{'a1': 0.5, 'a4': 0.2, 'G_theta': 1, 'G_k': 2, 'U_b': 1, 'U_a': 0, 'mia': 0.48496878235998075}
{'a1': 0.5, 'a4': 0.2, 'G_theta': 1, 'G_k': 2, 'U_b': 2, 'U_a': 1, 'mia': 0.48496878235998075}
{'a1': 0.5, 'a4': 0.2, 'G_theta': 2, 'G_k': 2, 'U_b': 1, 'U_a': 0, 'mia': 0.48496878235998075}
{'a1': 0.5, 'a4': 0.2, 'G_theta': 2, 'G_k': 2, 'U_b': 2, 'U_a': 1, 'mia': 0.48496878235998075}
{'a1': 0.5, 'a4': 0.2, 'G_theta': 3, 'G_k': 2, 'U_b': 1, 'U_a': 0, 'mia': 0.48496878235998075}
{'a1': 0.5, 'a4': 0.2, 'G_theta': 3, 'G_k': 2, 'U_b': 2, 'U_a': 1, 'mia': 0.48496878235998075}
{'a1': 0.5, 'a4': 0.30000000000000004, 'G_theta': 1, 'G_k': 2, 'U_b': 1, 'U_a': 0, 'mia': 0.48496878235998075}
{'a1': 0.5, 'a4': 0.30000000000000004, 'G_theta': 1, 'G_k': 2, 'U_b': 2, 'U_a': 1, 'mia': 0.48496878235998075}
{'a1': 0.5, 'a4': 0.30000000000000004, 'G_theta': 2, 'G_k': 2, 'U_b': 1, 'U_a': 0, 'mia': 0.48496878235998075}
{'a1': 0.5, 'a4': 0.30000000000000004, 'G_theta': 2, 'G_k': 2, 'U_b': 2, 'U_a': 1, 'mia': 0.48496878235998075}
{'a1': 0.5, 'a4': 0.30000000000000004, 'G_theta': 3, 'G_k': 2, 'U_b': 1, 'U_a': 0, 'mia': 0.48496878235998075}
{'a1': 0.5, 'a4': 0.30000000000000004, 'G_theta': 3, 'G_k': 2, 'U_b': 2, 'U_a': 1, 'mia': 0.48496878235998075}
{'a1': 0.5, 'a4': 0.4, 'G_theta': 1, 'G_k': 2, 'U_b': 1, 'U_a': 0, 'mia': 0.48496878235998075}
{'a1': 0.5, 'a4': 0.4, 'G_theta': 1, 'G_k': 2, 'U_b': 2, 'U_a': 1, 'mia': 0.48496878235998075}
{'a1': 0.5, 'a4': 0.4, 'G_theta': 2, 'G_k': 2, 'U_b': 1, 'U_a': 0, 'mia': 0.48496878235998075}
{'a1': 0.5, 'a4': 0.4, 'G_theta': 2, 'G_k': 2, 'U_b': 2, 'U_a': 1, 'mia': 0.48496878235998075}
{'a1': 0.5, 'a4': 0.4, 'G_theta': 3, 'G_k': 2, 'U_b': 1, 'U_a': 0, 'mia': 0.48496878235998075}
{'a1': 0.5, 'a4': 0.4, 'G_theta': 3, 'G_k': 2, 'U_b': 2, 'U_a': 1, 'mia': 0.48496878235998075}
{'a1': 0.5, 'a4': 0.5, 'G_theta': 1, 'G_k': 2, 'U_b': 1, 'U_a': 0, 'mia': 0.48496878235998075}
{'a1': 0.5, 'a4': 0.5, 'G_theta': 2, 'G_k': 2, 'U_b': 1, 'U_a': 0, 'mia': 0.48496878235998075}
{'a1': 0.5, 'a4': 0.5, 'G_theta': 3, 'G_k': 2, 'U_b': 1, 'U_a': 0, 'mia': 0.48496878235998075}
{'a1': 0.5, 'a4': 0.6, 'G_theta': 1, 'G_k': 2, 'U_b': 1, 'U_a': 0, 'mia': 0.48496878235998075}
{'a1': 0.5, 'a4': 0.6, 'G_theta': 2, 'G_k': 2, 'U_b': 1, 'U_a': 0, 'mia': 0.48496878235998075}
{'a1': 0.5, 'a4': 0.6, 'G_theta': 3, 'G_k': 2, 'U_b': 1, 'U_a': 0, 'mia': 0.48496878235998075}
{'a1': 0.5, 'a4': 0.7000000000000001, 'G_theta': 1, 'G_k': 2, 'U_b': 1, 'U_a': 0, 'mia': 0.48496878235998075}
{'a1': 0.5, 'a4': 0.7000000000000001, 'G_theta': 2, 'G_k': 2, 'U_b': 1, 'U_a': 0, 'mia': 0.48496878235998075}
{'a1': 0.5, 'a4': 0.7000000000000001, 'G_theta': 3, 'G_k': 2, 'U_b': 1, 'U_a': 0, 'mia': 0.48496878235998075}
{'a1': 0.5, 'a4': 0.8, 'G_theta': 1, 'G_k': 2, 'U_b': 1, 'U_a': 0, 'mia': 0.48496878235998075}
{'a1': 0.5, 'a4': 0.8, 'G_theta': 2, 'G_k': 2, 'U_b': 1, 'U_a': 0, 'mia': 0.48496878235998075}
{'a1': 0.5, 'a4': 0.8, 'G_theta': 3, 'G_k': 2, 'U_b': 1, 'U_a': 0, 'mia': 0.48496878235998075}
{'a1': 0.6, 'a4': 0.1, 'G_theta': 1, 'G_k': 2, 'U_b': 1, 'U_a': 0, 'mia': 0.48496878235998075}
{'a1': 0.6, 'a4': 0.1, 'G_theta': 1, 'G_k': 2, 'U_b': 2, 'U_a': 1, 'mia': 0.48496878235998075}
{'a1': 0.6, 'a4': 0.1, 'G_theta': 2, 'G_k': 2, 'U_b': 1, 'U_a': 0, 'mia': 0.48496878235998075}
{'a1': 0.6, 'a4': 0.1, 'G_theta': 2, 'G_k': 2, 'U_b': 2, 'U_a': 1, 'mia': 0.48496878235998075}
{'a1': 0.6, 'a4': 0.1, 'G_theta': 3, 'G_k': 2, 'U_b': 1, 'U_a': 0, 'mia': 0.48496878235998075}
{'a1': 0.6, 'a4': 0.1, 'G_theta': 3, 'G_k': 2, 'U_b': 2, 'U_a': 1, 'mia': 0.48496878235998075}
{'a1': 0.6, 'a4': 0.2, 'G_theta': 1, 'G_k': 2, 'U_b': 1, 'U_a': 0, 'mia': 0.48496878235998075}
{'a1': 0.6, 'a4': 0.2, 'G_theta': 1, 'G_k': 2, 'U_b': 2, 'U_a': 1, 'mia': 0.48496878235998075}
{'a1': 0.6, 'a4': 0.2, 'G_theta': 2, 'G_k': 2, 'U_b': 1, 'U_a': 0, 'mia': 0.48496878235998075}
{'a1': 0.6, 'a4': 0.2, 'G_theta': 2, 'G_k': 2, 'U_b': 2, 'U_a': 1, 'mia': 0.48496878235998075}
{'a1': 0.6, 'a4': 0.2, 'G_theta': 3, 'G_k': 2, 'U_b': 1, 'U_a': 0, 'mia': 0.48496878235998075}
{'a1': 0.6, 'a4': 0.2, 'G_theta': 3, 'G_k': 2, 'U_b': 2, 'U_a': 1, 'mia': 0.48496878235998075}
{'a1': 0.6, 'a4': 0.30000000000000004, 'G_theta': 1, 'G_k': 2, 'U_b': 1, 'U_a': 0, 'mia': 0.48496878235998075}
{'a1': 0.6, 'a4': 0.30000000000000004, 'G_theta': 1, 'G_k': 2, 'U_b': 2, 'U_a': 1, 'mia': 0.48496878235998075}
{'a1': 0.6, 'a4': 0.30000000000000004, 'G_theta': 2, 'G_k': 2, 'U_b': 1, 'U_a': 0, 'mia': 0.48496878235998075}
{'a1': 0.6, 'a4': 0.30000000000000004, 'G_theta': 2, 'G_k': 2, 'U_b': 2, 'U_a': 1, 'mia': 0.48496878235998075}
{'a1': 0.6, 'a4': 0.30000000000000004, 'G_theta': 3, 'G_k': 2, 'U_b': 1, 'U_a': 0, 'mia': 0.48496878235998075}
{'a1': 0.6, 'a4': 0.30000000000000004, 'G_theta': 3, 'G_k': 2, 'U_b': 2, 'U_a': 1, 'mia': 0.48496878235998075}
{'a1': 0.6, 'a4': 0.4, 'G_theta': 1, 'G_k': 2, 'U_b': 1, 'U_a': 0, 'mia': 0.48496878235998075}
{'a1': 0.6, 'a4': 0.4, 'G_theta': 1, 'G_k': 2, 'U_b': 2, 'U_a': 1, 'mia': 0.48496878235998075}
{'a1': 0.6, 'a4': 0.4, 'G_theta': 2, 'G_k': 2, 'U_b': 1, 'U_a': 0, 'mia': 0.48496878235998075}
{'a1': 0.6, 'a4': 0.4, 'G_theta': 2, 'G_k': 2, 'U_b': 2, 'U_a': 1, 'mia': 0.48496878235998075}
{'a1': 0.6, 'a4': 0.4, 'G_theta': 3, 'G_k': 2, 'U_b': 1, 'U_a': 0, 'mia': 0.48496878235998075}
{'a1': 0.6, 'a4': 0.4, 'G_theta': 3, 'G_k': 2, 'U_b': 2, 'U_a': 1, 'mia': 0.48496878235998075}
{'a1': 0.6, 'a4': 0.5, 'G_theta': 1, 'G_k': 2, 'U_b': 1, 'U_a': 0, 'mia': 0.48496878235998075}
{'a1': 0.6, 'a4': 0.5, 'G_theta': 2, 'G_k': 2, 'U_b': 1, 'U_a': 0, 'mia': 0.48496878235998075}
{'a1': 0.6, 'a4': 0.5, 'G_theta': 3, 'G_k': 2, 'U_b': 1, 'U_a': 0, 'mia': 0.48496878235998075}
{'a1': 0.6, 'a4': 0.6, 'G_theta': 1, 'G_k': 2, 'U_b': 1, 'U_a': 0, 'mia': 0.48496878235998075}
{'a1': 0.6, 'a4': 0.6, 'G_theta': 2, 'G_k': 2, 'U_b': 1, 'U_a': 0, 'mia': 0.48496878235998075}
{'a1': 0.6, 'a4': 0.6, 'G_theta': 3, 'G_k': 2, 'U_b': 1, 'U_a': 0, 'mia': 0.48496878235998075}
{'a1': 0.6, 'a4': 0.7000000000000001, 'G_theta': 1, 'G_k': 2, 'U_b': 1, 'U_a': 0, 'mia': 0.48496878235998075}
{'a1': 0.6, 'a4': 0.7000000000000001, 'G_theta': 2, 'G_k': 2, 'U_b': 1, 'U_a': 0, 'mia': 0.48496878235998075}
{'a1': 0.6, 'a4': 0.7000000000000001, 'G_theta': 3, 'G_k': 2, 'U_b': 1, 'U_a': 0, 'mia': 0.48496878235998075}
{'a1': 0.6, 'a4': 0.8, 'G_theta': 1, 'G_k': 2, 'U_b': 1, 'U_a': 0, 'mia': 0.48496878235998075}
{'a1': 0.6, 'a4': 0.8, 'G_theta': 2, 'G_k': 2, 'U_b': 1, 'U_a': 0, 'mia': 0.48496878235998075}
{'a1': 0.6, 'a4': 0.8, 'G_theta': 3, 'G_k': 2, 'U_b': 1, 'U_a': 0, 'mia': 0.48496878235998075}
{'a1': 0.7000000000000001, 'a4': 0.1, 'G_theta': 1, 'G_k': 2, 'U_b': 1, 'U_a': 0, 'mia': 0.48496878235998075}
{'a1': 0.7000000000000001, 'a4': 0.1, 'G_theta': 1, 'G_k': 2, 'U_b': 2, 'U_a': 1, 'mia': 0.48496878235998075}
{'a1': 0.7000000000000001, 'a4': 0.1, 'G_theta': 2, 'G_k': 2, 'U_b': 1, 'U_a': 0, 'mia': 0.48496878235998075}
{'a1': 0.7000000000000001, 'a4': 0.1, 'G_theta': 2, 'G_k': 2, 'U_b': 2, 'U_a': 1, 'mia': 0.48496878235998075}
{'a1': 0.7000000000000001, 'a4': 0.1, 'G_theta': 3, 'G_k': 2, 'U_b': 1, 'U_a': 0, 'mia': 0.48496878235998075}
{'a1': 0.7000000000000001, 'a4': 0.1, 'G_theta': 3, 'G_k': 2, 'U_b': 2, 'U_a': 1, 'mia': 0.48496878235998075}
{'a1': 0.7000000000000001, 'a4': 0.2, 'G_theta': 1, 'G_k': 2, 'U_b': 1, 'U_a': 0, 'mia': 0.48496878235998075}
{'a1': 0.7000000000000001, 'a4': 0.2, 'G_theta': 1, 'G_k': 2, 'U_b': 2, 'U_a': 1, 'mia': 0.48496878235998075}
{'a1': 0.7000000000000001, 'a4': 0.2, 'G_theta': 2, 'G_k': 2, 'U_b': 1, 'U_a': 0, 'mia': 0.48496878235998075}
{'a1': 0.7000000000000001, 'a4': 0.2, 'G_theta': 2, 'G_k': 2, 'U_b': 2, 'U_a': 1, 'mia': 0.48496878235998075}
{'a1': 0.7000000000000001, 'a4': 0.2, 'G_theta': 3, 'G_k': 2, 'U_b': 1, 'U_a': 0, 'mia': 0.48496878235998075}
{'a1': 0.7000000000000001, 'a4': 0.2, 'G_theta': 3, 'G_k': 2, 'U_b': 2, 'U_a': 1, 'mia': 0.48496878235998075}
{'a1': 0.7000000000000001, 'a4': 0.30000000000000004, 'G_theta': 1, 'G_k': 2, 'U_b': 1, 'U_a': 0, 'mia': 0.48496878235998075}
{'a1': 0.7000000000000001, 'a4': 0.30000000000000004, 'G_theta': 1, 'G_k': 2, 'U_b': 2, 'U_a': 1, 'mia': 0.48496878235998075}
{'a1': 0.7000000000000001, 'a4': 0.30000000000000004, 'G_theta': 2, 'G_k': 2, 'U_b': 1, 'U_a': 0, 'mia': 0.48496878235998075}
{'a1': 0.7000000000000001, 'a4': 0.30000000000000004, 'G_theta': 2, 'G_k': 2, 'U_b': 2, 'U_a': 1, 'mia': 0.48496878235998075}
{'a1': 0.7000000000000001, 'a4': 0.30000000000000004, 'G_theta': 3, 'G_k': 2, 'U_b': 1, 'U_a': 0, 'mia': 0.48496878235998075}
{'a1': 0.7000000000000001, 'a4': 0.30000000000000004, 'G_theta': 3, 'G_k': 2, 'U_b': 2, 'U_a': 1, 'mia': 0.48496878235998075}
{'a1': 0.7000000000000001, 'a4': 0.4, 'G_theta': 1, 'G_k': 2, 'U_b': 1, 'U_a': 0, 'mia': 0.48496878235998075}
{'a1': 0.7000000000000001, 'a4': 0.4, 'G_theta': 1, 'G_k': 2, 'U_b': 2, 'U_a': 1, 'mia': 0.48496878235998075}
{'a1': 0.7000000000000001, 'a4': 0.4, 'G_theta': 2, 'G_k': 2, 'U_b': 1, 'U_a': 0, 'mia': 0.48496878235998075}
{'a1': 0.7000000000000001, 'a4': 0.4, 'G_theta': 2, 'G_k': 2, 'U_b': 2, 'U_a': 1, 'mia': 0.48496878235998075}
{'a1': 0.7000000000000001, 'a4': 0.4, 'G_theta': 3, 'G_k': 2, 'U_b': 1, 'U_a': 0, 'mia': 0.48496878235998075}
{'a1': 0.7000000000000001, 'a4': 0.4, 'G_theta': 3, 'G_k': 2, 'U_b': 2, 'U_a': 1, 'mia': 0.48496878235998075}
{'a1': 0.7000000000000001, 'a4': 0.5, 'G_theta': 1, 'G_k': 2, 'U_b': 1, 'U_a': 0, 'mia': 0.48496878235998075}
{'a1': 0.7000000000000001, 'a4': 0.5, 'G_theta': 2, 'G_k': 2, 'U_b': 1, 'U_a': 0, 'mia': 0.48496878235998075}
{'a1': 0.7000000000000001, 'a4': 0.5, 'G_theta': 3, 'G_k': 2, 'U_b': 1, 'U_a': 0, 'mia': 0.48496878235998075}
{'a1': 0.7000000000000001, 'a4': 0.6, 'G_theta': 1, 'G_k': 2, 'U_b': 1, 'U_a': 0, 'mia': 0.48496878235998075}
{'a1': 0.7000000000000001, 'a4': 0.6, 'G_theta': 2, 'G_k': 2, 'U_b': 1, 'U_a': 0, 'mia': 0.48496878235998075}
{'a1': 0.7000000000000001, 'a4': 0.6, 'G_theta': 3, 'G_k': 2, 'U_b': 1, 'U_a': 0, 'mia': 0.48496878235998075}
{'a1': 0.7000000000000001, 'a4': 0.7000000000000001, 'G_theta': 1, 'G_k': 2, 'U_b': 1, 'U_a': 0, 'mia': 0.48496878235998075}
{'a1': 0.7000000000000001, 'a4': 0.7000000000000001, 'G_theta': 2, 'G_k': 2, 'U_b': 1, 'U_a': 0, 'mia': 0.48496878235998075}
{'a1': 0.7000000000000001, 'a4': 0.7000000000000001, 'G_theta': 3, 'G_k': 2, 'U_b': 1, 'U_a': 0, 'mia': 0.48496878235998075}
{'a1': 0.7000000000000001, 'a4': 0.8, 'G_theta': 1, 'G_k': 2, 'U_b': 1, 'U_a': 0, 'mia': 0.48496878235998075}
{'a1': 0.7000000000000001, 'a4': 0.8, 'G_theta': 2, 'G_k': 2, 'U_b': 1, 'U_a': 0, 'mia': 0.48496878235998075}
{'a1': 0.7000000000000001, 'a4': 0.8, 'G_theta': 3, 'G_k': 2, 'U_b': 1, 'U_a': 0, 'mia': 0.48496878235998075}
{'a1': 0.8, 'a4': 0.1, 'G_theta': 1, 'G_k': 2, 'U_b': 1, 'U_a': 0, 'mia': 0.48496878235998075}
{'a1': 0.8, 'a4': 0.1, 'G_theta': 1, 'G_k': 2, 'U_b': 2, 'U_a': 1, 'mia': 0.48496878235998075}
{'a1': 0.8, 'a4': 0.1, 'G_theta': 2, 'G_k': 2, 'U_b': 1, 'U_a': 0, 'mia': 0.48496878235998075}
{'a1': 0.8, 'a4': 0.1, 'G_theta': 2, 'G_k': 2, 'U_b': 2, 'U_a': 1, 'mia': 0.48496878235998075}
{'a1': 0.8, 'a4': 0.1, 'G_theta': 3, 'G_k': 2, 'U_b': 1, 'U_a': 0, 'mia': 0.48496878235998075}
{'a1': 0.8, 'a4': 0.1, 'G_theta': 3, 'G_k': 2, 'U_b': 2, 'U_a': 1, 'mia': 0.48496878235998075}
{'a1': 0.8, 'a4': 0.2, 'G_theta': 1, 'G_k': 2, 'U_b': 1, 'U_a': 0, 'mia': 0.48496878235998075}
{'a1': 0.8, 'a4': 0.2, 'G_theta': 1, 'G_k': 2, 'U_b': 2, 'U_a': 1, 'mia': 0.48496878235998075}
{'a1': 0.8, 'a4': 0.2, 'G_theta': 2, 'G_k': 2, 'U_b': 1, 'U_a': 0, 'mia': 0.48496878235998075}
{'a1': 0.8, 'a4': 0.2, 'G_theta': 2, 'G_k': 2, 'U_b': 2, 'U_a': 1, 'mia': 0.48496878235998075}
{'a1': 0.8, 'a4': 0.2, 'G_theta': 3, 'G_k': 2, 'U_b': 1, 'U_a': 0, 'mia': 0.48496878235998075}
{'a1': 0.8, 'a4': 0.2, 'G_theta': 3, 'G_k': 2, 'U_b': 2, 'U_a': 1, 'mia': 0.48496878235998075}
{'a1': 0.8, 'a4': 0.30000000000000004, 'G_theta': 1, 'G_k': 2, 'U_b': 1, 'U_a': 0, 'mia': 0.48496878235998075}
{'a1': 0.8, 'a4': 0.30000000000000004, 'G_theta': 1, 'G_k': 2, 'U_b': 2, 'U_a': 1, 'mia': 0.48496878235998075}
{'a1': 0.8, 'a4': 0.30000000000000004, 'G_theta': 2, 'G_k': 2, 'U_b': 1, 'U_a': 0, 'mia': 0.48496878235998075}
{'a1': 0.8, 'a4': 0.30000000000000004, 'G_theta': 2, 'G_k': 2, 'U_b': 2, 'U_a': 1, 'mia': 0.48496878235998075}
{'a1': 0.8, 'a4': 0.30000000000000004, 'G_theta': 3, 'G_k': 2, 'U_b': 1, 'U_a': 0, 'mia': 0.48496878235998075}
{'a1': 0.8, 'a4': 0.30000000000000004, 'G_theta': 3, 'G_k': 2, 'U_b': 2, 'U_a': 1, 'mia': 0.48496878235998075}
{'a1': 0.8, 'a4': 0.4, 'G_theta': 1, 'G_k': 2, 'U_b': 1, 'U_a': 0, 'mia': 0.48496878235998075}
{'a1': 0.8, 'a4': 0.4, 'G_theta': 1, 'G_k': 2, 'U_b': 2, 'U_a': 1, 'mia': 0.48496878235998075}
{'a1': 0.8, 'a4': 0.4, 'G_theta': 2, 'G_k': 2, 'U_b': 1, 'U_a': 0, 'mia': 0.48496878235998075}
{'a1': 0.8, 'a4': 0.4, 'G_theta': 2, 'G_k': 2, 'U_b': 2, 'U_a': 1, 'mia': 0.48496878235998075}
{'a1': 0.8, 'a4': 0.4, 'G_theta': 3, 'G_k': 2, 'U_b': 1, 'U_a': 0, 'mia': 0.48496878235998075}
{'a1': 0.8, 'a4': 0.4, 'G_theta': 3, 'G_k': 2, 'U_b': 2, 'U_a': 1, 'mia': 0.48496878235998075}
{'a1': 0.8, 'a4': 0.5, 'G_theta': 1, 'G_k': 2, 'U_b': 1, 'U_a': 0, 'mia': 0.48496878235998075}
{'a1': 0.8, 'a4': 0.5, 'G_theta': 2, 'G_k': 2, 'U_b': 1, 'U_a': 0, 'mia': 0.48496878235998075}
{'a1': 0.8, 'a4': 0.5, 'G_theta': 3, 'G_k': 2, 'U_b': 1, 'U_a': 0, 'mia': 0.48496878235998075}
{'a1': 0.8, 'a4': 0.6, 'G_theta': 1, 'G_k': 2, 'U_b': 1, 'U_a': 0, 'mia': 0.48496878235998075}
{'a1': 0.8, 'a4': 0.6, 'G_theta': 2, 'G_k': 2, 'U_b': 1, 'U_a': 0, 'mia': 0.48496878235998075}
{'a1': 0.8, 'a4': 0.6, 'G_theta': 3, 'G_k': 2, 'U_b': 1, 'U_a': 0, 'mia': 0.48496878235998075}
{'a1': 0.8, 'a4': 0.7000000000000001, 'G_theta': 1, 'G_k': 2, 'U_b': 1, 'U_a': 0, 'mia': 0.48496878235998075}
{'a1': 0.8, 'a4': 0.7000000000000001, 'G_theta': 2, 'G_k': 2, 'U_b': 1, 'U_a': 0, 'mia': 0.48496878235998075}
{'a1': 0.8, 'a4': 0.7000000000000001, 'G_theta': 3, 'G_k': 2, 'U_b': 1, 'U_a': 0, 'mia': 0.48496878235998075}
{'a1': 0.8, 'a4': 0.8, 'G_theta': 1, 'G_k': 2, 'U_b': 1, 'U_a': 0, 'mia': 0.48496878235998075}
{'a1': 0.8, 'a4': 0.8, 'G_theta': 2, 'G_k': 2, 'U_b': 1, 'U_a': 0, 'mia': 0.48496878235998075}
{'a1': 0.8, 'a4': 0.8, 'G_theta': 3, 'G_k': 2, 'U_b': 1, 'U_a': 0, 'mia': 0.48496878235998075}
{'a1': 0.9, 'a4': 0.1, 'G_theta': 1, 'G_k': 2, 'U_b': 1, 'U_a': 0, 'mia': 0.48496878235998075}
{'a1': 0.9, 'a4': 0.1, 'G_theta': 1, 'G_k': 2, 'U_b': 2, 'U_a': 1, 'mia': 0.48496878235998075}
{'a1': 0.9, 'a4': 0.1, 'G_theta': 2, 'G_k': 2, 'U_b': 1, 'U_a': 0, 'mia': 0.48496878235998075}
{'a1': 0.9, 'a4': 0.1, 'G_theta': 2, 'G_k': 2, 'U_b': 2, 'U_a': 1, 'mia': 0.48496878235998075}
{'a1': 0.9, 'a4': 0.1, 'G_theta': 3, 'G_k': 2, 'U_b': 1, 'U_a': 0, 'mia': 0.48496878235998075}
{'a1': 0.9, 'a4': 0.1, 'G_theta': 3, 'G_k': 2, 'U_b': 2, 'U_a': 1, 'mia': 0.48496878235998075}
{'a1': 0.9, 'a4': 0.2, 'G_theta': 1, 'G_k': 2, 'U_b': 1, 'U_a': 0, 'mia': 0.48496878235998075}
{'a1': 0.9, 'a4': 0.2, 'G_theta': 1, 'G_k': 2, 'U_b': 2, 'U_a': 1, 'mia': 0.48496878235998075}
{'a1': 0.9, 'a4': 0.2, 'G_theta': 2, 'G_k': 2, 'U_b': 1, 'U_a': 0, 'mia': 0.48496878235998075}
{'a1': 0.9, 'a4': 0.2, 'G_theta': 2, 'G_k': 2, 'U_b': 2, 'U_a': 1, 'mia': 0.48496878235998075}
{'a1': 0.9, 'a4': 0.2, 'G_theta': 3, 'G_k': 2, 'U_b': 1, 'U_a': 0, 'mia': 0.48496878235998075}
{'a1': 0.9, 'a4': 0.2, 'G_theta': 3, 'G_k': 2, 'U_b': 2, 'U_a': 1, 'mia': 0.48496878235998075}
{'a1': 0.9, 'a4': 0.30000000000000004, 'G_theta': 1, 'G_k': 2, 'U_b': 1, 'U_a': 0, 'mia': 0.48496878235998075}
{'a1': 0.9, 'a4': 0.30000000000000004, 'G_theta': 1, 'G_k': 2, 'U_b': 2, 'U_a': 1, 'mia': 0.48496878235998075}
{'a1': 0.9, 'a4': 0.30000000000000004, 'G_theta': 2, 'G_k': 2, 'U_b': 1, 'U_a': 0, 'mia': 0.48496878235998075}
{'a1': 0.9, 'a4': 0.30000000000000004, 'G_theta': 2, 'G_k': 2, 'U_b': 2, 'U_a': 1, 'mia': 0.48496878235998075}
{'a1': 0.9, 'a4': 0.30000000000000004, 'G_theta': 3, 'G_k': 2, 'U_b': 1, 'U_a': 0, 'mia': 0.48496878235998075}
{'a1': 0.9, 'a4': 0.30000000000000004, 'G_theta': 3, 'G_k': 2, 'U_b': 2, 'U_a': 1, 'mia': 0.48496878235998075}
{'a1': 0.9, 'a4': 0.4, 'G_theta': 1, 'G_k': 2, 'U_b': 1, 'U_a': 0, 'mia': 0.48496878235998075}
{'a1': 0.9, 'a4': 0.4, 'G_theta': 1, 'G_k': 2, 'U_b': 2, 'U_a': 1, 'mia': 0.48496878235998075}
{'a1': 0.9, 'a4': 0.4, 'G_theta': 2, 'G_k': 2, 'U_b': 1, 'U_a': 0, 'mia': 0.48496878235998075}
{'a1': 0.9, 'a4': 0.4, 'G_theta': 2, 'G_k': 2, 'U_b': 2, 'U_a': 1, 'mia': 0.48496878235998075}
{'a1': 0.9, 'a4': 0.4, 'G_theta': 3, 'G_k': 2, 'U_b': 1, 'U_a': 0, 'mia': 0.48496878235998075}
{'a1': 0.9, 'a4': 0.4, 'G_theta': 3, 'G_k': 2, 'U_b': 2, 'U_a': 1, 'mia': 0.48496878235998075}
{'a1': 0.9, 'a4': 0.5, 'G_theta': 1, 'G_k': 2, 'U_b': 1, 'U_a': 0, 'mia': 0.48496878235998075}
{'a1': 0.9, 'a4': 0.5, 'G_theta': 2, 'G_k': 2, 'U_b': 1, 'U_a': 0, 'mia': 0.48496878235998075}
{'a1': 0.9, 'a4': 0.5, 'G_theta': 3, 'G_k': 2, 'U_b': 1, 'U_a': 0, 'mia': 0.48496878235998075}
{'a1': 0.9, 'a4': 0.6, 'G_theta': 1, 'G_k': 2, 'U_b': 1, 'U_a': 0, 'mia': 0.48496878235998075}
{'a1': 0.9, 'a4': 0.6, 'G_theta': 2, 'G_k': 2, 'U_b': 1, 'U_a': 0, 'mia': 0.48496878235998075}
{'a1': 0.9, 'a4': 0.6, 'G_theta': 3, 'G_k': 2, 'U_b': 1, 'U_a': 0, 'mia': 0.48496878235998075}
{'a1': 0.9, 'a4': 0.7000000000000001, 'G_theta': 1, 'G_k': 2, 'U_b': 1, 'U_a': 0, 'mia': 0.48496878235998075}
{'a1': 0.9, 'a4': 0.7000000000000001, 'G_theta': 2, 'G_k': 2, 'U_b': 1, 'U_a': 0, 'mia': 0.48496878235998075}
{'a1': 0.9, 'a4': 0.7000000000000001, 'G_theta': 3, 'G_k': 2, 'U_b': 1, 'U_a': 0, 'mia': 0.48496878235998075}
{'a1': 0.9, 'a4': 0.8, 'G_theta': 1, 'G_k': 2, 'U_b': 1, 'U_a': 0, 'mia': 0.48496878235998075}
{'a1': 0.9, 'a4': 0.8, 'G_theta': 2, 'G_k': 2, 'U_b': 1, 'U_a': 0, 'mia': 0.48496878235998075}
{'a1': 0.9, 'a4': 0.8, 'G_theta': 3, 'G_k': 2, 'U_b': 1, 'U_a': 0, 'mia': 0.48496878235998075}
{'a1': 0.1, 'a4': 0.8, 'G_theta': 1, 'G_k': 2, 'U_b': 1, 'U_a': 0, 'mia': 0.484968782359981}
{'a1': 0.1, 'a4': 0.4, 'G_theta': 1, 'G_k': 2, 'U_b': 2, 'U_a': 1, 'mia': 0.4849687823599811}
{'a1': 0.9, 'a4': 0.9, 'G_theta': 3, 'G_k': 2, 'U_b': 1, 'U_a': 0, 'mia': 0.48496878236005525}
{'a1': 0.8, 'a4': 0.9, 'G_theta': 3, 'G_k': 2, 'U_b': 1, 'U_a': 0, 'mia': 0.48496878236007523}
{'a1': 0.7000000000000001, 'a4': 0.9, 'G_theta': 3, 'G_k': 2, 'U_b': 1, 'U_a': 0, 'mia': 0.4849687823601041}
{'a1': 0.6, 'a4': 0.9, 'G_theta': 3, 'G_k': 2, 'U_b': 1, 'U_a': 0, 'mia': 0.48496878236014884}
{'a1': 0.9, 'a4': 0.9, 'G_theta': 2, 'G_k': 2, 'U_b': 1, 'U_a': 0, 'mia': 0.48496878236014884}
{'a1': 0.8, 'a4': 0.9, 'G_theta': 2, 'G_k': 2, 'U_b': 1, 'U_a': 0, 'mia': 0.4849687823601938}
{'a1': 0.5, 'a4': 0.9, 'G_theta': 3, 'G_k': 2, 'U_b': 1, 'U_a': 0, 'mia': 0.48496878236022334}
{'a1': 0.7000000000000001, 'a4': 0.9, 'G_theta': 2, 'G_k': 2, 'U_b': 1, 'U_a': 0, 'mia': 0.48496878236025953}
{'a1': 0.4, 'a4': 0.9, 'G_theta': 3, 'G_k': 2, 'U_b': 1, 'U_a': 0, 'mia': 0.4849687823603608}
{'a1': 0.6, 'a4': 0.9, 'G_theta': 2, 'G_k': 2, 'U_b': 1, 'U_a': 0, 'mia': 0.4849687823603608}
{'a1': 0.5, 'a4': 0.9, 'G_theta': 2, 'G_k': 2, 'U_b': 1, 'U_a': 0, 'mia': 0.48496878236052954}
{'a1': 0.30000000000000004, 'a4': 0.9, 'G_theta': 3, 'G_k': 2, 'U_b': 1, 'U_a': 0, 'mia': 0.48496878236065943}
{'a1': 0.9, 'a4': 0.9, 'G_theta': 1, 'G_k': 2, 'U_b': 1, 'U_a': 0, 'mia': 0.48496878236065943}
{'a1': 0.4, 'a4': 0.9, 'G_theta': 2, 'G_k': 2, 'U_b': 1, 'U_a': 0, 'mia': 0.4849687823608416}
{'a1': 0.8, 'a4': 0.9, 'G_theta': 1, 'G_k': 2, 'U_b': 1, 'U_a': 0, 'mia': 0.4849687823608416}
{'a1': 0.7000000000000001, 'a4': 0.9, 'G_theta': 1, 'G_k': 2, 'U_b': 1, 'U_a': 0, 'mia': 0.4849687823611082}
{'a1': 0.2, 'a4': 0.9, 'G_theta': 3, 'G_k': 2, 'U_b': 1, 'U_a': 0, 'mia': 0.4849687823615212}
{'a1': 0.30000000000000004, 'a4': 0.9, 'G_theta': 2, 'G_k': 2, 'U_b': 1, 'U_a': 0, 'mia': 0.4849687823615212}
{'a1': 0.6, 'a4': 0.9, 'G_theta': 1, 'G_k': 2, 'U_b': 1, 'U_a': 0, 'mia': 0.4849687823615212}
{'a1': 0.5, 'a4': 0.9, 'G_theta': 1, 'G_k': 2, 'U_b': 1, 'U_a': 0, 'mia': 0.48496878236221064}
{'a1': 0.2, 'a4': 0.9, 'G_theta': 2, 'G_k': 2, 'U_b': 1, 'U_a': 0, 'mia': 0.4849687823634927}
{'a1': 0.4, 'a4': 0.9, 'G_theta': 1, 'G_k': 2, 'U_b': 1, 'U_a': 0, 'mia': 0.4849687823634927}
{'a1': 0.1, 'a4': 0.9, 'G_theta': 3, 'G_k': 2, 'U_b': 1, 'U_a': 0, 'mia': 0.48496878236630814}
{'a1': 0.30000000000000004, 'a4': 0.9, 'G_theta': 1, 'G_k': 2, 'U_b': 1, 'U_a': 0, 'mia': 0.48496878236630814}
{'a1': 0.1, 'a4': 0.9, 'G_theta': 2, 'G_k': 2, 'U_b': 1, 'U_a': 0, 'mia': 0.48496878237460594}
{'a1': 0.2, 'a4': 0.9, 'G_theta': 1, 'G_k': 2, 'U_b': 1, 'U_a': 0, 'mia': 0.48496878237460594}
{'a1': 0.1, 'a4': 0.9, 'G_theta': 1, 'G_k': 2, 'U_b': 1, 'U_a': 0, 'mia': 0.4849687824235439}
{'a1': 0.9, 'a4': 0.5, 'G_theta': 3, 'G_k': 2, 'U_b': 2, 'U_a': 1, 'mia': 0.4849688309538611}
{'a1': 0.8, 'a4': 0.5, 'G_theta': 3, 'G_k': 2, 'U_b': 2, 'U_a': 1, 'mia': 0.48496884390625294}
{'a1': 0.7000000000000001, 'a4': 0.5, 'G_theta': 3, 'G_k': 2, 'U_b': 2, 'U_a': 1, 'mia': 0.4849688628220099}
{'a1': 0.6, 'a4': 0.5, 'G_theta': 3, 'G_k': 2, 'U_b': 2, 'U_a': 1, 'mia': 0.484968892014188}
{'a1': 0.9, 'a4': 0.5, 'G_theta': 2, 'G_k': 2, 'U_b': 2, 'U_a': 1, 'mia': 0.484968892014188}
{'a1': 0.1, 'a4': 0.1, 'G_theta': 0.5, 'G_k': 1, 'U_b': 1, 'U_a': 0, 'mia': 0.4849689093204447}
{'a1': 0.8, 'a4': 0.5, 'G_theta': 2, 'G_k': 2, 'U_b': 2, 'U_a': 1, 'mia': 0.48496892129245406}
{'a1': 0.5, 'a4': 0.5, 'G_theta': 3, 'G_k': 2, 'U_b': 2, 'U_a': 1, 'mia': 0.4849689405377301}
{'a1': 0.7000000000000001, 'a4': 0.5, 'G_theta': 2, 'G_k': 2, 'U_b': 2, 'U_a': 1, 'mia': 0.4849689640774698}
{'a1': 0.4, 'a4': 0.5, 'G_theta': 3, 'G_k': 2, 'U_b': 2, 'U_a': 1, 'mia': 0.48496903016098347}
{'a1': 0.6, 'a4': 0.5, 'G_theta': 2, 'G_k': 2, 'U_b': 2, 'U_a': 1, 'mia': 0.48496903016098347}
{'a1': 0.5, 'a4': 0.5, 'G_theta': 2, 'G_k': 2, 'U_b': 2, 'U_a': 1, 'mia': 0.48496914013061}
{'a1': 0.30000000000000004, 'a4': 0.5, 'G_theta': 3, 'G_k': 2, 'U_b': 2, 'U_a': 1, 'mia': 0.4849692248259957}
{'a1': 0.9, 'a4': 0.5, 'G_theta': 1, 'G_k': 2, 'U_b': 2, 'U_a': 1, 'mia': 0.4849692248259957}
{'a1': 0.1, 'a4': 0.2, 'G_theta': 0.5, 'G_k': 1, 'U_b': 1, 'U_a': 0, 'mia': 0.48496926884045444}
{'a1': 0.4, 'a4': 0.5, 'G_theta': 2, 'G_k': 2, 'U_b': 2, 'U_a': 1, 'mia': 0.4849693435839575}
{'a1': 0.8, 'a4': 0.5, 'G_theta': 1, 'G_k': 2, 'U_b': 2, 'U_a': 1, 'mia': 0.4849693435839575}
{'a1': 0.7000000000000001, 'a4': 0.5, 'G_theta': 1, 'G_k': 2, 'U_b': 2, 'U_a': 1, 'mia': 0.484969517457036}
{'a1': 0.1, 'a4': 0.1, 'G_theta': 0.5, 'G_k': 1, 'U_b': 2, 'U_a': 1, 'mia': 0.4849696283604641}
{'a1': 0.2, 'a4': 0.5, 'G_theta': 3, 'G_k': 2, 'U_b': 2, 'U_a': 1, 'mia': 0.4849697866836904}
{'a1': 0.30000000000000004, 'a4': 0.5, 'G_theta': 2, 'G_k': 2, 'U_b': 2, 'U_a': 1, 'mia': 0.4849697866836904}
{'a1': 0.6, 'a4': 0.5, 'G_theta': 1, 'G_k': 2, 'U_b': 2, 'U_a': 1, 'mia': 0.4849697866836904}
{'a1': 0.5, 'a4': 0.5, 'G_theta': 1, 'G_k': 2, 'U_b': 2, 'U_a': 1, 'mia': 0.48497023624823454}
{'a1': 0.1, 'a4': 0.30000000000000004, 'G_theta': 0.5, 'G_k': 1, 'U_b': 1, 'U_a': 0, 'mia': 0.4849709919753187}
{'a1': 0.2, 'a4': 0.5, 'G_theta': 2, 'G_k': 2, 'U_b': 2, 'U_a': 1, 'mia': 0.4849710721976338}
{'a1': 0.4, 'a4': 0.5, 'G_theta': 1, 'G_k': 2, 'U_b': 2, 'U_a': 1, 'mia': 0.4849710721976338}
{'a1': 0.1, 'a4': 0.5, 'G_theta': 3, 'G_k': 2, 'U_b': 2, 'U_a': 1, 'mia': 0.4849729077871301}
{'a1': 0.30000000000000004, 'a4': 0.5, 'G_theta': 1, 'G_k': 2, 'U_b': 2, 'U_a': 1, 'mia': 0.4849729077871301}
{'a1': 0.1, 'a4': 0.5, 'G_theta': 2, 'G_k': 2, 'U_b': 2, 'U_a': 1, 'mia': 0.48497831782577405}
{'a1': 0.2, 'a4': 0.5, 'G_theta': 1, 'G_k': 2, 'U_b': 2, 'U_a': 1, 'mia': 0.48497831782577405}
{'a1': 0.1, 'a4': 0.4, 'G_theta': 0.5, 'G_k': 1, 'U_b': 1, 'U_a': 0, 'mia': 0.4849794794353871}
{'a1': 0.1, 'a4': 0.2, 'G_theta': 0.5, 'G_k': 1, 'U_b': 2, 'U_a': 1, 'mia': 0.4849896067910391}
{'a1': 0.1, 'a4': 0.5, 'G_theta': 1, 'G_k': 2, 'U_b': 2, 'U_a': 1, 'mia': 0.48501022506667035}
{'a1': 0.1, 'a4': 0.5, 'G_theta': 0.5, 'G_k': 1, 'U_b': 1, 'U_a': 0, 'mia': 0.48502058398830505}
{'a1': 0.1, 'a4': 0.6, 'G_theta': 0.5, 'G_k': 1, 'U_b': 1, 'U_a': 0, 'mia': 0.4852299593507662}
{'a1': 0.1, 'a4': 0.30000000000000004, 'G_theta': 0.5, 'G_k': 1, 'U_b': 2, 'U_a': 1, 'mia': 0.48548878720875854}
{'a1': 0.9, 'a4': 0.6, 'G_theta': 3, 'G_k': 2, 'U_b': 2, 'U_a': 1, 'mia': 0.48551189129549854}
{'a1': 0.8, 'a4': 0.6, 'G_theta': 3, 'G_k': 2, 'U_b': 2, 'U_a': 1, 'mia': 0.48566052580213726}
{'a1': 0.2, 'a4': 0.1, 'G_theta': 0.5, 'G_k': 1, 'U_b': 1, 'U_a': 0, 'mia': 0.48575741577519727}
{'a1': 0.7000000000000001, 'a4': 0.6, 'G_theta': 3, 'G_k': 2, 'U_b': 2, 'U_a': 1, 'mia': 0.48587970492557253}
{'a1': 0.6, 'a4': 0.6, 'G_theta': 3, 'G_k': 2, 'U_b': 2, 'U_a': 1, 'mia': 0.48622198874021216}
{'a1': 0.9, 'a4': 0.6, 'G_theta': 2, 'G_k': 2, 'U_b': 2, 'U_a': 1, 'mia': 0.48622198874021216}
{'a1': 0.1, 'a4': 0.7000000000000001, 'G_theta': 0.5, 'G_k': 1, 'U_b': 1, 'U_a': 0, 'mia': 0.4862611829719282}
{'a1': 0.2, 'a4': 0.2, 'G_theta': 0.5, 'G_k': 1, 'U_b': 1, 'U_a': 0, 'mia': 0.48631874432936506}
{'a1': 0.8, 'a4': 0.6, 'G_theta': 2, 'G_k': 2, 'U_b': 2, 'U_a': 1, 'mia': 0.48656923185911827}
{'a1': 0.5, 'a4': 0.6, 'G_theta': 3, 'G_k': 2, 'U_b': 2, 'U_a': 1, 'mia': 0.48679964818020394}
{'a1': 0.2, 'a4': 0.1, 'G_theta': 0.5, 'G_k': 1, 'U_b': 2, 'U_a': 1, 'mia': 0.4868800728835331}
{'a1': 0.7000000000000001, 'a4': 0.6, 'G_theta': 2, 'G_k': 2, 'U_b': 2, 'U_a': 1, 'mia': 0.487083657062789}
{'a1': 0.2, 'a4': 0.30000000000000004, 'G_theta': 0.5, 'G_k': 1, 'U_b': 1, 'U_a': 0, 'mia': 0.48743227553442814}
{'a1': 0.4, 'a4': 0.6, 'G_theta': 3, 'G_k': 2, 'U_b': 2, 'U_a': 1, 'mia': 0.4878927288003204}
{'a1': 0.6, 'a4': 0.6, 'G_theta': 2, 'G_k': 2, 'U_b': 2, 'U_a': 1, 'mia': 0.4878927288003204}
{'a1': 0.9, 'a4': 0.7000000000000001, 'G_theta': 3, 'G_k': 2, 'U_b': 2, 'U_a': 1, 'mia': 0.48897505077781367}
{'a1': 0.5, 'a4': 0.6, 'G_theta': 2, 'G_k': 2, 'U_b': 2, 'U_a': 1, 'mia': 0.4892733513328611}
{'a1': 0.2, 'a4': 0.4, 'G_theta': 0.5, 'G_k': 1, 'U_b': 1, 'U_a': 0, 'mia': 0.48969966646423135}
{'a1': 0.8, 'a4': 0.7000000000000001, 'G_theta': 3, 'G_k': 2, 'U_b': 2, 'U_a': 1, 'mia': 0.4901013148599912}
{'a1': 0.30000000000000004, 'a4': 0.6, 'G_theta': 3, 'G_k': 2, 'U_b': 2, 'U_a': 1, 'mia': 0.49036267865591565}
{'a1': 0.9, 'a4': 0.6, 'G_theta': 1, 'G_k': 2, 'U_b': 2, 'U_a': 1, 'mia': 0.49036267865591565}
{'a1': 0.1, 'a4': 0.8, 'G_theta': 0.5, 'G_k': 1, 'U_b': 1, 'U_a': 0, 'mia': 0.49100391894984863}
{'a1': 0.7000000000000001, 'a4': 0.7000000000000001, 'G_theta': 3, 'G_k': 2, 'U_b': 2, 'U_a': 1, 'mia': 0.4917789893167609}
{'a1': 0.4, 'a4': 0.6, 'G_theta': 2, 'G_k': 2, 'U_b': 2, 'U_a': 1, 'mia': 0.4919245997895848}
{'a1': 0.8, 'a4': 0.6, 'G_theta': 1, 'G_k': 2, 'U_b': 2, 'U_a': 1, 'mia': 0.4919245997895848}
{'a1': 0.2, 'a4': 0.2, 'G_theta': 0.5, 'G_k': 1, 'U_b': 2, 'U_a': 1, 'mia': 0.4929685851468779}
{'a1': 0.2, 'a4': 0.5, 'G_theta': 0.5, 'G_k': 1, 'U_b': 1, 'U_a': 0, 'mia': 0.4937367508113595}
{'a1': 0.7000000000000001, 'a4': 0.6, 'G_theta': 1, 'G_k': 2, 'U_b': 2, 'U_a': 1, 'mia': 0.4942779713151717}
{'a1': 0.6, 'a4': 0.7000000000000001, 'G_theta': 3, 'G_k': 2, 'U_b': 2, 'U_a': 1, 'mia': 0.49443692706870523}
{'a1': 0.9, 'a4': 0.7000000000000001, 'G_theta': 2, 'G_k': 2, 'U_b': 2, 'U_a': 1, 'mia': 0.49443692706870523}
{'a1': 0.1, 'a4': 0.4, 'G_theta': 0.5, 'G_k': 1, 'U_b': 2, 'U_a': 1, 'mia': 0.4970190301752113}
{'a1': 0.8, 'a4': 0.7000000000000001, 'G_theta': 2, 'G_k': 2, 'U_b': 2, 'U_a': 1, 'mia': 0.49717863630445247}
{'a1': 0.9, 'a4': 0.8, 'G_theta': 3, 'G_k': 2, 'U_b': 2, 'U_a': 1, 'mia': 0.49762983528128224}
{'a1': 0.2, 'a4': 0.6, 'G_theta': 3, 'G_k': 2, 'U_b': 2, 'U_a': 1, 'mia': 0.49806407736941916}
{'a1': 0.30000000000000004, 'a4': 0.6, 'G_theta': 2, 'G_k': 2, 'U_b': 2, 'U_a': 1, 'mia': 0.49806407736941916}
{'a1': 0.6, 'a4': 0.6, 'G_theta': 1, 'G_k': 2, 'U_b': 2, 'U_a': 1, 'mia': 0.49806407736941916}
{'a1': 0.30000000000000004, 'a4': 0.1, 'G_theta': 0.5, 'G_k': 1, 'U_b': 1, 'U_a': 0, 'mia': 0.4987197842125626}
{'a1': 0.5, 'a4': 0.7000000000000001, 'G_theta': 3, 'G_k': 2, 'U_b': 2, 'U_a': 1, 'mia': 0.4990191961024266}
{'a1': 0.7000000000000001, 'a4': 0.7000000000000001, 'G_theta': 2, 'G_k': 2, 'U_b': 2, 'U_a': 1, 'mia': 0.5013096134095429}
{'a1': 0.8, 'a4': 0.8, 'G_theta': 3, 'G_k': 2, 'U_b': 2, 'U_a': 1, 'mia': 0.5013182819480957}
{'a1': 0.2, 'a4': 0.6, 'G_theta': 0.5, 'G_k': 1, 'U_b': 1, 'U_a': 0, 'mia': 0.5013831773169679}
{'a1': 0.30000000000000004, 'a4': 0.2, 'G_theta': 0.5, 'G_k': 1, 'U_b': 1, 'U_a': 0, 'mia': 0.5041765535957533}
{'a1': 0.5, 'a4': 0.6, 'G_theta': 1, 'G_k': 2, 'U_b': 2, 'U_a': 1, 'mia': 0.5047294844698522}
{'a1': 0.7000000000000001, 'a4': 0.8, 'G_theta': 3, 'G_k': 2, 'U_b': 2, 'U_a': 1, 'mia': 0.506888886125791}
{'a1': 0.4, 'a4': 0.7000000000000001, 'G_theta': 3, 'G_k': 2, 'U_b': 2, 'U_a': 1, 'mia': 0.5079555327836922}
{'a1': 0.6, 'a4': 0.7000000000000001, 'G_theta': 2, 'G_k': 2, 'U_b': 2, 'U_a': 1, 'mia': 0.5079555327836922}
{'a1': 0.30000000000000004, 'a4': 0.1, 'G_theta': 0.5, 'G_k': 1, 'U_b': 2, 'U_a': 1, 'mia': 0.5085957740382996}
{'a1': 0.1, 'a4': 0.9, 'G_theta': 0.5, 'G_k': 1, 'U_b': 1, 'U_a': 0, 'mia': 0.5097957372227181}
{'a1': 0.30000000000000004, 'a4': 0.30000000000000004, 'G_theta': 0.5, 'G_k': 1, 'U_b': 1, 'U_a': 0, 'mia': 0.5106249257652901}
{'a1': 0.9, 'a4': 0.9, 'G_theta': 3, 'G_k': 2, 'U_b': 2, 'U_a': 1, 'mia': 0.5131798870918695}
{'a1': 0.2, 'a4': 0.30000000000000004, 'G_theta': 0.5, 'G_k': 1, 'U_b': 2, 'U_a': 1, 'mia': 0.5150478681583615}
{'a1': 0.6, 'a4': 0.8, 'G_theta': 3, 'G_k': 2, 'U_b': 2, 'U_a': 1, 'mia': 0.5158795519913189}
{'a1': 0.9, 'a4': 0.8, 'G_theta': 2, 'G_k': 2, 'U_b': 2, 'U_a': 1, 'mia': 0.5158795519913189}
{'a1': 0.2, 'a4': 0.7000000000000001, 'G_theta': 0.5, 'G_k': 1, 'U_b': 1, 'U_a': 0, 'mia': 0.5164121593246166}
{'a1': 0.2, 'a4': 0.6, 'G_theta': 2, 'G_k': 2, 'U_b': 2, 'U_a': 1, 'mia': 0.5180109789616536}
{'a1': 0.4, 'a4': 0.6, 'G_theta': 1, 'G_k': 2, 'U_b': 2, 'U_a': 1, 'mia': 0.5180109789616536}
{'a1': 0.5, 'a4': 0.7000000000000001, 'G_theta': 2, 'G_k': 2, 'U_b': 2, 'U_a': 1, 'mia': 0.519664701950725}
{'a1': 0.30000000000000004, 'a4': 0.4, 'G_theta': 0.5, 'G_k': 1, 'U_b': 1, 'U_a': 0, 'mia': 0.5199713288171893}
{'a1': 0.8, 'a4': 0.9, 'G_theta': 3, 'G_k': 2, 'U_b': 2, 'U_a': 1, 'mia': 0.5216020194930151}
{'a1': 0.8, 'a4': 0.8, 'G_theta': 2, 'G_k': 2, 'U_b': 2, 'U_a': 1, 'mia': 0.525342030649923}
{'a1': 0.30000000000000004, 'a4': 0.7000000000000001, 'G_theta': 3, 'G_k': 2, 'U_b': 2, 'U_a': 1, 'mia': 0.5291961512224794}
{'a1': 0.9, 'a4': 0.7000000000000001, 'G_theta': 1, 'G_k': 2, 'U_b': 2, 'U_a': 1, 'mia': 0.5291961512224794}
{'a1': 0.5, 'a4': 0.8, 'G_theta': 3, 'G_k': 2, 'U_b': 2, 'U_a': 1, 'mia': 0.5317789548848655}
{'a1': 0.4, 'a4': 0.1, 'G_theta': 0.5, 'G_k': 1, 'U_b': 1, 'U_a': 0, 'mia': 0.5333516154353679}
{'a1': 0.30000000000000004, 'a4': 0.5, 'G_theta': 0.5, 'G_k': 1, 'U_b': 1, 'U_a': 0, 'mia': 0.5337260459524842}
{'a1': 0.7000000000000001, 'a4': 0.9, 'G_theta': 3, 'G_k': 2, 'U_b': 2, 'U_a': 1, 'mia': 0.5344463914496801}
{'a1': 0.30000000000000004, 'a4': 0.2, 'G_theta': 0.5, 'G_k': 1, 'U_b': 2, 'U_a': 1, 'mia': 0.5356976414207915}
{'a1': 0.7000000000000001, 'a4': 0.8, 'G_theta': 2, 'G_k': 2, 'U_b': 2, 'U_a': 1, 'mia': 0.5396775302341379}
{'a1': 0.2, 'a4': 0.8, 'G_theta': 0.5, 'G_k': 1, 'U_b': 1, 'U_a': 0, 'mia': 0.542381624242684}
{'a1': 0.4, 'a4': 0.7000000000000001, 'G_theta': 2, 'G_k': 2, 'U_b': 2, 'U_a': 1, 'mia': 0.5432712534862814}
{'a1': 0.8, 'a4': 0.7000000000000001, 'G_theta': 1, 'G_k': 2, 'U_b': 2, 'U_a': 1, 'mia': 0.5432712534862814}
{'a1': 0.4, 'a4': 0.2, 'G_theta': 0.5, 'G_k': 1, 'U_b': 1, 'U_a': 0, 'mia': 0.5442064093740575}
{'a1': 0.1, 'a4': 0.6, 'G_theta': 3, 'G_k': 2, 'U_b': 2, 'U_a': 1, 'mia': 0.5510924881113355}
{'a1': 0.30000000000000004, 'a4': 0.6, 'G_theta': 1, 'G_k': 2, 'U_b': 2, 'U_a': 1, 'mia': 0.5510924881113355}
{'a1': 0.30000000000000004, 'a4': 0.6, 'G_theta': 0.5, 'G_k': 1, 'U_b': 1, 'U_a': 0, 'mia': 0.5541013230081255}
{'a1': 0.4, 'a4': 0.1, 'G_theta': 0.5, 'G_k': 1, 'U_b': 2, 'U_a': 1, 'mia': 0.5550612033127471}
{'a1': 0.6, 'a4': 0.9, 'G_theta': 3, 'G_k': 2, 'U_b': 2, 'U_a': 1, 'mia': 0.5554524826727251}
{'a1': 0.9, 'a4': 0.9, 'G_theta': 2, 'G_k': 2, 'U_b': 2, 'U_a': 1, 'mia': 0.5554524826727251}
{'a1': 0.4, 'a4': 0.30000000000000004, 'G_theta': 0.5, 'G_k': 1, 'U_b': 1, 'U_a': 0, 'mia': 0.5588939367890133}
{'a1': 0.4, 'a4': 0.8, 'G_theta': 3, 'G_k': 2, 'U_b': 2, 'U_a': 1, 'mia': 0.562904552768847}
{'a1': 0.6, 'a4': 0.8, 'G_theta': 2, 'G_k': 2, 'U_b': 2, 'U_a': 1, 'mia': 0.562904552768847}
{'a1': 0.7000000000000001, 'a4': 0.7000000000000001, 'G_theta': 1, 'G_k': 2, 'U_b': 2, 'U_a': 1, 'mia': 0.5649064604417166}
{'a1': 0.8, 'a4': 0.9, 'G_theta': 2, 'G_k': 2, 'U_b': 2, 'U_a': 1, 'mia': 0.5778834971494977}
{'a1': 0.4, 'a4': 0.4, 'G_theta': 0.5, 'G_k': 1, 'U_b': 1, 'U_a': 0, 'mia': 0.5787472237606287}
{'a1': 0.30000000000000004, 'a4': 0.7000000000000001, 'G_theta': 0.5, 'G_k': 1, 'U_b': 1, 'U_a': 0, 'mia': 0.5844962764334023}
{'a1': 0.2, 'a4': 0.9, 'G_theta': 0.5, 'G_k': 1, 'U_b': 1, 'U_a': 0, 'mia': 0.5852532467284469}
{'a1': 0.5, 'a4': 0.1, 'G_theta': 0.5, 'G_k': 1, 'U_b': 1, 'U_a': 0, 'mia': 0.5890823896595592}
{'a1': 0.2, 'a4': 0.4, 'G_theta': 0.5, 'G_k': 1, 'U_b': 2, 'U_a': 1, 'mia': 0.5931631476015198}
{'a1': 0.5, 'a4': 0.9, 'G_theta': 3, 'G_k': 2, 'U_b': 2, 'U_a': 1, 'mia': 0.593344497514691}
{'a1': 0.30000000000000004, 'a4': 0.30000000000000004, 'G_theta': 0.5, 'G_k': 1, 'U_b': 2, 'U_a': 1, 'mia': 0.5975777202509611}
{'a1': 0.2, 'a4': 0.7000000000000001, 'G_theta': 3, 'G_k': 2, 'U_b': 2, 'U_a': 1, 'mia': 0.6009527377871888}
{'a1': 0.30000000000000004, 'a4': 0.7000000000000001, 'G_theta': 2, 'G_k': 2, 'U_b': 2, 'U_a': 1, 'mia': 0.6009527377871888}
{'a1': 0.6, 'a4': 0.7000000000000001, 'G_theta': 1, 'G_k': 2, 'U_b': 2, 'U_a': 1, 'mia': 0.6009527377871889}
{'a1': 0.5, 'a4': 0.8, 'G_theta': 2, 'G_k': 2, 'U_b': 2, 'U_a': 1, 'mia': 0.604802821956857}
{'a1': 0.5, 'a4': 0.2, 'G_theta': 0.5, 'G_k': 1, 'U_b': 1, 'U_a': 0, 'mia': 0.6050967468671945}
{'a1': 0.4, 'a4': 0.5, 'G_theta': 0.5, 'G_k': 1, 'U_b': 1, 'U_a': 0, 'mia': 0.6056492061850655}
{'a1': 0.7000000000000001, 'a4': 0.9, 'G_theta': 2, 'G_k': 2, 'U_b': 2, 'U_a': 1, 'mia': 0.6130119134451322}
{'a1': 0.4, 'a4': 0.2, 'G_theta': 0.5, 'G_k': 1, 'U_b': 2, 'U_a': 1, 'mia': 0.6132880381471998}
{'a1': 0.5, 'a4': 0.1, 'G_theta': 0.5, 'G_k': 1, 'U_b': 2, 'U_a': 1, 'mia': 0.6211111040748297}
{'a1': 0.30000000000000004, 'a4': 0.8, 'G_theta': 0.5, 'G_k': 1, 'U_b': 1, 'U_a': 0, 'mia': 0.6234484295134017}
{'a1': 0.5, 'a4': 0.30000000000000004, 'G_theta': 0.5, 'G_k': 1, 'U_b': 1, 'U_a': 0, 'mia': 0.6253294092976469}
{'a1': 0.4, 'a4': 0.6, 'G_theta': 0.5, 'G_k': 1, 'U_b': 1, 'U_a': 0, 'mia': 0.6350787500989405}
{'a1': 0.1, 'a4': 0.5, 'G_theta': 0.5, 'G_k': 1, 'U_b': 2, 'U_a': 1, 'mia': 0.6380890786757458}
{'a1': 0.30000000000000004, 'a4': 0.8, 'G_theta': 3, 'G_k': 2, 'U_b': 2, 'U_a': 1, 'mia': 0.6397131508923894}
{'a1': 0.9, 'a4': 0.8, 'G_theta': 1, 'G_k': 2, 'U_b': 2, 'U_a': 1, 'mia': 0.6397131508923894}
{'a1': 0.5, 'a4': 0.4, 'G_theta': 0.5, 'G_k': 1, 'U_b': 1, 'U_a': 0, 'mia': 0.6507677768486768}
{'a1': 0.4, 'a4': 0.7000000000000001, 'G_theta': 0.5, 'G_k': 1, 'U_b': 1, 'U_a': 0, 'mia': 0.6664697528382285}
{'a1': 0.5, 'a4': 0.7000000000000001, 'G_theta': 1, 'G_k': 2, 'U_b': 2, 'U_a': 1, 'mia': 0.6682707722998871}
{'a1': 0.6, 'a4': 0.1, 'G_theta': 0.5, 'G_k': 1, 'U_b': 1, 'U_a': 0, 'mia': 0.6684244344190615}
{'a1': 0.30000000000000004, 'a4': 0.9, 'G_theta': 0.5, 'G_k': 1, 'U_b': 1, 'U_a': 0, 'mia': 0.6707972797200894}
{'a1': 0.4, 'a4': 0.9, 'G_theta': 3, 'G_k': 2, 'U_b': 2, 'U_a': 1, 'mia': 0.6725998161828544}
{'a1': 0.6, 'a4': 0.9, 'G_theta': 2, 'G_k': 2, 'U_b': 2, 'U_a': 1, 'mia': 0.6725998161828544}
{'a1': 0.1, 'a4': 0.6, 'G_theta': 2, 'G_k': 2, 'U_b': 2, 'U_a': 1, 'mia': 0.6736784533472407}
{'a1': 0.2, 'a4': 0.6, 'G_theta': 1, 'G_k': 2, 'U_b': 2, 'U_a': 1, 'mia': 0.6736784533472407}
{'a1': 0.5, 'a4': 0.5, 'G_theta': 0.5, 'G_k': 1, 'U_b': 1, 'U_a': 0, 'mia': 0.682707116324497}
{'a1': 0.6, 'a4': 0.2, 'G_theta': 0.5, 'G_k': 1, 'U_b': 1, 'U_a': 0, 'mia': 0.6843813577317133}
{'a1': 0.4, 'a4': 0.8, 'G_theta': 2, 'G_k': 2, 'U_b': 2, 'U_a': 1, 'mia': 0.6924376852116703}
{'a1': 0.8, 'a4': 0.8, 'G_theta': 1, 'G_k': 2, 'U_b': 2, 'U_a': 1, 'mia': 0.6924376852116703}
{'a1': 0.4, 'a4': 0.30000000000000004, 'G_theta': 0.5, 'G_k': 1, 'U_b': 2, 'U_a': 1, 'mia': 0.6952412644622806}
{'a1': 0.5, 'a4': 0.2, 'G_theta': 0.5, 'G_k': 1, 'U_b': 2, 'U_a': 1, 'mia': 0.696438806830159}
{'a1': 0.6, 'a4': 0.1, 'G_theta': 0.5, 'G_k': 1, 'U_b': 2, 'U_a': 1, 'mia': 0.700338281044365}
{'a1': 0.6, 'a4': 0.30000000000000004, 'G_theta': 0.5, 'G_k': 1, 'U_b': 1, 'U_a': 0, 'mia': 0.7034455026037747}
{'a1': 0.4, 'a4': 0.8, 'G_theta': 0.5, 'G_k': 1, 'U_b': 1, 'U_a': 0, 'mia': 0.7061318903849403}
{'a1': 0.30000000000000004, 'a4': 0.4, 'G_theta': 0.5, 'G_k': 1, 'U_b': 2, 'U_a': 1, 'mia': 0.7142065609617085}
{'a1': 0.7000000000000001, 'a4': 0.1, 'G_theta': 0.5, 'G_k': 1, 'U_b': 1, 'U_a': 0, 'mia': 0.722214229740068}
{'a1': 0.5, 'a4': 0.6, 'G_theta': 0.5, 'G_k': 1, 'U_b': 1, 'U_a': 0, 'mia': 0.7228316638512664}
{'a1': 0.6, 'a4': 0.4, 'G_theta': 0.5, 'G_k': 1, 'U_b': 1, 'U_a': 0, 'mia': 0.7259866607330628}
{'a1': 0.7000000000000001, 'a4': 0.2, 'G_theta': 0.5, 'G_k': 1, 'U_b': 1, 'U_a': 0, 'mia': 0.7444441871144827}
{'a1': 0.6, 'a4': 0.5, 'G_theta': 0.5, 'G_k': 1, 'U_b': 1, 'U_a': 0, 'mia': 0.7524704295850682}
{'a1': 0.5, 'a4': 0.7000000000000001, 'G_theta': 0.5, 'G_k': 1, 'U_b': 1, 'U_a': 0, 'mia': 0.7552386572145834}
{'a1': 0.4, 'a4': 0.9, 'G_theta': 0.5, 'G_k': 1, 'U_b': 1, 'U_a': 0, 'mia': 0.756337091965473}
{'a1': 0.7000000000000001, 'a4': 0.1, 'G_theta': 0.5, 'G_k': 1, 'U_b': 2, 'U_a': 1, 'mia': 0.7666741444888974}
{'a1': 0.6, 'a4': 0.2, 'G_theta': 0.5, 'G_k': 1, 'U_b': 2, 'U_a': 1, 'mia': 0.7675919637344124}
{'a1': 0.7000000000000001, 'a4': 0.30000000000000004, 'G_theta': 0.5, 'G_k': 1, 'U_b': 1, 'U_a': 0, 'mia': 0.7706522566541244}
{'a1': 0.7000000000000001, 'a4': 0.8, 'G_theta': 1, 'G_k': 2, 'U_b': 2, 'U_a': 1, 'mia': 0.7775323503782402}
{'a1': 0.2, 'a4': 0.5, 'G_theta': 0.5, 'G_k': 1, 'U_b': 2, 'U_a': 1, 'mia': 0.7796190971936074}
{'a1': 0.6, 'a4': 0.6, 'G_theta': 0.5, 'G_k': 1, 'U_b': 1, 'U_a': 0, 'mia': 0.7834693428291044}
{'a1': 0.5, 'a4': 0.9, 'G_theta': 2, 'G_k': 2, 'U_b': 2, 'U_a': 1, 'mia': 0.7859143776665243}
{'a1': 0.5, 'a4': 0.8, 'G_theta': 0.5, 'G_k': 1, 'U_b': 1, 'U_a': 0, 'mia': 0.7888065757063567}
{'a1': 0.5, 'a4': 0.30000000000000004, 'G_theta': 0.5, 'G_k': 1, 'U_b': 2, 'U_a': 1, 'mia': 0.7893939389251388}
{'a1': 0.7000000000000001, 'a4': 0.4, 'G_theta': 0.5, 'G_k': 1, 'U_b': 1, 'U_a': 0, 'mia': 0.8013635385266025}
{'a1': 0.2, 'a4': 0.7000000000000001, 'G_theta': 2, 'G_k': 2, 'U_b': 2, 'U_a': 1, 'mia': 0.8171358498707336}
{'a1': 0.4, 'a4': 0.7000000000000001, 'G_theta': 1, 'G_k': 2, 'U_b': 2, 'U_a': 1, 'mia': 0.8171358498707336}
{'a1': 0.6, 'a4': 0.7000000000000001, 'G_theta': 0.5, 'G_k': 1, 'U_b': 1, 'U_a': 0, 'mia': 0.8196775672599672}
{'a1': 0.4, 'a4': 0.4, 'G_theta': 0.5, 'G_k': 1, 'U_b': 2, 'U_a': 1, 'mia': 0.8217672707122444}
{'a1': 0.5, 'a4': 0.9, 'G_theta': 0.5, 'G_k': 1, 'U_b': 1, 'U_a': 0, 'mia': 0.8280413509647733}
{'a1': 0.8, 'a4': 0.1, 'G_theta': 0.5, 'G_k': 1, 'U_b': 1, 'U_a': 0, 'mia': 0.8312997021613577}
{'a1': 0.7000000000000001, 'a4': 0.5, 'G_theta': 0.5, 'G_k': 1, 'U_b': 1, 'U_a': 0, 'mia': 0.8372242296280481}
{'a1': 0.7000000000000001, 'a4': 0.2, 'G_theta': 0.5, 'G_k': 1, 'U_b': 2, 'U_a': 1, 'mia': 0.8582828899387223}
{'a1': 0.6, 'a4': 0.8, 'G_theta': 0.5, 'G_k': 1, 'U_b': 1, 'U_a': 0, 'mia': 0.8619295273371079}
{'a1': 0.6, 'a4': 0.30000000000000004, 'G_theta': 0.5, 'G_k': 1, 'U_b': 2, 'U_a': 1, 'mia': 0.8634931830544342}
{'a1': 0.8, 'a4': 0.2, 'G_theta': 0.5, 'G_k': 1, 'U_b': 1, 'U_a': 0, 'mia': 0.8658805790998003}
{'a1': 0.30000000000000004, 'a4': 0.9, 'G_theta': 3, 'G_k': 2, 'U_b': 2, 'U_a': 1, 'mia': 0.8780405761057762}
{'a1': 0.9, 'a4': 0.9, 'G_theta': 1, 'G_k': 2, 'U_b': 2, 'U_a': 1, 'mia': 0.8780405761057766}
{'a1': 0.7000000000000001, 'a4': 0.6, 'G_theta': 0.5, 'G_k': 1, 'U_b': 1, 'U_a': 0, 'mia': 0.8790178992314883}
{'a1': 0.30000000000000004, 'a4': 0.5, 'G_theta': 0.5, 'G_k': 1, 'U_b': 2, 'U_a': 1, 'mia': 0.8814485990528105}
{'a1': 0.5, 'a4': 0.4, 'G_theta': 0.5, 'G_k': 1, 'U_b': 2, 'U_a': 1, 'mia': 0.8963421975274614}
{'a1': 0.8, 'a4': 0.1, 'G_theta': 0.5, 'G_k': 1, 'U_b': 2, 'U_a': 1, 'mia': 0.900461456038243}
{'a1': 0.1, 'a4': 0.6, 'G_theta': 0.5, 'G_k': 1, 'U_b': 2, 'U_a': 1, 'mia': 0.9033582177958179}
{'a1': 0.8, 'a4': 0.30000000000000004, 'G_theta': 0.5, 'G_k': 1, 'U_b': 1, 'U_a': 0, 'mia': 0.9062150687156925}
{'a1': 0.6, 'a4': 0.9, 'G_theta': 0.5, 'G_k': 1, 'U_b': 1, 'U_a': 0, 'mia': 0.9112229655241924}
{'a1': 0.7000000000000001, 'a4': 0.7000000000000001, 'G_theta': 0.5, 'G_k': 1, 'U_b': 1, 'U_a': 0, 'mia': 0.927686201140797}
{'a1': 0.2, 'a4': 0.8, 'G_theta': 3, 'G_k': 2, 'U_b': 2, 'U_a': 1, 'mia': 0.9281419942013733}
{'a1': 0.30000000000000004, 'a4': 0.8, 'G_theta': 2, 'G_k': 2, 'U_b': 2, 'U_a': 1, 'mia': 0.9281419942013733}
{'a1': 0.6, 'a4': 0.8, 'G_theta': 1, 'G_k': 2, 'U_b': 2, 'U_a': 1, 'mia': 0.9281419942013738}
{'a1': 0.4, 'a4': 0.5, 'G_theta': 0.5, 'G_k': 1, 'U_b': 2, 'U_a': 1, 'mia': 0.9529338463501654}
{'a1': 0.8, 'a4': 0.4, 'G_theta': 0.5, 'G_k': 1, 'U_b': 1, 'U_a': 0, 'mia': 0.953132333544986}
{'a1': 0.2, 'a4': 0.6, 'G_theta': 0.5, 'G_k': 1, 'U_b': 2, 'U_a': 1, 'mia': 0.9667082228454784}
{'a1': 0.7000000000000001, 'a4': 0.8, 'G_theta': 0.5, 'G_k': 1, 'U_b': 1, 'U_a': 0, 'mia': 0.9843545761602316}
{'a1': 0.7000000000000001, 'a4': 0.30000000000000004, 'G_theta': 0.5, 'G_k': 1, 'U_b': 2, 'U_a': 1, 'mia': 0.9873835418088525}
{'a1': 0.6, 'a4': 0.4, 'G_theta': 0.5, 'G_k': 1, 'U_b': 2, 'U_a': 1, 'mia': 0.9978723939411529}
{'a1': 0.1, 'a4': 0.1, 'G_theta': 5, 'G_k': 1, 'U_b': 1, 'U_a': 0, 'mia': 1.0}
{'a1': 0.1, 'a4': 0.1, 'G_theta': 5, 'G_k': 1, 'U_b': 2, 'U_a': 1, 'mia': 1.0}
{'a1': 0.1, 'a4': 0.2, 'G_theta': 5, 'G_k': 1, 'U_b': 1, 'U_a': 0, 'mia': 1.0}
{'a1': 0.1, 'a4': 0.2, 'G_theta': 5, 'G_k': 1, 'U_b': 2, 'U_a': 1, 'mia': 1.0}
{'a1': 0.1, 'a4': 0.30000000000000004, 'G_theta': 5, 'G_k': 1, 'U_b': 1, 'U_a': 0, 'mia': 1.0}
{'a1': 0.1, 'a4': 0.30000000000000004, 'G_theta': 5, 'G_k': 1, 'U_b': 2, 'U_a': 1, 'mia': 1.0}
{'a1': 0.1, 'a4': 0.4, 'G_theta': 5, 'G_k': 1, 'U_b': 1, 'U_a': 0, 'mia': 1.0}
{'a1': 0.1, 'a4': 0.4, 'G_theta': 5, 'G_k': 1, 'U_b': 2, 'U_a': 1, 'mia': 1.0}
{'a1': 0.1, 'a4': 0.5, 'G_theta': 5, 'G_k': 1, 'U_b': 1, 'U_a': 0, 'mia': 1.0}
{'a1': 0.1, 'a4': 0.5, 'G_theta': 5, 'G_k': 1, 'U_b': 2, 'U_a': 1, 'mia': 1.0}
{'a1': 0.1, 'a4': 0.6, 'G_theta': 1, 'G_k': 2, 'U_b': 2, 'U_a': 1, 'mia': 1.0}
{'a1': 0.1, 'a4': 0.6, 'G_theta': 5, 'G_k': 1, 'U_b': 1, 'U_a': 0, 'mia': 1.0}
{'a1': 0.1, 'a4': 0.6, 'G_theta': 5, 'G_k': 1, 'U_b': 2, 'U_a': 1, 'mia': 1.0}
{'a1': 0.1, 'a4': 0.7000000000000001, 'G_theta': 1, 'G_k': 2, 'U_b': 2, 'U_a': 1, 'mia': 1.0}
{'a1': 0.1, 'a4': 0.7000000000000001, 'G_theta': 2, 'G_k': 2, 'U_b': 2, 'U_a': 1, 'mia': 1.0}
{'a1': 0.1, 'a4': 0.7000000000000001, 'G_theta': 3, 'G_k': 2, 'U_b': 2, 'U_a': 1, 'mia': 1.0}
{'a1': 0.1, 'a4': 0.7000000000000001, 'G_theta': 5, 'G_k': 1, 'U_b': 1, 'U_a': 0, 'mia': 1.0}
{'a1': 0.1, 'a4': 0.7000000000000001, 'G_theta': 5, 'G_k': 1, 'U_b': 2, 'U_a': 1, 'mia': 1.0}
{'a1': 0.1, 'a4': 0.7000000000000001, 'G_theta': 0.5, 'G_k': 1, 'U_b': 2, 'U_a': 1, 'mia': 1.0}
{'a1': 0.1, 'a4': 0.8, 'G_theta': 1, 'G_k': 2, 'U_b': 2, 'U_a': 1, 'mia': 1.0}
{'a1': 0.1, 'a4': 0.8, 'G_theta': 2, 'G_k': 2, 'U_b': 2, 'U_a': 1, 'mia': 1.0}
{'a1': 0.1, 'a4': 0.8, 'G_theta': 3, 'G_k': 2, 'U_b': 2, 'U_a': 1, 'mia': 1.0}
{'a1': 0.1, 'a4': 0.8, 'G_theta': 5, 'G_k': 1, 'U_b': 1, 'U_a': 0, 'mia': 1.0}
{'a1': 0.1, 'a4': 0.8, 'G_theta': 5, 'G_k': 1, 'U_b': 2, 'U_a': 1, 'mia': 1.0}
{'a1': 0.1, 'a4': 0.8, 'G_theta': 0.5, 'G_k': 1, 'U_b': 2, 'U_a': 1, 'mia': 1.0}
{'a1': 0.1, 'a4': 0.9, 'G_theta': 1, 'G_k': 2, 'U_b': 2, 'U_a': 1, 'mia': 1.0}
{'a1': 0.1, 'a4': 0.9, 'G_theta': 2, 'G_k': 2, 'U_b': 2, 'U_a': 1, 'mia': 1.0}
{'a1': 0.1, 'a4': 0.9, 'G_theta': 3, 'G_k': 2, 'U_b': 2, 'U_a': 1, 'mia': 1.0}
{'a1': 0.1, 'a4': 0.9, 'G_theta': 5, 'G_k': 1, 'U_b': 1, 'U_a': 0, 'mia': 1.0}
{'a1': 0.1, 'a4': 0.9, 'G_theta': 5, 'G_k': 1, 'U_b': 2, 'U_a': 1, 'mia': 1.0}
{'a1': 0.1, 'a4': 0.9, 'G_theta': 0.5, 'G_k': 1, 'U_b': 2, 'U_a': 1, 'mia': 1.0}
{'a1': 0.2, 'a4': 0.7000000000000001, 'G_theta': 1, 'G_k': 2, 'U_b': 2, 'U_a': 1, 'mia': 1.0}
{'a1': 0.2, 'a4': 0.7000000000000001, 'G_theta': 0.5, 'G_k': 1, 'U_b': 2, 'U_a': 1, 'mia': 1.0}
{'a1': 0.2, 'a4': 0.8, 'G_theta': 1, 'G_k': 2, 'U_b': 2, 'U_a': 1, 'mia': 1.0}
{'a1': 0.2, 'a4': 0.8, 'G_theta': 2, 'G_k': 2, 'U_b': 2, 'U_a': 1, 'mia': 1.0}
{'a1': 0.2, 'a4': 0.8, 'G_theta': 0.5, 'G_k': 1, 'U_b': 2, 'U_a': 1, 'mia': 1.0}
{'a1': 0.2, 'a4': 0.9, 'G_theta': 1, 'G_k': 2, 'U_b': 2, 'U_a': 1, 'mia': 1.0}
{'a1': 0.2, 'a4': 0.9, 'G_theta': 2, 'G_k': 2, 'U_b': 2, 'U_a': 1, 'mia': 1.0}
{'a1': 0.2, 'a4': 0.9, 'G_theta': 3, 'G_k': 2, 'U_b': 2, 'U_a': 1, 'mia': 1.0}
{'a1': 0.2, 'a4': 0.9, 'G_theta': 0.5, 'G_k': 1, 'U_b': 2, 'U_a': 1, 'mia': 1.0}
{'a1': 0.30000000000000004, 'a4': 0.6, 'G_theta': 0.5, 'G_k': 1, 'U_b': 2, 'U_a': 1, 'mia': 1.0}
{'a1': 0.30000000000000004, 'a4': 0.7000000000000001, 'G_theta': 1, 'G_k': 2, 'U_b': 2, 'U_a': 1, 'mia': 1.0}
{'a1': 0.30000000000000004, 'a4': 0.7000000000000001, 'G_theta': 0.5, 'G_k': 1, 'U_b': 2, 'U_a': 1, 'mia': 1.0}
{'a1': 0.30000000000000004, 'a4': 0.8, 'G_theta': 1, 'G_k': 2, 'U_b': 2, 'U_a': 1, 'mia': 1.0}
{'a1': 0.30000000000000004, 'a4': 0.8, 'G_theta': 0.5, 'G_k': 1, 'U_b': 2, 'U_a': 1, 'mia': 1.0}
{'a1': 0.30000000000000004, 'a4': 0.9, 'G_theta': 1, 'G_k': 2, 'U_b': 2, 'U_a': 1, 'mia': 1.0}
{'a1': 0.30000000000000004, 'a4': 0.9, 'G_theta': 2, 'G_k': 2, 'U_b': 2, 'U_a': 1, 'mia': 1.0}
{'a1': 0.30000000000000004, 'a4': 0.9, 'G_theta': 0.5, 'G_k': 1, 'U_b': 2, 'U_a': 1, 'mia': 1.0}
{'a1': 0.4, 'a4': 0.6, 'G_theta': 0.5, 'G_k': 1, 'U_b': 2, 'U_a': 1, 'mia': 1.0}
{'a1': 0.4, 'a4': 0.7000000000000001, 'G_theta': 0.5, 'G_k': 1, 'U_b': 2, 'U_a': 1, 'mia': 1.0}
{'a1': 0.4, 'a4': 0.8, 'G_theta': 1, 'G_k': 2, 'U_b': 2, 'U_a': 1, 'mia': 1.0}
{'a1': 0.4, 'a4': 0.8, 'G_theta': 0.5, 'G_k': 1, 'U_b': 2, 'U_a': 1, 'mia': 1.0}
{'a1': 0.4, 'a4': 0.9, 'G_theta': 1, 'G_k': 2, 'U_b': 2, 'U_a': 1, 'mia': 1.0}
{'a1': 0.4, 'a4': 0.9, 'G_theta': 2, 'G_k': 2, 'U_b': 2, 'U_a': 1, 'mia': 1.0}
{'a1': 0.4, 'a4': 0.9, 'G_theta': 0.5, 'G_k': 1, 'U_b': 2, 'U_a': 1, 'mia': 1.0}
{'a1': 0.5, 'a4': 0.5, 'G_theta': 0.5, 'G_k': 1, 'U_b': 2, 'U_a': 1, 'mia': 1.0}
{'a1': 0.5, 'a4': 0.6, 'G_theta': 0.5, 'G_k': 1, 'U_b': 2, 'U_a': 1, 'mia': 1.0}
{'a1': 0.5, 'a4': 0.7000000000000001, 'G_theta': 0.5, 'G_k': 1, 'U_b': 2, 'U_a': 1, 'mia': 1.0}
{'a1': 0.5, 'a4': 0.8, 'G_theta': 1, 'G_k': 2, 'U_b': 2, 'U_a': 1, 'mia': 1.0}
{'a1': 0.5, 'a4': 0.8, 'G_theta': 0.5, 'G_k': 1, 'U_b': 2, 'U_a': 1, 'mia': 1.0}
{'a1': 0.5, 'a4': 0.9, 'G_theta': 1, 'G_k': 2, 'U_b': 2, 'U_a': 1, 'mia': 1.0}
{'a1': 0.5, 'a4': 0.9, 'G_theta': 0.5, 'G_k': 1, 'U_b': 2, 'U_a': 1, 'mia': 1.0}
{'a1': 0.6, 'a4': 0.5, 'G_theta': 0.5, 'G_k': 1, 'U_b': 2, 'U_a': 1, 'mia': 1.0}
{'a1': 0.6, 'a4': 0.6, 'G_theta': 0.5, 'G_k': 1, 'U_b': 2, 'U_a': 1, 'mia': 1.0}
{'a1': 0.6, 'a4': 0.7000000000000001, 'G_theta': 0.5, 'G_k': 1, 'U_b': 2, 'U_a': 1, 'mia': 1.0}
{'a1': 0.6, 'a4': 0.8, 'G_theta': 0.5, 'G_k': 1, 'U_b': 2, 'U_a': 1, 'mia': 1.0}
{'a1': 0.6, 'a4': 0.9, 'G_theta': 1, 'G_k': 2, 'U_b': 2, 'U_a': 1, 'mia': 1.0}
{'a1': 0.6, 'a4': 0.9, 'G_theta': 0.5, 'G_k': 1, 'U_b': 2, 'U_a': 1, 'mia': 1.0}
{'a1': 0.7000000000000001, 'a4': 0.4, 'G_theta': 0.5, 'G_k': 1, 'U_b': 2, 'U_a': 1, 'mia': 1.0}
{'a1': 0.7000000000000001, 'a4': 0.5, 'G_theta': 0.5, 'G_k': 1, 'U_b': 2, 'U_a': 1, 'mia': 1.0}
{'a1': 0.7000000000000001, 'a4': 0.6, 'G_theta': 0.5, 'G_k': 1, 'U_b': 2, 'U_a': 1, 'mia': 1.0}
{'a1': 0.7000000000000001, 'a4': 0.7000000000000001, 'G_theta': 0.5, 'G_k': 1, 'U_b': 2, 'U_a': 1, 'mia': 1.0}
{'a1': 0.7000000000000001, 'a4': 0.8, 'G_theta': 0.5, 'G_k': 1, 'U_b': 2, 'U_a': 1, 'mia': 1.0}
{'a1': 0.7000000000000001, 'a4': 0.9, 'G_theta': 1, 'G_k': 2, 'U_b': 2, 'U_a': 1, 'mia': 1.0}
{'a1': 0.7000000000000001, 'a4': 0.9, 'G_theta': 0.5, 'G_k': 1, 'U_b': 1, 'U_a': 0, 'mia': 1.0}
{'a1': 0.7000000000000001, 'a4': 0.9, 'G_theta': 0.5, 'G_k': 1, 'U_b': 2, 'U_a': 1, 'mia': 1.0}
{'a1': 0.8, 'a4': 0.2, 'G_theta': 0.5, 'G_k': 1, 'U_b': 2, 'U_a': 1, 'mia': 1.0}
{'a1': 0.8, 'a4': 0.30000000000000004, 'G_theta': 0.5, 'G_k': 1, 'U_b': 2, 'U_a': 1, 'mia': 1.0}
{'a1': 0.8, 'a4': 0.4, 'G_theta': 0.5, 'G_k': 1, 'U_b': 2, 'U_a': 1, 'mia': 1.0}
{'a1': 0.8, 'a4': 0.5, 'G_theta': 0.5, 'G_k': 1, 'U_b': 1, 'U_a': 0, 'mia': 1.0}
{'a1': 0.8, 'a4': 0.5, 'G_theta': 0.5, 'G_k': 1, 'U_b': 2, 'U_a': 1, 'mia': 1.0}
{'a1': 0.8, 'a4': 0.6, 'G_theta': 0.5, 'G_k': 1, 'U_b': 1, 'U_a': 0, 'mia': 1.0}
{'a1': 0.8, 'a4': 0.6, 'G_theta': 0.5, 'G_k': 1, 'U_b': 2, 'U_a': 1, 'mia': 1.0}
{'a1': 0.8, 'a4': 0.7000000000000001, 'G_theta': 0.5, 'G_k': 1, 'U_b': 1, 'U_a': 0, 'mia': 1.0}
{'a1': 0.8, 'a4': 0.7000000000000001, 'G_theta': 0.5, 'G_k': 1, 'U_b': 2, 'U_a': 1, 'mia': 1.0}
{'a1': 0.8, 'a4': 0.8, 'G_theta': 0.5, 'G_k': 1, 'U_b': 1, 'U_a': 0, 'mia': 1.0}
{'a1': 0.8, 'a4': 0.8, 'G_theta': 0.5, 'G_k': 1, 'U_b': 2, 'U_a': 1, 'mia': 1.0}
{'a1': 0.8, 'a4': 0.9, 'G_theta': 1, 'G_k': 2, 'U_b': 2, 'U_a': 1, 'mia': 1.0}
{'a1': 0.8, 'a4': 0.9, 'G_theta': 0.5, 'G_k': 1, 'U_b': 1, 'U_a': 0, 'mia': 1.0}
{'a1': 0.8, 'a4': 0.9, 'G_theta': 0.5, 'G_k': 1, 'U_b': 2, 'U_a': 1, 'mia': 1.0}
{'a1': 0.9, 'a4': 0.1, 'G_theta': 0.5, 'G_k': 1, 'U_b': 1, 'U_a': 0, 'mia': 1.0}
{'a1': 0.9, 'a4': 0.1, 'G_theta': 0.5, 'G_k': 1, 'U_b': 2, 'U_a': 1, 'mia': 1.0}
{'a1': 0.9, 'a4': 0.2, 'G_theta': 0.5, 'G_k': 1, 'U_b': 1, 'U_a': 0, 'mia': 1.0}
{'a1': 0.9, 'a4': 0.2, 'G_theta': 0.5, 'G_k': 1, 'U_b': 2, 'U_a': 1, 'mia': 1.0}
{'a1': 0.9, 'a4': 0.30000000000000004, 'G_theta': 0.5, 'G_k': 1, 'U_b': 1, 'U_a': 0, 'mia': 1.0}
{'a1': 0.9, 'a4': 0.30000000000000004, 'G_theta': 0.5, 'G_k': 1, 'U_b': 2, 'U_a': 1, 'mia': 1.0}
{'a1': 0.9, 'a4': 0.4, 'G_theta': 0.5, 'G_k': 1, 'U_b': 1, 'U_a': 0, 'mia': 1.0}
{'a1': 0.9, 'a4': 0.4, 'G_theta': 0.5, 'G_k': 1, 'U_b': 2, 'U_a': 1, 'mia': 1.0}
{'a1': 0.9, 'a4': 0.5, 'G_theta': 0.5, 'G_k': 1, 'U_b': 1, 'U_a': 0, 'mia': 1.0}
{'a1': 0.9, 'a4': 0.5, 'G_theta': 0.5, 'G_k': 1, 'U_b': 2, 'U_a': 1, 'mia': 1.0}
{'a1': 0.9, 'a4': 0.6, 'G_theta': 0.5, 'G_k': 1, 'U_b': 1, 'U_a': 0, 'mia': 1.0}
{'a1': 0.9, 'a4': 0.6, 'G_theta': 0.5, 'G_k': 1, 'U_b': 2, 'U_a': 1, 'mia': 1.0}
{'a1': 0.9, 'a4': 0.7000000000000001, 'G_theta': 0.5, 'G_k': 1, 'U_b': 1, 'U_a': 0, 'mia': 1.0}
{'a1': 0.9, 'a4': 0.7000000000000001, 'G_theta': 0.5, 'G_k': 1, 'U_b': 2, 'U_a': 1, 'mia': 1.0}
{'a1': 0.9, 'a4': 0.8, 'G_theta': 0.5, 'G_k': 1, 'U_b': 1, 'U_a': 0, 'mia': 1.0}
{'a1': 0.9, 'a4': 0.8, 'G_theta': 0.5, 'G_k': 1, 'U_b': 2, 'U_a': 1, 'mia': 1.0}
{'a1': 0.9, 'a4': 0.9, 'G_theta': 0.5, 'G_k': 1, 'U_b': 1, 'U_a': 0, 'mia': 1.0}
{'a1': 0.9, 'a4': 0.9, 'G_theta': 0.5, 'G_k': 1, 'U_b': 2, 'U_a': 1, 'mia': 1.0}
