(0.1, 0.1, (1, 2), (2, 1))
0.5 1.0 0.7
{'a1': 0.1, 'a4': 0.1, 'G_theta': 1, 'G_k': 2, 'U_b': 1, 'U_a': 0, 'mia': 0.6360816041724199}
{'a1': 0.1, 'a4': 0.1, 'G_theta': 1, 'G_k': 2, 'U_b': 2, 'U_a': 1, 'mia': 0.6360816041724199}
{'a1': 0.1, 'a4': 0.1, 'G_theta': 2, 'G_k': 2, 'U_b': 1, 'U_a': 0, 'mia': 0.6360816041724199}
{'a1': 0.1, 'a4': 0.1, 'G_theta': 2, 'G_k': 2, 'U_b': 2, 'U_a': 1, 'mia': 0.6360816041724199}
{'a1': 0.1, 'a4': 0.1, 'G_theta': 3, 'G_k': 2, 'U_b': 1, 'U_a': 0, 'mia': 0.6360816041724199}
{'a1': 0.1, 'a4': 0.1, 'G_theta': 3, 'G_k': 2, 'U_b': 2, 'U_a': 1, 'mia': 0.6360816041724199}
{'a1': 0.1, 'a4': 0.2, 'G_theta': 1, 'G_k': 2, 'U_b': 1, 'U_a': 0, 'mia': 0.6360816041724199}
{'a1': 0.1, 'a4': 0.2, 'G_theta': 2, 'G_k': 2, 'U_b': 1, 'U_a': 0, 'mia': 0.6360816041724199}
{'a1': 0.1, 'a4': 0.2, 'G_theta': 3, 'G_k': 2, 'U_b': 1, 'U_a': 0, 'mia': 0.6360816041724199}
{'a1': 0.2, 'a4': 0.1, 'G_theta': 1, 'G_k': 2, 'U_b': 1, 'U_a': 0, 'mia': 0.6360816041724199}
{'a1': 0.2, 'a4': 0.1, 'G_theta': 1, 'G_k': 2, 'U_b': 2, 'U_a': 1, 'mia': 0.6360816041724199}
{'a1': 0.2, 'a4': 0.1, 'G_theta': 2, 'G_k': 2, 'U_b': 1, 'U_a': 0, 'mia': 0.6360816041724199}
{'a1': 0.2, 'a4': 0.1, 'G_theta': 2, 'G_k': 2, 'U_b': 2, 'U_a': 1, 'mia': 0.6360816041724199}
{'a1': 0.2, 'a4': 0.1, 'G_theta': 3, 'G_k': 2, 'U_b': 1, 'U_a': 0, 'mia': 0.6360816041724199}
{'a1': 0.2, 'a4': 0.1, 'G_theta': 3, 'G_k': 2, 'U_b': 2, 'U_a': 1, 'mia': 0.6360816041724199}
{'a1': 0.2, 'a4': 0.2, 'G_theta': 1, 'G_k': 2, 'U_b': 1, 'U_a': 0, 'mia': 0.6360816041724199}
{'a1': 0.2, 'a4': 0.2, 'G_theta': 2, 'G_k': 2, 'U_b': 1, 'U_a': 0, 'mia': 0.6360816041724199}
{'a1': 0.2, 'a4': 0.2, 'G_theta': 3, 'G_k': 2, 'U_b': 1, 'U_a': 0, 'mia': 0.6360816041724199}
{'a1': 0.2, 'a4': 0.30000000000000004, 'G_theta': 2, 'G_k': 2, 'U_b': 1, 'U_a': 0, 'mia': 0.6360816041724199}
{'a1': 0.2, 'a4': 0.30000000000000004, 'G_theta': 3, 'G_k': 2, 'U_b': 1, 'U_a': 0, 'mia': 0.6360816041724199}
{'a1': 0.30000000000000004, 'a4': 0.1, 'G_theta': 1, 'G_k': 2, 'U_b': 1, 'U_a': 0, 'mia': 0.6360816041724199}
{'a1': 0.30000000000000004, 'a4': 0.1, 'G_theta': 1, 'G_k': 2, 'U_b': 2, 'U_a': 1, 'mia': 0.6360816041724199}
{'a1': 0.30000000000000004, 'a4': 0.1, 'G_theta': 2, 'G_k': 2, 'U_b': 1, 'U_a': 0, 'mia': 0.6360816041724199}
{'a1': 0.30000000000000004, 'a4': 0.1, 'G_theta': 2, 'G_k': 2, 'U_b': 2, 'U_a': 1, 'mia': 0.6360816041724199}
{'a1': 0.30000000000000004, 'a4': 0.1, 'G_theta': 3, 'G_k': 2, 'U_b': 1, 'U_a': 0, 'mia': 0.6360816041724199}
{'a1': 0.30000000000000004, 'a4': 0.1, 'G_theta': 3, 'G_k': 2, 'U_b': 2, 'U_a': 1, 'mia': 0.6360816041724199}
{'a1': 0.30000000000000004, 'a4': 0.2, 'G_theta': 1, 'G_k': 2, 'U_b': 1, 'U_a': 0, 'mia': 0.6360816041724199}
{'a1': 0.30000000000000004, 'a4': 0.2, 'G_theta': 2, 'G_k': 2, 'U_b': 1, 'U_a': 0, 'mia': 0.6360816041724199}
{'a1': 0.30000000000000004, 'a4': 0.2, 'G_theta': 3, 'G_k': 2, 'U_b': 1, 'U_a': 0, 'mia': 0.6360816041724199}
{'a1': 0.30000000000000004, 'a4': 0.30000000000000004, 'G_theta': 2, 'G_k': 2, 'U_b': 1, 'U_a': 0, 'mia': 0.6360816041724199}
{'a1': 0.30000000000000004, 'a4': 0.30000000000000004, 'G_theta': 3, 'G_k': 2, 'U_b': 1, 'U_a': 0, 'mia': 0.6360816041724199}
{'a1': 0.4, 'a4': 0.1, 'G_theta': 1, 'G_k': 2, 'U_b': 1, 'U_a': 0, 'mia': 0.6360816041724199}
{'a1': 0.4, 'a4': 0.1, 'G_theta': 1, 'G_k': 2, 'U_b': 2, 'U_a': 1, 'mia': 0.6360816041724199}
{'a1': 0.4, 'a4': 0.1, 'G_theta': 2, 'G_k': 2, 'U_b': 1, 'U_a': 0, 'mia': 0.6360816041724199}
{'a1': 0.4, 'a4': 0.1, 'G_theta': 2, 'G_k': 2, 'U_b': 2, 'U_a': 1, 'mia': 0.6360816041724199}
{'a1': 0.4, 'a4': 0.1, 'G_theta': 3, 'G_k': 2, 'U_b': 1, 'U_a': 0, 'mia': 0.6360816041724199}
{'a1': 0.4, 'a4': 0.1, 'G_theta': 3, 'G_k': 2, 'U_b': 2, 'U_a': 1, 'mia': 0.6360816041724199}
{'a1': 0.4, 'a4': 0.2, 'G_theta': 1, 'G_k': 2, 'U_b': 1, 'U_a': 0, 'mia': 0.6360816041724199}
{'a1': 0.4, 'a4': 0.2, 'G_theta': 2, 'G_k': 2, 'U_b': 1, 'U_a': 0, 'mia': 0.6360816041724199}
{'a1': 0.4, 'a4': 0.2, 'G_theta': 3, 'G_k': 2, 'U_b': 1, 'U_a': 0, 'mia': 0.6360816041724199}
{'a1': 0.4, 'a4': 0.30000000000000004, 'G_theta': 1, 'G_k': 2, 'U_b': 1, 'U_a': 0, 'mia': 0.6360816041724199}
{'a1': 0.4, 'a4': 0.30000000000000004, 'G_theta': 2, 'G_k': 2, 'U_b': 1, 'U_a': 0, 'mia': 0.6360816041724199}
{'a1': 0.4, 'a4': 0.30000000000000004, 'G_theta': 3, 'G_k': 2, 'U_b': 1, 'U_a': 0, 'mia': 0.6360816041724199}
{'a1': 0.5, 'a4': 0.1, 'G_theta': 1, 'G_k': 2, 'U_b': 1, 'U_a': 0, 'mia': 0.6360816041724199}
{'a1': 0.5, 'a4': 0.1, 'G_theta': 1, 'G_k': 2, 'U_b': 2, 'U_a': 1, 'mia': 0.6360816041724199}
{'a1': 0.5, 'a4': 0.1, 'G_theta': 2, 'G_k': 2, 'U_b': 1, 'U_a': 0, 'mia': 0.6360816041724199}
{'a1': 0.5, 'a4': 0.1, 'G_theta': 2, 'G_k': 2, 'U_b': 2, 'U_a': 1, 'mia': 0.6360816041724199}
{'a1': 0.5, 'a4': 0.1, 'G_theta': 3, 'G_k': 2, 'U_b': 1, 'U_a': 0, 'mia': 0.6360816041724199}
{'a1': 0.5, 'a4': 0.1, 'G_theta': 3, 'G_k': 2, 'U_b': 2, 'U_a': 1, 'mia': 0.6360816041724199}
{'a1': 0.5, 'a4': 0.2, 'G_theta': 1, 'G_k': 2, 'U_b': 1, 'U_a': 0, 'mia': 0.6360816041724199}
{'a1': 0.5, 'a4': 0.2, 'G_theta': 2, 'G_k': 2, 'U_b': 1, 'U_a': 0, 'mia': 0.6360816041724199}
{'a1': 0.5, 'a4': 0.2, 'G_theta': 3, 'G_k': 2, 'U_b': 1, 'U_a': 0, 'mia': 0.6360816041724199}
{'a1': 0.5, 'a4': 0.30000000000000004, 'G_theta': 1, 'G_k': 2, 'U_b': 1, 'U_a': 0, 'mia': 0.6360816041724199}
{'a1': 0.5, 'a4': 0.30000000000000004, 'G_theta': 2, 'G_k': 2, 'U_b': 1, 'U_a': 0, 'mia': 0.6360816041724199}
{'a1': 0.5, 'a4': 0.30000000000000004, 'G_theta': 3, 'G_k': 2, 'U_b': 1, 'U_a': 0, 'mia': 0.6360816041724199}
{'a1': 0.6, 'a4': 0.1, 'G_theta': 1, 'G_k': 2, 'U_b': 1, 'U_a': 0, 'mia': 0.6360816041724199}
{'a1': 0.6, 'a4': 0.1, 'G_theta': 1, 'G_k': 2, 'U_b': 2, 'U_a': 1, 'mia': 0.6360816041724199}
{'a1': 0.6, 'a4': 0.1, 'G_theta': 2, 'G_k': 2, 'U_b': 1, 'U_a': 0, 'mia': 0.6360816041724199}
{'a1': 0.6, 'a4': 0.1, 'G_theta': 2, 'G_k': 2, 'U_b': 2, 'U_a': 1, 'mia': 0.6360816041724199}
{'a1': 0.6, 'a4': 0.1, 'G_theta': 3, 'G_k': 2, 'U_b': 1, 'U_a': 0, 'mia': 0.6360816041724199}
{'a1': 0.6, 'a4': 0.1, 'G_theta': 3, 'G_k': 2, 'U_b': 2, 'U_a': 1, 'mia': 0.6360816041724199}
{'a1': 0.6, 'a4': 0.2, 'G_theta': 1, 'G_k': 2, 'U_b': 1, 'U_a': 0, 'mia': 0.6360816041724199}
{'a1': 0.6, 'a4': 0.2, 'G_theta': 2, 'G_k': 2, 'U_b': 1, 'U_a': 0, 'mia': 0.6360816041724199}
{'a1': 0.6, 'a4': 0.2, 'G_theta': 3, 'G_k': 2, 'U_b': 1, 'U_a': 0, 'mia': 0.6360816041724199}
{'a1': 0.6, 'a4': 0.30000000000000004, 'G_theta': 1, 'G_k': 2, 'U_b': 1, 'U_a': 0, 'mia': 0.6360816041724199}
{'a1': 0.6, 'a4': 0.30000000000000004, 'G_theta': 2, 'G_k': 2, 'U_b': 1, 'U_a': 0, 'mia': 0.6360816041724199}
{'a1': 0.6, 'a4': 0.30000000000000004, 'G_theta': 3, 'G_k': 2, 'U_b': 1, 'U_a': 0, 'mia': 0.6360816041724199}
{'a1': 0.7000000000000001, 'a4': 0.1, 'G_theta': 1, 'G_k': 2, 'U_b': 1, 'U_a': 0, 'mia': 0.6360816041724199}
{'a1': 0.7000000000000001, 'a4': 0.1, 'G_theta': 1, 'G_k': 2, 'U_b': 2, 'U_a': 1, 'mia': 0.6360816041724199}
{'a1': 0.7000000000000001, 'a4': 0.1, 'G_theta': 2, 'G_k': 2, 'U_b': 1, 'U_a': 0, 'mia': 0.6360816041724199}
{'a1': 0.7000000000000001, 'a4': 0.1, 'G_theta': 2, 'G_k': 2, 'U_b': 2, 'U_a': 1, 'mia': 0.6360816041724199}
{'a1': 0.7000000000000001, 'a4': 0.1, 'G_theta': 3, 'G_k': 2, 'U_b': 1, 'U_a': 0, 'mia': 0.6360816041724199}
{'a1': 0.7000000000000001, 'a4': 0.1, 'G_theta': 3, 'G_k': 2, 'U_b': 2, 'U_a': 1, 'mia': 0.6360816041724199}
{'a1': 0.7000000000000001, 'a4': 0.2, 'G_theta': 1, 'G_k': 2, 'U_b': 1, 'U_a': 0, 'mia': 0.6360816041724199}
{'a1': 0.7000000000000001, 'a4': 0.2, 'G_theta': 2, 'G_k': 2, 'U_b': 1, 'U_a': 0, 'mia': 0.6360816041724199}
{'a1': 0.7000000000000001, 'a4': 0.2, 'G_theta': 3, 'G_k': 2, 'U_b': 1, 'U_a': 0, 'mia': 0.6360816041724199}
{'a1': 0.7000000000000001, 'a4': 0.30000000000000004, 'G_theta': 1, 'G_k': 2, 'U_b': 1, 'U_a': 0, 'mia': 0.6360816041724199}
{'a1': 0.7000000000000001, 'a4': 0.30000000000000004, 'G_theta': 2, 'G_k': 2, 'U_b': 1, 'U_a': 0, 'mia': 0.6360816041724199}
{'a1': 0.7000000000000001, 'a4': 0.30000000000000004, 'G_theta': 3, 'G_k': 2, 'U_b': 1, 'U_a': 0, 'mia': 0.6360816041724199}
{'a1': 0.8, 'a4': 0.1, 'G_theta': 1, 'G_k': 2, 'U_b': 1, 'U_a': 0, 'mia': 0.6360816041724199}
{'a1': 0.8, 'a4': 0.1, 'G_theta': 1, 'G_k': 2, 'U_b': 2, 'U_a': 1, 'mia': 0.6360816041724199}
{'a1': 0.8, 'a4': 0.1, 'G_theta': 2, 'G_k': 2, 'U_b': 1, 'U_a': 0, 'mia': 0.6360816041724199}
{'a1': 0.8, 'a4': 0.1, 'G_theta': 2, 'G_k': 2, 'U_b': 2, 'U_a': 1, 'mia': 0.6360816041724199}
{'a1': 0.8, 'a4': 0.1, 'G_theta': 3, 'G_k': 2, 'U_b': 1, 'U_a': 0, 'mia': 0.6360816041724199}
{'a1': 0.8, 'a4': 0.1, 'G_theta': 3, 'G_k': 2, 'U_b': 2, 'U_a': 1, 'mia': 0.6360816041724199}
{'a1': 0.8, 'a4': 0.2, 'G_theta': 1, 'G_k': 2, 'U_b': 1, 'U_a': 0, 'mia': 0.6360816041724199}
{'a1': 0.8, 'a4': 0.2, 'G_theta': 2, 'G_k': 2, 'U_b': 1, 'U_a': 0, 'mia': 0.6360816041724199}
{'a1': 0.8, 'a4': 0.2, 'G_theta': 3, 'G_k': 2, 'U_b': 1, 'U_a': 0, 'mia': 0.6360816041724199}
{'a1': 0.8, 'a4': 0.30000000000000004, 'G_theta': 1, 'G_k': 2, 'U_b': 1, 'U_a': 0, 'mia': 0.6360816041724199}
{'a1': 0.8, 'a4': 0.30000000000000004, 'G_theta': 2, 'G_k': 2, 'U_b': 1, 'U_a': 0, 'mia': 0.6360816041724199}
{'a1': 0.8, 'a4': 0.30000000000000004, 'G_theta': 3, 'G_k': 2, 'U_b': 1, 'U_a': 0, 'mia': 0.6360816041724199}
{'a1': 0.9, 'a4': 0.1, 'G_theta': 1, 'G_k': 2, 'U_b': 1, 'U_a': 0, 'mia': 0.6360816041724199}
{'a1': 0.9, 'a4': 0.1, 'G_theta': 1, 'G_k': 2, 'U_b': 2, 'U_a': 1, 'mia': 0.6360816041724199}
{'a1': 0.9, 'a4': 0.1, 'G_theta': 2, 'G_k': 2, 'U_b': 1, 'U_a': 0, 'mia': 0.6360816041724199}
{'a1': 0.9, 'a4': 0.1, 'G_theta': 2, 'G_k': 2, 'U_b': 2, 'U_a': 1, 'mia': 0.6360816041724199}
{'a1': 0.9, 'a4': 0.1, 'G_theta': 3, 'G_k': 2, 'U_b': 1, 'U_a': 0, 'mia': 0.6360816041724199}
{'a1': 0.9, 'a4': 0.1, 'G_theta': 3, 'G_k': 2, 'U_b': 2, 'U_a': 1, 'mia': 0.6360816041724199}
{'a1': 0.9, 'a4': 0.2, 'G_theta': 1, 'G_k': 2, 'U_b': 1, 'U_a': 0, 'mia': 0.6360816041724199}
{'a1': 0.9, 'a4': 0.2, 'G_theta': 2, 'G_k': 2, 'U_b': 1, 'U_a': 0, 'mia': 0.6360816041724199}
{'a1': 0.9, 'a4': 0.2, 'G_theta': 3, 'G_k': 2, 'U_b': 1, 'U_a': 0, 'mia': 0.6360816041724199}
{'a1': 0.9, 'a4': 0.30000000000000004, 'G_theta': 1, 'G_k': 2, 'U_b': 1, 'U_a': 0, 'mia': 0.6360816041724199}
{'a1': 0.9, 'a4': 0.30000000000000004, 'G_theta': 2, 'G_k': 2, 'U_b': 1, 'U_a': 0, 'mia': 0.6360816041724199}
{'a1': 0.9, 'a4': 0.30000000000000004, 'G_theta': 3, 'G_k': 2, 'U_b': 1, 'U_a': 0, 'mia': 0.6360816041724199}
{'a1': 0.1, 'a4': 0.30000000000000004, 'G_theta': 2, 'G_k': 2, 'U_b': 1, 'U_a': 0, 'mia': 0.63608160417242}
{'a1': 0.1, 'a4': 0.30000000000000004, 'G_theta': 3, 'G_k': 2, 'U_b': 1, 'U_a': 0, 'mia': 0.63608160417242}
{'a1': 0.2, 'a4': 0.30000000000000004, 'G_theta': 1, 'G_k': 2, 'U_b': 1, 'U_a': 0, 'mia': 0.63608160417242}
{'a1': 0.30000000000000004, 'a4': 0.30000000000000004, 'G_theta': 1, 'G_k': 2, 'U_b': 1, 'U_a': 0, 'mia': 0.63608160417242}
{'a1': 0.1, 'a4': 0.30000000000000004, 'G_theta': 1, 'G_k': 2, 'U_b': 1, 'U_a': 0, 'mia': 0.6360816041724207}
{'a1': 0.9, 'a4': 0.4, 'G_theta': 3, 'G_k': 2, 'U_b': 1, 'U_a': 0, 'mia': 0.6360816041726964}
{'a1': 0.8, 'a4': 0.4, 'G_theta': 3, 'G_k': 2, 'U_b': 1, 'U_a': 0, 'mia': 0.63608160417277}
{'a1': 0.7000000000000001, 'a4': 0.4, 'G_theta': 3, 'G_k': 2, 'U_b': 1, 'U_a': 0, 'mia': 0.6360816041728776}
{'a1': 0.9, 'a4': 0.2, 'G_theta': 3, 'G_k': 2, 'U_b': 2, 'U_a': 1, 'mia': 0.6360816041729729}
{'a1': 0.6, 'a4': 0.4, 'G_theta': 3, 'G_k': 2, 'U_b': 1, 'U_a': 0, 'mia': 0.6360816041730438}
{'a1': 0.9, 'a4': 0.4, 'G_theta': 2, 'G_k': 2, 'U_b': 1, 'U_a': 0, 'mia': 0.6360816041730438}
{'a1': 0.8, 'a4': 0.2, 'G_theta': 3, 'G_k': 2, 'U_b': 2, 'U_a': 1, 'mia': 0.6360816041731202}
{'a1': 0.8, 'a4': 0.4, 'G_theta': 2, 'G_k': 2, 'U_b': 1, 'U_a': 0, 'mia': 0.6360816041732102}
{'a1': 0.5, 'a4': 0.4, 'G_theta': 3, 'G_k': 2, 'U_b': 1, 'U_a': 0, 'mia': 0.6360816041733199}
{'a1': 0.7000000000000001, 'a4': 0.2, 'G_theta': 3, 'G_k': 2, 'U_b': 2, 'U_a': 1, 'mia': 0.6360816041733355}
{'a1': 0.7000000000000001, 'a4': 0.4, 'G_theta': 2, 'G_k': 2, 'U_b': 1, 'U_a': 0, 'mia': 0.6360816041734538}
{'a1': 0.6, 'a4': 0.2, 'G_theta': 3, 'G_k': 2, 'U_b': 2, 'U_a': 1, 'mia': 0.6360816041736677}
{'a1': 0.9, 'a4': 0.2, 'G_theta': 2, 'G_k': 2, 'U_b': 2, 'U_a': 1, 'mia': 0.6360816041736677}
{'a1': 0.4, 'a4': 0.4, 'G_theta': 3, 'G_k': 2, 'U_b': 1, 'U_a': 0, 'mia': 0.6360816041738298}
{'a1': 0.6, 'a4': 0.4, 'G_theta': 2, 'G_k': 2, 'U_b': 1, 'U_a': 0, 'mia': 0.6360816041738298}
{'a1': 0.8, 'a4': 0.2, 'G_theta': 2, 'G_k': 2, 'U_b': 2, 'U_a': 1, 'mia': 0.6360816041740008}
{'a1': 0.5, 'a4': 0.2, 'G_theta': 3, 'G_k': 2, 'U_b': 2, 'U_a': 1, 'mia': 0.6360816041742199}
{'a1': 0.5, 'a4': 0.4, 'G_theta': 2, 'G_k': 2, 'U_b': 1, 'U_a': 0, 'mia': 0.6360816041744555}
{'a1': 0.7000000000000001, 'a4': 0.2, 'G_theta': 2, 'G_k': 2, 'U_b': 2, 'U_a': 1, 'mia': 0.6360816041744877}
{'a1': 0.30000000000000004, 'a4': 0.4, 'G_theta': 3, 'G_k': 2, 'U_b': 1, 'U_a': 0, 'mia': 0.6360816041749374}
{'a1': 0.9, 'a4': 0.4, 'G_theta': 1, 'G_k': 2, 'U_b': 1, 'U_a': 0, 'mia': 0.6360816041749374}
{'a1': 0.4, 'a4': 0.2, 'G_theta': 3, 'G_k': 2, 'U_b': 2, 'U_a': 1, 'mia': 0.6360816041752397}
{'a1': 0.6, 'a4': 0.2, 'G_theta': 2, 'G_k': 2, 'U_b': 2, 'U_a': 1, 'mia': 0.6360816041752397}
{'a1': 0.4, 'a4': 0.4, 'G_theta': 2, 'G_k': 2, 'U_b': 1, 'U_a': 0, 'mia': 0.6360816041756131}
{'a1': 0.8, 'a4': 0.4, 'G_theta': 1, 'G_k': 2, 'U_b': 1, 'U_a': 0, 'mia': 0.6360816041756131}
{'a1': 0.5, 'a4': 0.2, 'G_theta': 2, 'G_k': 2, 'U_b': 2, 'U_a': 1, 'mia': 0.636081604176491}
{'a1': 0.7000000000000001, 'a4': 0.4, 'G_theta': 1, 'G_k': 2, 'U_b': 1, 'U_a': 0, 'mia': 0.6360816041766024}
{'a1': 0.30000000000000004, 'a4': 0.2, 'G_theta': 3, 'G_k': 2, 'U_b': 2, 'U_a': 1, 'mia': 0.6360816041774549}
{'a1': 0.9, 'a4': 0.2, 'G_theta': 1, 'G_k': 2, 'U_b': 2, 'U_a': 1, 'mia': 0.6360816041774549}
{'a1': 0.2, 'a4': 0.4, 'G_theta': 3, 'G_k': 2, 'U_b': 1, 'U_a': 0, 'mia': 0.6360816041781343}
{'a1': 0.30000000000000004, 'a4': 0.4, 'G_theta': 2, 'G_k': 2, 'U_b': 1, 'U_a': 0, 'mia': 0.6360816041781343}
{'a1': 0.6, 'a4': 0.4, 'G_theta': 1, 'G_k': 2, 'U_b': 1, 'U_a': 0, 'mia': 0.6360816041781343}
{'a1': 0.4, 'a4': 0.2, 'G_theta': 2, 'G_k': 2, 'U_b': 2, 'U_a': 1, 'mia': 0.6360816041788062}
{'a1': 0.8, 'a4': 0.2, 'G_theta': 1, 'G_k': 2, 'U_b': 2, 'U_a': 1, 'mia': 0.6360816041788062}
{'a1': 0.5, 'a4': 0.4, 'G_theta': 1, 'G_k': 2, 'U_b': 1, 'U_a': 0, 'mia': 0.636081604180692}
{'a1': 0.7000000000000001, 'a4': 0.2, 'G_theta': 1, 'G_k': 2, 'U_b': 2, 'U_a': 1, 'mia': 0.6360816041807849}
{'a1': 0.2, 'a4': 0.2, 'G_theta': 3, 'G_k': 2, 'U_b': 2, 'U_a': 1, 'mia': 0.6360816041838484}
{'a1': 0.30000000000000004, 'a4': 0.2, 'G_theta': 2, 'G_k': 2, 'U_b': 2, 'U_a': 1, 'mia': 0.6360816041838484}
{'a1': 0.6, 'a4': 0.2, 'G_theta': 1, 'G_k': 2, 'U_b': 2, 'U_a': 1, 'mia': 0.6360816041838484}
{'a1': 0.2, 'a4': 0.4, 'G_theta': 2, 'G_k': 2, 'U_b': 1, 'U_a': 0, 'mia': 0.6360816041854485}
{'a1': 0.4, 'a4': 0.4, 'G_theta': 1, 'G_k': 2, 'U_b': 1, 'U_a': 0, 'mia': 0.6360816041854485}
{'a1': 0.5, 'a4': 0.2, 'G_theta': 1, 'G_k': 2, 'U_b': 2, 'U_a': 1, 'mia': 0.6360816041889643}
{'a1': 0.1, 'a4': 0.4, 'G_theta': 3, 'G_k': 2, 'U_b': 1, 'U_a': 0, 'mia': 0.6360816041958923}
{'a1': 0.30000000000000004, 'a4': 0.4, 'G_theta': 1, 'G_k': 2, 'U_b': 1, 'U_a': 0, 'mia': 0.6360816041958923}
{'a1': 0.2, 'a4': 0.2, 'G_theta': 2, 'G_k': 2, 'U_b': 2, 'U_a': 1, 'mia': 0.6360816041984767}
{'a1': 0.4, 'a4': 0.2, 'G_theta': 1, 'G_k': 2, 'U_b': 2, 'U_a': 1, 'mia': 0.6360816041984767}
{'a1': 0.1, 'a4': 0.2, 'G_theta': 3, 'G_k': 2, 'U_b': 2, 'U_a': 1, 'mia': 0.6360816042193647}
{'a1': 0.30000000000000004, 'a4': 0.2, 'G_theta': 1, 'G_k': 2, 'U_b': 2, 'U_a': 1, 'mia': 0.6360816042193647}
{'a1': 0.1, 'a4': 0.4, 'G_theta': 2, 'G_k': 2, 'U_b': 1, 'U_a': 0, 'mia': 0.6360816042266737}
{'a1': 0.2, 'a4': 0.4, 'G_theta': 1, 'G_k': 2, 'U_b': 1, 'U_a': 0, 'mia': 0.6360816042266737}
{'a1': 0.1, 'a4': 0.2, 'G_theta': 2, 'G_k': 2, 'U_b': 2, 'U_a': 1, 'mia': 0.6360816042809274}
{'a1': 0.2, 'a4': 0.2, 'G_theta': 1, 'G_k': 2, 'U_b': 2, 'U_a': 1, 'mia': 0.6360816042809274}
{'a1': 0.1, 'a4': 0.4, 'G_theta': 1, 'G_k': 2, 'U_b': 1, 'U_a': 0, 'mia': 0.6360816044082156}
{'a1': 0.1, 'a4': 0.2, 'G_theta': 1, 'G_k': 2, 'U_b': 2, 'U_a': 1, 'mia': 0.6360816046440114}
{'a1': 0.9, 'a4': 0.5, 'G_theta': 3, 'G_k': 2, 'U_b': 1, 'U_a': 0, 'mia': 0.6360816842901842}
{'a1': 0.8, 'a4': 0.5, 'G_theta': 3, 'G_k': 2, 'U_b': 1, 'U_a': 0, 'mia': 0.636081705645068}
{'a1': 0.7000000000000001, 'a4': 0.5, 'G_theta': 3, 'G_k': 2, 'U_b': 1, 'U_a': 0, 'mia': 0.636081736831879}
{'a1': 0.6, 'a4': 0.5, 'G_theta': 3, 'G_k': 2, 'U_b': 1, 'U_a': 0, 'mia': 0.6360817849616438}
{'a1': 0.9, 'a4': 0.5, 'G_theta': 2, 'G_k': 2, 'U_b': 1, 'U_a': 0, 'mia': 0.6360817849616438}
{'a1': 0.8, 'a4': 0.5, 'G_theta': 2, 'G_k': 2, 'U_b': 1, 'U_a': 0, 'mia': 0.636081833233344}
{'a1': 0.5, 'a4': 0.5, 'G_theta': 3, 'G_k': 2, 'U_b': 1, 'U_a': 0, 'mia': 0.63608186496344}
{'a1': 0.7000000000000001, 'a4': 0.5, 'G_theta': 2, 'G_k': 2, 'U_b': 1, 'U_a': 0, 'mia': 0.6360819037739094}
{'a1': 0.4, 'a4': 0.5, 'G_theta': 3, 'G_k': 2, 'U_b': 1, 'U_a': 0, 'mia': 0.6360820127272041}
{'a1': 0.6, 'a4': 0.5, 'G_theta': 2, 'G_k': 2, 'U_b': 1, 'U_a': 0, 'mia': 0.6360820127272041}
{'a1': 0.5, 'a4': 0.5, 'G_theta': 2, 'G_k': 2, 'U_b': 1, 'U_a': 0, 'mia': 0.6360821940364664}
{'a1': 0.30000000000000004, 'a4': 0.5, 'G_theta': 3, 'G_k': 2, 'U_b': 1, 'U_a': 0, 'mia': 0.6360823336755503}
{'a1': 0.9, 'a4': 0.5, 'G_theta': 1, 'G_k': 2, 'U_b': 1, 'U_a': 0, 'mia': 0.6360823336755503}
{'a1': 0.4, 'a4': 0.5, 'G_theta': 2, 'G_k': 2, 'U_b': 1, 'U_a': 0, 'mia': 0.6360825294743279}
{'a1': 0.8, 'a4': 0.5, 'G_theta': 1, 'G_k': 2, 'U_b': 1, 'U_a': 0, 'mia': 0.6360825294743279}
{'a1': 0.7000000000000001, 'a4': 0.5, 'G_theta': 1, 'G_k': 2, 'U_b': 1, 'U_a': 0, 'mia': 0.6360828161425709}
{'a1': 0.2, 'a4': 0.5, 'G_theta': 3, 'G_k': 2, 'U_b': 1, 'U_a': 0, 'mia': 0.6360832600222828}
{'a1': 0.30000000000000004, 'a4': 0.5, 'G_theta': 2, 'G_k': 2, 'U_b': 1, 'U_a': 0, 'mia': 0.6360832600222828}
{'a1': 0.6, 'a4': 0.5, 'G_theta': 1, 'G_k': 2, 'U_b': 1, 'U_a': 0, 'mia': 0.6360832600222828}
{'a1': 0.5, 'a4': 0.5, 'G_theta': 1, 'G_k': 2, 'U_b': 1, 'U_a': 0, 'mia': 0.6360840012289093}
{'a1': 0.2, 'a4': 0.5, 'G_theta': 2, 'G_k': 2, 'U_b': 1, 'U_a': 0, 'mia': 0.636085379476465}
{'a1': 0.4, 'a4': 0.5, 'G_theta': 1, 'G_k': 2, 'U_b': 1, 'U_a': 0, 'mia': 0.636085379476465}
{'a1': 0.1, 'a4': 0.5, 'G_theta': 3, 'G_k': 2, 'U_b': 1, 'U_a': 0, 'mia': 0.6360884058519118}
{'a1': 0.30000000000000004, 'a4': 0.5, 'G_theta': 1, 'G_k': 2, 'U_b': 1, 'U_a': 0, 'mia': 0.6360884058519118}
{'a1': 0.1, 'a4': 0.5, 'G_theta': 2, 'G_k': 2, 'U_b': 1, 'U_a': 0, 'mia': 0.6360973254976994}
{'a1': 0.2, 'a4': 0.5, 'G_theta': 1, 'G_k': 2, 'U_b': 1, 'U_a': 0, 'mia': 0.6360973254976994}
{'a1': 0.1, 'a4': 0.5, 'G_theta': 1, 'G_k': 2, 'U_b': 1, 'U_a': 0, 'mia': 0.6361499316444544}
{'a1': 0.9, 'a4': 0.6, 'G_theta': 3, 'G_k': 2, 'U_b': 1, 'U_a': 0, 'mia': 0.6361890886077101}
{'a1': 0.8, 'a4': 0.6, 'G_theta': 3, 'G_k': 2, 'U_b': 1, 'U_a': 0, 'mia': 0.636218065268592}
{'a1': 0.7000000000000001, 'a4': 0.6, 'G_theta': 3, 'G_k': 2, 'U_b': 1, 'U_a': 0, 'mia': 0.6362605584871275}
{'a1': 0.9, 'a4': 0.30000000000000004, 'G_theta': 3, 'G_k': 2, 'U_b': 2, 'U_a': 1, 'mia': 0.6362965465142729}
{'a1': 0.6, 'a4': 0.6, 'G_theta': 3, 'G_k': 2, 'U_b': 1, 'U_a': 0, 'mia': 0.6363264715981962}
{'a1': 0.9, 'a4': 0.6, 'G_theta': 2, 'G_k': 2, 'U_b': 1, 'U_a': 0, 'mia': 0.6363264715981962}
{'a1': 0.8, 'a4': 0.30000000000000004, 'G_theta': 3, 'G_k': 2, 'U_b': 2, 'U_a': 1, 'mia': 0.6363544926841951}
{'a1': 0.8, 'a4': 0.6, 'G_theta': 2, 'G_k': 2, 'U_b': 1, 'U_a': 0, 'mia': 0.6363929331848752}
{'a1': 0.5, 'a4': 0.6, 'G_theta': 3, 'G_k': 2, 'U_b': 1, 'U_a': 0, 'mia': 0.6364368012134693}
{'a1': 0.7000000000000001, 'a4': 0.30000000000000004, 'G_theta': 3, 'G_k': 2, 'U_b': 2, 'U_a': 1, 'mia': 0.6364394686333613}
{'a1': 0.7000000000000001, 'a4': 0.6, 'G_theta': 2, 'G_k': 2, 'U_b': 1, 'U_a': 0, 'mia': 0.6364906391238053}
{'a1': 0.6, 'a4': 0.30000000000000004, 'G_theta': 3, 'G_k': 2, 'U_b': 2, 'U_a': 1, 'mia': 0.6365712942510744}
{'a1': 0.9, 'a4': 0.30000000000000004, 'G_theta': 2, 'G_k': 2, 'U_b': 2, 'U_a': 1, 'mia': 0.6365712942510744}
{'a1': 0.4, 'a4': 0.6, 'G_theta': 3, 'G_k': 2, 'U_b': 1, 'U_a': 0, 'mia': 0.6366427490353121}
{'a1': 0.6, 'a4': 0.6, 'G_theta': 2, 'G_k': 2, 'U_b': 1, 'U_a': 0, 'mia': 0.6366427490353121}
{'a1': 0.8, 'a4': 0.30000000000000004, 'G_theta': 2, 'G_k': 2, 'U_b': 2, 'U_a': 1, 'mia': 0.63670420527227}
{'a1': 0.5, 'a4': 0.30000000000000004, 'G_theta': 3, 'G_k': 2, 'U_b': 2, 'U_a': 1, 'mia': 0.6367919333084191}
{'a1': 0.9, 'a4': 0.7000000000000001, 'G_theta': 3, 'G_k': 2, 'U_b': 1, 'U_a': 0, 'mia': 0.6368492085347099}
{'a1': 0.5, 'a4': 0.6, 'G_theta': 2, 'G_k': 2, 'U_b': 1, 'U_a': 0, 'mia': 0.6368986560324491}
{'a1': 0.7000000000000001, 'a4': 0.30000000000000004, 'G_theta': 2, 'G_k': 2, 'U_b': 2, 'U_a': 1, 'mia': 0.636899599285117}
{'a1': 0.8, 'a4': 0.7000000000000001, 'G_theta': 3, 'G_k': 2, 'U_b': 1, 'U_a': 0, 'mia': 0.6370592812584838}
{'a1': 0.30000000000000004, 'a4': 0.6, 'G_theta': 3, 'G_k': 2, 'U_b': 1, 'U_a': 0, 'mia': 0.6370978237851384}
{'a1': 0.9, 'a4': 0.6, 'G_theta': 1, 'G_k': 2, 'U_b': 1, 'U_a': 0, 'mia': 0.6370978237851384}
{'a1': 0.4, 'a4': 0.30000000000000004, 'G_theta': 3, 'G_k': 2, 'U_b': 2, 'U_a': 1, 'mia': 0.637203791295678}
{'a1': 0.6, 'a4': 0.30000000000000004, 'G_theta': 2, 'G_k': 2, 'U_b': 2, 'U_a': 1, 'mia': 0.637203791295678}
{'a1': 0.7000000000000001, 'a4': 0.7000000000000001, 'G_theta': 3, 'G_k': 2, 'U_b': 1, 'U_a': 0, 'mia': 0.6373690581691581}
{'a1': 0.4, 'a4': 0.6, 'G_theta': 2, 'G_k': 2, 'U_b': 1, 'U_a': 0, 'mia': 0.6373797940493298}
{'a1': 0.8, 'a4': 0.6, 'G_theta': 1, 'G_k': 2, 'U_b': 1, 'U_a': 0, 'mia': 0.6373797940493298}
{'a1': 0.5, 'a4': 0.30000000000000004, 'G_theta': 2, 'G_k': 2, 'U_b': 2, 'U_a': 1, 'mia': 0.6377155584988667}
{'a1': 0.7000000000000001, 'a4': 0.6, 'G_theta': 1, 'G_k': 2, 'U_b': 1, 'U_a': 0, 'mia': 0.6377977391435348}
{'a1': 0.6, 'a4': 0.7000000000000001, 'G_theta': 3, 'G_k': 2, 'U_b': 1, 'U_a': 0, 'mia': 0.6378527348134779}
{'a1': 0.9, 'a4': 0.7000000000000001, 'G_theta': 2, 'G_k': 2, 'U_b': 1, 'U_a': 0, 'mia': 0.6378527348134779}
{'a1': 0.30000000000000004, 'a4': 0.30000000000000004, 'G_theta': 3, 'G_k': 2, 'U_b': 2, 'U_a': 1, 'mia': 0.6381138575876604}
{'a1': 0.9, 'a4': 0.30000000000000004, 'G_theta': 1, 'G_k': 2, 'U_b': 2, 'U_a': 1, 'mia': 0.6381138575876604}
{'a1': 0.1, 'a4': 0.1, 'G_theta': 0.5, 'G_k': 1, 'U_b': 1, 'U_a': 0, 'mia': 0.6382549371436355}
{'a1': 0.8, 'a4': 0.7000000000000001, 'G_theta': 2, 'G_k': 2, 'U_b': 1, 'U_a': 0, 'mia': 0.6383434859714197}
{'a1': 0.9, 'a4': 0.8, 'G_theta': 3, 'G_k': 2, 'U_b': 1, 'U_a': 0, 'mia': 0.638441232283069}
{'a1': 0.2, 'a4': 0.6, 'G_theta': 3, 'G_k': 2, 'U_b': 1, 'U_a': 0, 'mia': 0.6384555280929971}
{'a1': 0.30000000000000004, 'a4': 0.6, 'G_theta': 2, 'G_k': 2, 'U_b': 1, 'U_a': 0, 'mia': 0.6384555280929971}
{'a1': 0.6, 'a4': 0.6, 'G_theta': 1, 'G_k': 2, 'U_b': 1, 'U_a': 0, 'mia': 0.6384555280929971}
{'a1': 0.5, 'a4': 0.7000000000000001, 'G_theta': 3, 'G_k': 2, 'U_b': 1, 'U_a': 0, 'mia': 0.6386691282973133}
{'a1': 0.4, 'a4': 0.30000000000000004, 'G_theta': 2, 'G_k': 2, 'U_b': 2, 'U_a': 1, 'mia': 0.638677746559614}
{'a1': 0.8, 'a4': 0.30000000000000004, 'G_theta': 1, 'G_k': 2, 'U_b': 2, 'U_a': 1, 'mia': 0.638677746559614}
{'a1': 0.7000000000000001, 'a4': 0.7000000000000001, 'G_theta': 2, 'G_k': 2, 'U_b': 1, 'U_a': 0, 'mia': 0.6390705117581745}
{'a1': 0.8, 'a4': 0.8, 'G_theta': 3, 'G_k': 2, 'U_b': 1, 'U_a': 0, 'mia': 0.6390969217861207}
{'a1': 0.7000000000000001, 'a4': 0.30000000000000004, 'G_theta': 1, 'G_k': 2, 'U_b': 2, 'U_a': 1, 'mia': 0.6395135603296281}
{'a1': 0.5, 'a4': 0.6, 'G_theta': 1, 'G_k': 2, 'U_b': 1, 'U_a': 0, 'mia': 0.6395789770087763}
{'a1': 0.7000000000000001, 'a4': 0.8, 'G_theta': 3, 'G_k': 2, 'U_b': 1, 'U_a': 0, 'mia': 0.6400693441094297}
{'a1': 0.4, 'a4': 0.7000000000000001, 'G_theta': 3, 'G_k': 2, 'U_b': 1, 'U_a': 0, 'mia': 0.6402139546273687}
{'a1': 0.6, 'a4': 0.7000000000000001, 'G_theta': 2, 'G_k': 2, 'U_b': 1, 'U_a': 0, 'mia': 0.6402139546273687}
{'a1': 0.9, 'a4': 0.4, 'G_theta': 3, 'G_k': 2, 'U_b': 2, 'U_a': 1, 'mia': 0.6407150687029464}
{'a1': 0.2, 'a4': 0.30000000000000004, 'G_theta': 3, 'G_k': 2, 'U_b': 2, 'U_a': 1, 'mia': 0.6408290179566469}
{'a1': 0.30000000000000004, 'a4': 0.30000000000000004, 'G_theta': 2, 'G_k': 2, 'U_b': 2, 'U_a': 1, 'mia': 0.6408290179566469}
{'a1': 0.6, 'a4': 0.30000000000000004, 'G_theta': 1, 'G_k': 2, 'U_b': 2, 'U_a': 1, 'mia': 0.6408290179566469}
{'a1': 0.9, 'a4': 0.9, 'G_theta': 3, 'G_k': 2, 'U_b': 1, 'U_a': 0, 'mia': 0.6412362315423058}
{'a1': 0.6, 'a4': 0.8, 'G_theta': 3, 'G_k': 2, 'U_b': 1, 'U_a': 0, 'mia': 0.641598339928688}
{'a1': 0.9, 'a4': 0.8, 'G_theta': 2, 'G_k': 2, 'U_b': 1, 'U_a': 0, 'mia': 0.641598339928688}
{'a1': 0.2, 'a4': 0.6, 'G_theta': 2, 'G_k': 2, 'U_b': 1, 'U_a': 0, 'mia': 0.6417330612826635}
{'a1': 0.4, 'a4': 0.6, 'G_theta': 1, 'G_k': 2, 'U_b': 1, 'U_a': 0, 'mia': 0.6417330612826635}
{'a1': 0.8, 'a4': 0.4, 'G_theta': 3, 'G_k': 2, 'U_b': 2, 'U_a': 1, 'mia': 0.6420026285337765}
{'a1': 0.5, 'a4': 0.7000000000000001, 'G_theta': 2, 'G_k': 2, 'U_b': 1, 'U_a': 0, 'mia': 0.6421651565562561}
{'a1': 0.8, 'a4': 0.9, 'G_theta': 3, 'G_k': 2, 'U_b': 1, 'U_a': 0, 'mia': 0.6426852722982774}
{'a1': 0.5, 'a4': 0.30000000000000004, 'G_theta': 1, 'G_k': 2, 'U_b': 2, 'U_a': 1, 'mia': 0.6430758761097664}
{'a1': 0.8, 'a4': 0.8, 'G_theta': 2, 'G_k': 2, 'U_b': 1, 'U_a': 0, 'mia': 0.64315748953578}
{'a1': 0.1, 'a4': 0.2, 'G_theta': 0.5, 'G_k': 1, 'U_b': 1, 'U_a': 0, 'mia': 0.6433076348262371}
{'a1': 0.30000000000000004, 'a4': 0.7000000000000001, 'G_theta': 3, 'G_k': 2, 'U_b': 1, 'U_a': 0, 'mia': 0.643704677115488}
{'a1': 0.9, 'a4': 0.7000000000000001, 'G_theta': 1, 'G_k': 2, 'U_b': 1, 'U_a': 0, 'mia': 0.643704677115488}
{'a1': 0.7000000000000001, 'a4': 0.4, 'G_theta': 3, 'G_k': 2, 'U_b': 2, 'U_a': 1, 'mia': 0.6439121584632206}
{'a1': 0.5, 'a4': 0.8, 'G_theta': 3, 'G_k': 2, 'U_b': 1, 'U_a': 0, 'mia': 0.6441974357944216}
{'a1': 0.7000000000000001, 'a4': 0.9, 'G_theta': 3, 'G_k': 2, 'U_b': 1, 'U_a': 0, 'mia': 0.6448437241352396}
{'a1': 0.7000000000000001, 'a4': 0.8, 'G_theta': 2, 'G_k': 2, 'U_b': 1, 'U_a': 0, 'mia': 0.6454846993612762}
{'a1': 0.4, 'a4': 0.7000000000000001, 'G_theta': 2, 'G_k': 2, 'U_b': 1, 'U_a': 0, 'mia': 0.6459121026127749}
{'a1': 0.8, 'a4': 0.7000000000000001, 'G_theta': 1, 'G_k': 2, 'U_b': 1, 'U_a': 0, 'mia': 0.6459121026127749}
{'a1': 0.1, 'a4': 0.6, 'G_theta': 3, 'G_k': 2, 'U_b': 1, 'U_a': 0, 'mia': 0.646721259226495}
{'a1': 0.30000000000000004, 'a4': 0.6, 'G_theta': 1, 'G_k': 2, 'U_b': 1, 'U_a': 0, 'mia': 0.646721259226495}
{'a1': 0.6, 'a4': 0.4, 'G_theta': 3, 'G_k': 2, 'U_b': 2, 'U_a': 1, 'mia': 0.6469197408307432}
{'a1': 0.9, 'a4': 0.4, 'G_theta': 2, 'G_k': 2, 'U_b': 2, 'U_a': 1, 'mia': 0.6469197408307432}
{'a1': 0.2, 'a4': 0.30000000000000004, 'G_theta': 2, 'G_k': 2, 'U_b': 2, 'U_a': 1, 'mia': 0.647383752878991}
{'a1': 0.4, 'a4': 0.30000000000000004, 'G_theta': 1, 'G_k': 2, 'U_b': 2, 'U_a': 1, 'mia': 0.647383752878991}
{'a1': 0.6, 'a4': 0.9, 'G_theta': 3, 'G_k': 2, 'U_b': 1, 'U_a': 0, 'mia': 0.6482633004425079}
{'a1': 0.9, 'a4': 0.9, 'G_theta': 2, 'G_k': 2, 'U_b': 1, 'U_a': 0, 'mia': 0.6482633004425079}
{'a1': 0.1, 'a4': 0.1, 'G_theta': 0.5, 'G_k': 1, 'U_b': 2, 'U_a': 1, 'mia': 0.6482773312382546}
{'a1': 0.4, 'a4': 0.8, 'G_theta': 3, 'G_k': 2, 'U_b': 1, 'U_a': 0, 'mia': 0.6491817061787746}
{'a1': 0.6, 'a4': 0.8, 'G_theta': 2, 'G_k': 2, 'U_b': 1, 'U_a': 0, 'mia': 0.6491817061787746}
{'a1': 0.7000000000000001, 'a4': 0.7000000000000001, 'G_theta': 1, 'G_k': 2, 'U_b': 1, 'U_a': 0, 'mia': 0.6492380645563187}
{'a1': 0.8, 'a4': 0.4, 'G_theta': 2, 'G_k': 2, 'U_b': 2, 'U_a': 1, 'mia': 0.6500025877509257}
{'a1': 0.8, 'a4': 0.9, 'G_theta': 2, 'G_k': 2, 'U_b': 1, 'U_a': 0, 'mia': 0.6517905943062108}
{'a1': 0.5, 'a4': 0.4, 'G_theta': 3, 'G_k': 2, 'U_b': 2, 'U_a': 1, 'mia': 0.6520623245499055}
{'a1': 0.9, 'a4': 0.5, 'G_theta': 3, 'G_k': 2, 'U_b': 2, 'U_a': 1, 'mia': 0.6540681436407503}
{'a1': 0.5, 'a4': 0.9, 'G_theta': 3, 'G_k': 2, 'U_b': 1, 'U_a': 0, 'mia': 0.6541585033957982}
{'a1': 0.2, 'a4': 0.7000000000000001, 'G_theta': 3, 'G_k': 2, 'U_b': 1, 'U_a': 0, 'mia': 0.6545888722649614}
{'a1': 0.30000000000000004, 'a4': 0.7000000000000001, 'G_theta': 2, 'G_k': 2, 'U_b': 1, 'U_a': 0, 'mia': 0.6545888722649614}
{'a1': 0.6, 'a4': 0.7000000000000001, 'G_theta': 1, 'G_k': 2, 'U_b': 1, 'U_a': 0, 'mia': 0.6545888722649615}
{'a1': 0.7000000000000001, 'a4': 0.4, 'G_theta': 2, 'G_k': 2, 'U_b': 2, 'U_a': 1, 'mia': 0.6546154566515752}
{'a1': 0.5, 'a4': 0.8, 'G_theta': 2, 'G_k': 2, 'U_b': 1, 'U_a': 0, 'mia': 0.6555797073961807}
{'a1': 0.7000000000000001, 'a4': 0.9, 'G_theta': 2, 'G_k': 2, 'U_b': 1, 'U_a': 0, 'mia': 0.6571051338123999}
{'a1': 0.1, 'a4': 0.30000000000000004, 'G_theta': 3, 'G_k': 2, 'U_b': 2, 'U_a': 1, 'mia': 0.6573594731002582}
{'a1': 0.30000000000000004, 'a4': 0.30000000000000004, 'G_theta': 1, 'G_k': 2, 'U_b': 2, 'U_a': 1, 'mia': 0.6573594731002582}
{'a1': 0.8, 'a4': 0.5, 'G_theta': 3, 'G_k': 2, 'U_b': 2, 'U_a': 1, 'mia': 0.6592248776418268}
{'a1': 0.30000000000000004, 'a4': 0.8, 'G_theta': 3, 'G_k': 2, 'U_b': 1, 'U_a': 0, 'mia': 0.6606972421131434}
{'a1': 0.9, 'a4': 0.8, 'G_theta': 1, 'G_k': 2, 'U_b': 1, 'U_a': 0, 'mia': 0.6606972421131434}
{'a1': 0.4, 'a4': 0.4, 'G_theta': 3, 'G_k': 2, 'U_b': 2, 'U_a': 1, 'mia': 0.6619620003252779}
{'a1': 0.6, 'a4': 0.4, 'G_theta': 2, 'G_k': 2, 'U_b': 2, 'U_a': 1, 'mia': 0.6619620003252779}
{'a1': 0.1, 'a4': 0.30000000000000004, 'G_theta': 0.5, 'G_k': 1, 'U_b': 1, 'U_a': 0, 'mia': 0.662418107382222}
{'a1': 0.1, 'a4': 0.6, 'G_theta': 2, 'G_k': 2, 'U_b': 1, 'U_a': 0, 'mia': 0.6629484567285446}
{'a1': 0.2, 'a4': 0.6, 'G_theta': 1, 'G_k': 2, 'U_b': 1, 'U_a': 0, 'mia': 0.6629484567285446}
{'a1': 0.5, 'a4': 0.7000000000000001, 'G_theta': 1, 'G_k': 2, 'U_b': 1, 'U_a': 0, 'mia': 0.6640081676353122}
{'a1': 0.4, 'a4': 0.9, 'G_theta': 3, 'G_k': 2, 'U_b': 1, 'U_a': 0, 'mia': 0.6656549897058104}
{'a1': 0.6, 'a4': 0.9, 'G_theta': 2, 'G_k': 2, 'U_b': 1, 'U_a': 0, 'mia': 0.6656549897058104}
{'a1': 0.7000000000000001, 'a4': 0.5, 'G_theta': 3, 'G_k': 2, 'U_b': 2, 'U_a': 1, 'mia': 0.6669644915755426}
{'a1': 0.4, 'a4': 0.8, 'G_theta': 2, 'G_k': 2, 'U_b': 1, 'U_a': 0, 'mia': 0.6681295646352232}
{'a1': 0.8, 'a4': 0.8, 'G_theta': 1, 'G_k': 2, 'U_b': 1, 'U_a': 0, 'mia': 0.6681295646352232}
{'a1': 0.5, 'a4': 0.4, 'G_theta': 2, 'G_k': 2, 'U_b': 2, 'U_a': 1, 'mia': 0.6746019843598854}
{'a1': 0.6, 'a4': 0.5, 'G_theta': 3, 'G_k': 2, 'U_b': 2, 'U_a': 1, 'mia': 0.6793510243267715}
{'a1': 0.9, 'a4': 0.5, 'G_theta': 2, 'G_k': 2, 'U_b': 2, 'U_a': 1, 'mia': 0.6793510243267715}
{'a1': 0.7000000000000001, 'a4': 0.8, 'G_theta': 1, 'G_k': 2, 'U_b': 1, 'U_a': 0, 'mia': 0.6795164372436155}
{'a1': 0.9, 'a4': 0.6, 'G_theta': 3, 'G_k': 2, 'U_b': 2, 'U_a': 1, 'mia': 0.6798060568608832}
{'a1': 0.5, 'a4': 0.9, 'G_theta': 2, 'G_k': 2, 'U_b': 1, 'U_a': 0, 'mia': 0.6807182259833718}
{'a1': 0.2, 'a4': 0.7000000000000001, 'G_theta': 2, 'G_k': 2, 'U_b': 1, 'U_a': 0, 'mia': 0.6827780549143334}
{'a1': 0.4, 'a4': 0.7000000000000001, 'G_theta': 1, 'G_k': 2, 'U_b': 1, 'U_a': 0, 'mia': 0.6827780549143334}
{'a1': 0.30000000000000004, 'a4': 0.4, 'G_theta': 3, 'G_k': 2, 'U_b': 2, 'U_a': 1, 'mia': 0.6847123064405036}
{'a1': 0.9, 'a4': 0.4, 'G_theta': 1, 'G_k': 2, 'U_b': 2, 'U_a': 1, 'mia': 0.6847123064405036}
{'a1': 0.1, 'a4': 0.30000000000000004, 'G_theta': 2, 'G_k': 2, 'U_b': 2, 'U_a': 1, 'mia': 0.689813312023142}
{'a1': 0.2, 'a4': 0.30000000000000004, 'G_theta': 1, 'G_k': 2, 'U_b': 2, 'U_a': 1, 'mia': 0.689813312023142}
{'a1': 0.8, 'a4': 0.5, 'G_theta': 2, 'G_k': 2, 'U_b': 2, 'U_a': 1, 'mia': 0.6922685958118167}
{'a1': 0.8, 'a4': 0.6, 'G_theta': 3, 'G_k': 2, 'U_b': 2, 'U_a': 1, 'mia': 0.6928592460692109}
{'a1': 0.30000000000000004, 'a4': 0.9, 'G_theta': 3, 'G_k': 2, 'U_b': 1, 'U_a': 0, 'mia': 0.6929796574969266}
{'a1': 0.9, 'a4': 0.9, 'G_theta': 1, 'G_k': 2, 'U_b': 1, 'U_a': 0, 'mia': 0.6929796574969266}
{'a1': 0.2, 'a4': 0.8, 'G_theta': 3, 'G_k': 2, 'U_b': 1, 'U_a': 0, 'mia': 0.6982556912767022}
{'a1': 0.30000000000000004, 'a4': 0.8, 'G_theta': 2, 'G_k': 2, 'U_b': 1, 'U_a': 0, 'mia': 0.6982556912767022}
{'a1': 0.6, 'a4': 0.8, 'G_theta': 1, 'G_k': 2, 'U_b': 1, 'U_a': 0, 'mia': 0.6982556912767022}
{'a1': 0.4, 'a4': 0.4, 'G_theta': 2, 'G_k': 2, 'U_b': 2, 'U_a': 1, 'mia': 0.6993958352077112}
{'a1': 0.8, 'a4': 0.4, 'G_theta': 1, 'G_k': 2, 'U_b': 2, 'U_a': 1, 'mia': 0.6993958352077112}
{'a1': 0.5, 'a4': 0.5, 'G_theta': 3, 'G_k': 2, 'U_b': 2, 'U_a': 1, 'mia': 0.7010126490920927}
{'a1': 0.4, 'a4': 0.9, 'G_theta': 2, 'G_k': 2, 'U_b': 1, 'U_a': 0, 'mia': 0.7110857804509768}
{'a1': 0.8, 'a4': 0.9, 'G_theta': 1, 'G_k': 2, 'U_b': 1, 'U_a': 0, 'mia': 0.7110857804509768}
{'a1': 0.7000000000000001, 'a4': 0.5, 'G_theta': 2, 'G_k': 2, 'U_b': 2, 'U_a': 1, 'mia': 0.7119688120591905}
{'a1': 0.7000000000000001, 'a4': 0.6, 'G_theta': 3, 'G_k': 2, 'U_b': 2, 'U_a': 1, 'mia': 0.7127661782439294}
{'a1': 0.9, 'a4': 0.7000000000000001, 'G_theta': 3, 'G_k': 2, 'U_b': 2, 'U_a': 1, 'mia': 0.7215998551300633}
{'a1': 0.7000000000000001, 'a4': 0.4, 'G_theta': 1, 'G_k': 2, 'U_b': 2, 'U_a': 1, 'mia': 0.7218922007724254}
{'a1': 0.1, 'a4': 0.4, 'G_theta': 0.5, 'G_k': 1, 'U_b': 1, 'U_a': 0, 'mia': 0.7278906707088767}
{'a1': 0.1, 'a4': 0.7000000000000001, 'G_theta': 3, 'G_k': 2, 'U_b': 1, 'U_a': 0, 'mia': 0.7295300127165866}
{'a1': 0.30000000000000004, 'a4': 0.7000000000000001, 'G_theta': 1, 'G_k': 2, 'U_b': 1, 'U_a': 0, 'mia': 0.7295300127165866}
{'a1': 0.2, 'a4': 0.1, 'G_theta': 0.5, 'G_k': 1, 'U_b': 1, 'U_a': 0, 'mia': 0.7298061946511696}
{'a1': 0.5, 'a4': 0.8, 'G_theta': 1, 'G_k': 2, 'U_b': 1, 'U_a': 0, 'mia': 0.7322686785960137}
{'a1': 0.7000000000000001, 'a4': 0.9, 'G_theta': 1, 'G_k': 2, 'U_b': 1, 'U_a': 0, 'mia': 0.7387572768569796}
{'a1': 0.4, 'a4': 0.5, 'G_theta': 3, 'G_k': 2, 'U_b': 2, 'U_a': 1, 'mia': 0.7441871055054269}
{'a1': 0.6, 'a4': 0.5, 'G_theta': 2, 'G_k': 2, 'U_b': 2, 'U_a': 1, 'mia': 0.7441871055054269}
{'a1': 0.6, 'a4': 0.6, 'G_theta': 3, 'G_k': 2, 'U_b': 2, 'U_a': 1, 'mia': 0.7445245546198225}
{'a1': 0.9, 'a4': 0.6, 'G_theta': 2, 'G_k': 2, 'U_b': 2, 'U_a': 1, 'mia': 0.7445245546198225}
{'a1': 0.8, 'a4': 0.7000000000000001, 'G_theta': 3, 'G_k': 2, 'U_b': 2, 'U_a': 1, 'mia': 0.7479436884113914}
{'a1': 0.2, 'a4': 0.4, 'G_theta': 3, 'G_k': 2, 'U_b': 2, 'U_a': 1, 'mia': 0.7589144330458433}
{'a1': 0.30000000000000004, 'a4': 0.4, 'G_theta': 2, 'G_k': 2, 'U_b': 2, 'U_a': 1, 'mia': 0.7589144330458433}
{'a1': 0.6, 'a4': 0.4, 'G_theta': 1, 'G_k': 2, 'U_b': 2, 'U_a': 1, 'mia': 0.7589144330458434}
{'a1': 0.9, 'a4': 0.8, 'G_theta': 3, 'G_k': 2, 'U_b': 2, 'U_a': 1, 'mia': 0.7773413665469393}
{'a1': 0.8, 'a4': 0.6, 'G_theta': 2, 'G_k': 2, 'U_b': 2, 'U_a': 1, 'mia': 0.7777212156628716}
{'a1': 0.2, 'a4': 0.2, 'G_theta': 0.5, 'G_k': 1, 'U_b': 1, 'U_a': 0, 'mia': 0.7829342475882307}
{'a1': 0.2, 'a4': 0.9, 'G_theta': 3, 'G_k': 2, 'U_b': 1, 'U_a': 0, 'mia': 0.7850551879056888}
{'a1': 0.30000000000000004, 'a4': 0.9, 'G_theta': 2, 'G_k': 2, 'U_b': 1, 'U_a': 0, 'mia': 0.7850551879056888}
{'a1': 0.6, 'a4': 0.9, 'G_theta': 1, 'G_k': 2, 'U_b': 1, 'U_a': 0, 'mia': 0.7850551879056888}
{'a1': 0.7000000000000001, 'a4': 0.7000000000000001, 'G_theta': 3, 'G_k': 2, 'U_b': 2, 'U_a': 1, 'mia': 0.7871646093072657}
{'a1': 0.1, 'a4': 0.6, 'G_theta': 1, 'G_k': 2, 'U_b': 1, 'U_a': 0, 'mia': 0.7896897221407776}
{'a1': 0.5, 'a4': 0.6, 'G_theta': 3, 'G_k': 2, 'U_b': 2, 'U_a': 1, 'mia': 0.8003499217889788}
{'a1': 0.5, 'a4': 0.5, 'G_theta': 2, 'G_k': 2, 'U_b': 2, 'U_a': 1, 'mia': 0.8009841931520064}
{'a1': 0.2, 'a4': 0.8, 'G_theta': 2, 'G_k': 2, 'U_b': 1, 'U_a': 0, 'mia': 0.8026098114928188}
{'a1': 0.4, 'a4': 0.8, 'G_theta': 1, 'G_k': 2, 'U_b': 1, 'U_a': 0, 'mia': 0.8026098114928188}
{'a1': 0.1, 'a4': 0.2, 'G_theta': 0.5, 'G_k': 1, 'U_b': 2, 'U_a': 1, 'mia': 0.8090831429665315}
{'a1': 0.8, 'a4': 0.8, 'G_theta': 3, 'G_k': 2, 'U_b': 2, 'U_a': 1, 'mia': 0.8213281281912327}
{'a1': 0.5, 'a4': 0.4, 'G_theta': 1, 'G_k': 2, 'U_b': 2, 'U_a': 1, 'mia': 0.8263056683350609}
{'a1': 0.7000000000000001, 'a4': 0.6, 'G_theta': 2, 'G_k': 2, 'U_b': 2, 'U_a': 1, 'mia': 0.8288685870015983}
{'a1': 0.2, 'a4': 0.1, 'G_theta': 0.5, 'G_k': 1, 'U_b': 2, 'U_a': 1, 'mia': 0.8289384829491708}
{'a1': 0.30000000000000004, 'a4': 0.5, 'G_theta': 3, 'G_k': 2, 'U_b': 2, 'U_a': 1, 'mia': 0.8474198438519587}
{'a1': 0.9, 'a4': 0.5, 'G_theta': 1, 'G_k': 2, 'U_b': 2, 'U_a': 1, 'mia': 0.8474198438519587}
{'a1': 0.6, 'a4': 0.7000000000000001, 'G_theta': 3, 'G_k': 2, 'U_b': 2, 'U_a': 1, 'mia': 0.8513075992483716}
{'a1': 0.9, 'a4': 0.7000000000000001, 'G_theta': 2, 'G_k': 2, 'U_b': 2, 'U_a': 1, 'mia': 0.8513075992483716}
{'a1': 0.2, 'a4': 0.30000000000000004, 'G_theta': 0.5, 'G_k': 1, 'U_b': 1, 'U_a': 0, 'mia': 0.8619069765153671}
{'a1': 0.9, 'a4': 0.9, 'G_theta': 3, 'G_k': 2, 'U_b': 2, 'U_a': 1, 'mia': 0.8707799754552931}
{'a1': 0.5, 'a4': 0.9, 'G_theta': 1, 'G_k': 2, 'U_b': 1, 'U_a': 0, 'mia': 0.8715174981602367}
{'a1': 0.1, 'a4': 0.5, 'G_theta': 0.5, 'G_k': 1, 'U_b': 1, 'U_a': 0, 'mia': 0.8889889740541775}
{'a1': 0.7000000000000001, 'a4': 0.8, 'G_theta': 3, 'G_k': 2, 'U_b': 2, 'U_a': 1, 'mia': 0.8895825677437388}
{'a1': 0.1, 'a4': 0.7000000000000001, 'G_theta': 2, 'G_k': 2, 'U_b': 1, 'U_a': 0, 'mia': 0.9027668255656516}
{'a1': 0.2, 'a4': 0.7000000000000001, 'G_theta': 1, 'G_k': 2, 'U_b': 1, 'U_a': 0, 'mia': 0.9027668255656516}
{'a1': 0.4, 'a4': 0.6, 'G_theta': 3, 'G_k': 2, 'U_b': 2, 'U_a': 1, 'mia': 0.9136943833401788}
{'a1': 0.6, 'a4': 0.6, 'G_theta': 2, 'G_k': 2, 'U_b': 2, 'U_a': 1, 'mia': 0.9136943833401788}
{'a1': 0.4, 'a4': 0.5, 'G_theta': 2, 'G_k': 2, 'U_b': 2, 'U_a': 1, 'mia': 0.9166340022871102}
{'a1': 0.8, 'a4': 0.5, 'G_theta': 1, 'G_k': 2, 'U_b': 2, 'U_a': 1, 'mia': 0.9166340022871102}
{'a1': 0.8, 'a4': 0.7000000000000001, 'G_theta': 2, 'G_k': 2, 'U_b': 2, 'U_a': 1, 'mia': 0.9198015065787595}
{'a1': 0.30000000000000004, 'a4': 0.1, 'G_theta': 0.5, 'G_k': 1, 'U_b': 1, 'U_a': 0, 'mia': 0.935867804046915}
{'a1': 0.1, 'a4': 0.30000000000000004, 'G_theta': 1, 'G_k': 2, 'U_b': 2, 'U_a': 1, 'mia': 0.9432931974070108}
{'a1': 0.8, 'a4': 0.9, 'G_theta': 3, 'G_k': 2, 'U_b': 2, 'U_a': 1, 'mia': 0.9438632856321886}
{'a1': 0.2, 'a4': 0.4, 'G_theta': 2, 'G_k': 2, 'U_b': 2, 'U_a': 1, 'mia': 0.966412300348172}
{'a1': 0.4, 'a4': 0.4, 'G_theta': 1, 'G_k': 2, 'U_b': 2, 'U_a': 1, 'mia': 0.966412300348172}
{'a1': 0.5, 'a4': 0.7000000000000001, 'G_theta': 3, 'G_k': 2, 'U_b': 2, 'U_a': 1, 'mia': 0.9670121569581267}
{'a1': 0.2, 'a4': 0.4, 'G_theta': 0.5, 'G_k': 1, 'U_b': 1, 'U_a': 0, 'mia': 0.9811192949376519}
{'a1': 0.1, 'a4': 0.8, 'G_theta': 3, 'G_k': 2, 'U_b': 1, 'U_a': 0, 'mia': 0.991349937130994}
{'a1': 0.30000000000000004, 'a4': 0.8, 'G_theta': 1, 'G_k': 2, 'U_b': 1, 'U_a': 0, 'mia': 0.991349937130994}
{'a1': 0.1, 'a4': 0.1, 'G_theta': 5, 'G_k': 1, 'U_b': 1, 'U_a': 0, 'mia': 1.0}
{'a1': 0.1, 'a4': 0.1, 'G_theta': 5, 'G_k': 1, 'U_b': 2, 'U_a': 1, 'mia': 1.0}
{'a1': 0.1, 'a4': 0.2, 'G_theta': 5, 'G_k': 1, 'U_b': 1, 'U_a': 0, 'mia': 1.0}
{'a1': 0.1, 'a4': 0.2, 'G_theta': 5, 'G_k': 1, 'U_b': 2, 'U_a': 1, 'mia': 1.0}
{'a1': 0.1, 'a4': 0.30000000000000004, 'G_theta': 5, 'G_k': 1, 'U_b': 1, 'U_a': 0, 'mia': 1.0}
{'a1': 0.1, 'a4': 0.30000000000000004, 'G_theta': 5, 'G_k': 1, 'U_b': 2, 'U_a': 1, 'mia': 1.0}
{'a1': 0.1, 'a4': 0.30000000000000004, 'G_theta': 0.5, 'G_k': 1, 'U_b': 2, 'U_a': 1, 'mia': 1.0}
{'a1': 0.1, 'a4': 0.4, 'G_theta': 1, 'G_k': 2, 'U_b': 2, 'U_a': 1, 'mia': 1.0}
{'a1': 0.1, 'a4': 0.4, 'G_theta': 2, 'G_k': 2, 'U_b': 2, 'U_a': 1, 'mia': 1.0}
{'a1': 0.1, 'a4': 0.4, 'G_theta': 3, 'G_k': 2, 'U_b': 2, 'U_a': 1, 'mia': 1.0}
{'a1': 0.1, 'a4': 0.4, 'G_theta': 5, 'G_k': 1, 'U_b': 1, 'U_a': 0, 'mia': 1.0}
{'a1': 0.1, 'a4': 0.4, 'G_theta': 5, 'G_k': 1, 'U_b': 2, 'U_a': 1, 'mia': 1.0}
{'a1': 0.1, 'a4': 0.4, 'G_theta': 0.5, 'G_k': 1, 'U_b': 2, 'U_a': 1, 'mia': 1.0}
{'a1': 0.1, 'a4': 0.5, 'G_theta': 1, 'G_k': 2, 'U_b': 2, 'U_a': 1, 'mia': 1.0}
{'a1': 0.1, 'a4': 0.5, 'G_theta': 2, 'G_k': 2, 'U_b': 2, 'U_a': 1, 'mia': 1.0}
{'a1': 0.1, 'a4': 0.5, 'G_theta': 3, 'G_k': 2, 'U_b': 2, 'U_a': 1, 'mia': 1.0}
{'a1': 0.1, 'a4': 0.5, 'G_theta': 5, 'G_k': 1, 'U_b': 1, 'U_a': 0, 'mia': 1.0}
{'a1': 0.1, 'a4': 0.5, 'G_theta': 5, 'G_k': 1, 'U_b': 2, 'U_a': 1, 'mia': 1.0}
{'a1': 0.1, 'a4': 0.5, 'G_theta': 0.5, 'G_k': 1, 'U_b': 2, 'U_a': 1, 'mia': 1.0}
{'a1': 0.1, 'a4': 0.6, 'G_theta': 1, 'G_k': 2, 'U_b': 2, 'U_a': 1, 'mia': 1.0}
{'a1': 0.1, 'a4': 0.6, 'G_theta': 2, 'G_k': 2, 'U_b': 2, 'U_a': 1, 'mia': 1.0}
{'a1': 0.1, 'a4': 0.6, 'G_theta': 3, 'G_k': 2, 'U_b': 2, 'U_a': 1, 'mia': 1.0}
{'a1': 0.1, 'a4': 0.6, 'G_theta': 5, 'G_k': 1, 'U_b': 1, 'U_a': 0, 'mia': 1.0}
{'a1': 0.1, 'a4': 0.6, 'G_theta': 5, 'G_k': 1, 'U_b': 2, 'U_a': 1, 'mia': 1.0}
{'a1': 0.1, 'a4': 0.6, 'G_theta': 0.5, 'G_k': 1, 'U_b': 1, 'U_a': 0, 'mia': 1.0}
{'a1': 0.1, 'a4': 0.6, 'G_theta': 0.5, 'G_k': 1, 'U_b': 2, 'U_a': 1, 'mia': 1.0}
{'a1': 0.1, 'a4': 0.7000000000000001, 'G_theta': 1, 'G_k': 2, 'U_b': 1, 'U_a': 0, 'mia': 1.0}
{'a1': 0.1, 'a4': 0.7000000000000001, 'G_theta': 1, 'G_k': 2, 'U_b': 2, 'U_a': 1, 'mia': 1.0}
{'a1': 0.1, 'a4': 0.7000000000000001, 'G_theta': 2, 'G_k': 2, 'U_b': 2, 'U_a': 1, 'mia': 1.0}
{'a1': 0.1, 'a4': 0.7000000000000001, 'G_theta': 3, 'G_k': 2, 'U_b': 2, 'U_a': 1, 'mia': 1.0}
{'a1': 0.1, 'a4': 0.7000000000000001, 'G_theta': 5, 'G_k': 1, 'U_b': 1, 'U_a': 0, 'mia': 1.0}
{'a1': 0.1, 'a4': 0.7000000000000001, 'G_theta': 5, 'G_k': 1, 'U_b': 2, 'U_a': 1, 'mia': 1.0}
{'a1': 0.1, 'a4': 0.7000000000000001, 'G_theta': 0.5, 'G_k': 1, 'U_b': 1, 'U_a': 0, 'mia': 1.0}
{'a1': 0.1, 'a4': 0.7000000000000001, 'G_theta': 0.5, 'G_k': 1, 'U_b': 2, 'U_a': 1, 'mia': 1.0}
{'a1': 0.1, 'a4': 0.8, 'G_theta': 1, 'G_k': 2, 'U_b': 1, 'U_a': 0, 'mia': 1.0}
{'a1': 0.1, 'a4': 0.8, 'G_theta': 1, 'G_k': 2, 'U_b': 2, 'U_a': 1, 'mia': 1.0}
{'a1': 0.1, 'a4': 0.8, 'G_theta': 2, 'G_k': 2, 'U_b': 1, 'U_a': 0, 'mia': 1.0}
{'a1': 0.1, 'a4': 0.8, 'G_theta': 2, 'G_k': 2, 'U_b': 2, 'U_a': 1, 'mia': 1.0}
{'a1': 0.1, 'a4': 0.8, 'G_theta': 3, 'G_k': 2, 'U_b': 2, 'U_a': 1, 'mia': 1.0}
{'a1': 0.1, 'a4': 0.8, 'G_theta': 5, 'G_k': 1, 'U_b': 1, 'U_a': 0, 'mia': 1.0}
{'a1': 0.1, 'a4': 0.8, 'G_theta': 5, 'G_k': 1, 'U_b': 2, 'U_a': 1, 'mia': 1.0}
{'a1': 0.1, 'a4': 0.8, 'G_theta': 0.5, 'G_k': 1, 'U_b': 1, 'U_a': 0, 'mia': 1.0}
{'a1': 0.1, 'a4': 0.8, 'G_theta': 0.5, 'G_k': 1, 'U_b': 2, 'U_a': 1, 'mia': 1.0}
{'a1': 0.1, 'a4': 0.9, 'G_theta': 1, 'G_k': 2, 'U_b': 1, 'U_a': 0, 'mia': 1.0}
{'a1': 0.1, 'a4': 0.9, 'G_theta': 1, 'G_k': 2, 'U_b': 2, 'U_a': 1, 'mia': 1.0}
{'a1': 0.1, 'a4': 0.9, 'G_theta': 2, 'G_k': 2, 'U_b': 1, 'U_a': 0, 'mia': 1.0}
{'a1': 0.1, 'a4': 0.9, 'G_theta': 2, 'G_k': 2, 'U_b': 2, 'U_a': 1, 'mia': 1.0}
{'a1': 0.1, 'a4': 0.9, 'G_theta': 3, 'G_k': 2, 'U_b': 1, 'U_a': 0, 'mia': 1.0}
{'a1': 0.1, 'a4': 0.9, 'G_theta': 3, 'G_k': 2, 'U_b': 2, 'U_a': 1, 'mia': 1.0}
{'a1': 0.1, 'a4': 0.9, 'G_theta': 5, 'G_k': 1, 'U_b': 1, 'U_a': 0, 'mia': 1.0}
{'a1': 0.1, 'a4': 0.9, 'G_theta': 5, 'G_k': 1, 'U_b': 2, 'U_a': 1, 'mia': 1.0}
{'a1': 0.1, 'a4': 0.9, 'G_theta': 0.5, 'G_k': 1, 'U_b': 1, 'U_a': 0, 'mia': 1.0}
{'a1': 0.1, 'a4': 0.9, 'G_theta': 0.5, 'G_k': 1, 'U_b': 2, 'U_a': 1, 'mia': 1.0}
{'a1': 0.2, 'a4': 0.2, 'G_theta': 0.5, 'G_k': 1, 'U_b': 2, 'U_a': 1, 'mia': 1.0}
{'a1': 0.2, 'a4': 0.30000000000000004, 'G_theta': 0.5, 'G_k': 1, 'U_b': 2, 'U_a': 1, 'mia': 1.0}
{'a1': 0.2, 'a4': 0.4, 'G_theta': 1, 'G_k': 2, 'U_b': 2, 'U_a': 1, 'mia': 1.0}
{'a1': 0.2, 'a4': 0.4, 'G_theta': 0.5, 'G_k': 1, 'U_b': 2, 'U_a': 1, 'mia': 1.0}
{'a1': 0.2, 'a4': 0.5, 'G_theta': 1, 'G_k': 2, 'U_b': 2, 'U_a': 1, 'mia': 1.0}
{'a1': 0.2, 'a4': 0.5, 'G_theta': 2, 'G_k': 2, 'U_b': 2, 'U_a': 1, 'mia': 1.0}
{'a1': 0.2, 'a4': 0.5, 'G_theta': 3, 'G_k': 2, 'U_b': 2, 'U_a': 1, 'mia': 1.0}
{'a1': 0.2, 'a4': 0.5, 'G_theta': 0.5, 'G_k': 1, 'U_b': 1, 'U_a': 0, 'mia': 1.0}
{'a1': 0.2, 'a4': 0.5, 'G_theta': 0.5, 'G_k': 1, 'U_b': 2, 'U_a': 1, 'mia': 1.0}
{'a1': 0.2, 'a4': 0.6, 'G_theta': 1, 'G_k': 2, 'U_b': 2, 'U_a': 1, 'mia': 1.0}
{'a1': 0.2, 'a4': 0.6, 'G_theta': 2, 'G_k': 2, 'U_b': 2, 'U_a': 1, 'mia': 1.0}
{'a1': 0.2, 'a4': 0.6, 'G_theta': 3, 'G_k': 2, 'U_b': 2, 'U_a': 1, 'mia': 1.0}
{'a1': 0.2, 'a4': 0.6, 'G_theta': 0.5, 'G_k': 1, 'U_b': 1, 'U_a': 0, 'mia': 1.0}
{'a1': 0.2, 'a4': 0.6, 'G_theta': 0.5, 'G_k': 1, 'U_b': 2, 'U_a': 1, 'mia': 1.0}
{'a1': 0.2, 'a4': 0.7000000000000001, 'G_theta': 1, 'G_k': 2, 'U_b': 2, 'U_a': 1, 'mia': 1.0}
{'a1': 0.2, 'a4': 0.7000000000000001, 'G_theta': 2, 'G_k': 2, 'U_b': 2, 'U_a': 1, 'mia': 1.0}
{'a1': 0.2, 'a4': 0.7000000000000001, 'G_theta': 3, 'G_k': 2, 'U_b': 2, 'U_a': 1, 'mia': 1.0}
{'a1': 0.2, 'a4': 0.7000000000000001, 'G_theta': 0.5, 'G_k': 1, 'U_b': 1, 'U_a': 0, 'mia': 1.0}
{'a1': 0.2, 'a4': 0.7000000000000001, 'G_theta': 0.5, 'G_k': 1, 'U_b': 2, 'U_a': 1, 'mia': 1.0}
{'a1': 0.2, 'a4': 0.8, 'G_theta': 1, 'G_k': 2, 'U_b': 1, 'U_a': 0, 'mia': 1.0}
{'a1': 0.2, 'a4': 0.8, 'G_theta': 1, 'G_k': 2, 'U_b': 2, 'U_a': 1, 'mia': 1.0}
{'a1': 0.2, 'a4': 0.8, 'G_theta': 2, 'G_k': 2, 'U_b': 2, 'U_a': 1, 'mia': 1.0}
{'a1': 0.2, 'a4': 0.8, 'G_theta': 3, 'G_k': 2, 'U_b': 2, 'U_a': 1, 'mia': 1.0}
{'a1': 0.2, 'a4': 0.8, 'G_theta': 0.5, 'G_k': 1, 'U_b': 1, 'U_a': 0, 'mia': 1.0}
{'a1': 0.2, 'a4': 0.8, 'G_theta': 0.5, 'G_k': 1, 'U_b': 2, 'U_a': 1, 'mia': 1.0}
{'a1': 0.2, 'a4': 0.9, 'G_theta': 1, 'G_k': 2, 'U_b': 1, 'U_a': 0, 'mia': 1.0}
{'a1': 0.2, 'a4': 0.9, 'G_theta': 1, 'G_k': 2, 'U_b': 2, 'U_a': 1, 'mia': 1.0}
{'a1': 0.2, 'a4': 0.9, 'G_theta': 2, 'G_k': 2, 'U_b': 1, 'U_a': 0, 'mia': 1.0}
{'a1': 0.2, 'a4': 0.9, 'G_theta': 2, 'G_k': 2, 'U_b': 2, 'U_a': 1, 'mia': 1.0}
{'a1': 0.2, 'a4': 0.9, 'G_theta': 3, 'G_k': 2, 'U_b': 2, 'U_a': 1, 'mia': 1.0}
{'a1': 0.2, 'a4': 0.9, 'G_theta': 0.5, 'G_k': 1, 'U_b': 1, 'U_a': 0, 'mia': 1.0}
{'a1': 0.2, 'a4': 0.9, 'G_theta': 0.5, 'G_k': 1, 'U_b': 2, 'U_a': 1, 'mia': 1.0}
{'a1': 0.30000000000000004, 'a4': 0.1, 'G_theta': 0.5, 'G_k': 1, 'U_b': 2, 'U_a': 1, 'mia': 1.0}
{'a1': 0.30000000000000004, 'a4': 0.2, 'G_theta': 0.5, 'G_k': 1, 'U_b': 1, 'U_a': 0, 'mia': 1.0}
{'a1': 0.30000000000000004, 'a4': 0.2, 'G_theta': 0.5, 'G_k': 1, 'U_b': 2, 'U_a': 1, 'mia': 1.0}
{'a1': 0.30000000000000004, 'a4': 0.30000000000000004, 'G_theta': 0.5, 'G_k': 1, 'U_b': 1, 'U_a': 0, 'mia': 1.0}
{'a1': 0.30000000000000004, 'a4': 0.30000000000000004, 'G_theta': 0.5, 'G_k': 1, 'U_b': 2, 'U_a': 1, 'mia': 1.0}
{'a1': 0.30000000000000004, 'a4': 0.4, 'G_theta': 1, 'G_k': 2, 'U_b': 2, 'U_a': 1, 'mia': 1.0}
{'a1': 0.30000000000000004, 'a4': 0.4, 'G_theta': 0.5, 'G_k': 1, 'U_b': 1, 'U_a': 0, 'mia': 1.0}
{'a1': 0.30000000000000004, 'a4': 0.4, 'G_theta': 0.5, 'G_k': 1, 'U_b': 2, 'U_a': 1, 'mia': 1.0}
{'a1': 0.30000000000000004, 'a4': 0.5, 'G_theta': 1, 'G_k': 2, 'U_b': 2, 'U_a': 1, 'mia': 1.0}
{'a1': 0.30000000000000004, 'a4': 0.5, 'G_theta': 2, 'G_k': 2, 'U_b': 2, 'U_a': 1, 'mia': 1.0}
{'a1': 0.30000000000000004, 'a4': 0.5, 'G_theta': 0.5, 'G_k': 1, 'U_b': 1, 'U_a': 0, 'mia': 1.0}
{'a1': 0.30000000000000004, 'a4': 0.5, 'G_theta': 0.5, 'G_k': 1, 'U_b': 2, 'U_a': 1, 'mia': 1.0}
{'a1': 0.30000000000000004, 'a4': 0.6, 'G_theta': 1, 'G_k': 2, 'U_b': 2, 'U_a': 1, 'mia': 1.0}
{'a1': 0.30000000000000004, 'a4': 0.6, 'G_theta': 2, 'G_k': 2, 'U_b': 2, 'U_a': 1, 'mia': 1.0}
{'a1': 0.30000000000000004, 'a4': 0.6, 'G_theta': 3, 'G_k': 2, 'U_b': 2, 'U_a': 1, 'mia': 1.0}
{'a1': 0.30000000000000004, 'a4': 0.6, 'G_theta': 0.5, 'G_k': 1, 'U_b': 1, 'U_a': 0, 'mia': 1.0}
{'a1': 0.30000000000000004, 'a4': 0.6, 'G_theta': 0.5, 'G_k': 1, 'U_b': 2, 'U_a': 1, 'mia': 1.0}
{'a1': 0.30000000000000004, 'a4': 0.7000000000000001, 'G_theta': 1, 'G_k': 2, 'U_b': 2, 'U_a': 1, 'mia': 1.0}
{'a1': 0.30000000000000004, 'a4': 0.7000000000000001, 'G_theta': 2, 'G_k': 2, 'U_b': 2, 'U_a': 1, 'mia': 1.0}
{'a1': 0.30000000000000004, 'a4': 0.7000000000000001, 'G_theta': 3, 'G_k': 2, 'U_b': 2, 'U_a': 1, 'mia': 1.0}
{'a1': 0.30000000000000004, 'a4': 0.7000000000000001, 'G_theta': 0.5, 'G_k': 1, 'U_b': 1, 'U_a': 0, 'mia': 1.0}
{'a1': 0.30000000000000004, 'a4': 0.7000000000000001, 'G_theta': 0.5, 'G_k': 1, 'U_b': 2, 'U_a': 1, 'mia': 1.0}
{'a1': 0.30000000000000004, 'a4': 0.8, 'G_theta': 1, 'G_k': 2, 'U_b': 2, 'U_a': 1, 'mia': 1.0}
{'a1': 0.30000000000000004, 'a4': 0.8, 'G_theta': 2, 'G_k': 2, 'U_b': 2, 'U_a': 1, 'mia': 1.0}
{'a1': 0.30000000000000004, 'a4': 0.8, 'G_theta': 3, 'G_k': 2, 'U_b': 2, 'U_a': 1, 'mia': 1.0}
{'a1': 0.30000000000000004, 'a4': 0.8, 'G_theta': 0.5, 'G_k': 1, 'U_b': 1, 'U_a': 0, 'mia': 1.0}
{'a1': 0.30000000000000004, 'a4': 0.8, 'G_theta': 0.5, 'G_k': 1, 'U_b': 2, 'U_a': 1, 'mia': 1.0}
{'a1': 0.30000000000000004, 'a4': 0.9, 'G_theta': 1, 'G_k': 2, 'U_b': 1, 'U_a': 0, 'mia': 1.0}
{'a1': 0.30000000000000004, 'a4': 0.9, 'G_theta': 1, 'G_k': 2, 'U_b': 2, 'U_a': 1, 'mia': 1.0}
{'a1': 0.30000000000000004, 'a4': 0.9, 'G_theta': 2, 'G_k': 2, 'U_b': 2, 'U_a': 1, 'mia': 1.0}
{'a1': 0.30000000000000004, 'a4': 0.9, 'G_theta': 3, 'G_k': 2, 'U_b': 2, 'U_a': 1, 'mia': 1.0}
{'a1': 0.30000000000000004, 'a4': 0.9, 'G_theta': 0.5, 'G_k': 1, 'U_b': 1, 'U_a': 0, 'mia': 1.0}
{'a1': 0.30000000000000004, 'a4': 0.9, 'G_theta': 0.5, 'G_k': 1, 'U_b': 2, 'U_a': 1, 'mia': 1.0}
{'a1': 0.4, 'a4': 0.1, 'G_theta': 0.5, 'G_k': 1, 'U_b': 1, 'U_a': 0, 'mia': 1.0}
{'a1': 0.4, 'a4': 0.1, 'G_theta': 0.5, 'G_k': 1, 'U_b': 2, 'U_a': 1, 'mia': 1.0}
{'a1': 0.4, 'a4': 0.2, 'G_theta': 0.5, 'G_k': 1, 'U_b': 1, 'U_a': 0, 'mia': 1.0}
{'a1': 0.4, 'a4': 0.2, 'G_theta': 0.5, 'G_k': 1, 'U_b': 2, 'U_a': 1, 'mia': 1.0}
{'a1': 0.4, 'a4': 0.30000000000000004, 'G_theta': 0.5, 'G_k': 1, 'U_b': 1, 'U_a': 0, 'mia': 1.0}
{'a1': 0.4, 'a4': 0.30000000000000004, 'G_theta': 0.5, 'G_k': 1, 'U_b': 2, 'U_a': 1, 'mia': 1.0}
{'a1': 0.4, 'a4': 0.4, 'G_theta': 0.5, 'G_k': 1, 'U_b': 1, 'U_a': 0, 'mia': 1.0}
{'a1': 0.4, 'a4': 0.4, 'G_theta': 0.5, 'G_k': 1, 'U_b': 2, 'U_a': 1, 'mia': 1.0}
{'a1': 0.4, 'a4': 0.5, 'G_theta': 1, 'G_k': 2, 'U_b': 2, 'U_a': 1, 'mia': 1.0}
{'a1': 0.4, 'a4': 0.5, 'G_theta': 0.5, 'G_k': 1, 'U_b': 1, 'U_a': 0, 'mia': 1.0}
{'a1': 0.4, 'a4': 0.5, 'G_theta': 0.5, 'G_k': 1, 'U_b': 2, 'U_a': 1, 'mia': 1.0}
{'a1': 0.4, 'a4': 0.6, 'G_theta': 1, 'G_k': 2, 'U_b': 2, 'U_a': 1, 'mia': 1.0}
{'a1': 0.4, 'a4': 0.6, 'G_theta': 2, 'G_k': 2, 'U_b': 2, 'U_a': 1, 'mia': 1.0}
{'a1': 0.4, 'a4': 0.6, 'G_theta': 0.5, 'G_k': 1, 'U_b': 1, 'U_a': 0, 'mia': 1.0}
{'a1': 0.4, 'a4': 0.6, 'G_theta': 0.5, 'G_k': 1, 'U_b': 2, 'U_a': 1, 'mia': 1.0}
{'a1': 0.4, 'a4': 0.7000000000000001, 'G_theta': 1, 'G_k': 2, 'U_b': 2, 'U_a': 1, 'mia': 1.0}
{'a1': 0.4, 'a4': 0.7000000000000001, 'G_theta': 2, 'G_k': 2, 'U_b': 2, 'U_a': 1, 'mia': 1.0}
{'a1': 0.4, 'a4': 0.7000000000000001, 'G_theta': 3, 'G_k': 2, 'U_b': 2, 'U_a': 1, 'mia': 1.0}
{'a1': 0.4, 'a4': 0.7000000000000001, 'G_theta': 0.5, 'G_k': 1, 'U_b': 1, 'U_a': 0, 'mia': 1.0}
{'a1': 0.4, 'a4': 0.7000000000000001, 'G_theta': 0.5, 'G_k': 1, 'U_b': 2, 'U_a': 1, 'mia': 1.0}
{'a1': 0.4, 'a4': 0.8, 'G_theta': 1, 'G_k': 2, 'U_b': 2, 'U_a': 1, 'mia': 1.0}
{'a1': 0.4, 'a4': 0.8, 'G_theta': 2, 'G_k': 2, 'U_b': 2, 'U_a': 1, 'mia': 1.0}
{'a1': 0.4, 'a4': 0.8, 'G_theta': 3, 'G_k': 2, 'U_b': 2, 'U_a': 1, 'mia': 1.0}
{'a1': 0.4, 'a4': 0.8, 'G_theta': 0.5, 'G_k': 1, 'U_b': 1, 'U_a': 0, 'mia': 1.0}
{'a1': 0.4, 'a4': 0.8, 'G_theta': 0.5, 'G_k': 1, 'U_b': 2, 'U_a': 1, 'mia': 1.0}
{'a1': 0.4, 'a4': 0.9, 'G_theta': 1, 'G_k': 2, 'U_b': 1, 'U_a': 0, 'mia': 1.0}
{'a1': 0.4, 'a4': 0.9, 'G_theta': 1, 'G_k': 2, 'U_b': 2, 'U_a': 1, 'mia': 1.0}
{'a1': 0.4, 'a4': 0.9, 'G_theta': 2, 'G_k': 2, 'U_b': 2, 'U_a': 1, 'mia': 1.0}
{'a1': 0.4, 'a4': 0.9, 'G_theta': 3, 'G_k': 2, 'U_b': 2, 'U_a': 1, 'mia': 1.0}
{'a1': 0.4, 'a4': 0.9, 'G_theta': 0.5, 'G_k': 1, 'U_b': 1, 'U_a': 0, 'mia': 1.0}
{'a1': 0.4, 'a4': 0.9, 'G_theta': 0.5, 'G_k': 1, 'U_b': 2, 'U_a': 1, 'mia': 1.0}
{'a1': 0.5, 'a4': 0.1, 'G_theta': 0.5, 'G_k': 1, 'U_b': 1, 'U_a': 0, 'mia': 1.0}
{'a1': 0.5, 'a4': 0.1, 'G_theta': 0.5, 'G_k': 1, 'U_b': 2, 'U_a': 1, 'mia': 1.0}
{'a1': 0.5, 'a4': 0.2, 'G_theta': 0.5, 'G_k': 1, 'U_b': 1, 'U_a': 0, 'mia': 1.0}
{'a1': 0.5, 'a4': 0.2, 'G_theta': 0.5, 'G_k': 1, 'U_b': 2, 'U_a': 1, 'mia': 1.0}
{'a1': 0.5, 'a4': 0.30000000000000004, 'G_theta': 0.5, 'G_k': 1, 'U_b': 1, 'U_a': 0, 'mia': 1.0}
{'a1': 0.5, 'a4': 0.30000000000000004, 'G_theta': 0.5, 'G_k': 1, 'U_b': 2, 'U_a': 1, 'mia': 1.0}
{'a1': 0.5, 'a4': 0.4, 'G_theta': 0.5, 'G_k': 1, 'U_b': 1, 'U_a': 0, 'mia': 1.0}
{'a1': 0.5, 'a4': 0.4, 'G_theta': 0.5, 'G_k': 1, 'U_b': 2, 'U_a': 1, 'mia': 1.0}
{'a1': 0.5, 'a4': 0.5, 'G_theta': 1, 'G_k': 2, 'U_b': 2, 'U_a': 1, 'mia': 1.0}
{'a1': 0.5, 'a4': 0.5, 'G_theta': 0.5, 'G_k': 1, 'U_b': 1, 'U_a': 0, 'mia': 1.0}
{'a1': 0.5, 'a4': 0.5, 'G_theta': 0.5, 'G_k': 1, 'U_b': 2, 'U_a': 1, 'mia': 1.0}
{'a1': 0.5, 'a4': 0.6, 'G_theta': 1, 'G_k': 2, 'U_b': 2, 'U_a': 1, 'mia': 1.0}
{'a1': 0.5, 'a4': 0.6, 'G_theta': 2, 'G_k': 2, 'U_b': 2, 'U_a': 1, 'mia': 1.0}
{'a1': 0.5, 'a4': 0.6, 'G_theta': 0.5, 'G_k': 1, 'U_b': 1, 'U_a': 0, 'mia': 1.0}
{'a1': 0.5, 'a4': 0.6, 'G_theta': 0.5, 'G_k': 1, 'U_b': 2, 'U_a': 1, 'mia': 1.0}
{'a1': 0.5, 'a4': 0.7000000000000001, 'G_theta': 1, 'G_k': 2, 'U_b': 2, 'U_a': 1, 'mia': 1.0}
{'a1': 0.5, 'a4': 0.7000000000000001, 'G_theta': 2, 'G_k': 2, 'U_b': 2, 'U_a': 1, 'mia': 1.0}
{'a1': 0.5, 'a4': 0.7000000000000001, 'G_theta': 0.5, 'G_k': 1, 'U_b': 1, 'U_a': 0, 'mia': 1.0}
{'a1': 0.5, 'a4': 0.7000000000000001, 'G_theta': 0.5, 'G_k': 1, 'U_b': 2, 'U_a': 1, 'mia': 1.0}
{'a1': 0.5, 'a4': 0.8, 'G_theta': 1, 'G_k': 2, 'U_b': 2, 'U_a': 1, 'mia': 1.0}
{'a1': 0.5, 'a4': 0.8, 'G_theta': 2, 'G_k': 2, 'U_b': 2, 'U_a': 1, 'mia': 1.0}
{'a1': 0.5, 'a4': 0.8, 'G_theta': 3, 'G_k': 2, 'U_b': 2, 'U_a': 1, 'mia': 1.0}
{'a1': 0.5, 'a4': 0.8, 'G_theta': 0.5, 'G_k': 1, 'U_b': 1, 'U_a': 0, 'mia': 1.0}
{'a1': 0.5, 'a4': 0.8, 'G_theta': 0.5, 'G_k': 1, 'U_b': 2, 'U_a': 1, 'mia': 1.0}
{'a1': 0.5, 'a4': 0.9, 'G_theta': 1, 'G_k': 2, 'U_b': 2, 'U_a': 1, 'mia': 1.0}
{'a1': 0.5, 'a4': 0.9, 'G_theta': 2, 'G_k': 2, 'U_b': 2, 'U_a': 1, 'mia': 1.0}
{'a1': 0.5, 'a4': 0.9, 'G_theta': 3, 'G_k': 2, 'U_b': 2, 'U_a': 1, 'mia': 1.0}
{'a1': 0.5, 'a4': 0.9, 'G_theta': 0.5, 'G_k': 1, 'U_b': 1, 'U_a': 0, 'mia': 1.0}
{'a1': 0.5, 'a4': 0.9, 'G_theta': 0.5, 'G_k': 1, 'U_b': 2, 'U_a': 1, 'mia': 1.0}
{'a1': 0.6, 'a4': 0.1, 'G_theta': 0.5, 'G_k': 1, 'U_b': 1, 'U_a': 0, 'mia': 1.0}
{'a1': 0.6, 'a4': 0.1, 'G_theta': 0.5, 'G_k': 1, 'U_b': 2, 'U_a': 1, 'mia': 1.0}
{'a1': 0.6, 'a4': 0.2, 'G_theta': 0.5, 'G_k': 1, 'U_b': 1, 'U_a': 0, 'mia': 1.0}
{'a1': 0.6, 'a4': 0.2, 'G_theta': 0.5, 'G_k': 1, 'U_b': 2, 'U_a': 1, 'mia': 1.0}
{'a1': 0.6, 'a4': 0.30000000000000004, 'G_theta': 0.5, 'G_k': 1, 'U_b': 1, 'U_a': 0, 'mia': 1.0}
{'a1': 0.6, 'a4': 0.30000000000000004, 'G_theta': 0.5, 'G_k': 1, 'U_b': 2, 'U_a': 1, 'mia': 1.0}
{'a1': 0.6, 'a4': 0.4, 'G_theta': 0.5, 'G_k': 1, 'U_b': 1, 'U_a': 0, 'mia': 1.0}
{'a1': 0.6, 'a4': 0.4, 'G_theta': 0.5, 'G_k': 1, 'U_b': 2, 'U_a': 1, 'mia': 1.0}
{'a1': 0.6, 'a4': 0.5, 'G_theta': 1, 'G_k': 2, 'U_b': 2, 'U_a': 1, 'mia': 1.0}
{'a1': 0.6, 'a4': 0.5, 'G_theta': 0.5, 'G_k': 1, 'U_b': 1, 'U_a': 0, 'mia': 1.0}
{'a1': 0.6, 'a4': 0.5, 'G_theta': 0.5, 'G_k': 1, 'U_b': 2, 'U_a': 1, 'mia': 1.0}
{'a1': 0.6, 'a4': 0.6, 'G_theta': 1, 'G_k': 2, 'U_b': 2, 'U_a': 1, 'mia': 1.0}
{'a1': 0.6, 'a4': 0.6, 'G_theta': 0.5, 'G_k': 1, 'U_b': 1, 'U_a': 0, 'mia': 1.0}
{'a1': 0.6, 'a4': 0.6, 'G_theta': 0.5, 'G_k': 1, 'U_b': 2, 'U_a': 1, 'mia': 1.0}
{'a1': 0.6, 'a4': 0.7000000000000001, 'G_theta': 1, 'G_k': 2, 'U_b': 2, 'U_a': 1, 'mia': 1.0}
{'a1': 0.6, 'a4': 0.7000000000000001, 'G_theta': 2, 'G_k': 2, 'U_b': 2, 'U_a': 1, 'mia': 1.0}
{'a1': 0.6, 'a4': 0.7000000000000001, 'G_theta': 0.5, 'G_k': 1, 'U_b': 1, 'U_a': 0, 'mia': 1.0}
{'a1': 0.6, 'a4': 0.7000000000000001, 'G_theta': 0.5, 'G_k': 1, 'U_b': 2, 'U_a': 1, 'mia': 1.0}
{'a1': 0.6, 'a4': 0.8, 'G_theta': 1, 'G_k': 2, 'U_b': 2, 'U_a': 1, 'mia': 1.0}
{'a1': 0.6, 'a4': 0.8, 'G_theta': 2, 'G_k': 2, 'U_b': 2, 'U_a': 1, 'mia': 1.0}
{'a1': 0.6, 'a4': 0.8, 'G_theta': 3, 'G_k': 2, 'U_b': 2, 'U_a': 1, 'mia': 1.0}
{'a1': 0.6, 'a4': 0.8, 'G_theta': 0.5, 'G_k': 1, 'U_b': 1, 'U_a': 0, 'mia': 1.0}
{'a1': 0.6, 'a4': 0.8, 'G_theta': 0.5, 'G_k': 1, 'U_b': 2, 'U_a': 1, 'mia': 1.0}
{'a1': 0.6, 'a4': 0.9, 'G_theta': 1, 'G_k': 2, 'U_b': 2, 'U_a': 1, 'mia': 1.0}
{'a1': 0.6, 'a4': 0.9, 'G_theta': 2, 'G_k': 2, 'U_b': 2, 'U_a': 1, 'mia': 1.0}
{'a1': 0.6, 'a4': 0.9, 'G_theta': 3, 'G_k': 2, 'U_b': 2, 'U_a': 1, 'mia': 1.0}
{'a1': 0.6, 'a4': 0.9, 'G_theta': 0.5, 'G_k': 1, 'U_b': 1, 'U_a': 0, 'mia': 1.0}
{'a1': 0.6, 'a4': 0.9, 'G_theta': 0.5, 'G_k': 1, 'U_b': 2, 'U_a': 1, 'mia': 1.0}
{'a1': 0.7000000000000001, 'a4': 0.1, 'G_theta': 0.5, 'G_k': 1, 'U_b': 1, 'U_a': 0, 'mia': 1.0}
{'a1': 0.7000000000000001, 'a4': 0.1, 'G_theta': 0.5, 'G_k': 1, 'U_b': 2, 'U_a': 1, 'mia': 1.0}
{'a1': 0.7000000000000001, 'a4': 0.2, 'G_theta': 0.5, 'G_k': 1, 'U_b': 1, 'U_a': 0, 'mia': 1.0}
{'a1': 0.7000000000000001, 'a4': 0.2, 'G_theta': 0.5, 'G_k': 1, 'U_b': 2, 'U_a': 1, 'mia': 1.0}
{'a1': 0.7000000000000001, 'a4': 0.30000000000000004, 'G_theta': 0.5, 'G_k': 1, 'U_b': 1, 'U_a': 0, 'mia': 1.0}
{'a1': 0.7000000000000001, 'a4': 0.30000000000000004, 'G_theta': 0.5, 'G_k': 1, 'U_b': 2, 'U_a': 1, 'mia': 1.0}
{'a1': 0.7000000000000001, 'a4': 0.4, 'G_theta': 0.5, 'G_k': 1, 'U_b': 1, 'U_a': 0, 'mia': 1.0}
{'a1': 0.7000000000000001, 'a4': 0.4, 'G_theta': 0.5, 'G_k': 1, 'U_b': 2, 'U_a': 1, 'mia': 1.0}
{'a1': 0.7000000000000001, 'a4': 0.5, 'G_theta': 1, 'G_k': 2, 'U_b': 2, 'U_a': 1, 'mia': 1.0}
{'a1': 0.7000000000000001, 'a4': 0.5, 'G_theta': 0.5, 'G_k': 1, 'U_b': 1, 'U_a': 0, 'mia': 1.0}
{'a1': 0.7000000000000001, 'a4': 0.5, 'G_theta': 0.5, 'G_k': 1, 'U_b': 2, 'U_a': 1, 'mia': 1.0}
{'a1': 0.7000000000000001, 'a4': 0.6, 'G_theta': 1, 'G_k': 2, 'U_b': 2, 'U_a': 1, 'mia': 1.0}
{'a1': 0.7000000000000001, 'a4': 0.6, 'G_theta': 0.5, 'G_k': 1, 'U_b': 1, 'U_a': 0, 'mia': 1.0}
{'a1': 0.7000000000000001, 'a4': 0.6, 'G_theta': 0.5, 'G_k': 1, 'U_b': 2, 'U_a': 1, 'mia': 1.0}
{'a1': 0.7000000000000001, 'a4': 0.7000000000000001, 'G_theta': 1, 'G_k': 2, 'U_b': 2, 'U_a': 1, 'mia': 1.0}
{'a1': 0.7000000000000001, 'a4': 0.7000000000000001, 'G_theta': 2, 'G_k': 2, 'U_b': 2, 'U_a': 1, 'mia': 1.0}
{'a1': 0.7000000000000001, 'a4': 0.7000000000000001, 'G_theta': 0.5, 'G_k': 1, 'U_b': 1, 'U_a': 0, 'mia': 1.0}
{'a1': 0.7000000000000001, 'a4': 0.7000000000000001, 'G_theta': 0.5, 'G_k': 1, 'U_b': 2, 'U_a': 1, 'mia': 1.0}
{'a1': 0.7000000000000001, 'a4': 0.8, 'G_theta': 1, 'G_k': 2, 'U_b': 2, 'U_a': 1, 'mia': 1.0}
{'a1': 0.7000000000000001, 'a4': 0.8, 'G_theta': 2, 'G_k': 2, 'U_b': 2, 'U_a': 1, 'mia': 1.0}
{'a1': 0.7000000000000001, 'a4': 0.8, 'G_theta': 0.5, 'G_k': 1, 'U_b': 1, 'U_a': 0, 'mia': 1.0}
{'a1': 0.7000000000000001, 'a4': 0.8, 'G_theta': 0.5, 'G_k': 1, 'U_b': 2, 'U_a': 1, 'mia': 1.0}
{'a1': 0.7000000000000001, 'a4': 0.9, 'G_theta': 1, 'G_k': 2, 'U_b': 2, 'U_a': 1, 'mia': 1.0}
{'a1': 0.7000000000000001, 'a4': 0.9, 'G_theta': 2, 'G_k': 2, 'U_b': 2, 'U_a': 1, 'mia': 1.0}
{'a1': 0.7000000000000001, 'a4': 0.9, 'G_theta': 3, 'G_k': 2, 'U_b': 2, 'U_a': 1, 'mia': 1.0}
{'a1': 0.7000000000000001, 'a4': 0.9, 'G_theta': 0.5, 'G_k': 1, 'U_b': 1, 'U_a': 0, 'mia': 1.0}
{'a1': 0.7000000000000001, 'a4': 0.9, 'G_theta': 0.5, 'G_k': 1, 'U_b': 2, 'U_a': 1, 'mia': 1.0}
{'a1': 0.8, 'a4': 0.1, 'G_theta': 0.5, 'G_k': 1, 'U_b': 1, 'U_a': 0, 'mia': 1.0}
{'a1': 0.8, 'a4': 0.1, 'G_theta': 0.5, 'G_k': 1, 'U_b': 2, 'U_a': 1, 'mia': 1.0}
{'a1': 0.8, 'a4': 0.2, 'G_theta': 0.5, 'G_k': 1, 'U_b': 1, 'U_a': 0, 'mia': 1.0}
{'a1': 0.8, 'a4': 0.2, 'G_theta': 0.5, 'G_k': 1, 'U_b': 2, 'U_a': 1, 'mia': 1.0}
{'a1': 0.8, 'a4': 0.30000000000000004, 'G_theta': 0.5, 'G_k': 1, 'U_b': 1, 'U_a': 0, 'mia': 1.0}
{'a1': 0.8, 'a4': 0.30000000000000004, 'G_theta': 0.5, 'G_k': 1, 'U_b': 2, 'U_a': 1, 'mia': 1.0}
{'a1': 0.8, 'a4': 0.4, 'G_theta': 0.5, 'G_k': 1, 'U_b': 1, 'U_a': 0, 'mia': 1.0}
{'a1': 0.8, 'a4': 0.4, 'G_theta': 0.5, 'G_k': 1, 'U_b': 2, 'U_a': 1, 'mia': 1.0}
{'a1': 0.8, 'a4': 0.5, 'G_theta': 0.5, 'G_k': 1, 'U_b': 1, 'U_a': 0, 'mia': 1.0}
{'a1': 0.8, 'a4': 0.5, 'G_theta': 0.5, 'G_k': 1, 'U_b': 2, 'U_a': 1, 'mia': 1.0}
{'a1': 0.8, 'a4': 0.6, 'G_theta': 1, 'G_k': 2, 'U_b': 2, 'U_a': 1, 'mia': 1.0}
{'a1': 0.8, 'a4': 0.6, 'G_theta': 0.5, 'G_k': 1, 'U_b': 1, 'U_a': 0, 'mia': 1.0}
{'a1': 0.8, 'a4': 0.6, 'G_theta': 0.5, 'G_k': 1, 'U_b': 2, 'U_a': 1, 'mia': 1.0}
{'a1': 0.8, 'a4': 0.7000000000000001, 'G_theta': 1, 'G_k': 2, 'U_b': 2, 'U_a': 1, 'mia': 1.0}
{'a1': 0.8, 'a4': 0.7000000000000001, 'G_theta': 0.5, 'G_k': 1, 'U_b': 1, 'U_a': 0, 'mia': 1.0}
{'a1': 0.8, 'a4': 0.7000000000000001, 'G_theta': 0.5, 'G_k': 1, 'U_b': 2, 'U_a': 1, 'mia': 1.0}
{'a1': 0.8, 'a4': 0.8, 'G_theta': 1, 'G_k': 2, 'U_b': 2, 'U_a': 1, 'mia': 1.0}
{'a1': 0.8, 'a4': 0.8, 'G_theta': 2, 'G_k': 2, 'U_b': 2, 'U_a': 1, 'mia': 1.0}
{'a1': 0.8, 'a4': 0.8, 'G_theta': 0.5, 'G_k': 1, 'U_b': 1, 'U_a': 0, 'mia': 1.0}
{'a1': 0.8, 'a4': 0.8, 'G_theta': 0.5, 'G_k': 1, 'U_b': 2, 'U_a': 1, 'mia': 1.0}
{'a1': 0.8, 'a4': 0.9, 'G_theta': 1, 'G_k': 2, 'U_b': 2, 'U_a': 1, 'mia': 1.0}
{'a1': 0.8, 'a4': 0.9, 'G_theta': 2, 'G_k': 2, 'U_b': 2, 'U_a': 1, 'mia': 1.0}
{'a1': 0.8, 'a4': 0.9, 'G_theta': 0.5, 'G_k': 1, 'U_b': 1, 'U_a': 0, 'mia': 1.0}
{'a1': 0.8, 'a4': 0.9, 'G_theta': 0.5, 'G_k': 1, 'U_b': 2, 'U_a': 1, 'mia': 1.0}
{'a1': 0.9, 'a4': 0.1, 'G_theta': 0.5, 'G_k': 1, 'U_b': 1, 'U_a': 0, 'mia': 1.0}
{'a1': 0.9, 'a4': 0.1, 'G_theta': 0.5, 'G_k': 1, 'U_b': 2, 'U_a': 1, 'mia': 1.0}
{'a1': 0.9, 'a4': 0.2, 'G_theta': 0.5, 'G_k': 1, 'U_b': 1, 'U_a': 0, 'mia': 1.0}
{'a1': 0.9, 'a4': 0.2, 'G_theta': 0.5, 'G_k': 1, 'U_b': 2, 'U_a': 1, 'mia': 1.0}
{'a1': 0.9, 'a4': 0.30000000000000004, 'G_theta': 0.5, 'G_k': 1, 'U_b': 1, 'U_a': 0, 'mia': 1.0}
{'a1': 0.9, 'a4': 0.30000000000000004, 'G_theta': 0.5, 'G_k': 1, 'U_b': 2, 'U_a': 1, 'mia': 1.0}
{'a1': 0.9, 'a4': 0.4, 'G_theta': 0.5, 'G_k': 1, 'U_b': 1, 'U_a': 0, 'mia': 1.0}
{'a1': 0.9, 'a4': 0.4, 'G_theta': 0.5, 'G_k': 1, 'U_b': 2, 'U_a': 1, 'mia': 1.0}
{'a1': 0.9, 'a4': 0.5, 'G_theta': 0.5, 'G_k': 1, 'U_b': 1, 'U_a': 0, 'mia': 1.0}
{'a1': 0.9, 'a4': 0.5, 'G_theta': 0.5, 'G_k': 1, 'U_b': 2, 'U_a': 1, 'mia': 1.0}
{'a1': 0.9, 'a4': 0.6, 'G_theta': 1, 'G_k': 2, 'U_b': 2, 'U_a': 1, 'mia': 1.0}
{'a1': 0.9, 'a4': 0.6, 'G_theta': 0.5, 'G_k': 1, 'U_b': 1, 'U_a': 0, 'mia': 1.0}
{'a1': 0.9, 'a4': 0.6, 'G_theta': 0.5, 'G_k': 1, 'U_b': 2, 'U_a': 1, 'mia': 1.0}
{'a1': 0.9, 'a4': 0.7000000000000001, 'G_theta': 1, 'G_k': 2, 'U_b': 2, 'U_a': 1, 'mia': 1.0}
{'a1': 0.9, 'a4': 0.7000000000000001, 'G_theta': 0.5, 'G_k': 1, 'U_b': 1, 'U_a': 0, 'mia': 1.0}
{'a1': 0.9, 'a4': 0.7000000000000001, 'G_theta': 0.5, 'G_k': 1, 'U_b': 2, 'U_a': 1, 'mia': 1.0}
{'a1': 0.9, 'a4': 0.8, 'G_theta': 1, 'G_k': 2, 'U_b': 2, 'U_a': 1, 'mia': 1.0}
{'a1': 0.9, 'a4': 0.8, 'G_theta': 2, 'G_k': 2, 'U_b': 2, 'U_a': 1, 'mia': 1.0}
{'a1': 0.9, 'a4': 0.8, 'G_theta': 0.5, 'G_k': 1, 'U_b': 1, 'U_a': 0, 'mia': 1.0}
{'a1': 0.9, 'a4': 0.8, 'G_theta': 0.5, 'G_k': 1, 'U_b': 2, 'U_a': 1, 'mia': 1.0}
{'a1': 0.9, 'a4': 0.9, 'G_theta': 1, 'G_k': 2, 'U_b': 2, 'U_a': 1, 'mia': 1.0}
{'a1': 0.9, 'a4': 0.9, 'G_theta': 2, 'G_k': 2, 'U_b': 2, 'U_a': 1, 'mia': 1.0}
{'a1': 0.9, 'a4': 0.9, 'G_theta': 0.5, 'G_k': 1, 'U_b': 1, 'U_a': 0, 'mia': 1.0}
{'a1': 0.9, 'a4': 0.9, 'G_theta': 0.5, 'G_k': 1, 'U_b': 2, 'U_a': 1, 'mia': 1.0}
