(0.1, 0.1, (1, 2), (2, 1))
0.1 1.0 0.3
{'a1': 0.9, 'a4': 0.1, 'G_theta': 3, 'G_k': 2, 'U_b': 1, 'U_a': 0, 'mia': -0.3368967886953773}
{'a1': 0.8, 'a4': 0.1, 'G_theta': 3, 'G_k': 2, 'U_b': 1, 'U_a': 0, 'mia': -0.33689661265414284}
{'a1': 0.7000000000000001, 'a4': 0.1, 'G_theta': 3, 'G_k': 2, 'U_b': 1, 'U_a': 0, 'mia': -0.3368963555623865}
{'a1': 0.6, 'a4': 0.1, 'G_theta': 3, 'G_k': 2, 'U_b': 1, 'U_a': 0, 'mia': -0.33689595879961054}
{'a1': 0.9, 'a4': 0.1, 'G_theta': 2, 'G_k': 2, 'U_b': 1, 'U_a': 0, 'mia': -0.33689595879961054}
{'a1': 0.8, 'a4': 0.1, 'G_theta': 2, 'G_k': 2, 'U_b': 1, 'U_a': 0, 'mia': -0.33689556086677985}
{'a1': 0.5, 'a4': 0.1, 'G_theta': 3, 'G_k': 2, 'U_b': 1, 'U_a': 0, 'mia': -0.3368952992964007}
{'a1': 0.7000000000000001, 'a4': 0.1, 'G_theta': 2, 'G_k': 2, 'U_b': 1, 'U_a': 0, 'mia': -0.33689497935822255}
{'a1': 0.4, 'a4': 0.1, 'G_theta': 3, 'G_k': 2, 'U_b': 1, 'U_a': 0, 'mia': -0.3368940811903127}
{'a1': 0.6, 'a4': 0.1, 'G_theta': 2, 'G_k': 2, 'U_b': 1, 'U_a': 0, 'mia': -0.3368940811903127}
{'a1': 0.5, 'a4': 0.1, 'G_theta': 2, 'G_k': 2, 'U_b': 1, 'U_a': 0, 'mia': -0.33689258654842025}
{'a1': 0.30000000000000004, 'a4': 0.1, 'G_theta': 3, 'G_k': 2, 'U_b': 1, 'U_a': 0, 'mia': -0.3368914354190262}
{'a1': 0.9, 'a4': 0.1, 'G_theta': 1, 'G_k': 2, 'U_b': 1, 'U_a': 0, 'mia': -0.3368914354190262}
{'a1': 0.4, 'a4': 0.1, 'G_theta': 2, 'G_k': 2, 'U_b': 1, 'U_a': 0, 'mia': -0.33688982133134804}
{'a1': 0.8, 'a4': 0.1, 'G_theta': 1, 'G_k': 2, 'U_b': 1, 'U_a': 0, 'mia': -0.33688982133134804}
{'a1': 0.7000000000000001, 'a4': 0.1, 'G_theta': 1, 'G_k': 2, 'U_b': 1, 'U_a': 0, 'mia': -0.33688745815178356}
{'a1': 0.2, 'a4': 0.1, 'G_theta': 3, 'G_k': 2, 'U_b': 1, 'U_a': 0, 'mia': -0.33688379898316345}
{'a1': 0.30000000000000004, 'a4': 0.1, 'G_theta': 2, 'G_k': 2, 'U_b': 1, 'U_a': 0, 'mia': -0.33688379898316345}
{'a1': 0.6, 'a4': 0.1, 'G_theta': 1, 'G_k': 2, 'U_b': 1, 'U_a': 0, 'mia': -0.33688379898316345}
{'a1': 0.5, 'a4': 0.1, 'G_theta': 1, 'G_k': 2, 'U_b': 1, 'U_a': 0, 'mia': -0.33687768876937074}
{'a1': 0.2, 'a4': 0.1, 'G_theta': 2, 'G_k': 2, 'U_b': 1, 'U_a': 0, 'mia': -0.33686632704306874}
{'a1': 0.4, 'a4': 0.1, 'G_theta': 1, 'G_k': 2, 'U_b': 1, 'U_a': 0, 'mia': -0.33686632704306874}
{'a1': 0.1, 'a4': 0.1, 'G_theta': 3, 'G_k': 2, 'U_b': 1, 'U_a': 0, 'mia': -0.33684137880587617}
{'a1': 0.30000000000000004, 'a4': 0.1, 'G_theta': 1, 'G_k': 2, 'U_b': 1, 'U_a': 0, 'mia': -0.33684137880587617}
{'a1': 0.1, 'a4': 0.1, 'G_theta': 2, 'G_k': 2, 'U_b': 1, 'U_a': 0, 'mia': -0.33676784879864075}
{'a1': 0.2, 'a4': 0.1, 'G_theta': 1, 'G_k': 2, 'U_b': 1, 'U_a': 0, 'mia': -0.33676784879864075}
{'a1': 0.9, 'a4': 0.2, 'G_theta': 3, 'G_k': 2, 'U_b': 1, 'U_a': 0, 'mia': -0.33636603257633446}
{'a1': 0.1, 'a4': 0.1, 'G_theta': 1, 'G_k': 2, 'U_b': 1, 'U_a': 0, 'mia': -0.3363341848237149}
{'a1': 0.8, 'a4': 0.2, 'G_theta': 3, 'G_k': 2, 'U_b': 1, 'U_a': 0, 'mia': -0.33622277676853285}
{'a1': 0.7000000000000001, 'a4': 0.2, 'G_theta': 3, 'G_k': 2, 'U_b': 1, 'U_a': 0, 'mia': -0.33601270173093445}
{'a1': 0.9, 'a4': 0.1, 'G_theta': 3, 'G_k': 2, 'U_b': 2, 'U_a': 1, 'mia': -0.33588942243234143}
{'a1': 0.6, 'a4': 0.2, 'G_theta': 3, 'G_k': 2, 'U_b': 1, 'U_a': 0, 'mia': -0.3356867387929072}
{'a1': 0.9, 'a4': 0.2, 'G_theta': 2, 'G_k': 2, 'U_b': 1, 'U_a': 0, 'mia': -0.3356867387929072}
{'a1': 0.8, 'a4': 0.1, 'G_theta': 3, 'G_k': 2, 'U_b': 2, 'U_a': 1, 'mia': -0.335617530233594}
{'a1': 0.8, 'a4': 0.2, 'G_theta': 2, 'G_k': 2, 'U_b': 1, 'U_a': 0, 'mia': -0.3353581519253952}
{'a1': 0.7000000000000001, 'a4': 0.1, 'G_theta': 3, 'G_k': 2, 'U_b': 2, 'U_a': 1, 'mia': -0.33521873555451487}
{'a1': 0.5, 'a4': 0.2, 'G_theta': 3, 'G_k': 2, 'U_b': 1, 'U_a': 0, 'mia': -0.33514127149129846}
{'a1': 0.7000000000000001, 'a4': 0.2, 'G_theta': 2, 'G_k': 2, 'U_b': 1, 'U_a': 0, 'mia': -0.334875104232375}
{'a1': 0.6, 'a4': 0.1, 'G_theta': 3, 'G_k': 2, 'U_b': 2, 'U_a': 1, 'mia': -0.33459976804150493}
{'a1': 0.9, 'a4': 0.1, 'G_theta': 2, 'G_k': 2, 'U_b': 2, 'U_a': 1, 'mia': -0.33459976804150493}
{'a1': 0.4, 'a4': 0.2, 'G_theta': 3, 'G_k': 2, 'U_b': 1, 'U_a': 0, 'mia': -0.33412311249150717}
{'a1': 0.6, 'a4': 0.2, 'G_theta': 2, 'G_k': 2, 'U_b': 1, 'U_a': 0, 'mia': -0.33412311249150717}
{'a1': 0.8, 'a4': 0.1, 'G_theta': 2, 'G_k': 2, 'U_b': 2, 'U_a': 1, 'mia': -0.3339751984607937}
{'a1': 0.9, 'a4': 0.30000000000000004, 'G_theta': 3, 'G_k': 2, 'U_b': 1, 'U_a': 0, 'mia': -0.3339544061945756}
{'a1': 0.5, 'a4': 0.1, 'G_theta': 3, 'G_k': 2, 'U_b': 2, 'U_a': 1, 'mia': -0.33356279331598016}
{'a1': 0.8, 'a4': 0.30000000000000004, 'G_theta': 3, 'G_k': 2, 'U_b': 1, 'U_a': 0, 'mia': -0.3331493200113669}
{'a1': 0.7000000000000001, 'a4': 0.1, 'G_theta': 2, 'G_k': 2, 'U_b': 2, 'U_a': 1, 'mia': -0.33305650345089477}
{'a1': 0.5, 'a4': 0.2, 'G_theta': 2, 'G_k': 2, 'U_b': 1, 'U_a': 0, 'mia': -0.33285802778236295}
{'a1': 0.7000000000000001, 'a4': 0.30000000000000004, 'G_theta': 3, 'G_k': 2, 'U_b': 1, 'U_a': 0, 'mia': -0.3319623032020331}
{'a1': 0.30000000000000004, 'a4': 0.2, 'G_theta': 3, 'G_k': 2, 'U_b': 1, 'U_a': 0, 'mia': -0.3318734735800879}
{'a1': 0.9, 'a4': 0.2, 'G_theta': 1, 'G_k': 2, 'U_b': 1, 'U_a': 0, 'mia': -0.3318734735800879}
{'a1': 0.4, 'a4': 0.1, 'G_theta': 3, 'G_k': 2, 'U_b': 2, 'U_a': 1, 'mia': -0.3316252197075582}
{'a1': 0.6, 'a4': 0.1, 'G_theta': 2, 'G_k': 2, 'U_b': 2, 'U_a': 1, 'mia': -0.3316252197075582}
{'a1': 0.4, 'a4': 0.2, 'G_theta': 2, 'G_k': 2, 'U_b': 1, 'U_a': 0, 'mia': -0.33047964643601224}
{'a1': 0.8, 'a4': 0.2, 'G_theta': 1, 'G_k': 2, 'U_b': 1, 'U_a': 0, 'mia': -0.33047964643601224}
{'a1': 0.6, 'a4': 0.30000000000000004, 'G_theta': 3, 'G_k': 2, 'U_b': 1, 'U_a': 0, 'mia': -0.330107192223553}
{'a1': 0.9, 'a4': 0.30000000000000004, 'G_theta': 2, 'G_k': 2, 'U_b': 1, 'U_a': 0, 'mia': -0.330107192223553}
{'a1': 0.5, 'a4': 0.1, 'G_theta': 2, 'G_k': 2, 'U_b': 2, 'U_a': 1, 'mia': -0.32921480901781486}
{'a1': 0.9, 'a4': 0.4, 'G_theta': 3, 'G_k': 2, 'U_b': 1, 'U_a': 0, 'mia': -0.3291747272619152}
{'a1': 0.7000000000000001, 'a4': 0.2, 'G_theta': 1, 'G_k': 2, 'U_b': 1, 'U_a': 0, 'mia': -0.32841376080087414}
{'a1': 0.8, 'a4': 0.30000000000000004, 'G_theta': 2, 'G_k': 2, 'U_b': 1, 'U_a': 0, 'mia': -0.32822144257011754}
{'a1': 0.30000000000000004, 'a4': 0.1, 'G_theta': 3, 'G_k': 2, 'U_b': 2, 'U_a': 1, 'mia': -0.3273369986331316}
{'a1': 0.9, 'a4': 0.1, 'G_theta': 1, 'G_k': 2, 'U_b': 2, 'U_a': 1, 'mia': -0.3273369986331316}
{'a1': 0.8, 'a4': 0.4, 'G_theta': 3, 'G_k': 2, 'U_b': 1, 'U_a': 0, 'mia': -0.3270305934338622}
{'a1': 0.5, 'a4': 0.30000000000000004, 'G_theta': 3, 'G_k': 2, 'U_b': 1, 'U_a': 0, 'mia': -0.3269707467760101}
{'a1': 0.7000000000000001, 'a4': 0.30000000000000004, 'G_theta': 2, 'G_k': 2, 'U_b': 1, 'U_a': 0, 'mia': -0.32543161379242624}
{'a1': 0.2, 'a4': 0.2, 'G_theta': 3, 'G_k': 2, 'U_b': 1, 'U_a': 0, 'mia': -0.3251625131597162}
{'a1': 0.30000000000000004, 'a4': 0.2, 'G_theta': 2, 'G_k': 2, 'U_b': 1, 'U_a': 0, 'mia': -0.3251625131597162}
{'a1': 0.6, 'a4': 0.2, 'G_theta': 1, 'G_k': 2, 'U_b': 1, 'U_a': 0, 'mia': -0.3251625131597162}
{'a1': 0.4, 'a4': 0.1, 'G_theta': 2, 'G_k': 2, 'U_b': 2, 'U_a': 1, 'mia': -0.3246761063170167}
{'a1': 0.8, 'a4': 0.1, 'G_theta': 1, 'G_k': 2, 'U_b': 2, 'U_a': 1, 'mia': -0.3246761063170167}
{'a1': 0.7000000000000001, 'a4': 0.4, 'G_theta': 3, 'G_k': 2, 'U_b': 1, 'U_a': 0, 'mia': -0.32385166390117925}
{'a1': 0.9, 'a4': 0.2, 'G_theta': 3, 'G_k': 2, 'U_b': 2, 'U_a': 1, 'mia': -0.32348987370834115}
{'a1': 0.9, 'a4': 0.5, 'G_theta': 3, 'G_k': 2, 'U_b': 1, 'U_a': 0, 'mia': -0.32172972138003386}
{'a1': 0.4, 'a4': 0.30000000000000004, 'G_theta': 3, 'G_k': 2, 'U_b': 1, 'U_a': 0, 'mia': -0.3210476695277662}
{'a1': 0.6, 'a4': 0.30000000000000004, 'G_theta': 2, 'G_k': 2, 'U_b': 1, 'U_a': 0, 'mia': -0.3210476695277662}
{'a1': 0.7000000000000001, 'a4': 0.1, 'G_theta': 1, 'G_k': 2, 'U_b': 2, 'U_a': 1, 'mia': -0.3207307848315448}
{'a1': 0.8, 'a4': 0.2, 'G_theta': 3, 'G_k': 2, 'U_b': 2, 'U_a': 1, 'mia': -0.3197456565364578}
{'a1': 0.5, 'a4': 0.2, 'G_theta': 1, 'G_k': 2, 'U_b': 1, 'U_a': 0, 'mia': -0.31960948239039544}
{'a1': 0.6, 'a4': 0.4, 'G_theta': 3, 'G_k': 2, 'U_b': 1, 'U_a': 0, 'mia': -0.31884663279463155}
{'a1': 0.9, 'a4': 0.4, 'G_theta': 2, 'G_k': 2, 'U_b': 1, 'U_a': 0, 'mia': -0.31884663279463155}
{'a1': 0.8, 'a4': 0.5, 'G_theta': 3, 'G_k': 2, 'U_b': 1, 'U_a': 0, 'mia': -0.31746973966840564}
{'a1': 0.2, 'a4': 0.1, 'G_theta': 3, 'G_k': 2, 'U_b': 2, 'U_a': 1, 'mia': -0.31452149953960307}
{'a1': 0.30000000000000004, 'a4': 0.1, 'G_theta': 2, 'G_k': 2, 'U_b': 2, 'U_a': 1, 'mia': -0.31452149953960307}
{'a1': 0.6, 'a4': 0.1, 'G_theta': 1, 'G_k': 2, 'U_b': 2, 'U_a': 1, 'mia': -0.31452149953960307}
{'a1': 0.7000000000000001, 'a4': 0.2, 'G_theta': 3, 'G_k': 2, 'U_b': 2, 'U_a': 1, 'mia': -0.3141823271786848}
{'a1': 0.8, 'a4': 0.4, 'G_theta': 2, 'G_k': 2, 'U_b': 1, 'U_a': 0, 'mia': -0.3137183402074455}
{'a1': 0.5, 'a4': 0.30000000000000004, 'G_theta': 2, 'G_k': 2, 'U_b': 1, 'U_a': 0, 'mia': -0.31356864800985784}
{'a1': 0.9, 'a4': 0.6, 'G_theta': 3, 'G_k': 2, 'U_b': 1, 'U_a': 0, 'mia': -0.31130172914399434}
{'a1': 0.7000000000000001, 'a4': 0.5, 'G_theta': 3, 'G_k': 2, 'U_b': 1, 'U_a': 0, 'mia': -0.3111261421341971}
{'a1': 0.5, 'a4': 0.4, 'G_theta': 3, 'G_k': 2, 'U_b': 1, 'U_a': 0, 'mia': -0.31029293706897443}
{'a1': 0.2, 'a4': 0.2, 'G_theta': 2, 'G_k': 2, 'U_b': 1, 'U_a': 0, 'mia': -0.3089607449788154}
{'a1': 0.4, 'a4': 0.2, 'G_theta': 1, 'G_k': 2, 'U_b': 1, 'U_a': 0, 'mia': -0.3089607449788154}
{'a1': 0.30000000000000004, 'a4': 0.30000000000000004, 'G_theta': 3, 'G_k': 2, 'U_b': 1, 'U_a': 0, 'mia': -0.3076689469192999}
{'a1': 0.9, 'a4': 0.30000000000000004, 'G_theta': 1, 'G_k': 2, 'U_b': 1, 'U_a': 0, 'mia': -0.3076689469192999}
{'a1': 0.7000000000000001, 'a4': 0.4, 'G_theta': 2, 'G_k': 2, 'U_b': 1, 'U_a': 0, 'mia': -0.30606224325111375}
{'a1': 0.6, 'a4': 0.2, 'G_theta': 3, 'G_k': 2, 'U_b': 2, 'U_a': 1, 'mia': -0.30539789781915694}
{'a1': 0.9, 'a4': 0.2, 'G_theta': 2, 'G_k': 2, 'U_b': 2, 'U_a': 1, 'mia': -0.30539789781915694}
{'a1': 0.8, 'a4': 0.6, 'G_theta': 3, 'G_k': 2, 'U_b': 1, 'U_a': 0, 'mia': -0.3039744638184514}
{'a1': 0.5, 'a4': 0.1, 'G_theta': 1, 'G_k': 2, 'U_b': 2, 'U_a': 1, 'mia': -0.3039044519887941}
{'a1': 0.6, 'a4': 0.5, 'G_theta': 3, 'G_k': 2, 'U_b': 1, 'U_a': 0, 'mia': -0.30108005733678134}
{'a1': 0.9, 'a4': 0.5, 'G_theta': 2, 'G_k': 2, 'U_b': 1, 'U_a': 0, 'mia': -0.30108005733678134}
{'a1': 0.4, 'a4': 0.30000000000000004, 'G_theta': 2, 'G_k': 2, 'U_b': 1, 'U_a': 0, 'mia': -0.29921138683369275}
{'a1': 0.8, 'a4': 0.30000000000000004, 'G_theta': 1, 'G_k': 2, 'U_b': 1, 'U_a': 0, 'mia': -0.29921138683369275}
{'a1': 0.9, 'a4': 0.7000000000000001, 'G_theta': 3, 'G_k': 2, 'U_b': 1, 'U_a': 0, 'mia': -0.297603514933781}
{'a1': 0.8, 'a4': 0.2, 'G_theta': 2, 'G_k': 2, 'U_b': 2, 'U_a': 1, 'mia': -0.2964203899523139}
{'a1': 0.4, 'a4': 0.4, 'G_theta': 3, 'G_k': 2, 'U_b': 1, 'U_a': 0, 'mia': -0.29395052211364714}
{'a1': 0.6, 'a4': 0.4, 'G_theta': 2, 'G_k': 2, 'U_b': 1, 'U_a': 0, 'mia': -0.29395052211364714}
{'a1': 0.9, 'a4': 0.30000000000000004, 'G_theta': 3, 'G_k': 2, 'U_b': 2, 'U_a': 1, 'mia': -0.2934170241612444}
{'a1': 0.7000000000000001, 'a4': 0.6, 'G_theta': 3, 'G_k': 2, 'U_b': 1, 'U_a': 0, 'mia': -0.2929826304073275}
{'a1': 0.8, 'a4': 0.5, 'G_theta': 2, 'G_k': 2, 'U_b': 1, 'U_a': 0, 'mia': -0.29072158378158974}
{'a1': 0.5, 'a4': 0.2, 'G_theta': 3, 'G_k': 2, 'U_b': 2, 'U_a': 1, 'mia': -0.29043226701978364}
{'a1': 0.7000000000000001, 'a4': 0.30000000000000004, 'G_theta': 1, 'G_k': 2, 'U_b': 1, 'U_a': 0, 'mia': -0.28647128210275996}
{'a1': 0.8, 'a4': 0.7000000000000001, 'G_theta': 3, 'G_k': 2, 'U_b': 1, 'U_a': 0, 'mia': -0.28617550183586804}
{'a1': 0.1, 'a4': 0.2, 'G_theta': 3, 'G_k': 2, 'U_b': 1, 'U_a': 0, 'mia': -0.2843082989354029}
{'a1': 0.30000000000000004, 'a4': 0.2, 'G_theta': 1, 'G_k': 2, 'U_b': 1, 'U_a': 0, 'mia': -0.2843082989354029}
{'a1': 0.5, 'a4': 0.5, 'G_theta': 3, 'G_k': 2, 'U_b': 1, 'U_a': 0, 'mia': -0.2837697743840435}
{'a1': 0.2, 'a4': 0.1, 'G_theta': 2, 'G_k': 2, 'U_b': 2, 'U_a': 1, 'mia': -0.2834545058095115}
{'a1': 0.4, 'a4': 0.1, 'G_theta': 1, 'G_k': 2, 'U_b': 2, 'U_a': 1, 'mia': -0.2834545058095115}
{'a1': 0.7000000000000001, 'a4': 0.2, 'G_theta': 2, 'G_k': 2, 'U_b': 2, 'U_a': 1, 'mia': -0.28300991754535465}
{'a1': 0.8, 'a4': 0.30000000000000004, 'G_theta': 3, 'G_k': 2, 'U_b': 2, 'U_a': 1, 'mia': -0.2809535612332268}
{'a1': 0.9, 'a4': 0.8, 'G_theta': 3, 'G_k': 2, 'U_b': 1, 'U_a': 0, 'mia': -0.2797695051470317}
{'a1': 0.6, 'a4': 0.6, 'G_theta': 3, 'G_k': 2, 'U_b': 1, 'U_a': 0, 'mia': -0.27540212530607544}
{'a1': 0.9, 'a4': 0.6, 'G_theta': 2, 'G_k': 2, 'U_b': 1, 'U_a': 0, 'mia': -0.27540212530607544}
{'a1': 0.7000000000000001, 'a4': 0.5, 'G_theta': 2, 'G_k': 2, 'U_b': 1, 'U_a': 0, 'mia': -0.2751208246160375}
{'a1': 0.5, 'a4': 0.4, 'G_theta': 2, 'G_k': 2, 'U_b': 1, 'U_a': 0, 'mia': -0.2729988455233645}
{'a1': 0.7000000000000001, 'a4': 0.7000000000000001, 'G_theta': 3, 'G_k': 2, 'U_b': 1, 'U_a': 0, 'mia': -0.2689254050853669}
{'a1': 0.2, 'a4': 0.30000000000000004, 'G_theta': 3, 'G_k': 2, 'U_b': 1, 'U_a': 0, 'mia': -0.2659810050017253}
{'a1': 0.30000000000000004, 'a4': 0.30000000000000004, 'G_theta': 2, 'G_k': 2, 'U_b': 1, 'U_a': 0, 'mia': -0.2659810050017253}
{'a1': 0.6, 'a4': 0.30000000000000004, 'G_theta': 1, 'G_k': 2, 'U_b': 1, 'U_a': 0, 'mia': -0.2659810050017253}
{'a1': 0.8, 'a4': 0.8, 'G_theta': 3, 'G_k': 2, 'U_b': 1, 'U_a': 0, 'mia': -0.263143764022558}
{'a1': 0.7000000000000001, 'a4': 0.30000000000000004, 'G_theta': 3, 'G_k': 2, 'U_b': 2, 'U_a': 1, 'mia': -0.26224863174437596}
{'a1': 0.4, 'a4': 0.2, 'G_theta': 3, 'G_k': 2, 'U_b': 2, 'U_a': 1, 'mia': -0.2616367110253526}
{'a1': 0.6, 'a4': 0.2, 'G_theta': 2, 'G_k': 2, 'U_b': 2, 'U_a': 1, 'mia': -0.2616367110253526}
{'a1': 0.9, 'a4': 0.9, 'G_theta': 3, 'G_k': 2, 'U_b': 1, 'U_a': 0, 'mia': -0.25958913209987866}
{'a1': 0.8, 'a4': 0.6, 'G_theta': 2, 'G_k': 2, 'U_b': 1, 'U_a': 0, 'mia': -0.25707921029982206}
{'a1': 0.30000000000000004, 'a4': 0.4, 'G_theta': 3, 'G_k': 2, 'U_b': 1, 'U_a': 0, 'mia': -0.2562465509314973}
{'a1': 0.9, 'a4': 0.4, 'G_theta': 1, 'G_k': 2, 'U_b': 1, 'U_a': 0, 'mia': -0.2562465509314973}
{'a1': 0.4, 'a4': 0.5, 'G_theta': 3, 'G_k': 2, 'U_b': 1, 'U_a': 0, 'mia': -0.25003524874143057}
{'a1': 0.6, 'a4': 0.5, 'G_theta': 2, 'G_k': 2, 'U_b': 1, 'U_a': 0, 'mia': -0.25003524874143057}
{'a1': 0.5, 'a4': 0.6, 'G_theta': 3, 'G_k': 2, 'U_b': 1, 'U_a': 0, 'mia': -0.2446815882030151}
{'a1': 0.9, 'a4': 0.4, 'G_theta': 3, 'G_k': 2, 'U_b': 2, 'U_a': 1, 'mia': -0.24183100119553647}
{'a1': 0.6, 'a4': 0.7000000000000001, 'G_theta': 3, 'G_k': 2, 'U_b': 1, 'U_a': 0, 'mia': -0.24110343858664907}
{'a1': 0.9, 'a4': 0.7000000000000001, 'G_theta': 2, 'G_k': 2, 'U_b': 1, 'U_a': 0, 'mia': -0.24110343858664907}
{'a1': 0.7000000000000001, 'a4': 0.8, 'G_theta': 3, 'G_k': 2, 'U_b': 1, 'U_a': 0, 'mia': -0.23804249311730086}
{'a1': 0.8, 'a4': 0.9, 'G_theta': 3, 'G_k': 2, 'U_b': 1, 'U_a': 0, 'mia': -0.23654344063887356}
{'a1': 0.1, 'a4': 0.1, 'G_theta': 3, 'G_k': 2, 'U_b': 2, 'U_a': 1, 'mia': -0.2360566682842471}
{'a1': 0.30000000000000004, 'a4': 0.1, 'G_theta': 1, 'G_k': 2, 'U_b': 2, 'U_a': 1, 'mia': -0.2360566682842471}
{'a1': 0.6, 'a4': 0.30000000000000004, 'G_theta': 3, 'G_k': 2, 'U_b': 2, 'U_a': 1, 'mia': -0.23231546427494987}
{'a1': 0.9, 'a4': 0.30000000000000004, 'G_theta': 2, 'G_k': 2, 'U_b': 2, 'U_a': 1, 'mia': -0.23231546427494987}
{'a1': 0.4, 'a4': 0.4, 'G_theta': 2, 'G_k': 2, 'U_b': 1, 'U_a': 0, 'mia': -0.2319244860022147}
{'a1': 0.8, 'a4': 0.4, 'G_theta': 1, 'G_k': 2, 'U_b': 1, 'U_a': 0, 'mia': -0.2319244860022147}
{'a1': 0.5, 'a4': 0.30000000000000004, 'G_theta': 1, 'G_k': 2, 'U_b': 1, 'U_a': 0, 'mia': -0.22989337502602458}
{'a1': 0.7000000000000001, 'a4': 0.6, 'G_theta': 2, 'G_k': 2, 'U_b': 1, 'U_a': 0, 'mia': -0.22927888666158402}
{'a1': 0.5, 'a4': 0.2, 'G_theta': 2, 'G_k': 2, 'U_b': 2, 'U_a': 1, 'mia': -0.22447819402351588}
{'a1': 0.8, 'a4': 0.4, 'G_theta': 3, 'G_k': 2, 'U_b': 2, 'U_a': 1, 'mia': -0.2134589172172472}
{'a1': 0.8, 'a4': 0.7000000000000001, 'G_theta': 2, 'G_k': 2, 'U_b': 1, 'U_a': 0, 'mia': -0.21184086488215526}
{'a1': 0.5, 'a4': 0.5, 'G_theta': 2, 'G_k': 2, 'U_b': 1, 'U_a': 0, 'mia': -0.20586678890370047}
{'a1': 0.1, 'a4': 0.2, 'G_theta': 2, 'G_k': 2, 'U_b': 1, 'U_a': 0, 'mia': -0.20408425505394723}
{'a1': 0.2, 'a4': 0.2, 'G_theta': 1, 'G_k': 2, 'U_b': 1, 'U_a': 0, 'mia': -0.20408425505394723}
{'a1': 0.7000000000000001, 'a4': 0.9, 'G_theta': 3, 'G_k': 2, 'U_b': 1, 'U_a': 0, 'mia': -0.2014135848251879}
{'a1': 0.8, 'a4': 0.30000000000000004, 'G_theta': 2, 'G_k': 2, 'U_b': 2, 'U_a': 1, 'mia': -0.20110141411728488}
{'a1': 0.6, 'a4': 0.8, 'G_theta': 3, 'G_k': 2, 'U_b': 1, 'U_a': 0, 'mia': -0.19754690196965052}
{'a1': 0.9, 'a4': 0.8, 'G_theta': 2, 'G_k': 2, 'U_b': 1, 'U_a': 0, 'mia': -0.19754690196965052}
{'a1': 0.7000000000000001, 'a4': 0.4, 'G_theta': 1, 'G_k': 2, 'U_b': 1, 'U_a': 0, 'mia': -0.194675233636596}
{'a1': 0.30000000000000004, 'a4': 0.2, 'G_theta': 3, 'G_k': 2, 'U_b': 2, 'U_a': 1, 'mia': -0.19462267045667225}
{'a1': 0.9, 'a4': 0.2, 'G_theta': 1, 'G_k': 2, 'U_b': 2, 'U_a': 1, 'mia': -0.19462267045667225}
{'a1': 0.5, 'a4': 0.7000000000000001, 'G_theta': 3, 'G_k': 2, 'U_b': 1, 'U_a': 0, 'mia': -0.19190303091358496}
{'a1': 0.4, 'a4': 0.6, 'G_theta': 3, 'G_k': 2, 'U_b': 1, 'U_a': 0, 'mia': -0.18476399121186393}
{'a1': 0.6, 'a4': 0.6, 'G_theta': 2, 'G_k': 2, 'U_b': 1, 'U_a': 0, 'mia': -0.18476399121186393}
{'a1': 0.5, 'a4': 0.30000000000000004, 'G_theta': 3, 'G_k': 2, 'U_b': 2, 'U_a': 1, 'mia': -0.17997341273854595}
{'a1': 0.7000000000000001, 'a4': 0.4, 'G_theta': 3, 'G_k': 2, 'U_b': 2, 'U_a': 1, 'mia': -0.17019379406527646}
{'a1': 0.30000000000000004, 'a4': 0.5, 'G_theta': 3, 'G_k': 2, 'U_b': 1, 'U_a': 0, 'mia': -0.16993323942902494}
{'a1': 0.9, 'a4': 0.5, 'G_theta': 1, 'G_k': 2, 'U_b': 1, 'U_a': 0, 'mia': -0.16993323942902494}
{'a1': 0.7000000000000001, 'a4': 0.7000000000000001, 'G_theta': 2, 'G_k': 2, 'U_b': 1, 'U_a': 0, 'mia': -0.16721851906243002}
{'a1': 0.9, 'a4': 0.5, 'G_theta': 3, 'G_k': 2, 'U_b': 2, 'U_a': 1, 'mia': -0.161916764605063}
{'a1': 0.2, 'a4': 0.30000000000000004, 'G_theta': 2, 'G_k': 2, 'U_b': 1, 'U_a': 0, 'mia': -0.15786345771504084}
{'a1': 0.4, 'a4': 0.30000000000000004, 'G_theta': 1, 'G_k': 2, 'U_b': 1, 'U_a': 0, 'mia': -0.15786345771504084}
{'a1': 0.8, 'a4': 0.8, 'G_theta': 2, 'G_k': 2, 'U_b': 1, 'U_a': 0, 'mia': -0.15494330255671374}
{'a1': 0.7000000000000001, 'a4': 0.30000000000000004, 'G_theta': 2, 'G_k': 2, 'U_b': 2, 'U_a': 1, 'mia': -0.1535014730020703}
{'a1': 0.4, 'a4': 0.2, 'G_theta': 2, 'G_k': 2, 'U_b': 2, 'U_a': 1, 'mia': -0.15107828377396126}
{'a1': 0.8, 'a4': 0.2, 'G_theta': 1, 'G_k': 2, 'U_b': 2, 'U_a': 1, 'mia': -0.15107828377396126}
{'a1': 0.6, 'a4': 0.9, 'G_theta': 3, 'G_k': 2, 'U_b': 1, 'U_a': 0, 'mia': -0.14399390515997457}
{'a1': 0.9, 'a4': 0.9, 'G_theta': 2, 'G_k': 2, 'U_b': 1, 'U_a': 0, 'mia': -0.14399390515997457}
{'a1': 0.2, 'a4': 0.4, 'G_theta': 3, 'G_k': 2, 'U_b': 1, 'U_a': 0, 'mia': -0.1334020579519022}
{'a1': 0.30000000000000004, 'a4': 0.4, 'G_theta': 2, 'G_k': 2, 'U_b': 1, 'U_a': 0, 'mia': -0.1334020579519022}
{'a1': 0.6, 'a4': 0.4, 'G_theta': 1, 'G_k': 2, 'U_b': 1, 'U_a': 0, 'mia': -0.1334020579519022}
{'a1': 0.5, 'a4': 0.8, 'G_theta': 3, 'G_k': 2, 'U_b': 1, 'U_a': 0, 'mia': -0.12591037310192332}
{'a1': 0.4, 'a4': 0.5, 'G_theta': 2, 'G_k': 2, 'U_b': 1, 'U_a': 0, 'mia': -0.11689513572817845}
{'a1': 0.8, 'a4': 0.5, 'G_theta': 1, 'G_k': 2, 'U_b': 1, 'U_a': 0, 'mia': -0.11689513572817845}
{'a1': 0.8, 'a4': 0.5, 'G_theta': 3, 'G_k': 2, 'U_b': 2, 'U_a': 1, 'mia': -0.10744801779901891}
{'a1': 0.5, 'a4': 0.6, 'G_theta': 2, 'G_k': 2, 'U_b': 1, 'U_a': 0, 'mia': -0.10559972103433779}
{'a1': 0.6, 'a4': 0.4, 'G_theta': 3, 'G_k': 2, 'U_b': 2, 'U_a': 1, 'mia': -0.09944536845338581}
{'a1': 0.9, 'a4': 0.4, 'G_theta': 2, 'G_k': 2, 'U_b': 2, 'U_a': 1, 'mia': -0.09944536845338581}
{'a1': 0.4, 'a4': 0.7000000000000001, 'G_theta': 3, 'G_k': 2, 'U_b': 1, 'U_a': 0, 'mia': -0.09527195336295646}
{'a1': 0.6, 'a4': 0.7000000000000001, 'G_theta': 2, 'G_k': 2, 'U_b': 1, 'U_a': 0, 'mia': -0.09527195336295646}
{'a1': 0.7000000000000001, 'a4': 0.8, 'G_theta': 2, 'G_k': 2, 'U_b': 1, 'U_a': 0, 'mia': -0.089328382301467}
{'a1': 0.7000000000000001, 'a4': 0.2, 'G_theta': 1, 'G_k': 2, 'U_b': 2, 'U_a': 1, 'mia': -0.08399199025439952}
{'a1': 0.8, 'a4': 0.9, 'G_theta': 2, 'G_k': 2, 'U_b': 1, 'U_a': 0, 'mia': -0.08271304089895937}
{'a1': 0.1, 'a4': 0.1, 'G_theta': 2, 'G_k': 2, 'U_b': 2, 'U_a': 1, 'mia': -0.0808181980521181}
{'a1': 0.2, 'a4': 0.1, 'G_theta': 1, 'G_k': 2, 'U_b': 2, 'U_a': 1, 'mia': -0.0808181980521181}
{'a1': 0.4, 'a4': 0.30000000000000004, 'G_theta': 3, 'G_k': 2, 'U_b': 2, 'U_a': 1, 'mia': -0.07566251562086723}
{'a1': 0.6, 'a4': 0.30000000000000004, 'G_theta': 2, 'G_k': 2, 'U_b': 2, 'U_a': 1, 'mia': -0.07566251562086723}
{'a1': 0.9, 'a4': 0.6, 'G_theta': 3, 'G_k': 2, 'U_b': 2, 'U_a': 1, 'mia': -0.05170089408978562}
{'a1': 0.30000000000000004, 'a4': 0.6, 'G_theta': 3, 'G_k': 2, 'U_b': 1, 'U_a': 0, 'mia': -0.040558447588326274}
{'a1': 0.9, 'a4': 0.6, 'G_theta': 1, 'G_k': 2, 'U_b': 1, 'U_a': 0, 'mia': -0.040558447588326274}
{'a1': 0.5, 'a4': 0.9, 'G_theta': 3, 'G_k': 2, 'U_b': 1, 'U_a': 0, 'mia': -0.04048997188988235}
{'a1': 0.7000000000000001, 'a4': 0.5, 'G_theta': 1, 'G_k': 2, 'U_b': 1, 'U_a': 0, 'mia': -0.034317545343307554}
{'a1': 0.8, 'a4': 0.4, 'G_theta': 2, 'G_k': 2, 'U_b': 2, 'U_a': 1, 'mia': -0.023906799727963612}
{'a1': 0.7000000000000001, 'a4': 0.5, 'G_theta': 3, 'G_k': 2, 'U_b': 2, 'U_a': 1, 'mia': -0.02293744042210033}
{'a1': 0.5, 'a4': 0.4, 'G_theta': 1, 'G_k': 2, 'U_b': 1, 'U_a': 0, 'mia': -0.021928530108166644}
{'a1': 0.7000000000000001, 'a4': 0.9, 'G_theta': 2, 'G_k': 2, 'U_b': 1, 'U_a': 0, 'mia': 0.013205152070578152}
{'a1': 0.4, 'a4': 0.8, 'G_theta': 3, 'G_k': 2, 'U_b': 1, 'U_a': 0, 'mia': 0.01943967507380051}
{'a1': 0.6, 'a4': 0.8, 'G_theta': 2, 'G_k': 2, 'U_b': 1, 'U_a': 0, 'mia': 0.01943967507380051}
{'a1': 0.1, 'a4': 0.30000000000000004, 'G_theta': 3, 'G_k': 2, 'U_b': 1, 'U_a': 0, 'mia': 0.02120858687242111}
{'a1': 0.30000000000000004, 'a4': 0.30000000000000004, 'G_theta': 1, 'G_k': 2, 'U_b': 1, 'U_a': 0, 'mia': 0.02120858687242111}
{'a1': 0.30000000000000004, 'a4': 0.2, 'G_theta': 2, 'G_k': 2, 'U_b': 2, 'U_a': 1, 'mia': 0.027259549875391476}
{'a1': 0.2, 'a4': 0.2, 'G_theta': 3, 'G_k': 2, 'U_b': 2, 'U_a': 1, 'mia': 0.027259549875391698}
{'a1': 0.6, 'a4': 0.2, 'G_theta': 1, 'G_k': 2, 'U_b': 2, 'U_a': 1, 'mia': 0.027259549875391698}
{'a1': 0.5, 'a4': 0.4, 'G_theta': 3, 'G_k': 2, 'U_b': 2, 'U_a': 1, 'mia': 0.028155350291073966}
{'a1': 0.5, 'a4': 0.7000000000000001, 'G_theta': 2, 'G_k': 2, 'U_b': 1, 'U_a': 0, 'mia': 0.0344436101820359}
{'a1': 0.8, 'a4': 0.6, 'G_theta': 3, 'G_k': 2, 'U_b': 2, 'U_a': 1, 'mia': 0.037096399672183034}
{'a1': 0.4, 'a4': 0.6, 'G_theta': 2, 'G_k': 2, 'U_b': 1, 'U_a': 0, 'mia': 0.056352123353589634}
{'a1': 0.8, 'a4': 0.6, 'G_theta': 1, 'G_k': 2, 'U_b': 1, 'U_a': 0, 'mia': 0.056352123353589634}
{'a1': 0.5, 'a4': 0.30000000000000004, 'G_theta': 2, 'G_k': 2, 'U_b': 2, 'U_a': 1, 'mia': 0.06473133068769943}
{'a1': 0.7000000000000001, 'a4': 0.4, 'G_theta': 2, 'G_k': 2, 'U_b': 2, 'U_a': 1, 'mia': 0.09437775176671048}
{'a1': 0.2, 'a4': 0.5, 'G_theta': 3, 'G_k': 2, 'U_b': 1, 'U_a': 0, 'mia': 0.10195161129443775}
{'a1': 0.30000000000000004, 'a4': 0.5, 'G_theta': 2, 'G_k': 2, 'U_b': 1, 'U_a': 0, 'mia': 0.10195161129443775}
{'a1': 0.6, 'a4': 0.5, 'G_theta': 1, 'G_k': 2, 'U_b': 1, 'U_a': 0, 'mia': 0.10195161129443775}
{'a1': 0.9, 'a4': 0.7000000000000001, 'G_theta': 3, 'G_k': 2, 'U_b': 2, 'U_a': 1, 'mia': 0.11260504079252176}
{'a1': 0.9, 'a4': 0.5, 'G_theta': 2, 'G_k': 2, 'U_b': 2, 'U_a': 1, 'mia': 0.11857893475611891}
{'a1': 0.6, 'a4': 0.5, 'G_theta': 3, 'G_k': 2, 'U_b': 2, 'U_a': 1, 'mia': 0.11857893475611914}
{'a1': 0.30000000000000004, 'a4': 0.7000000000000001, 'G_theta': 3, 'G_k': 2, 'U_b': 1, 'U_a': 0, 'mia': 0.1424786862247508}
{'a1': 0.9, 'a4': 0.7000000000000001, 'G_theta': 1, 'G_k': 2, 'U_b': 1, 'U_a': 0, 'mia': 0.1424786862247508}
{'a1': 0.7000000000000001, 'a4': 0.6, 'G_theta': 3, 'G_k': 2, 'U_b': 2, 'U_a': 1, 'mia': 0.17487881154917495}
{'a1': 0.4, 'a4': 0.9, 'G_theta': 3, 'G_k': 2, 'U_b': 1, 'U_a': 0, 'mia': 0.1758079728511942}
{'a1': 0.6, 'a4': 0.9, 'G_theta': 2, 'G_k': 2, 'U_b': 1, 'U_a': 0, 'mia': 0.17580797285119443}
{'a1': 0.30000000000000004, 'a4': 0.30000000000000004, 'G_theta': 3, 'G_k': 2, 'U_b': 2, 'U_a': 1, 'mia': 0.18169816106047698}
{'a1': 0.9, 'a4': 0.30000000000000004, 'G_theta': 1, 'G_k': 2, 'U_b': 2, 'U_a': 1, 'mia': 0.18169816106047698}
{'a1': 0.2, 'a4': 0.4, 'G_theta': 2, 'G_k': 2, 'U_b': 1, 'U_a': 0, 'mia': 0.20916429302207906}
{'a1': 0.4, 'a4': 0.4, 'G_theta': 1, 'G_k': 2, 'U_b': 1, 'U_a': 0, 'mia': 0.20916429302207906}
{'a1': 0.7000000000000001, 'a4': 0.6, 'G_theta': 1, 'G_k': 2, 'U_b': 1, 'U_a': 0, 'mia': 0.2099529603473006}
{'a1': 0.5, 'a4': 0.8, 'G_theta': 2, 'G_k': 2, 'U_b': 1, 'U_a': 0, 'mia': 0.21955694940099357}
{'a1': 0.5, 'a4': 0.2, 'G_theta': 1, 'G_k': 2, 'U_b': 2, 'U_a': 1, 'mia': 0.2280097767514947}
{'a1': 0.8, 'a4': 0.7000000000000001, 'G_theta': 3, 'G_k': 2, 'U_b': 2, 'U_a': 1, 'mia': 0.2657154463821384}
{'a1': 0.8, 'a4': 0.5, 'G_theta': 2, 'G_k': 2, 'U_b': 2, 'U_a': 1, 'mia': 0.2662278127897316}
{'a1': 0.9, 'a4': 0.8, 'G_theta': 3, 'G_k': 2, 'U_b': 2, 'U_a': 1, 'mia': 0.2843843549904078}
{'a1': 0.4, 'a4': 0.4, 'G_theta': 3, 'G_k': 2, 'U_b': 2, 'U_a': 1, 'mia': 0.2881210424035273}
{'a1': 0.6, 'a4': 0.4, 'G_theta': 2, 'G_k': 2, 'U_b': 2, 'U_a': 1, 'mia': 0.2881210424035273}
{'a1': 0.4, 'a4': 0.7000000000000001, 'G_theta': 2, 'G_k': 2, 'U_b': 1, 'U_a': 0, 'mia': 0.3055858560866568}
{'a1': 0.8, 'a4': 0.7000000000000001, 'G_theta': 1, 'G_k': 2, 'U_b': 1, 'U_a': 0, 'mia': 0.3055858560866568}
{'a1': 0.5, 'a4': 0.5, 'G_theta': 1, 'G_k': 2, 'U_b': 1, 'U_a': 0, 'mia': 0.3563207484713623}
{'a1': 0.4, 'a4': 0.30000000000000004, 'G_theta': 2, 'G_k': 2, 'U_b': 2, 'U_a': 1, 'mia': 0.35833708622754823}
{'a1': 0.8, 'a4': 0.30000000000000004, 'G_theta': 1, 'G_k': 2, 'U_b': 2, 'U_a': 1, 'mia': 0.35833708622754823}
{'a1': 0.5, 'a4': 0.5, 'G_theta': 3, 'G_k': 2, 'U_b': 2, 'U_a': 1, 'mia': 0.3665778148573867}
{'a1': 0.30000000000000004, 'a4': 0.8, 'G_theta': 3, 'G_k': 2, 'U_b': 1, 'U_a': 0, 'mia': 0.38964476361290823}
{'a1': 0.9, 'a4': 0.8, 'G_theta': 1, 'G_k': 2, 'U_b': 1, 'U_a': 0, 'mia': 0.38964476361290845}
{'a1': 0.9, 'a4': 0.6, 'G_theta': 2, 'G_k': 2, 'U_b': 2, 'U_a': 1, 'mia': 0.40508532853235835}
{'a1': 0.6, 'a4': 0.6, 'G_theta': 3, 'G_k': 2, 'U_b': 2, 'U_a': 1, 'mia': 0.40508532853235857}
{'a1': 0.1, 'a4': 0.2, 'G_theta': 1, 'G_k': 2, 'U_b': 1, 'U_a': 0, 'mia': 0.4204025404187357}
{'a1': 0.30000000000000004, 'a4': 0.6, 'G_theta': 2, 'G_k': 2, 'U_b': 1, 'U_a': 0, 'mia': 0.46781660369177125}
{'a1': 0.2, 'a4': 0.6, 'G_theta': 3, 'G_k': 2, 'U_b': 1, 'U_a': 0, 'mia': 0.4678166036917717}
{'a1': 0.6, 'a4': 0.6, 'G_theta': 1, 'G_k': 2, 'U_b': 1, 'U_a': 0, 'mia': 0.4678166036917717}
{'a1': 0.5, 'a4': 0.9, 'G_theta': 2, 'G_k': 2, 'U_b': 1, 'U_a': 0, 'mia': 0.47531128864552263}
{'a1': 0.7000000000000001, 'a4': 0.5, 'G_theta': 2, 'G_k': 2, 'U_b': 2, 'U_a': 1, 'mia': 0.4852606191390836}
{'a1': 0.8, 'a4': 0.8, 'G_theta': 3, 'G_k': 2, 'U_b': 2, 'U_a': 1, 'mia': 0.4868987338053071}
{'a1': 0.7000000000000001, 'a4': 0.7000000000000001, 'G_theta': 3, 'G_k': 2, 'U_b': 2, 'U_a': 1, 'mia': 0.49335156981793127}
{'a1': 0.9, 'a4': 0.9, 'G_theta': 3, 'G_k': 2, 'U_b': 2, 'U_a': 1, 'mia': 0.5126964629988582}
{'a1': 0.7000000000000001, 'a4': 0.7000000000000001, 'G_theta': 1, 'G_k': 2, 'U_b': 1, 'U_a': 0, 'mia': 0.5526735107420202}
{'a1': 0.7000000000000001, 'a4': 0.30000000000000004, 'G_theta': 1, 'G_k': 2, 'U_b': 2, 'U_a': 1, 'mia': 0.6116709784455581}
{'a1': 0.5, 'a4': 0.4, 'G_theta': 2, 'G_k': 2, 'U_b': 2, 'U_a': 1, 'mia': 0.6168355294269992}
{'a1': 0.4, 'a4': 0.8, 'G_theta': 2, 'G_k': 2, 'U_b': 1, 'U_a': 0, 'mia': 0.6276643839736401}
{'a1': 0.8, 'a4': 0.8, 'G_theta': 1, 'G_k': 2, 'U_b': 1, 'U_a': 0, 'mia': 0.6276643839736401}
{'a1': 0.2, 'a4': 0.2, 'G_theta': 2, 'G_k': 2, 'U_b': 2, 'U_a': 1, 'mia': 0.6285634080241274}
{'a1': 0.4, 'a4': 0.2, 'G_theta': 1, 'G_k': 2, 'U_b': 2, 'U_a': 1, 'mia': 0.6285634080241274}
{'a1': 0.8, 'a4': 0.6, 'G_theta': 2, 'G_k': 2, 'U_b': 2, 'U_a': 1, 'mia': 0.6339677046040473}
{'a1': 0.1, 'a4': 0.30000000000000004, 'G_theta': 2, 'G_k': 2, 'U_b': 1, 'U_a': 0, 'mia': 0.6593106168074282}
{'a1': 0.2, 'a4': 0.30000000000000004, 'G_theta': 1, 'G_k': 2, 'U_b': 1, 'U_a': 0, 'mia': 0.6593106168074282}
{'a1': 0.30000000000000004, 'a4': 0.9, 'G_theta': 3, 'G_k': 2, 'U_b': 1, 'U_a': 0, 'mia': 0.7022735979746497}
{'a1': 0.9, 'a4': 0.9, 'G_theta': 1, 'G_k': 2, 'U_b': 1, 'U_a': 0, 'mia': 0.7022735979746503}
{'a1': 0.8, 'a4': 0.9, 'G_theta': 3, 'G_k': 2, 'U_b': 2, 'U_a': 1, 'mia': 0.7782591226005175}
{'a1': 0.1, 'a4': 0.4, 'G_theta': 3, 'G_k': 2, 'U_b': 1, 'U_a': 0, 'mia': 0.7879692775391729}
{'a1': 0.30000000000000004, 'a4': 0.4, 'G_theta': 1, 'G_k': 2, 'U_b': 1, 'U_a': 0, 'mia': 0.7879692775391729}
{'a1': 0.5, 'a4': 0.6, 'G_theta': 3, 'G_k': 2, 'U_b': 2, 'U_a': 1, 'mia': 0.7949758948118355}
{'a1': 0.7000000000000001, 'a4': 0.8, 'G_theta': 3, 'G_k': 2, 'U_b': 2, 'U_a': 1, 'mia': 0.7959767033866486}
{'a1': 0.4, 'a4': 0.5, 'G_theta': 3, 'G_k': 2, 'U_b': 2, 'U_a': 1, 'mia': 0.8351967649068951}
{'a1': 0.6, 'a4': 0.5, 'G_theta': 2, 'G_k': 2, 'U_b': 2, 'U_a': 1, 'mia': 0.8351967649068957}
{'a1': 0.9, 'a4': 0.7000000000000001, 'G_theta': 2, 'G_k': 2, 'U_b': 2, 'U_a': 1, 'mia': 0.836095928153327}
{'a1': 0.6, 'a4': 0.7000000000000001, 'G_theta': 3, 'G_k': 2, 'U_b': 2, 'U_a': 1, 'mia': 0.8360959281533273}
{'a1': 0.2, 'a4': 0.5, 'G_theta': 2, 'G_k': 2, 'U_b': 1, 'U_a': 0, 'mia': 0.8691701746315644}
{'a1': 0.4, 'a4': 0.5, 'G_theta': 1, 'G_k': 2, 'U_b': 1, 'U_a': 0, 'mia': 0.8691701746315644}
{'a1': 0.30000000000000004, 'a4': 0.4, 'G_theta': 3, 'G_k': 2, 'U_b': 2, 'U_a': 1, 'mia': 0.8872893112009725}
{'a1': 0.9, 'a4': 0.4, 'G_theta': 1, 'G_k': 2, 'U_b': 2, 'U_a': 1, 'mia': 0.8872893112009731}
{'a1': 0.5, 'a4': 0.6, 'G_theta': 1, 'G_k': 2, 'U_b': 1, 'U_a': 0, 'mia': 0.9360240149463652}
{'a1': 0.2, 'a4': 0.7000000000000001, 'G_theta': 3, 'G_k': 2, 'U_b': 1, 'U_a': 0, 'mia': 0.9739117674213721}
{'a1': 0.30000000000000004, 'a4': 0.7000000000000001, 'G_theta': 2, 'G_k': 2, 'U_b': 1, 'U_a': 0, 'mia': 0.9739117674213721}
{'a1': 0.6, 'a4': 0.7000000000000001, 'G_theta': 1, 'G_k': 2, 'U_b': 1, 'U_a': 0, 'mia': 0.9739117674213728}
{'a1': 0.1, 'a4': 0.1, 'G_theta': 1, 'G_k': 2, 'U_b': 2, 'U_a': 1, 'mia': 1.0}
{'a1': 0.1, 'a4': 0.1, 'G_theta': 5, 'G_k': 1, 'U_b': 1, 'U_a': 0, 'mia': 1.0}
{'a1': 0.1, 'a4': 0.1, 'G_theta': 5, 'G_k': 1, 'U_b': 2, 'U_a': 1, 'mia': 1.0}
{'a1': 0.1, 'a4': 0.1, 'G_theta': 0.5, 'G_k': 1, 'U_b': 1, 'U_a': 0, 'mia': 1.0}
{'a1': 0.1, 'a4': 0.1, 'G_theta': 0.5, 'G_k': 1, 'U_b': 2, 'U_a': 1, 'mia': 1.0}
{'a1': 0.1, 'a4': 0.2, 'G_theta': 1, 'G_k': 2, 'U_b': 2, 'U_a': 1, 'mia': 1.0}
{'a1': 0.1, 'a4': 0.2, 'G_theta': 2, 'G_k': 2, 'U_b': 2, 'U_a': 1, 'mia': 1.0}
{'a1': 0.1, 'a4': 0.2, 'G_theta': 3, 'G_k': 2, 'U_b': 2, 'U_a': 1, 'mia': 1.0}
{'a1': 0.1, 'a4': 0.2, 'G_theta': 5, 'G_k': 1, 'U_b': 1, 'U_a': 0, 'mia': 1.0}
{'a1': 0.1, 'a4': 0.2, 'G_theta': 5, 'G_k': 1, 'U_b': 2, 'U_a': 1, 'mia': 1.0}
{'a1': 0.1, 'a4': 0.2, 'G_theta': 0.5, 'G_k': 1, 'U_b': 1, 'U_a': 0, 'mia': 1.0}
{'a1': 0.1, 'a4': 0.2, 'G_theta': 0.5, 'G_k': 1, 'U_b': 2, 'U_a': 1, 'mia': 1.0}
{'a1': 0.1, 'a4': 0.30000000000000004, 'G_theta': 1, 'G_k': 2, 'U_b': 1, 'U_a': 0, 'mia': 1.0}
{'a1': 0.1, 'a4': 0.30000000000000004, 'G_theta': 1, 'G_k': 2, 'U_b': 2, 'U_a': 1, 'mia': 1.0}
{'a1': 0.1, 'a4': 0.30000000000000004, 'G_theta': 2, 'G_k': 2, 'U_b': 2, 'U_a': 1, 'mia': 1.0}
{'a1': 0.1, 'a4': 0.30000000000000004, 'G_theta': 3, 'G_k': 2, 'U_b': 2, 'U_a': 1, 'mia': 1.0}
{'a1': 0.1, 'a4': 0.30000000000000004, 'G_theta': 5, 'G_k': 1, 'U_b': 1, 'U_a': 0, 'mia': 1.0}
{'a1': 0.1, 'a4': 0.30000000000000004, 'G_theta': 5, 'G_k': 1, 'U_b': 2, 'U_a': 1, 'mia': 1.0}
{'a1': 0.1, 'a4': 0.30000000000000004, 'G_theta': 0.5, 'G_k': 1, 'U_b': 1, 'U_a': 0, 'mia': 1.0}
{'a1': 0.1, 'a4': 0.30000000000000004, 'G_theta': 0.5, 'G_k': 1, 'U_b': 2, 'U_a': 1, 'mia': 1.0}
{'a1': 0.1, 'a4': 0.4, 'G_theta': 1, 'G_k': 2, 'U_b': 1, 'U_a': 0, 'mia': 1.0}
{'a1': 0.1, 'a4': 0.4, 'G_theta': 1, 'G_k': 2, 'U_b': 2, 'U_a': 1, 'mia': 1.0}
{'a1': 0.1, 'a4': 0.4, 'G_theta': 2, 'G_k': 2, 'U_b': 1, 'U_a': 0, 'mia': 1.0}
{'a1': 0.1, 'a4': 0.4, 'G_theta': 2, 'G_k': 2, 'U_b': 2, 'U_a': 1, 'mia': 1.0}
{'a1': 0.1, 'a4': 0.4, 'G_theta': 3, 'G_k': 2, 'U_b': 2, 'U_a': 1, 'mia': 1.0}
{'a1': 0.1, 'a4': 0.4, 'G_theta': 5, 'G_k': 1, 'U_b': 1, 'U_a': 0, 'mia': 1.0}
{'a1': 0.1, 'a4': 0.4, 'G_theta': 5, 'G_k': 1, 'U_b': 2, 'U_a': 1, 'mia': 1.0}
{'a1': 0.1, 'a4': 0.4, 'G_theta': 0.5, 'G_k': 1, 'U_b': 1, 'U_a': 0, 'mia': 1.0}
{'a1': 0.1, 'a4': 0.4, 'G_theta': 0.5, 'G_k': 1, 'U_b': 2, 'U_a': 1, 'mia': 1.0}
{'a1': 0.1, 'a4': 0.5, 'G_theta': 1, 'G_k': 2, 'U_b': 1, 'U_a': 0, 'mia': 1.0}
{'a1': 0.1, 'a4': 0.5, 'G_theta': 1, 'G_k': 2, 'U_b': 2, 'U_a': 1, 'mia': 1.0}
{'a1': 0.1, 'a4': 0.5, 'G_theta': 2, 'G_k': 2, 'U_b': 1, 'U_a': 0, 'mia': 1.0}
{'a1': 0.1, 'a4': 0.5, 'G_theta': 2, 'G_k': 2, 'U_b': 2, 'U_a': 1, 'mia': 1.0}
{'a1': 0.1, 'a4': 0.5, 'G_theta': 3, 'G_k': 2, 'U_b': 1, 'U_a': 0, 'mia': 1.0}
{'a1': 0.1, 'a4': 0.5, 'G_theta': 3, 'G_k': 2, 'U_b': 2, 'U_a': 1, 'mia': 1.0}
{'a1': 0.1, 'a4': 0.5, 'G_theta': 5, 'G_k': 1, 'U_b': 1, 'U_a': 0, 'mia': 1.0}
{'a1': 0.1, 'a4': 0.5, 'G_theta': 5, 'G_k': 1, 'U_b': 2, 'U_a': 1, 'mia': 1.0}
{'a1': 0.1, 'a4': 0.5, 'G_theta': 0.5, 'G_k': 1, 'U_b': 1, 'U_a': 0, 'mia': 1.0}
{'a1': 0.1, 'a4': 0.5, 'G_theta': 0.5, 'G_k': 1, 'U_b': 2, 'U_a': 1, 'mia': 1.0}
{'a1': 0.1, 'a4': 0.6, 'G_theta': 1, 'G_k': 2, 'U_b': 1, 'U_a': 0, 'mia': 1.0}
{'a1': 0.1, 'a4': 0.6, 'G_theta': 1, 'G_k': 2, 'U_b': 2, 'U_a': 1, 'mia': 1.0}
{'a1': 0.1, 'a4': 0.6, 'G_theta': 2, 'G_k': 2, 'U_b': 1, 'U_a': 0, 'mia': 1.0}
{'a1': 0.1, 'a4': 0.6, 'G_theta': 2, 'G_k': 2, 'U_b': 2, 'U_a': 1, 'mia': 1.0}
{'a1': 0.1, 'a4': 0.6, 'G_theta': 3, 'G_k': 2, 'U_b': 1, 'U_a': 0, 'mia': 1.0}
{'a1': 0.1, 'a4': 0.6, 'G_theta': 3, 'G_k': 2, 'U_b': 2, 'U_a': 1, 'mia': 1.0}
{'a1': 0.1, 'a4': 0.6, 'G_theta': 5, 'G_k': 1, 'U_b': 1, 'U_a': 0, 'mia': 1.0}
{'a1': 0.1, 'a4': 0.6, 'G_theta': 5, 'G_k': 1, 'U_b': 2, 'U_a': 1, 'mia': 1.0}
{'a1': 0.1, 'a4': 0.6, 'G_theta': 0.5, 'G_k': 1, 'U_b': 1, 'U_a': 0, 'mia': 1.0}
{'a1': 0.1, 'a4': 0.6, 'G_theta': 0.5, 'G_k': 1, 'U_b': 2, 'U_a': 1, 'mia': 1.0}
{'a1': 0.1, 'a4': 0.7000000000000001, 'G_theta': 1, 'G_k': 2, 'U_b': 1, 'U_a': 0, 'mia': 1.0}
{'a1': 0.1, 'a4': 0.7000000000000001, 'G_theta': 1, 'G_k': 2, 'U_b': 2, 'U_a': 1, 'mia': 1.0}
{'a1': 0.1, 'a4': 0.7000000000000001, 'G_theta': 2, 'G_k': 2, 'U_b': 1, 'U_a': 0, 'mia': 1.0}
{'a1': 0.1, 'a4': 0.7000000000000001, 'G_theta': 2, 'G_k': 2, 'U_b': 2, 'U_a': 1, 'mia': 1.0}
{'a1': 0.1, 'a4': 0.7000000000000001, 'G_theta': 3, 'G_k': 2, 'U_b': 1, 'U_a': 0, 'mia': 1.0}
{'a1': 0.1, 'a4': 0.7000000000000001, 'G_theta': 3, 'G_k': 2, 'U_b': 2, 'U_a': 1, 'mia': 1.0}
{'a1': 0.1, 'a4': 0.7000000000000001, 'G_theta': 5, 'G_k': 1, 'U_b': 1, 'U_a': 0, 'mia': 1.0}
{'a1': 0.1, 'a4': 0.7000000000000001, 'G_theta': 5, 'G_k': 1, 'U_b': 2, 'U_a': 1, 'mia': 1.0}
{'a1': 0.1, 'a4': 0.7000000000000001, 'G_theta': 0.5, 'G_k': 1, 'U_b': 1, 'U_a': 0, 'mia': 1.0}
{'a1': 0.1, 'a4': 0.7000000000000001, 'G_theta': 0.5, 'G_k': 1, 'U_b': 2, 'U_a': 1, 'mia': 1.0}
{'a1': 0.1, 'a4': 0.8, 'G_theta': 1, 'G_k': 2, 'U_b': 1, 'U_a': 0, 'mia': 1.0}
{'a1': 0.1, 'a4': 0.8, 'G_theta': 1, 'G_k': 2, 'U_b': 2, 'U_a': 1, 'mia': 1.0}
{'a1': 0.1, 'a4': 0.8, 'G_theta': 2, 'G_k': 2, 'U_b': 1, 'U_a': 0, 'mia': 1.0}
{'a1': 0.1, 'a4': 0.8, 'G_theta': 2, 'G_k': 2, 'U_b': 2, 'U_a': 1, 'mia': 1.0}
{'a1': 0.1, 'a4': 0.8, 'G_theta': 3, 'G_k': 2, 'U_b': 1, 'U_a': 0, 'mia': 1.0}
{'a1': 0.1, 'a4': 0.8, 'G_theta': 3, 'G_k': 2, 'U_b': 2, 'U_a': 1, 'mia': 1.0}
{'a1': 0.1, 'a4': 0.8, 'G_theta': 5, 'G_k': 1, 'U_b': 1, 'U_a': 0, 'mia': 1.0}
{'a1': 0.1, 'a4': 0.8, 'G_theta': 5, 'G_k': 1, 'U_b': 2, 'U_a': 1, 'mia': 1.0}
{'a1': 0.1, 'a4': 0.8, 'G_theta': 0.5, 'G_k': 1, 'U_b': 1, 'U_a': 0, 'mia': 1.0}
{'a1': 0.1, 'a4': 0.8, 'G_theta': 0.5, 'G_k': 1, 'U_b': 2, 'U_a': 1, 'mia': 1.0}
{'a1': 0.1, 'a4': 0.9, 'G_theta': 1, 'G_k': 2, 'U_b': 1, 'U_a': 0, 'mia': 1.0}
{'a1': 0.1, 'a4': 0.9, 'G_theta': 1, 'G_k': 2, 'U_b': 2, 'U_a': 1, 'mia': 1.0}
{'a1': 0.1, 'a4': 0.9, 'G_theta': 2, 'G_k': 2, 'U_b': 1, 'U_a': 0, 'mia': 1.0}
{'a1': 0.1, 'a4': 0.9, 'G_theta': 2, 'G_k': 2, 'U_b': 2, 'U_a': 1, 'mia': 1.0}
{'a1': 0.1, 'a4': 0.9, 'G_theta': 3, 'G_k': 2, 'U_b': 1, 'U_a': 0, 'mia': 1.0}
{'a1': 0.1, 'a4': 0.9, 'G_theta': 3, 'G_k': 2, 'U_b': 2, 'U_a': 1, 'mia': 1.0}
{'a1': 0.1, 'a4': 0.9, 'G_theta': 5, 'G_k': 1, 'U_b': 1, 'U_a': 0, 'mia': 1.0}
{'a1': 0.1, 'a4': 0.9, 'G_theta': 5, 'G_k': 1, 'U_b': 2, 'U_a': 1, 'mia': 1.0}
{'a1': 0.1, 'a4': 0.9, 'G_theta': 0.5, 'G_k': 1, 'U_b': 1, 'U_a': 0, 'mia': 1.0}
{'a1': 0.1, 'a4': 0.9, 'G_theta': 0.5, 'G_k': 1, 'U_b': 2, 'U_a': 1, 'mia': 1.0}
{'a1': 0.2, 'a4': 0.1, 'G_theta': 0.5, 'G_k': 1, 'U_b': 1, 'U_a': 0, 'mia': 1.0}
{'a1': 0.2, 'a4': 0.1, 'G_theta': 0.5, 'G_k': 1, 'U_b': 2, 'U_a': 1, 'mia': 1.0}
{'a1': 0.2, 'a4': 0.2, 'G_theta': 1, 'G_k': 2, 'U_b': 2, 'U_a': 1, 'mia': 1.0}
{'a1': 0.2, 'a4': 0.2, 'G_theta': 0.5, 'G_k': 1, 'U_b': 1, 'U_a': 0, 'mia': 1.0}
{'a1': 0.2, 'a4': 0.2, 'G_theta': 0.5, 'G_k': 1, 'U_b': 2, 'U_a': 1, 'mia': 1.0}
{'a1': 0.2, 'a4': 0.30000000000000004, 'G_theta': 1, 'G_k': 2, 'U_b': 2, 'U_a': 1, 'mia': 1.0}
{'a1': 0.2, 'a4': 0.30000000000000004, 'G_theta': 2, 'G_k': 2, 'U_b': 2, 'U_a': 1, 'mia': 1.0}
{'a1': 0.2, 'a4': 0.30000000000000004, 'G_theta': 3, 'G_k': 2, 'U_b': 2, 'U_a': 1, 'mia': 1.0}
{'a1': 0.2, 'a4': 0.30000000000000004, 'G_theta': 0.5, 'G_k': 1, 'U_b': 1, 'U_a': 0, 'mia': 1.0}
{'a1': 0.2, 'a4': 0.30000000000000004, 'G_theta': 0.5, 'G_k': 1, 'U_b': 2, 'U_a': 1, 'mia': 1.0}
{'a1': 0.2, 'a4': 0.4, 'G_theta': 1, 'G_k': 2, 'U_b': 1, 'U_a': 0, 'mia': 1.0}
{'a1': 0.2, 'a4': 0.4, 'G_theta': 1, 'G_k': 2, 'U_b': 2, 'U_a': 1, 'mia': 1.0}
{'a1': 0.2, 'a4': 0.4, 'G_theta': 2, 'G_k': 2, 'U_b': 2, 'U_a': 1, 'mia': 1.0}
{'a1': 0.2, 'a4': 0.4, 'G_theta': 3, 'G_k': 2, 'U_b': 2, 'U_a': 1, 'mia': 1.0}
{'a1': 0.2, 'a4': 0.4, 'G_theta': 0.5, 'G_k': 1, 'U_b': 1, 'U_a': 0, 'mia': 1.0}
{'a1': 0.2, 'a4': 0.4, 'G_theta': 0.5, 'G_k': 1, 'U_b': 2, 'U_a': 1, 'mia': 1.0}
{'a1': 0.2, 'a4': 0.5, 'G_theta': 1, 'G_k': 2, 'U_b': 1, 'U_a': 0, 'mia': 1.0}
{'a1': 0.2, 'a4': 0.5, 'G_theta': 1, 'G_k': 2, 'U_b': 2, 'U_a': 1, 'mia': 1.0}
{'a1': 0.2, 'a4': 0.5, 'G_theta': 2, 'G_k': 2, 'U_b': 2, 'U_a': 1, 'mia': 1.0}
{'a1': 0.2, 'a4': 0.5, 'G_theta': 3, 'G_k': 2, 'U_b': 2, 'U_a': 1, 'mia': 1.0}
{'a1': 0.2, 'a4': 0.5, 'G_theta': 0.5, 'G_k': 1, 'U_b': 1, 'U_a': 0, 'mia': 1.0}
{'a1': 0.2, 'a4': 0.5, 'G_theta': 0.5, 'G_k': 1, 'U_b': 2, 'U_a': 1, 'mia': 1.0}
{'a1': 0.2, 'a4': 0.6, 'G_theta': 1, 'G_k': 2, 'U_b': 1, 'U_a': 0, 'mia': 1.0}
{'a1': 0.2, 'a4': 0.6, 'G_theta': 1, 'G_k': 2, 'U_b': 2, 'U_a': 1, 'mia': 1.0}
{'a1': 0.2, 'a4': 0.6, 'G_theta': 2, 'G_k': 2, 'U_b': 1, 'U_a': 0, 'mia': 1.0}
{'a1': 0.2, 'a4': 0.6, 'G_theta': 2, 'G_k': 2, 'U_b': 2, 'U_a': 1, 'mia': 1.0}
{'a1': 0.2, 'a4': 0.6, 'G_theta': 3, 'G_k': 2, 'U_b': 2, 'U_a': 1, 'mia': 1.0}
{'a1': 0.2, 'a4': 0.6, 'G_theta': 0.5, 'G_k': 1, 'U_b': 1, 'U_a': 0, 'mia': 1.0}
{'a1': 0.2, 'a4': 0.6, 'G_theta': 0.5, 'G_k': 1, 'U_b': 2, 'U_a': 1, 'mia': 1.0}
{'a1': 0.2, 'a4': 0.7000000000000001, 'G_theta': 1, 'G_k': 2, 'U_b': 1, 'U_a': 0, 'mia': 1.0}
{'a1': 0.2, 'a4': 0.7000000000000001, 'G_theta': 1, 'G_k': 2, 'U_b': 2, 'U_a': 1, 'mia': 1.0}
{'a1': 0.2, 'a4': 0.7000000000000001, 'G_theta': 2, 'G_k': 2, 'U_b': 1, 'U_a': 0, 'mia': 1.0}
{'a1': 0.2, 'a4': 0.7000000000000001, 'G_theta': 2, 'G_k': 2, 'U_b': 2, 'U_a': 1, 'mia': 1.0}
{'a1': 0.2, 'a4': 0.7000000000000001, 'G_theta': 3, 'G_k': 2, 'U_b': 2, 'U_a': 1, 'mia': 1.0}
{'a1': 0.2, 'a4': 0.7000000000000001, 'G_theta': 0.5, 'G_k': 1, 'U_b': 1, 'U_a': 0, 'mia': 1.0}
{'a1': 0.2, 'a4': 0.7000000000000001, 'G_theta': 0.5, 'G_k': 1, 'U_b': 2, 'U_a': 1, 'mia': 1.0}
{'a1': 0.2, 'a4': 0.8, 'G_theta': 1, 'G_k': 2, 'U_b': 1, 'U_a': 0, 'mia': 1.0}
{'a1': 0.2, 'a4': 0.8, 'G_theta': 1, 'G_k': 2, 'U_b': 2, 'U_a': 1, 'mia': 1.0}
{'a1': 0.2, 'a4': 0.8, 'G_theta': 2, 'G_k': 2, 'U_b': 1, 'U_a': 0, 'mia': 1.0}
{'a1': 0.2, 'a4': 0.8, 'G_theta': 2, 'G_k': 2, 'U_b': 2, 'U_a': 1, 'mia': 1.0}
{'a1': 0.2, 'a4': 0.8, 'G_theta': 3, 'G_k': 2, 'U_b': 1, 'U_a': 0, 'mia': 1.0}
{'a1': 0.2, 'a4': 0.8, 'G_theta': 3, 'G_k': 2, 'U_b': 2, 'U_a': 1, 'mia': 1.0}
{'a1': 0.2, 'a4': 0.8, 'G_theta': 0.5, 'G_k': 1, 'U_b': 1, 'U_a': 0, 'mia': 1.0}
{'a1': 0.2, 'a4': 0.8, 'G_theta': 0.5, 'G_k': 1, 'U_b': 2, 'U_a': 1, 'mia': 1.0}
{'a1': 0.2, 'a4': 0.9, 'G_theta': 1, 'G_k': 2, 'U_b': 1, 'U_a': 0, 'mia': 1.0}
{'a1': 0.2, 'a4': 0.9, 'G_theta': 1, 'G_k': 2, 'U_b': 2, 'U_a': 1, 'mia': 1.0}
{'a1': 0.2, 'a4': 0.9, 'G_theta': 2, 'G_k': 2, 'U_b': 1, 'U_a': 0, 'mia': 1.0}
{'a1': 0.2, 'a4': 0.9, 'G_theta': 2, 'G_k': 2, 'U_b': 2, 'U_a': 1, 'mia': 1.0}
{'a1': 0.2, 'a4': 0.9, 'G_theta': 3, 'G_k': 2, 'U_b': 1, 'U_a': 0, 'mia': 1.0}
{'a1': 0.2, 'a4': 0.9, 'G_theta': 3, 'G_k': 2, 'U_b': 2, 'U_a': 1, 'mia': 1.0}
{'a1': 0.2, 'a4': 0.9, 'G_theta': 0.5, 'G_k': 1, 'U_b': 1, 'U_a': 0, 'mia': 1.0}
{'a1': 0.2, 'a4': 0.9, 'G_theta': 0.5, 'G_k': 1, 'U_b': 2, 'U_a': 1, 'mia': 1.0}
{'a1': 0.30000000000000004, 'a4': 0.1, 'G_theta': 0.5, 'G_k': 1, 'U_b': 1, 'U_a': 0, 'mia': 1.0}
{'a1': 0.30000000000000004, 'a4': 0.1, 'G_theta': 0.5, 'G_k': 1, 'U_b': 2, 'U_a': 1, 'mia': 1.0}
{'a1': 0.30000000000000004, 'a4': 0.2, 'G_theta': 1, 'G_k': 2, 'U_b': 2, 'U_a': 1, 'mia': 1.0}
{'a1': 0.30000000000000004, 'a4': 0.2, 'G_theta': 0.5, 'G_k': 1, 'U_b': 1, 'U_a': 0, 'mia': 1.0}
{'a1': 0.30000000000000004, 'a4': 0.2, 'G_theta': 0.5, 'G_k': 1, 'U_b': 2, 'U_a': 1, 'mia': 1.0}
{'a1': 0.30000000000000004, 'a4': 0.30000000000000004, 'G_theta': 1, 'G_k': 2, 'U_b': 2, 'U_a': 1, 'mia': 1.0}
{'a1': 0.30000000000000004, 'a4': 0.30000000000000004, 'G_theta': 2, 'G_k': 2, 'U_b': 2, 'U_a': 1, 'mia': 1.0}
{'a1': 0.30000000000000004, 'a4': 0.30000000000000004, 'G_theta': 0.5, 'G_k': 1, 'U_b': 1, 'U_a': 0, 'mia': 1.0}
{'a1': 0.30000000000000004, 'a4': 0.30000000000000004, 'G_theta': 0.5, 'G_k': 1, 'U_b': 2, 'U_a': 1, 'mia': 1.0}
{'a1': 0.30000000000000004, 'a4': 0.4, 'G_theta': 1, 'G_k': 2, 'U_b': 2, 'U_a': 1, 'mia': 1.0}
{'a1': 0.30000000000000004, 'a4': 0.4, 'G_theta': 2, 'G_k': 2, 'U_b': 2, 'U_a': 1, 'mia': 1.0}
{'a1': 0.30000000000000004, 'a4': 0.4, 'G_theta': 0.5, 'G_k': 1, 'U_b': 1, 'U_a': 0, 'mia': 1.0}
{'a1': 0.30000000000000004, 'a4': 0.4, 'G_theta': 0.5, 'G_k': 1, 'U_b': 2, 'U_a': 1, 'mia': 1.0}
{'a1': 0.30000000000000004, 'a4': 0.5, 'G_theta': 1, 'G_k': 2, 'U_b': 1, 'U_a': 0, 'mia': 1.0}
{'a1': 0.30000000000000004, 'a4': 0.5, 'G_theta': 1, 'G_k': 2, 'U_b': 2, 'U_a': 1, 'mia': 1.0}
{'a1': 0.30000000000000004, 'a4': 0.5, 'G_theta': 2, 'G_k': 2, 'U_b': 2, 'U_a': 1, 'mia': 1.0}
{'a1': 0.30000000000000004, 'a4': 0.5, 'G_theta': 3, 'G_k': 2, 'U_b': 2, 'U_a': 1, 'mia': 1.0}
{'a1': 0.30000000000000004, 'a4': 0.5, 'G_theta': 0.5, 'G_k': 1, 'U_b': 1, 'U_a': 0, 'mia': 1.0}
{'a1': 0.30000000000000004, 'a4': 0.5, 'G_theta': 0.5, 'G_k': 1, 'U_b': 2, 'U_a': 1, 'mia': 1.0}
{'a1': 0.30000000000000004, 'a4': 0.6, 'G_theta': 1, 'G_k': 2, 'U_b': 1, 'U_a': 0, 'mia': 1.0}
{'a1': 0.30000000000000004, 'a4': 0.6, 'G_theta': 1, 'G_k': 2, 'U_b': 2, 'U_a': 1, 'mia': 1.0}
{'a1': 0.30000000000000004, 'a4': 0.6, 'G_theta': 2, 'G_k': 2, 'U_b': 2, 'U_a': 1, 'mia': 1.0}
{'a1': 0.30000000000000004, 'a4': 0.6, 'G_theta': 3, 'G_k': 2, 'U_b': 2, 'U_a': 1, 'mia': 1.0}
{'a1': 0.30000000000000004, 'a4': 0.6, 'G_theta': 0.5, 'G_k': 1, 'U_b': 1, 'U_a': 0, 'mia': 1.0}
{'a1': 0.30000000000000004, 'a4': 0.6, 'G_theta': 0.5, 'G_k': 1, 'U_b': 2, 'U_a': 1, 'mia': 1.0}
{'a1': 0.30000000000000004, 'a4': 0.7000000000000001, 'G_theta': 1, 'G_k': 2, 'U_b': 1, 'U_a': 0, 'mia': 1.0}
{'a1': 0.30000000000000004, 'a4': 0.7000000000000001, 'G_theta': 1, 'G_k': 2, 'U_b': 2, 'U_a': 1, 'mia': 1.0}
{'a1': 0.30000000000000004, 'a4': 0.7000000000000001, 'G_theta': 2, 'G_k': 2, 'U_b': 2, 'U_a': 1, 'mia': 1.0}
{'a1': 0.30000000000000004, 'a4': 0.7000000000000001, 'G_theta': 3, 'G_k': 2, 'U_b': 2, 'U_a': 1, 'mia': 1.0}
{'a1': 0.30000000000000004, 'a4': 0.7000000000000001, 'G_theta': 0.5, 'G_k': 1, 'U_b': 1, 'U_a': 0, 'mia': 1.0}
{'a1': 0.30000000000000004, 'a4': 0.7000000000000001, 'G_theta': 0.5, 'G_k': 1, 'U_b': 2, 'U_a': 1, 'mia': 1.0}
{'a1': 0.30000000000000004, 'a4': 0.8, 'G_theta': 1, 'G_k': 2, 'U_b': 1, 'U_a': 0, 'mia': 1.0}
{'a1': 0.30000000000000004, 'a4': 0.8, 'G_theta': 1, 'G_k': 2, 'U_b': 2, 'U_a': 1, 'mia': 1.0}
{'a1': 0.30000000000000004, 'a4': 0.8, 'G_theta': 2, 'G_k': 2, 'U_b': 1, 'U_a': 0, 'mia': 1.0}
{'a1': 0.30000000000000004, 'a4': 0.8, 'G_theta': 2, 'G_k': 2, 'U_b': 2, 'U_a': 1, 'mia': 1.0}
{'a1': 0.30000000000000004, 'a4': 0.8, 'G_theta': 3, 'G_k': 2, 'U_b': 2, 'U_a': 1, 'mia': 1.0}
{'a1': 0.30000000000000004, 'a4': 0.8, 'G_theta': 0.5, 'G_k': 1, 'U_b': 1, 'U_a': 0, 'mia': 1.0}
{'a1': 0.30000000000000004, 'a4': 0.8, 'G_theta': 0.5, 'G_k': 1, 'U_b': 2, 'U_a': 1, 'mia': 1.0}
{'a1': 0.30000000000000004, 'a4': 0.9, 'G_theta': 1, 'G_k': 2, 'U_b': 1, 'U_a': 0, 'mia': 1.0}
{'a1': 0.30000000000000004, 'a4': 0.9, 'G_theta': 1, 'G_k': 2, 'U_b': 2, 'U_a': 1, 'mia': 1.0}
{'a1': 0.30000000000000004, 'a4': 0.9, 'G_theta': 2, 'G_k': 2, 'U_b': 1, 'U_a': 0, 'mia': 1.0}
{'a1': 0.30000000000000004, 'a4': 0.9, 'G_theta': 2, 'G_k': 2, 'U_b': 2, 'U_a': 1, 'mia': 1.0}
{'a1': 0.30000000000000004, 'a4': 0.9, 'G_theta': 3, 'G_k': 2, 'U_b': 2, 'U_a': 1, 'mia': 1.0}
{'a1': 0.30000000000000004, 'a4': 0.9, 'G_theta': 0.5, 'G_k': 1, 'U_b': 1, 'U_a': 0, 'mia': 1.0}
{'a1': 0.30000000000000004, 'a4': 0.9, 'G_theta': 0.5, 'G_k': 1, 'U_b': 2, 'U_a': 1, 'mia': 1.0}
{'a1': 0.4, 'a4': 0.1, 'G_theta': 0.5, 'G_k': 1, 'U_b': 1, 'U_a': 0, 'mia': 1.0}
{'a1': 0.4, 'a4': 0.1, 'G_theta': 0.5, 'G_k': 1, 'U_b': 2, 'U_a': 1, 'mia': 1.0}
{'a1': 0.4, 'a4': 0.2, 'G_theta': 0.5, 'G_k': 1, 'U_b': 1, 'U_a': 0, 'mia': 1.0}
{'a1': 0.4, 'a4': 0.2, 'G_theta': 0.5, 'G_k': 1, 'U_b': 2, 'U_a': 1, 'mia': 1.0}
{'a1': 0.4, 'a4': 0.30000000000000004, 'G_theta': 1, 'G_k': 2, 'U_b': 2, 'U_a': 1, 'mia': 1.0}
{'a1': 0.4, 'a4': 0.30000000000000004, 'G_theta': 0.5, 'G_k': 1, 'U_b': 1, 'U_a': 0, 'mia': 1.0}
{'a1': 0.4, 'a4': 0.30000000000000004, 'G_theta': 0.5, 'G_k': 1, 'U_b': 2, 'U_a': 1, 'mia': 1.0}
{'a1': 0.4, 'a4': 0.4, 'G_theta': 1, 'G_k': 2, 'U_b': 2, 'U_a': 1, 'mia': 1.0}
{'a1': 0.4, 'a4': 0.4, 'G_theta': 2, 'G_k': 2, 'U_b': 2, 'U_a': 1, 'mia': 1.0}
{'a1': 0.4, 'a4': 0.4, 'G_theta': 0.5, 'G_k': 1, 'U_b': 1, 'U_a': 0, 'mia': 1.0}
{'a1': 0.4, 'a4': 0.4, 'G_theta': 0.5, 'G_k': 1, 'U_b': 2, 'U_a': 1, 'mia': 1.0}
{'a1': 0.4, 'a4': 0.5, 'G_theta': 1, 'G_k': 2, 'U_b': 2, 'U_a': 1, 'mia': 1.0}
{'a1': 0.4, 'a4': 0.5, 'G_theta': 2, 'G_k': 2, 'U_b': 2, 'U_a': 1, 'mia': 1.0}
{'a1': 0.4, 'a4': 0.5, 'G_theta': 0.5, 'G_k': 1, 'U_b': 1, 'U_a': 0, 'mia': 1.0}
{'a1': 0.4, 'a4': 0.5, 'G_theta': 0.5, 'G_k': 1, 'U_b': 2, 'U_a': 1, 'mia': 1.0}
{'a1': 0.4, 'a4': 0.6, 'G_theta': 1, 'G_k': 2, 'U_b': 1, 'U_a': 0, 'mia': 1.0}
{'a1': 0.4, 'a4': 0.6, 'G_theta': 1, 'G_k': 2, 'U_b': 2, 'U_a': 1, 'mia': 1.0}
{'a1': 0.4, 'a4': 0.6, 'G_theta': 2, 'G_k': 2, 'U_b': 2, 'U_a': 1, 'mia': 1.0}
{'a1': 0.4, 'a4': 0.6, 'G_theta': 3, 'G_k': 2, 'U_b': 2, 'U_a': 1, 'mia': 1.0}
{'a1': 0.4, 'a4': 0.6, 'G_theta': 0.5, 'G_k': 1, 'U_b': 1, 'U_a': 0, 'mia': 1.0}
{'a1': 0.4, 'a4': 0.6, 'G_theta': 0.5, 'G_k': 1, 'U_b': 2, 'U_a': 1, 'mia': 1.0}
{'a1': 0.4, 'a4': 0.7000000000000001, 'G_theta': 1, 'G_k': 2, 'U_b': 1, 'U_a': 0, 'mia': 1.0}
{'a1': 0.4, 'a4': 0.7000000000000001, 'G_theta': 1, 'G_k': 2, 'U_b': 2, 'U_a': 1, 'mia': 1.0}
{'a1': 0.4, 'a4': 0.7000000000000001, 'G_theta': 2, 'G_k': 2, 'U_b': 2, 'U_a': 1, 'mia': 1.0}
{'a1': 0.4, 'a4': 0.7000000000000001, 'G_theta': 3, 'G_k': 2, 'U_b': 2, 'U_a': 1, 'mia': 1.0}
{'a1': 0.4, 'a4': 0.7000000000000001, 'G_theta': 0.5, 'G_k': 1, 'U_b': 1, 'U_a': 0, 'mia': 1.0}
{'a1': 0.4, 'a4': 0.7000000000000001, 'G_theta': 0.5, 'G_k': 1, 'U_b': 2, 'U_a': 1, 'mia': 1.0}
{'a1': 0.4, 'a4': 0.8, 'G_theta': 1, 'G_k': 2, 'U_b': 1, 'U_a': 0, 'mia': 1.0}
{'a1': 0.4, 'a4': 0.8, 'G_theta': 1, 'G_k': 2, 'U_b': 2, 'U_a': 1, 'mia': 1.0}
{'a1': 0.4, 'a4': 0.8, 'G_theta': 2, 'G_k': 2, 'U_b': 2, 'U_a': 1, 'mia': 1.0}
{'a1': 0.4, 'a4': 0.8, 'G_theta': 3, 'G_k': 2, 'U_b': 2, 'U_a': 1, 'mia': 1.0}
{'a1': 0.4, 'a4': 0.8, 'G_theta': 0.5, 'G_k': 1, 'U_b': 1, 'U_a': 0, 'mia': 1.0}
{'a1': 0.4, 'a4': 0.8, 'G_theta': 0.5, 'G_k': 1, 'U_b': 2, 'U_a': 1, 'mia': 1.0}
{'a1': 0.4, 'a4': 0.9, 'G_theta': 1, 'G_k': 2, 'U_b': 1, 'U_a': 0, 'mia': 1.0}
{'a1': 0.4, 'a4': 0.9, 'G_theta': 1, 'G_k': 2, 'U_b': 2, 'U_a': 1, 'mia': 1.0}
{'a1': 0.4, 'a4': 0.9, 'G_theta': 2, 'G_k': 2, 'U_b': 1, 'U_a': 0, 'mia': 1.0}
{'a1': 0.4, 'a4': 0.9, 'G_theta': 2, 'G_k': 2, 'U_b': 2, 'U_a': 1, 'mia': 1.0}
{'a1': 0.4, 'a4': 0.9, 'G_theta': 3, 'G_k': 2, 'U_b': 2, 'U_a': 1, 'mia': 1.0}
{'a1': 0.4, 'a4': 0.9, 'G_theta': 0.5, 'G_k': 1, 'U_b': 1, 'U_a': 0, 'mia': 1.0}
{'a1': 0.4, 'a4': 0.9, 'G_theta': 0.5, 'G_k': 1, 'U_b': 2, 'U_a': 1, 'mia': 1.0}
{'a1': 0.5, 'a4': 0.1, 'G_theta': 0.5, 'G_k': 1, 'U_b': 1, 'U_a': 0, 'mia': 1.0}
{'a1': 0.5, 'a4': 0.1, 'G_theta': 0.5, 'G_k': 1, 'U_b': 2, 'U_a': 1, 'mia': 1.0}
{'a1': 0.5, 'a4': 0.2, 'G_theta': 0.5, 'G_k': 1, 'U_b': 1, 'U_a': 0, 'mia': 1.0}
{'a1': 0.5, 'a4': 0.2, 'G_theta': 0.5, 'G_k': 1, 'U_b': 2, 'U_a': 1, 'mia': 1.0}
{'a1': 0.5, 'a4': 0.30000000000000004, 'G_theta': 1, 'G_k': 2, 'U_b': 2, 'U_a': 1, 'mia': 1.0}
{'a1': 0.5, 'a4': 0.30000000000000004, 'G_theta': 0.5, 'G_k': 1, 'U_b': 1, 'U_a': 0, 'mia': 1.0}
{'a1': 0.5, 'a4': 0.30000000000000004, 'G_theta': 0.5, 'G_k': 1, 'U_b': 2, 'U_a': 1, 'mia': 1.0}
{'a1': 0.5, 'a4': 0.4, 'G_theta': 1, 'G_k': 2, 'U_b': 2, 'U_a': 1, 'mia': 1.0}
{'a1': 0.5, 'a4': 0.4, 'G_theta': 0.5, 'G_k': 1, 'U_b': 1, 'U_a': 0, 'mia': 1.0}
{'a1': 0.5, 'a4': 0.4, 'G_theta': 0.5, 'G_k': 1, 'U_b': 2, 'U_a': 1, 'mia': 1.0}
{'a1': 0.5, 'a4': 0.5, 'G_theta': 1, 'G_k': 2, 'U_b': 2, 'U_a': 1, 'mia': 1.0}
{'a1': 0.5, 'a4': 0.5, 'G_theta': 2, 'G_k': 2, 'U_b': 2, 'U_a': 1, 'mia': 1.0}
{'a1': 0.5, 'a4': 0.5, 'G_theta': 0.5, 'G_k': 1, 'U_b': 1, 'U_a': 0, 'mia': 1.0}
{'a1': 0.5, 'a4': 0.5, 'G_theta': 0.5, 'G_k': 1, 'U_b': 2, 'U_a': 1, 'mia': 1.0}
{'a1': 0.5, 'a4': 0.6, 'G_theta': 1, 'G_k': 2, 'U_b': 2, 'U_a': 1, 'mia': 1.0}
{'a1': 0.5, 'a4': 0.6, 'G_theta': 2, 'G_k': 2, 'U_b': 2, 'U_a': 1, 'mia': 1.0}
{'a1': 0.5, 'a4': 0.6, 'G_theta': 0.5, 'G_k': 1, 'U_b': 1, 'U_a': 0, 'mia': 1.0}
{'a1': 0.5, 'a4': 0.6, 'G_theta': 0.5, 'G_k': 1, 'U_b': 2, 'U_a': 1, 'mia': 1.0}
{'a1': 0.5, 'a4': 0.7000000000000001, 'G_theta': 1, 'G_k': 2, 'U_b': 1, 'U_a': 0, 'mia': 1.0}
{'a1': 0.5, 'a4': 0.7000000000000001, 'G_theta': 1, 'G_k': 2, 'U_b': 2, 'U_a': 1, 'mia': 1.0}
{'a1': 0.5, 'a4': 0.7000000000000001, 'G_theta': 2, 'G_k': 2, 'U_b': 2, 'U_a': 1, 'mia': 1.0}
{'a1': 0.5, 'a4': 0.7000000000000001, 'G_theta': 3, 'G_k': 2, 'U_b': 2, 'U_a': 1, 'mia': 1.0}
{'a1': 0.5, 'a4': 0.7000000000000001, 'G_theta': 0.5, 'G_k': 1, 'U_b': 1, 'U_a': 0, 'mia': 1.0}
{'a1': 0.5, 'a4': 0.7000000000000001, 'G_theta': 0.5, 'G_k': 1, 'U_b': 2, 'U_a': 1, 'mia': 1.0}
{'a1': 0.5, 'a4': 0.8, 'G_theta': 1, 'G_k': 2, 'U_b': 1, 'U_a': 0, 'mia': 1.0}
{'a1': 0.5, 'a4': 0.8, 'G_theta': 1, 'G_k': 2, 'U_b': 2, 'U_a': 1, 'mia': 1.0}
{'a1': 0.5, 'a4': 0.8, 'G_theta': 2, 'G_k': 2, 'U_b': 2, 'U_a': 1, 'mia': 1.0}
{'a1': 0.5, 'a4': 0.8, 'G_theta': 3, 'G_k': 2, 'U_b': 2, 'U_a': 1, 'mia': 1.0}
{'a1': 0.5, 'a4': 0.8, 'G_theta': 0.5, 'G_k': 1, 'U_b': 1, 'U_a': 0, 'mia': 1.0}
{'a1': 0.5, 'a4': 0.8, 'G_theta': 0.5, 'G_k': 1, 'U_b': 2, 'U_a': 1, 'mia': 1.0}
{'a1': 0.5, 'a4': 0.9, 'G_theta': 1, 'G_k': 2, 'U_b': 1, 'U_a': 0, 'mia': 1.0}
{'a1': 0.5, 'a4': 0.9, 'G_theta': 1, 'G_k': 2, 'U_b': 2, 'U_a': 1, 'mia': 1.0}
{'a1': 0.5, 'a4': 0.9, 'G_theta': 2, 'G_k': 2, 'U_b': 2, 'U_a': 1, 'mia': 1.0}
{'a1': 0.5, 'a4': 0.9, 'G_theta': 3, 'G_k': 2, 'U_b': 2, 'U_a': 1, 'mia': 1.0}
{'a1': 0.5, 'a4': 0.9, 'G_theta': 0.5, 'G_k': 1, 'U_b': 1, 'U_a': 0, 'mia': 1.0}
{'a1': 0.5, 'a4': 0.9, 'G_theta': 0.5, 'G_k': 1, 'U_b': 2, 'U_a': 1, 'mia': 1.0}
{'a1': 0.6, 'a4': 0.1, 'G_theta': 0.5, 'G_k': 1, 'U_b': 1, 'U_a': 0, 'mia': 1.0}
{'a1': 0.6, 'a4': 0.1, 'G_theta': 0.5, 'G_k': 1, 'U_b': 2, 'U_a': 1, 'mia': 1.0}
{'a1': 0.6, 'a4': 0.2, 'G_theta': 0.5, 'G_k': 1, 'U_b': 1, 'U_a': 0, 'mia': 1.0}
{'a1': 0.6, 'a4': 0.2, 'G_theta': 0.5, 'G_k': 1, 'U_b': 2, 'U_a': 1, 'mia': 1.0}
{'a1': 0.6, 'a4': 0.30000000000000004, 'G_theta': 1, 'G_k': 2, 'U_b': 2, 'U_a': 1, 'mia': 1.0}
{'a1': 0.6, 'a4': 0.30000000000000004, 'G_theta': 0.5, 'G_k': 1, 'U_b': 1, 'U_a': 0, 'mia': 1.0}
{'a1': 0.6, 'a4': 0.30000000000000004, 'G_theta': 0.5, 'G_k': 1, 'U_b': 2, 'U_a': 1, 'mia': 1.0}
{'a1': 0.6, 'a4': 0.4, 'G_theta': 1, 'G_k': 2, 'U_b': 2, 'U_a': 1, 'mia': 1.0}
{'a1': 0.6, 'a4': 0.4, 'G_theta': 0.5, 'G_k': 1, 'U_b': 1, 'U_a': 0, 'mia': 1.0}
{'a1': 0.6, 'a4': 0.4, 'G_theta': 0.5, 'G_k': 1, 'U_b': 2, 'U_a': 1, 'mia': 1.0}
{'a1': 0.6, 'a4': 0.5, 'G_theta': 1, 'G_k': 2, 'U_b': 2, 'U_a': 1, 'mia': 1.0}
{'a1': 0.6, 'a4': 0.5, 'G_theta': 0.5, 'G_k': 1, 'U_b': 1, 'U_a': 0, 'mia': 1.0}
{'a1': 0.6, 'a4': 0.5, 'G_theta': 0.5, 'G_k': 1, 'U_b': 2, 'U_a': 1, 'mia': 1.0}
{'a1': 0.6, 'a4': 0.6, 'G_theta': 1, 'G_k': 2, 'U_b': 2, 'U_a': 1, 'mia': 1.0}
{'a1': 0.6, 'a4': 0.6, 'G_theta': 2, 'G_k': 2, 'U_b': 2, 'U_a': 1, 'mia': 1.0}
{'a1': 0.6, 'a4': 0.6, 'G_theta': 0.5, 'G_k': 1, 'U_b': 1, 'U_a': 0, 'mia': 1.0}
{'a1': 0.6, 'a4': 0.6, 'G_theta': 0.5, 'G_k': 1, 'U_b': 2, 'U_a': 1, 'mia': 1.0}
{'a1': 0.6, 'a4': 0.7000000000000001, 'G_theta': 1, 'G_k': 2, 'U_b': 2, 'U_a': 1, 'mia': 1.0}
{'a1': 0.6, 'a4': 0.7000000000000001, 'G_theta': 2, 'G_k': 2, 'U_b': 2, 'U_a': 1, 'mia': 1.0}
{'a1': 0.6, 'a4': 0.7000000000000001, 'G_theta': 0.5, 'G_k': 1, 'U_b': 1, 'U_a': 0, 'mia': 1.0}
{'a1': 0.6, 'a4': 0.7000000000000001, 'G_theta': 0.5, 'G_k': 1, 'U_b': 2, 'U_a': 1, 'mia': 1.0}
{'a1': 0.6, 'a4': 0.8, 'G_theta': 1, 'G_k': 2, 'U_b': 1, 'U_a': 0, 'mia': 1.0}
{'a1': 0.6, 'a4': 0.8, 'G_theta': 1, 'G_k': 2, 'U_b': 2, 'U_a': 1, 'mia': 1.0}
{'a1': 0.6, 'a4': 0.8, 'G_theta': 2, 'G_k': 2, 'U_b': 2, 'U_a': 1, 'mia': 1.0}
{'a1': 0.6, 'a4': 0.8, 'G_theta': 3, 'G_k': 2, 'U_b': 2, 'U_a': 1, 'mia': 1.0}
{'a1': 0.6, 'a4': 0.8, 'G_theta': 0.5, 'G_k': 1, 'U_b': 1, 'U_a': 0, 'mia': 1.0}
{'a1': 0.6, 'a4': 0.8, 'G_theta': 0.5, 'G_k': 1, 'U_b': 2, 'U_a': 1, 'mia': 1.0}
{'a1': 0.6, 'a4': 0.9, 'G_theta': 1, 'G_k': 2, 'U_b': 1, 'U_a': 0, 'mia': 1.0}
{'a1': 0.6, 'a4': 0.9, 'G_theta': 1, 'G_k': 2, 'U_b': 2, 'U_a': 1, 'mia': 1.0}
{'a1': 0.6, 'a4': 0.9, 'G_theta': 2, 'G_k': 2, 'U_b': 2, 'U_a': 1, 'mia': 1.0}
{'a1': 0.6, 'a4': 0.9, 'G_theta': 3, 'G_k': 2, 'U_b': 2, 'U_a': 1, 'mia': 1.0}
{'a1': 0.6, 'a4': 0.9, 'G_theta': 0.5, 'G_k': 1, 'U_b': 1, 'U_a': 0, 'mia': 1.0}
{'a1': 0.6, 'a4': 0.9, 'G_theta': 0.5, 'G_k': 1, 'U_b': 2, 'U_a': 1, 'mia': 1.0}
{'a1': 0.7000000000000001, 'a4': 0.1, 'G_theta': 0.5, 'G_k': 1, 'U_b': 1, 'U_a': 0, 'mia': 1.0}
{'a1': 0.7000000000000001, 'a4': 0.1, 'G_theta': 0.5, 'G_k': 1, 'U_b': 2, 'U_a': 1, 'mia': 1.0}
{'a1': 0.7000000000000001, 'a4': 0.2, 'G_theta': 0.5, 'G_k': 1, 'U_b': 1, 'U_a': 0, 'mia': 1.0}
{'a1': 0.7000000000000001, 'a4': 0.2, 'G_theta': 0.5, 'G_k': 1, 'U_b': 2, 'U_a': 1, 'mia': 1.0}
{'a1': 0.7000000000000001, 'a4': 0.30000000000000004, 'G_theta': 0.5, 'G_k': 1, 'U_b': 1, 'U_a': 0, 'mia': 1.0}
{'a1': 0.7000000000000001, 'a4': 0.30000000000000004, 'G_theta': 0.5, 'G_k': 1, 'U_b': 2, 'U_a': 1, 'mia': 1.0}
{'a1': 0.7000000000000001, 'a4': 0.4, 'G_theta': 1, 'G_k': 2, 'U_b': 2, 'U_a': 1, 'mia': 1.0}
{'a1': 0.7000000000000001, 'a4': 0.4, 'G_theta': 0.5, 'G_k': 1, 'U_b': 1, 'U_a': 0, 'mia': 1.0}
{'a1': 0.7000000000000001, 'a4': 0.4, 'G_theta': 0.5, 'G_k': 1, 'U_b': 2, 'U_a': 1, 'mia': 1.0}
{'a1': 0.7000000000000001, 'a4': 0.5, 'G_theta': 1, 'G_k': 2, 'U_b': 2, 'U_a': 1, 'mia': 1.0}
{'a1': 0.7000000000000001, 'a4': 0.5, 'G_theta': 0.5, 'G_k': 1, 'U_b': 1, 'U_a': 0, 'mia': 1.0}
{'a1': 0.7000000000000001, 'a4': 0.5, 'G_theta': 0.5, 'G_k': 1, 'U_b': 2, 'U_a': 1, 'mia': 1.0}
{'a1': 0.7000000000000001, 'a4': 0.6, 'G_theta': 1, 'G_k': 2, 'U_b': 2, 'U_a': 1, 'mia': 1.0}
{'a1': 0.7000000000000001, 'a4': 0.6, 'G_theta': 2, 'G_k': 2, 'U_b': 2, 'U_a': 1, 'mia': 1.0}
{'a1': 0.7000000000000001, 'a4': 0.6, 'G_theta': 0.5, 'G_k': 1, 'U_b': 1, 'U_a': 0, 'mia': 1.0}
{'a1': 0.7000000000000001, 'a4': 0.6, 'G_theta': 0.5, 'G_k': 1, 'U_b': 2, 'U_a': 1, 'mia': 1.0}
{'a1': 0.7000000000000001, 'a4': 0.7000000000000001, 'G_theta': 1, 'G_k': 2, 'U_b': 2, 'U_a': 1, 'mia': 1.0}
{'a1': 0.7000000000000001, 'a4': 0.7000000000000001, 'G_theta': 2, 'G_k': 2, 'U_b': 2, 'U_a': 1, 'mia': 1.0}
{'a1': 0.7000000000000001, 'a4': 0.7000000000000001, 'G_theta': 0.5, 'G_k': 1, 'U_b': 1, 'U_a': 0, 'mia': 1.0}
{'a1': 0.7000000000000001, 'a4': 0.7000000000000001, 'G_theta': 0.5, 'G_k': 1, 'U_b': 2, 'U_a': 1, 'mia': 1.0}
{'a1': 0.7000000000000001, 'a4': 0.8, 'G_theta': 1, 'G_k': 2, 'U_b': 1, 'U_a': 0, 'mia': 1.0}
{'a1': 0.7000000000000001, 'a4': 0.8, 'G_theta': 1, 'G_k': 2, 'U_b': 2, 'U_a': 1, 'mia': 1.0}
{'a1': 0.7000000000000001, 'a4': 0.8, 'G_theta': 2, 'G_k': 2, 'U_b': 2, 'U_a': 1, 'mia': 1.0}
{'a1': 0.7000000000000001, 'a4': 0.8, 'G_theta': 0.5, 'G_k': 1, 'U_b': 1, 'U_a': 0, 'mia': 1.0}
{'a1': 0.7000000000000001, 'a4': 0.8, 'G_theta': 0.5, 'G_k': 1, 'U_b': 2, 'U_a': 1, 'mia': 1.0}
{'a1': 0.7000000000000001, 'a4': 0.9, 'G_theta': 1, 'G_k': 2, 'U_b': 1, 'U_a': 0, 'mia': 1.0}
{'a1': 0.7000000000000001, 'a4': 0.9, 'G_theta': 1, 'G_k': 2, 'U_b': 2, 'U_a': 1, 'mia': 1.0}
{'a1': 0.7000000000000001, 'a4': 0.9, 'G_theta': 2, 'G_k': 2, 'U_b': 2, 'U_a': 1, 'mia': 1.0}
{'a1': 0.7000000000000001, 'a4': 0.9, 'G_theta': 3, 'G_k': 2, 'U_b': 2, 'U_a': 1, 'mia': 1.0}
{'a1': 0.7000000000000001, 'a4': 0.9, 'G_theta': 0.5, 'G_k': 1, 'U_b': 1, 'U_a': 0, 'mia': 1.0}
{'a1': 0.7000000000000001, 'a4': 0.9, 'G_theta': 0.5, 'G_k': 1, 'U_b': 2, 'U_a': 1, 'mia': 1.0}
{'a1': 0.8, 'a4': 0.1, 'G_theta': 0.5, 'G_k': 1, 'U_b': 1, 'U_a': 0, 'mia': 1.0}
{'a1': 0.8, 'a4': 0.1, 'G_theta': 0.5, 'G_k': 1, 'U_b': 2, 'U_a': 1, 'mia': 1.0}
{'a1': 0.8, 'a4': 0.2, 'G_theta': 0.5, 'G_k': 1, 'U_b': 1, 'U_a': 0, 'mia': 1.0}
{'a1': 0.8, 'a4': 0.2, 'G_theta': 0.5, 'G_k': 1, 'U_b': 2, 'U_a': 1, 'mia': 1.0}
{'a1': 0.8, 'a4': 0.30000000000000004, 'G_theta': 0.5, 'G_k': 1, 'U_b': 1, 'U_a': 0, 'mia': 1.0}
{'a1': 0.8, 'a4': 0.30000000000000004, 'G_theta': 0.5, 'G_k': 1, 'U_b': 2, 'U_a': 1, 'mia': 1.0}
{'a1': 0.8, 'a4': 0.4, 'G_theta': 1, 'G_k': 2, 'U_b': 2, 'U_a': 1, 'mia': 1.0}
{'a1': 0.8, 'a4': 0.4, 'G_theta': 0.5, 'G_k': 1, 'U_b': 1, 'U_a': 0, 'mia': 1.0}
{'a1': 0.8, 'a4': 0.4, 'G_theta': 0.5, 'G_k': 1, 'U_b': 2, 'U_a': 1, 'mia': 1.0}
{'a1': 0.8, 'a4': 0.5, 'G_theta': 1, 'G_k': 2, 'U_b': 2, 'U_a': 1, 'mia': 1.0}
{'a1': 0.8, 'a4': 0.5, 'G_theta': 0.5, 'G_k': 1, 'U_b': 1, 'U_a': 0, 'mia': 1.0}
{'a1': 0.8, 'a4': 0.5, 'G_theta': 0.5, 'G_k': 1, 'U_b': 2, 'U_a': 1, 'mia': 1.0}
{'a1': 0.8, 'a4': 0.6, 'G_theta': 1, 'G_k': 2, 'U_b': 2, 'U_a': 1, 'mia': 1.0}
{'a1': 0.8, 'a4': 0.6, 'G_theta': 0.5, 'G_k': 1, 'U_b': 1, 'U_a': 0, 'mia': 1.0}
{'a1': 0.8, 'a4': 0.6, 'G_theta': 0.5, 'G_k': 1, 'U_b': 2, 'U_a': 1, 'mia': 1.0}
{'a1': 0.8, 'a4': 0.7000000000000001, 'G_theta': 1, 'G_k': 2, 'U_b': 2, 'U_a': 1, 'mia': 1.0}
{'a1': 0.8, 'a4': 0.7000000000000001, 'G_theta': 2, 'G_k': 2, 'U_b': 2, 'U_a': 1, 'mia': 1.0}
{'a1': 0.8, 'a4': 0.7000000000000001, 'G_theta': 0.5, 'G_k': 1, 'U_b': 1, 'U_a': 0, 'mia': 1.0}
{'a1': 0.8, 'a4': 0.7000000000000001, 'G_theta': 0.5, 'G_k': 1, 'U_b': 2, 'U_a': 1, 'mia': 1.0}
{'a1': 0.8, 'a4': 0.8, 'G_theta': 1, 'G_k': 2, 'U_b': 2, 'U_a': 1, 'mia': 1.0}
{'a1': 0.8, 'a4': 0.8, 'G_theta': 2, 'G_k': 2, 'U_b': 2, 'U_a': 1, 'mia': 1.0}
{'a1': 0.8, 'a4': 0.8, 'G_theta': 0.5, 'G_k': 1, 'U_b': 1, 'U_a': 0, 'mia': 1.0}
{'a1': 0.8, 'a4': 0.8, 'G_theta': 0.5, 'G_k': 1, 'U_b': 2, 'U_a': 1, 'mia': 1.0}
{'a1': 0.8, 'a4': 0.9, 'G_theta': 1, 'G_k': 2, 'U_b': 1, 'U_a': 0, 'mia': 1.0}
{'a1': 0.8, 'a4': 0.9, 'G_theta': 1, 'G_k': 2, 'U_b': 2, 'U_a': 1, 'mia': 1.0}
{'a1': 0.8, 'a4': 0.9, 'G_theta': 2, 'G_k': 2, 'U_b': 2, 'U_a': 1, 'mia': 1.0}
{'a1': 0.8, 'a4': 0.9, 'G_theta': 0.5, 'G_k': 1, 'U_b': 1, 'U_a': 0, 'mia': 1.0}
{'a1': 0.8, 'a4': 0.9, 'G_theta': 0.5, 'G_k': 1, 'U_b': 2, 'U_a': 1, 'mia': 1.0}
{'a1': 0.9, 'a4': 0.1, 'G_theta': 0.5, 'G_k': 1, 'U_b': 1, 'U_a': 0, 'mia': 1.0}
{'a1': 0.9, 'a4': 0.1, 'G_theta': 0.5, 'G_k': 1, 'U_b': 2, 'U_a': 1, 'mia': 1.0}
{'a1': 0.9, 'a4': 0.2, 'G_theta': 0.5, 'G_k': 1, 'U_b': 1, 'U_a': 0, 'mia': 1.0}
{'a1': 0.9, 'a4': 0.2, 'G_theta': 0.5, 'G_k': 1, 'U_b': 2, 'U_a': 1, 'mia': 1.0}
{'a1': 0.9, 'a4': 0.30000000000000004, 'G_theta': 0.5, 'G_k': 1, 'U_b': 1, 'U_a': 0, 'mia': 1.0}
{'a1': 0.9, 'a4': 0.30000000000000004, 'G_theta': 0.5, 'G_k': 1, 'U_b': 2, 'U_a': 1, 'mia': 1.0}
{'a1': 0.9, 'a4': 0.4, 'G_theta': 0.5, 'G_k': 1, 'U_b': 1, 'U_a': 0, 'mia': 1.0}
{'a1': 0.9, 'a4': 0.4, 'G_theta': 0.5, 'G_k': 1, 'U_b': 2, 'U_a': 1, 'mia': 1.0}
{'a1': 0.9, 'a4': 0.5, 'G_theta': 1, 'G_k': 2, 'U_b': 2, 'U_a': 1, 'mia': 1.0}
{'a1': 0.9, 'a4': 0.5, 'G_theta': 0.5, 'G_k': 1, 'U_b': 1, 'U_a': 0, 'mia': 1.0}
{'a1': 0.9, 'a4': 0.5, 'G_theta': 0.5, 'G_k': 1, 'U_b': 2, 'U_a': 1, 'mia': 1.0}
{'a1': 0.9, 'a4': 0.6, 'G_theta': 1, 'G_k': 2, 'U_b': 2, 'U_a': 1, 'mia': 1.0}
{'a1': 0.9, 'a4': 0.6, 'G_theta': 0.5, 'G_k': 1, 'U_b': 1, 'U_a': 0, 'mia': 1.0}
{'a1': 0.9, 'a4': 0.6, 'G_theta': 0.5, 'G_k': 1, 'U_b': 2, 'U_a': 1, 'mia': 1.0}
{'a1': 0.9, 'a4': 0.7000000000000001, 'G_theta': 1, 'G_k': 2, 'U_b': 2, 'U_a': 1, 'mia': 1.0}
{'a1': 0.9, 'a4': 0.7000000000000001, 'G_theta': 0.5, 'G_k': 1, 'U_b': 1, 'U_a': 0, 'mia': 1.0}
{'a1': 0.9, 'a4': 0.7000000000000001, 'G_theta': 0.5, 'G_k': 1, 'U_b': 2, 'U_a': 1, 'mia': 1.0}
{'a1': 0.9, 'a4': 0.8, 'G_theta': 1, 'G_k': 2, 'U_b': 2, 'U_a': 1, 'mia': 1.0}
{'a1': 0.9, 'a4': 0.8, 'G_theta': 2, 'G_k': 2, 'U_b': 2, 'U_a': 1, 'mia': 1.0}
{'a1': 0.9, 'a4': 0.8, 'G_theta': 0.5, 'G_k': 1, 'U_b': 1, 'U_a': 0, 'mia': 1.0}
{'a1': 0.9, 'a4': 0.8, 'G_theta': 0.5, 'G_k': 1, 'U_b': 2, 'U_a': 1, 'mia': 1.0}
{'a1': 0.9, 'a4': 0.9, 'G_theta': 1, 'G_k': 2, 'U_b': 2, 'U_a': 1, 'mia': 1.0}
{'a1': 0.9, 'a4': 0.9, 'G_theta': 2, 'G_k': 2, 'U_b': 2, 'U_a': 1, 'mia': 1.0}
{'a1': 0.9, 'a4': 0.9, 'G_theta': 0.5, 'G_k': 1, 'U_b': 1, 'U_a': 0, 'mia': 1.0}
{'a1': 0.9, 'a4': 0.9, 'G_theta': 0.5, 'G_k': 1, 'U_b': 2, 'U_a': 1, 'mia': 1.0}
