print_results | 0.015873349156290163 | p100-2f-lmo-0.0-1-0.1-0.001.h5 | 0.066
print_results | 0.023814178099254887 | p100-2f-lmo-1.0-1-1.2139-0.003.h5 | 0.1001
print_results | 0.028004196409597344 | p100-2f-lmo-2.0-1-2.0-0.004.h5 | 0.2001
print_results | 0.005087039048557209 | p100-2f-lmo-3.0-1-5.0-0.002.h5 | 0.3002
print_results | 0.012027380212718455 | p100-2f-lmo-4.0-1-5.0-0.003.h5 | 0.4002
print_results | 0.018821754240587667 | p100-2f-lmo-5.0-1-5.0-0.002.h5 | 0.5001
print_results | 0.05316154811423234 | p100-2f-lmo-6.0-1-5.0-0.002.h5 | 0.6
print_results | 0.013705647056111967 | p100-2f-lmo-7.0-1-5.0-0.002.h5 | 0.7001
print_results | 0.0448777587780855 | p100-2f-lmo-8.0-1-5.0-0.001.h5 | 0.8004
print_results | 0.014494446150452511 | p100-2f-lmo-9.0-1-5.0-0.002.h5 | 0.9003
print_results | 0.02761516703297339 | p100-2f-lmo-10.0-1-5.0-0.003.h5 | 1.0003
print_results | -0.005515180688110111 | p100-2f-lmo-11.0-1-5.0-0.003.h5 | 1.1024
print_results | 0.0012991557316201288 | p100-2f-lmo-12.0-1-5.0-0.001.h5 | 1.2
print_results | -0.02296161163734704 | p100-2f-lmo-13.0-1-5.0-0.003.h5 | 1.3002
print_results | -0.00904074465214907 | p100-2f-lmo-14.0-1-5.0-0.003.h5 | 1.4028
print_results | 0.007571265496318126 | p100-2f-lmo-15.0-1-5.0-0.001.h5 | 1.5014
print_results | 0.051643233151838386 | p100-2f-lmo-16.0-1-5.0-0.001.h5 | 1.6003
print_results | 0.03671758293516286 | p100-2f-lmo-17.0-1-5.0-0.001.h5 | 1.7014
print_results | 0.04783732941416006 | p100-2f-lmo-18.0-1-5.0-0.003.h5 | 1.8023
print_results | 0.014888612493750559 | p100-2f-lmo-19.0-1-5.0-0.003.h5 | 1.9003
print_results | 0.03256399087326258 | p100-2f-lmo-20.0-1-5.0-0.001.h5 | 2.0009
print_results | -0.004108428044543191 | p100-2f-lmo-21.0-1-5.0-0.001.h5 | 2.1021
print_results | 0.011335509663745679 | p100-2f-lmo-22.0-1-5.0-0.003.h5 | 2.2008
print_results | 0.06849941642469226 | p100-2f-lmo-23.0-1-5.0-0.003.h5 | 2.3049
print_results | 0.005982071677547469 | p100-2f-lmo-24.0-1-5.0-0.001.h5 | 2.4031
print_results | 0.03111099502505273 | p100-2f-lmo-25.0-1-5.0-0.002.h5 | 2.5007
print_results | 0.03382154847551066 | p100-2f-lmo-26.0-1-5.0-0.003.h5 | 2.6007
print_results | 0.019410393519823387 | p100-2f-lmo-27.0-1-5.0-0.003.h5 | 2.7063
print_results | 0.02946171014961905 | p100-2f-lmo-28.0-1-5.0-0.003.h5 | 2.802
print_results | 0.046692727991982354 | p100-2f-lmo-29.0-1-5.0-0.002.h5 | 2.901
print_results | 0.06522578491770732 | p100-2f-lmo-30.0-1-5.0-0.003.h5 | 3.0006
print_results | 0.003394233068015617 | p100-2f-lmo-31.0-1-5.0-0.003.h5 | 3.1065
print_results | -0.019488676583862413 | p100-2f-lmo-32.0-1-5.0-0.003.h5 | 3.2063
print_results | -0.033039854078200155 | p100-2f-lmo-33.0-1-5.0-0.002.h5 | 3.3032
print_results | 0.04085399400826612 | p100-2f-lmo-34.0-1-5.0-0.003.h5 | 3.4005
print_results | 0.017446913603720703 | p100-2f-lmo-35.0-1-5.0-0.003.h5 | 3.505
print_results | -0.008939841569474296 | p100-2f-lmo-36.0-1-5.0-0.003.h5 | 3.6009
print_results | -0.0006001800720324606 | p100-2f-lmo-37.0-1-5.0-0.003.h5 | 3.702
print_results | 0.04840913920768763 | p100-2f-lmo-38.0-1-5.0-0.003.h5 | 3.8031
print_results | -0.05297892479088662 | p100-2f-lmo-39.0-1-5.0-0.003.h5 | 3.9042
print_results | 0.038354953876463906 | p100-2f-lmo-40.0-1-5.0-0.003.h5 | 4.0052
print_results | 0.050978244764629456 | p100-2f-lmo-41.0-1-5.0-0.003.h5 | 4.101
print_results | 0.03854740961223883 | p100-2f-lmo-42.0-1-5.0-0.002.h5 | 4.2054
print_results | 0.05354076692802976 | p100-2f-lmo-43.0-1-5.0-0.002.h5 | 4.3003
print_results | 0.03488440185350188 | p100-2f-lmo-44.0-1-5.0-0.003.h5 | 4.4051
print_results | 0.03101405352916954 | p100-2f-lmo-45.0-1-5.0-0.003.h5 | 4.5001
print_results | 0.052497568957754044 | p100-2f-lmo-46.0-1-5.0-0.003.h5 | 4.6057
print_results | 0.037488444410991605 | p100-2f-lmo-47.0-1-5.0-0.002.h5 | 4.7022
print_results | 0.007074913671961985 | p100-2f-lmo-48.0-1-5.0-0.002.h5 | 4.8093
print_results | 0.038354953876463906 | p100-2f-lmo-49.0-1-5.0-0.003.h5 | 4.9059
print_results | 0.01705375456582762 | p100-2f-lmo-50.0-1-5.0-0.002.h5 | 5.002
print_results | -0.011465478109278096 | p100-2f-lmo-51.0-1-5.0-0.002.h5 | 5.1122
print_results | 0.004987541511038968 | p100-2f-lmo-52.0-1-5.0-0.002.h5 | 5.2089
print_results | 0.006379606964038988 | p100-2f-lmo-53.0-1-5.0-0.002.h5 | 5.3056
print_results | 0.02644717001484823 | p100-2f-lmo-54.0-1-5.0-0.002.h5 | 5.4023
print_results | -0.0021022080918701985 | p100-2f-lmo-55.0-1-5.0-0.001.h5 | 5.5003
print_results | 0.02683665395355957 | p100-2f-lmo-56.0-1-5.0-0.003.h5 | 5.6079
print_results | 0.009257021262676848 | p100-2f-lmo-57.0-1-5.0-0.003.h5 | 5.7046
print_results | -0.02255240447051149 | p100-2f-lmo-58.0-1-5.0-0.003.h5 | 5.8088
print_results | 0.010544213875671097 | p100-2f-lmo-59.0-1-5.0-0.002.h5 | 5.9046
print_results | -0.032626502827094166 | p100-2f-lmo-60.0-1-5.0-0.002.h5 | 6.0137
print_results | 0.033531483208792345 | p100-2f-lmo-61.0-1-5.0-0.003.h5 | 6.1091
print_results | 0.045068963367578145 | p100-2f-lmo-62.0-1-5.0-0.002.h5 | 6.2045
print_results | -0.0288110818541196 | p100-2f-lmo-63.0-1-5.0-0.003.h5 | 6.3
print_results | 0.005683816468297709 | p100-2f-lmo-64.0-1-5.0-0.003.h5 | 6.4092
print_results | 0.04363403702006128 | p100-2f-lmo-65.0-1-5.0-0.002.h5 | 6.5085
print_results | -0.0011006054440330039 | p100-2f-lmo-66.0-1-5.0-0.002.h5 | 6.6008
print_results | 0.01764343517259528 | p100-2f-lmo-67.0-1-5.0-0.003.h5 | 6.7081
print_results | 0.019410393519823387 | p100-2f-lmo-68.0-1-5.0-0.003.h5 | 6.8005
print_results | -0.008032171697264267 | p100-2f-lmo-69.0-1-5.0-0.002.h5 | 6.9083
print_results | -0.008838948667204392 | p100-2f-lmo-70.0-1-5.0-0.002.h5 | 7.0006
print_results | -0.0026033858701149278 | p100-2f-lmo-71.0-1-5.0-0.003.h5 | 7.1083
print_results | -0.007427515828796584 | p100-2f-lmo-72.0-1-5.0-0.003.h5 | 7.2006
print_results | 0.05911760448308876 | p100-2f-lmo-73.0-1-5.0-0.002.h5 | 7.308
print_results | 0.05373032242096771 | p100-2f-lmo-74.0-1-5.0-0.002.h5 | 7.4131
print_results | 0.04171759335186847 | p100-2f-lmo-75.0-1-5.0-0.002.h5 | 7.5172
print_results | 0.05911760448308876 | p100-2f-lmo-76.0-1-5.0-0.003.h5 | 7.6035
print_results | 0.054488185284069776 | p100-2f-lmo-77.0-1-5.0-0.003.h5 | 7.7076
print_results | 0.019312311032372884 | p100-2f-lmo-78.0-1-5.0-0.003.h5 | 7.8118
print_results | -0.01582455034697146 | p100-2f-lmo-79.0-1-5.0-0.001.h5 | 7.9017
print_results | -0.005213567052887434 | p100-2f-lmo-80.0-1-5.0-0.002.h5 | 8.0029
print_results | 0.050407902543845765 | p100-2f-lmo-81.0-1-5.0-0.002.h5 | 8.1069
print_results | 0.04821857227047444 | p100-2f-lmo-82.0-1-5.0-0.002.h5 | 8.2109
print_results | 0.05173819540441437 | p100-2f-lmo-83.0-1-5.0-0.003.h5 | 8.3046
print_results | 0.040757992472167826 | p100-2f-lmo-84.0-1-5.0-0.002.h5 | 8.4034
print_results | -0.04134296353438243 | p100-2f-lmo-85.0-1-5.0-0.003.h5 | 8.5005
print_results | -0.005012541823544286 | p100-2f-lmo-86.0-1-5.0-0.001.h5 | 8.6033
print_results | -0.010454457903858873 | p100-2f-lmo-87.0-1-5.0-0.002.h5 | 8.7166
print_results | -0.05688786220704842 | p100-2f-lmo-88.0-1-5.0-0.003.h5 | 8.814
print_results | 0.014100124378781626 | p100-2f-lmo-89.0-1-5.0-0.002.h5 | 8.9122
print_results | 0.09349034308733897 | p100-2f-lmo-0.0-5-0.1-0.001.h5 | 0.066
print_results | 0.09512834509157737 | p100-2f-lmo-1.0-5-1.2139-0.003.h5 | 0.1001
print_results | 0.06625579577706527 | p100-2f-lmo-2.0-5-2.0-0.004.h5 | 0.2001
print_results | 0.10885440491208208 | p100-2f-lmo-3.0-5-5.0-0.002.h5 | 0.3002
print_results | 0.14617611015760132 | p100-2f-lmo-4.0-5-5.0-0.003.h5 | 0.4002
print_results | 0.1039995900184847 | p100-2f-lmo-5.0-5-5.0-0.002.h5 | 0.5001
print_results | 0.12513373075676568 | p100-2f-lmo-6.0-5-5.0-0.002.h5 | 0.6
print_results | 0.12478071689730587 | p100-2f-lmo-7.0-5-5.0-0.002.h5 | 0.7001
print_results | 0.16458180031594477 | p100-2f-lmo-8.0-5-5.0-0.001.h5 | 0.8004
print_results | 0.17663877365845643 | p100-2f-lmo-9.0-5-5.0-0.002.h5 | 0.9003
print_results | 0.16075737887811417 | p100-2f-lmo-10.0-5-5.0-0.003.h5 | 1.0003
print_results | 0.129535921349034 | p100-2f-lmo-11.0-5-5.0-0.003.h5 | 1.1024
print_results | 0.11813852801704151 | p100-2f-lmo-12.0-5-5.0-0.001.h5 | 1.2
print_results | 0.12460416322453088 | p100-2f-lmo-13.0-5-5.0-0.003.h5 | 1.3002
print_results | 0.16279889030509076 | p100-2f-lmo-14.0-5-5.0-0.003.h5 | 1.4028
print_results | 0.08213282953852225 | p100-2f-lmo-15.0-5-5.0-0.001.h5 | 1.5014
print_results | 0.15169051324043245 | p100-2f-lmo-16.0-5-5.0-0.001.h5 | 1.6003
print_results | 0.10074990310014315 | p100-2f-lmo-17.0-5-5.0-0.001.h5 | 1.7014
print_results | 0.17050197998861244 | p100-2f-lmo-18.0-5-5.0-0.003.h5 | 1.8023
print_results | 0.17185025692665923 | p100-2f-lmo-19.0-5-5.0-0.003.h5 | 1.9003
print_results | 0.17185025692665923 | p100-2f-lmo-20.0-5-5.0-0.001.h5 | 2.0009
print_results | 0.08901769631765269 | p100-2f-lmo-21.0-5-5.0-0.001.h5 | 2.1021
print_results | 0.17428938509669029 | p100-2f-lmo-22.0-5-5.0-0.003.h5 | 2.2008
print_results | 0.12177505692592086 | p100-2f-lmo-23.0-5-5.0-0.003.h5 | 2.3049
print_results | 0.19144646457095527 | p100-2f-lmo-24.0-5-5.0-0.001.h5 | 2.4031
print_results | 0.14149956227369942 | p100-2f-lmo-25.0-5-5.0-0.002.h5 | 2.5007
print_results | 0.03556017539855088 | p100-2f-lmo-26.0-5-5.0-0.003.h5 | 2.6007
print_results | 0.1246924439573183 | p100-2f-lmo-27.0-5-5.0-0.003.h5 | 2.7063
print_results | 0.07899600622649788 | p100-2f-lmo-28.0-5-5.0-0.003.h5 | 2.802
print_results | 0.06428848988236187 | p100-2f-lmo-29.0-5-5.0-0.002.h5 | 2.901
print_results | 0.13479309634153208 | p100-2f-lmo-30.0-5-5.0-0.003.h5 | 3.0006
print_results | 0.17100779689368129 | p100-2f-lmo-31.0-5-5.0-0.003.h5 | 3.1065
print_results | 0.10264683696014279 | p100-2f-lmo-32.0-5-5.0-0.003.h5 | 3.2063
print_results | 0.1361030829923403 | p100-2f-lmo-33.0-5-5.0-0.002.h5 | 3.3032
print_results | 0.10723875066959863 | p100-2f-lmo-34.0-5-5.0-0.003.h5 | 3.4005
print_results | 0.14496577025018564 | p100-2f-lmo-35.0-5-5.0-0.003.h5 | 3.505
print_results | 0.153235975898858 | p100-2f-lmo-36.0-5-5.0-0.003.h5 | 3.6009
print_results | 0.10454017927392394 | p100-2f-lmo-37.0-5-5.0-0.003.h5 | 3.702
print_results | 0.11288215705667241 | p100-2f-lmo-38.0-5-5.0-0.003.h5 | 3.8031
print_results | 0.13967498207248197 | p100-2f-lmo-39.0-5-5.0-0.003.h5 | 3.9042
print_results | 0.11172024961040795 | p100-2f-lmo-40.0-5-5.0-0.003.h5 | 4.0052
print_results | 0.11457790470743506 | p100-2f-lmo-41.0-5-5.0-0.003.h5 | 4.101
print_results | 0.11635980111619525 | p100-2f-lmo-42.0-5-5.0-0.002.h5 | 4.2054
print_results | 0.17739276355720185 | p100-2f-lmo-43.0-5-5.0-0.002.h5 | 4.3003
print_results | 0.07129688188203383 | p100-2f-lmo-44.0-5-5.0-0.003.h5 | 4.4051
print_results | 0.12592755659779067 | p100-2f-lmo-45.0-5-5.0-0.003.h5 | 4.5001
print_results | 0.16889853646181388 | p100-2f-lmo-46.0-5-5.0-0.003.h5 | 4.6057
print_results | 0.14764384191256227 | p100-2f-lmo-47.0-5-5.0-0.002.h5 | 4.7022
print_results | 0.16619217486407106 | p100-2f-lmo-48.0-5-5.0-0.002.h5 | 4.8093
print_results | 0.11991409666533755 | p100-2f-lmo-49.0-5-5.0-0.003.h5 | 4.9059
print_results | 0.11751633342783901 | p100-2f-lmo-50.0-5-5.0-0.002.h5 | 5.002
print_results | 0.13181742462018664 | p100-2f-lmo-51.0-5-5.0-0.002.h5 | 5.1122
print_results | 0.14479274490154048 | p100-2f-lmo-52.0-5-5.0-0.002.h5 | 5.2089
print_results | 0.10372918576247685 | p100-2f-lmo-53.0-5-5.0-0.002.h5 | 5.3056
print_results | 0.1986869108802189 | p100-2f-lmo-54.0-5-5.0-0.002.h5 | 5.4023
print_results | 0.16432729342167599 | p100-2f-lmo-55.0-5-5.0-0.001.h5 | 5.5003
print_results | 0.217688700631246 | p100-2f-lmo-56.0-5-5.0-0.003.h5 | 5.6079
print_results | 0.12292534683729825 | p100-2f-lmo-57.0-5-5.0-0.003.h5 | 5.7046
print_results | 0.12689693318835088 | p100-2f-lmo-58.0-5-5.0-0.003.h5 | 5.8088
print_results | 0.17973488089718778 | p100-2f-lmo-59.0-5-5.0-0.002.h5 | 5.9046
print_results | 0.12363256044527501 | p100-2f-lmo-60.0-5-5.0-0.002.h5 | 6.0137
print_results | 0.13243078718048956 | p100-2f-lmo-61.0-5-5.0-0.003.h5 | 6.1091
print_results | 0.16016115212394114 | p100-2f-lmo-62.0-5-5.0-0.002.h5 | 6.2045
print_results | 0.10463024907808299 | p100-2f-lmo-63.0-5-5.0-0.003.h5 | 6.3
print_results | 0.0842492324449 | p100-2f-lmo-64.0-5-5.0-0.003.h5 | 6.4092
print_results | 0.16339354690843574 | p100-2f-lmo-65.0-5-5.0-0.002.h5 | 6.5085
print_results | 0.09111959336748383 | p100-2f-lmo-66.0-5-5.0-0.002.h5 | 6.6008
print_results | 0.05126329393754151 | p100-2f-lmo-67.0-5-5.0-0.003.h5 | 6.7081
print_results | 0.16126814759612232 | p100-2f-lmo-68.0-5-5.0-0.003.h5 | 6.8005
print_results | 0.11154137473290751 | p100-2f-lmo-69.0-5-5.0-0.002.h5 | 6.9083
print_results | 0.10454017927392394 | p100-2f-lmo-70.0-5-5.0-0.002.h5 | 7.0006
print_results | 0.1265445413249562 | p100-2f-lmo-71.0-5-5.0-0.003.h5 | 7.1083
print_results | 0.08397343377617851 | p100-2f-lmo-72.0-5-5.0-0.003.h5 | 7.2006
print_results | 0.15366484754415005 | p100-2f-lmo-73.0-5-5.0-0.002.h5 | 7.308
print_results | 0.14565757242236324 | p100-2f-lmo-74.0-5-5.0-0.002.h5 | 7.4131
print_results | 0.13208034035720786 | p100-2f-lmo-75.0-5-5.0-0.002.h5 | 7.5172
print_results | 0.1809873337808179 | p100-2f-lmo-76.0-5-5.0-0.003.h5 | 7.6035
print_results | 0.06316257495764004 | p100-2f-lmo-77.0-5-5.0-0.003.h5 | 7.7076
print_results | 0.15597758145435273 | p100-2f-lmo-78.0-5-5.0-0.003.h5 | 7.8118
print_results | 0.16746169388693055 | p100-2f-lmo-79.0-5-5.0-0.001.h5 | 7.9017
print_results | 0.10093071857844066 | p100-2f-lmo-80.0-5-5.0-0.002.h5 | 8.0029
print_results | 0.07612736038755084 | p100-2f-lmo-81.0-5-5.0-0.002.h5 | 8.1069
print_results | 0.13199270945849695 | p100-2f-lmo-82.0-5-5.0-0.002.h5 | 8.2109
print_results | 0.11778303565638346 | p100-2f-lmo-83.0-5-5.0-0.003.h5 | 8.3046
print_results | 0.1429741689511069 | p100-2f-lmo-84.0-5-5.0-0.002.h5 | 8.4034
print_results | 0.0695260626486103 | p100-2f-lmo-85.0-5-5.0-0.003.h5 | 8.5005
print_results | 0.08874320983438856 | p100-2f-lmo-86.0-5-5.0-0.001.h5 | 8.6033
print_results | 0.14686707580955227 | p100-2f-lmo-87.0-5-5.0-0.002.h5 | 8.7166
print_results | 0.11769414281664317 | p100-2f-lmo-88.0-5-5.0-0.003.h5 | 8.814
print_results | 0.128393214768399 | p100-2f-lmo-89.0-5-5.0-0.002.h5 | 8.9122
print_results | 0.12177505692592086 | p100-2f-lmo-0.0-10-0.1-0.001.h5 | 0.066
print_results | 0.07204155286497053 | p100-2f-lmo-1.0-10-1.2139-0.003.h5 | 0.1001
print_results | 0.09984533496971612 | p100-2f-lmo-2.0-10-2.0-0.004.h5 | 0.2001
print_results | 0.02420468869681736 | p100-2f-lmo-3.0-10-5.0-0.002.h5 | 0.3002
print_results | 0.13810840211762912 | p100-2f-lmo-4.0-10-5.0-0.003.h5 | 0.4002
print_results | 0.06297479916138839 | p100-2f-lmo-5.0-10-5.0-0.002.h5 | 0.5001
print_results | 0.09848694671465397 | p100-2f-lmo-6.0-10-5.0-0.002.h5 | 0.6
print_results | 0.0851680123698782 | p100-2f-lmo-7.0-10-5.0-0.002.h5 | 0.7001
print_results | 0.09121088005338408 | p100-2f-lmo-8.0-10-5.0-0.001.h5 | 0.8004
print_results | 0.089200645458302 | p100-2f-lmo-9.0-10-5.0-0.002.h5 | 0.9003
print_results | 0.08571887540253743 | p100-2f-lmo-10.0-10-5.0-0.003.h5 | 1.0003
print_results | 0.0718554371004281 | p100-2f-lmo-11.0-10-5.0-0.003.h5 | 1.1024
print_results | 0.05930610589740751 | p100-2f-lmo-12.0-10-5.0-0.001.h5 | 1.2
print_results | 0.10390946339051149 | p100-2f-lmo-13.0-10-5.0-0.003.h5 | 1.3002
print_results | 0.16313873737718068 | p100-2f-lmo-14.0-10-5.0-0.003.h5 | 1.4028
print_results | 0.13522994926010415 | p100-2f-lmo-15.0-10-5.0-0.001.h5 | 1.5014
print_results | 0.0914846901221784 | p100-2f-lmo-16.0-10-5.0-0.001.h5 | 1.6003
print_results | 0.08286947782229466 | p100-2f-lmo-17.0-10-5.0-0.001.h5 | 1.7014
print_results | 0.11118352896061494 | p100-2f-lmo-18.0-10-5.0-0.003.h5 | 1.8023
print_results | 0.12821729780075386 | p100-2f-lmo-19.0-10-5.0-0.003.h5 | 1.9003
print_results | 0.0718554371004281 | p100-2f-lmo-20.0-10-5.0-0.001.h5 | 2.0009
print_results | 0.06456977064930007 | p100-2f-lmo-21.0-10-5.0-0.001.h5 | 2.1021
print_results | 0.0863611656480435 | p100-2f-lmo-22.0-10-5.0-0.003.h5 | 2.2008
print_results | 0.0486949215387586 | p100-2f-lmo-23.0-10-5.0-0.003.h5 | 2.3049
print_results | 0.06560045708394888 | p100-2f-lmo-24.0-10-5.0-0.001.h5 | 2.4031
print_results | 0.06513209493778215 | p100-2f-lmo-25.0-10-5.0-0.002.h5 | 2.5007
print_results | 0.08314558108666886 | p100-2f-lmo-26.0-10-5.0-0.003.h5 | 2.6007
print_results | 0.08102683864237344 | p100-2f-lmo-27.0-10-5.0-0.003.h5 | 2.7063
print_results | 0.08047338414987687 | p100-2f-lmo-28.0-10-5.0-0.003.h5 | 2.802
print_results | 0.09221448398781106 | p100-2f-lmo-29.0-10-5.0-0.002.h5 | 2.901
print_results | 0.05921185963184603 | p100-2f-lmo-30.0-10-5.0-0.003.h5 | 3.0006
print_results | 0.09531017980432493 | p100-2f-lmo-31.0-10-5.0-0.003.h5 | 3.1065
print_results | 0.10228579354075001 | p100-2f-lmo-32.0-10-5.0-0.003.h5 | 3.2063
print_results | 0.07575661239924632 | p100-2f-lmo-33.0-10-5.0-0.002.h5 | 3.3032
print_results | 0.09139342842921046 | p100-2f-lmo-34.0-10-5.0-0.003.h5 | 3.4005
print_results | 0.10804690408313387 | p100-2f-lmo-35.0-10-5.0-0.003.h5 | 3.505
print_results | 0.0961280270942204 | p100-2f-lmo-36.0-10-5.0-0.003.h5 | 3.6009
print_results | 0.15947931454532238 | p100-2f-lmo-37.0-10-5.0-0.003.h5 | 3.702
print_results | 0.04755130185822235 | p100-2f-lmo-38.0-10-5.0-0.003.h5 | 3.8031
print_results | 0.10029772131536387 | p100-2f-lmo-39.0-10-5.0-0.003.h5 | 3.9042
print_results | 0.08901769631765269 | p100-2f-lmo-40.0-10-5.0-0.003.h5 | 4.0052
print_results | 0.08452495506968796 | p100-2f-lmo-41.0-10-5.0-0.003.h5 | 4.101
print_results | 0.12212913323306343 | p100-2f-lmo-42.0-10-5.0-0.002.h5 | 4.2054
print_results | 0.090206267886149 | p100-2f-lmo-43.0-10-5.0-0.002.h5 | 4.3003
print_results | 0.09984533496971612 | p100-2f-lmo-44.0-10-5.0-0.003.h5 | 4.4051
print_results | 0.08507617235511926 | p100-2f-lmo-45.0-10-5.0-0.003.h5 | 4.5001
print_results | 0.0847087279269542 | p100-2f-lmo-46.0-10-5.0-0.003.h5 | 4.6057
print_results | 0.12724920091546352 | p100-2f-lmo-47.0-10-5.0-0.002.h5 | 4.7022
print_results | 0.10074990310014315 | p100-2f-lmo-48.0-10-5.0-0.002.h5 | 4.8093
print_results | 0.058268908123975824 | p100-2f-lmo-49.0-10-5.0-0.003.h5 | 4.9059
print_results | 0.07473634611401708 | p100-2f-lmo-50.0-10-5.0-0.002.h5 | 5.002
print_results | 0.10804690408313387 | p100-2f-lmo-51.0-10-5.0-0.002.h5 | 5.1122
print_results | 0.09421867523898174 | p100-2f-lmo-52.0-10-5.0-0.002.h5 | 5.2089
print_results | 0.1127928274751221 | p100-2f-lmo-53.0-10-5.0-0.002.h5 | 5.3056
print_results | 0.07899600622649788 | p100-2f-lmo-54.0-10-5.0-0.002.h5 | 5.4023
print_results | 0.11306079228401415 | p100-2f-lmo-55.0-10-5.0-0.001.h5 | 5.5003
print_results | 0.089200645458302 | p100-2f-lmo-56.0-10-5.0-0.003.h5 | 5.6079
print_results | 0.05845756957156869 | p100-2f-lmo-57.0-10-5.0-0.003.h5 | 5.7046
print_results | 0.09203208544649372 | p100-2f-lmo-58.0-10-5.0-0.003.h5 | 5.8088
print_results | 0.07325046173959274 | p100-2f-lmo-59.0-10-5.0-0.002.h5 | 5.9046
print_results | 0.09212328887580586 | p100-2f-lmo-60.0-10-5.0-0.002.h5 | 6.0137
print_results | 0.13111597785753695 | p100-2f-lmo-61.0-10-5.0-0.003.h5 | 6.1091
print_results | 0.09721745071535928 | p100-2f-lmo-62.0-10-5.0-0.002.h5 | 6.2045
print_results | 0.12865703220826177 | p100-2f-lmo-63.0-10-5.0-0.003.h5 | 6.3
print_results | 0.089200645458302 | p100-2f-lmo-64.0-10-5.0-0.003.h5 | 6.4092
print_results | 0.08093461749599924 | p100-2f-lmo-65.0-10-5.0-0.002.h5 | 6.5085
print_results | 0.1297116065216573 | p100-2f-lmo-66.0-10-5.0-0.002.h5 | 6.6008
print_results | 0.09558286989373 | p100-2f-lmo-67.0-10-5.0-0.003.h5 | 6.7081
print_results | 0.10463024907808299 | p100-2f-lmo-68.0-10-5.0-0.003.h5 | 6.8005
print_results | 0.09594634104720902 | p100-2f-lmo-69.0-10-5.0-0.002.h5 | 6.9083
print_results | 0.09921165007094813 | p100-2f-lmo-70.0-10-5.0-0.002.h5 | 7.0006
print_results | 0.08984070399978954 | p100-2f-lmo-71.0-10-5.0-0.003.h5 | 7.1083
print_results | 0.03507752661269616 | p100-2f-lmo-72.0-10-5.0-0.003.h5 | 7.2006
print_results | 0.10002631406712438 | p100-2f-lmo-73.0-10-5.0-0.002.h5 | 7.308
print_results | 0.07008560756668776 | p100-2f-lmo-74.0-10-5.0-0.002.h5 | 7.4131
print_results | 0.07111062745795285 | p100-2f-lmo-75.0-10-5.0-0.002.h5 | 7.5172
print_results | 0.09385457547162428 | p100-2f-lmo-76.0-10-5.0-0.003.h5 | 7.6035
print_results | 0.12283690995906242 | p100-2f-lmo-77.0-10-5.0-0.003.h5 | 7.7076
print_results | 0.08837711061741292 | p100-2f-lmo-78.0-10-5.0-0.003.h5 | 7.8118
print_results | 0.11252479084184441 | p100-2f-lmo-79.0-10-5.0-0.001.h5 | 7.9017
print_results | 0.058268908123975824 | p100-2f-lmo-80.0-10-5.0-0.002.h5 | 8.0029
print_results | 0.128393214768399 | p100-2f-lmo-81.0-10-5.0-0.002.h5 | 8.1069
print_results | 0.17100779689368129 | p100-2f-lmo-82.0-10-5.0-0.002.h5 | 8.2109
print_results | 0.11252479084184441 | p100-2f-lmo-83.0-10-5.0-0.003.h5 | 8.3046
print_results | 0.09467361360268099 | p100-2f-lmo-84.0-10-5.0-0.002.h5 | 8.4034
print_results | 0.1184050643786212 | p100-2f-lmo-85.0-10-5.0-0.003.h5 | 8.5005
print_results | 0.11404271604066021 | p100-2f-lmo-86.0-10-5.0-0.001.h5 | 8.6033
print_results | 0.11564742352596191 | p100-2f-lmo-87.0-10-5.0-0.002.h5 | 8.7166
print_results | 0.1260157205828599 | p100-2f-lmo-88.0-10-5.0-0.003.h5 | 8.814
print_results | 0.08332960758700417 | p100-2f-lmo-89.0-10-5.0-0.002.h5 | 8.9122
print_results | 0.02829586915484725 | p100-2f-lmo-0.0-50-0.1-0.001.h5 | 0.066
print_results | 0.018036362486098575 | p100-2f-lmo-1.0-50-1.2139-0.003.h5 | 0.1001
print_results | 0.017741681476157126 | p100-2f-lmo-2.0-50-2.0-0.004.h5 | 0.2001
print_results | 0.017938145131012998 | p100-2f-lmo-3.0-50-5.0-0.002.h5 | 0.3002
print_results | 0.01607018017749446 | p100-2f-lmo-4.0-50-5.0-0.003.h5 | 0.4002
print_results | 0.021174235231406567 | p100-2f-lmo-5.0-50-5.0-0.002.h5 | 0.5001
print_results | 0.02732329564889041 | p100-2f-lmo-6.0-50-5.0-0.002.h5 | 0.6
print_results | 0.023716526617316065 | p100-2f-lmo-7.0-50-5.0-0.002.h5 | 0.7001
print_results | 0.018232768261059684 | p100-2f-lmo-8.0-50-5.0-0.001.h5 | 0.8004
print_results | 0.025667746748577813 | p100-2f-lmo-9.0-50-5.0-0.002.h5 | 0.9003
print_results | 0.014100124378781626 | p100-2f-lmo-10.0-50-5.0-0.003.h5 | 1.0003
print_results | 0.02547279597303107 | p100-2f-lmo-11.0-50-5.0-0.003.h5 | 1.1024
print_results | 0.011335509663745679 | p100-2f-lmo-12.0-50-5.0-0.001.h5 | 1.2
print_results | 0.023032699110572784 | p100-2f-lmo-13.0-50-5.0-0.003.h5 | 1.3002
print_results | 0.02127213527553977 | p100-2f-lmo-14.0-50-5.0-0.003.h5 | 1.4028
print_results | 0.03120792712419322 | p100-2f-lmo-15.0-50-5.0-0.001.h5 | 1.5014
print_results | 0.018134570195482678 | p100-2f-lmo-16.0-50-5.0-0.001.h5 | 1.6003
print_results | 0.021370025736192545 | p100-2f-lmo-17.0-50-5.0-0.001.h5 | 1.7014
print_results | 0.018429135468367143 | p100-2f-lmo-18.0-50-5.0-0.003.h5 | 1.8023
print_results | 0.024302292522964817 | p100-2f-lmo-19.0-50-5.0-0.003.h5 | 1.9003
print_results | 0.02293497128249599 | p100-2f-lmo-20.0-50-5.0-0.001.h5 | 2.0009
print_results | 0.0249852526939086 | p100-2f-lmo-21.0-50-5.0-0.001.h5 | 2.1021
print_results | 0.018232768261059684 | p100-2f-lmo-22.0-50-5.0-0.003.h5 | 2.2008
print_results | 0.021565777914560585 | p100-2f-lmo-23.0-50-5.0-0.003.h5 | 2.3049
print_results | 0.010544213875671097 | p100-2f-lmo-24.0-50-5.0-0.001.h5 | 2.4031
print_results | 0.015282623531156982 | p100-2f-lmo-25.0-50-5.0-0.002.h5 | 2.5007
print_results | 0.012817503710614343 | p100-2f-lmo-26.0-50-5.0-0.003.h5 | 2.6007
print_results | 0.022543964434894436 | p100-2f-lmo-27.0-50-5.0-0.003.h5 | 2.7063
print_results | 0.021174235231406567 | p100-2f-lmo-28.0-50-5.0-0.003.h5 | 2.802
print_results | 0.019998686506689123 | p100-2f-lmo-29.0-50-5.0-0.002.h5 | 2.901
print_results | 0.015873349156290163 | p100-2f-lmo-30.0-50-5.0-0.003.h5 | 3.0006
print_results | 0.01715205881756566 | p100-2f-lmo-31.0-50-5.0-0.003.h5 | 3.1065
print_results | 0.02732329564889041 | p100-2f-lmo-32.0-50-5.0-0.003.h5 | 3.2063
print_results | 0.024692612590371414 | p100-2f-lmo-33.0-50-5.0-0.002.h5 | 3.3032
print_results | 0.01715205881756566 | p100-2f-lmo-34.0-50-5.0-0.003.h5 | 3.4005
print_results | 0.021565777914560585 | p100-2f-lmo-35.0-50-5.0-0.003.h5 | 3.505
print_results | 0.016758783814954624 | p100-2f-lmo-36.0-50-5.0-0.003.h5 | 3.6009
print_results | 0.01862546412316482 | p100-2f-lmo-37.0-50-5.0-0.003.h5 | 3.702
print_results | 0.014691548742989682 | p100-2f-lmo-38.0-50-5.0-0.003.h5 | 3.8031
print_results | 0.02215280464113328 | p100-2f-lmo-39.0-50-5.0-0.003.h5 | 3.9042
print_results | 0.023032699110572784 | p100-2f-lmo-40.0-50-5.0-0.003.h5 | 4.0052
print_results | 0.02868463385990886 | p100-2f-lmo-41.0-50-5.0-0.003.h5 | 4.101
print_results | 0.020194707285519253 | p100-2f-lmo-42.0-50-5.0-0.002.h5 | 4.2054
print_results | 0.01764343517259528 | p100-2f-lmo-43.0-50-5.0-0.002.h5 | 4.3003
print_results | 0.01626697246387194 | p100-2f-lmo-44.0-50-5.0-0.003.h5 | 4.4051
print_results | 0.015578029963318462 | p100-2f-lmo-45.0-50-5.0-0.003.h5 | 4.5001
print_results | 0.020096701699122397 | p100-2f-lmo-46.0-50-5.0-0.003.h5 | 4.6057
print_results | 0.01921421892380437 | p100-2f-lmo-47.0-50-5.0-0.002.h5 | 4.7022
print_results | 0.028587456851912472 | p100-2f-lmo-48.0-50-5.0-0.002.h5 | 4.8093
print_results | 0.023130417388854466 | p100-2f-lmo-49.0-50-5.0-0.003.h5 | 4.9059
print_results | 0.02449747160038737 | p100-2f-lmo-50.0-50-5.0-0.002.h5 | 5.002
print_results | 0.021174235231406567 | p100-2f-lmo-51.0-50-5.0-0.002.h5 | 5.1122
print_results | 0.010939940038334263 | p100-2f-lmo-52.0-50-5.0-0.002.h5 | 5.2089
print_results | 0.020684591192832603 | p100-2f-lmo-53.0-50-5.0-0.002.h5 | 5.3056
print_results | 0.03207989346341165 | p100-2f-lmo-54.0-50-5.0-0.002.h5 | 5.4023
print_results | 0.020488666427315602 | p100-2f-lmo-55.0-50-5.0-0.001.h5 | 5.5003
print_results | 0.02439988682353512 | p100-2f-lmo-56.0-50-5.0-0.003.h5 | 5.6079
print_results | 0.021957167352042138 | p100-2f-lmo-57.0-50-5.0-0.003.h5 | 5.7046
print_results | 0.019312311032372884 | p100-2f-lmo-58.0-50-5.0-0.003.h5 | 5.8088
print_results | 0.012817503710614343 | p100-2f-lmo-59.0-50-5.0-0.002.h5 | 5.9046
print_results | 0.019410393519823387 | p100-2f-lmo-60.0-50-5.0-0.002.h5 | 6.0137
print_results | 0.01862546412316482 | p100-2f-lmo-61.0-50-5.0-0.003.h5 | 6.1091
print_results | 0.02449747160038737 | p100-2f-lmo-62.0-50-5.0-0.002.h5 | 6.2045
print_results | 0.020292703267762394 | p100-2f-lmo-63.0-50-5.0-0.003.h5 | 6.3
print_results | 0.025960101669531624 | p100-2f-lmo-64.0-50-5.0-0.003.h5 | 6.4092
print_results | 0.021174235231406567 | p100-2f-lmo-65.0-50-5.0-0.002.h5 | 6.5085
print_results | 0.023521195041345866 | p100-2f-lmo-66.0-50-5.0-0.002.h5 | 6.6008
print_results | 0.019116117192230143 | p100-2f-lmo-67.0-50-5.0-0.003.h5 | 6.7081
print_results | 0.029267497680568143 | p100-2f-lmo-68.0-50-5.0-0.003.h5 | 6.8005
print_results | 0.027128667388252696 | p100-2f-lmo-69.0-50-5.0-0.002.h5 | 6.9083
print_results | 0.017348638334613073 | p100-2f-lmo-70.0-50-5.0-0.002.h5 | 7.0006
print_results | 0.03527061408191933 | p100-2f-lmo-71.0-50-5.0-0.003.h5 | 7.1083
print_results | 0.015479570848386375 | p100-2f-lmo-72.0-50-5.0-0.003.h5 | 7.2006
print_results | 0.025277807184268607 | p100-2f-lmo-73.0-50-5.0-0.002.h5 | 7.308
print_results | 0.027225986253591527 | p100-2f-lmo-74.0-50-5.0-0.002.h5 | 7.4131
print_results | 0.01646372603066503 | p100-2f-lmo-75.0-50-5.0-0.002.h5 | 7.5172
print_results | 0.01715205881756566 | p100-2f-lmo-76.0-50-5.0-0.003.h5 | 7.6035
print_results | 0.023130417388854466 | p100-2f-lmo-77.0-50-5.0-0.003.h5 | 7.7076
print_results | 0.029850021968885292 | p100-2f-lmo-78.0-50-5.0-0.003.h5 | 7.8118
print_results | 0.014100124378781626 | p100-2f-lmo-79.0-50-5.0-0.001.h5 | 7.9017
print_results | 0.022543964434894436 | p100-2f-lmo-80.0-50-5.0-0.002.h5 | 8.0029
print_results | 0.01764343517259528 | p100-2f-lmo-81.0-50-5.0-0.002.h5 | 8.1069
print_results | 0.030432207120201914 | p100-2f-lmo-82.0-50-5.0-0.002.h5 | 8.2109
print_results | 0.01862546412316482 | p100-2f-lmo-83.0-50-5.0-0.003.h5 | 8.3046
print_results | 0.017938145131012998 | p100-2f-lmo-84.0-50-5.0-0.002.h5 | 8.4034
print_results | 0.025277807184268607 | p100-2f-lmo-85.0-50-5.0-0.003.h5 | 8.5005
print_results | 0.028198654358678736 | p100-2f-lmo-86.0-50-5.0-0.001.h5 | 8.6033
print_results | 0.030141156911986808 | p100-2f-lmo-87.0-50-5.0-0.002.h5 | 8.7166
print_results | 0.0260575343192896 | p100-2f-lmo-88.0-50-5.0-0.003.h5 | 8.814
print_results | 0.020586633608388312 | p100-2f-lmo-89.0-50-5.0-0.002.h5 | 8.9122
print_results | 0.034498040407567356 | p100-2f-lmo-0.0-100-0.1-0.001.h5 | 0.066
print_results | 0.042484611606155395 | p100-2f-lmo-1.0-100-1.2139-0.003.h5 | 0.1001
print_results | 0.045068963367578145 | p100-2f-lmo-2.0-100-2.0-0.004.h5 | 0.2001
print_results | 0.04104596943600102 | p100-2f-lmo-3.0-100-5.0-0.002.h5 | 0.3002
print_results | 0.044686517622406094 | p100-2f-lmo-4.0-100-5.0-0.003.h5 | 0.4002
print_results | 0.029655884907510675 | p100-2f-lmo-5.0-100-5.0-0.002.h5 | 0.5001
print_results | 0.03989356366167662 | p100-2f-lmo-6.0-100-5.0-0.002.h5 | 0.6
print_results | 0.04296369943211572 | p100-2f-lmo-7.0-100-5.0-0.002.h5 | 0.7001
print_results | 0.0453557017207972 | p100-2f-lmo-8.0-100-5.0-0.001.h5 | 0.8004
print_results | 0.03758476032727121 | p100-2f-lmo-9.0-100-5.0-0.002.h5 | 0.9003
print_results | 0.0368139731227164 | p100-2f-lmo-10.0-100-5.0-0.003.h5 | 1.0003
print_results | 0.033241333779801936 | p100-2f-lmo-11.0-100-5.0-0.003.h5 | 1.1024
print_results | 0.042772091843869056 | p100-2f-lmo-12.0-100-5.0-0.001.h5 | 1.2
print_results | 0.042772091843869056 | p100-2f-lmo-13.0-100-5.0-0.003.h5 | 1.3002
print_results | 0.04554681495597036 | p100-2f-lmo-14.0-100-5.0-0.003.h5 | 1.4028
print_results | 0.046119935613553036 | p100-2f-lmo-15.0-100-5.0-0.001.h5 | 1.5014
print_results | 0.04755130185822235 | p100-2f-lmo-16.0-100-5.0-0.001.h5 | 1.6003
print_results | 0.04046993255371312 | p100-2f-lmo-17.0-100-5.0-0.001.h5 | 1.7014
print_results | 0.043346804503365866 | p100-2f-lmo-18.0-100-5.0-0.003.h5 | 1.8023
print_results | 0.03825871211709027 | p100-2f-lmo-19.0-100-5.0-0.003.h5 | 1.9003
print_results | 0.042101176018635326 | p100-2f-lmo-20.0-100-5.0-0.001.h5 | 2.0009
print_results | 0.04286790022717587 | p100-2f-lmo-21.0-100-5.0-0.001.h5 | 2.1021
print_results | 0.044399587296684515 | p100-2f-lmo-22.0-100-5.0-0.003.h5 | 2.2008
print_results | 0.043825479540029515 | p100-2f-lmo-23.0-100-5.0-0.003.h5 | 2.3049
print_results | 0.043442557842836724 | p100-2f-lmo-24.0-100-5.0-0.001.h5 | 2.4031
print_results | 0.04296369943211572 | p100-2f-lmo-25.0-100-5.0-0.002.h5 | 2.5007
print_results | 0.030820142339886364 | p100-2f-lmo-26.0-100-5.0-0.003.h5 | 2.6007
print_results | 0.04056596174666175 | p100-2f-lmo-27.0-100-5.0-0.003.h5 | 2.7063
print_results | 0.04008572353928558 | p100-2f-lmo-28.0-100-5.0-0.003.h5 | 2.802
print_results | 0.031789322489407336 | p100-2f-lmo-29.0-100-5.0-0.002.h5 | 2.901
print_results | 0.04056596174666175 | p100-2f-lmo-30.0-100-5.0-0.003.h5 | 3.0006
print_results | 0.033531483208792345 | p100-2f-lmo-31.0-100-5.0-0.003.h5 | 3.1065
print_results | 0.04516455195437366 | p100-2f-lmo-32.0-100-5.0-0.003.h5 | 3.2063
print_results | 0.04296369943211572 | p100-2f-lmo-33.0-100-5.0-0.002.h5 | 3.3032
print_results | 0.03333805961051041 | p100-2f-lmo-34.0-100-5.0-0.003.h5 | 3.4005
print_results | 0.046406372814155834 | p100-2f-lmo-35.0-100-5.0-0.003.h5 | 3.505
print_results | 0.03950913309471249 | p100-2f-lmo-36.0-100-5.0-0.003.h5 | 3.6009
print_results | 0.0453557017207972 | p100-2f-lmo-37.0-100-5.0-0.003.h5 | 3.702
print_results | 0.042292912190251365 | p100-2f-lmo-38.0-100-5.0-0.003.h5 | 3.8031
print_results | 0.043442557842836724 | p100-2f-lmo-39.0-100-5.0-0.003.h5 | 3.9042
print_results | 0.0437297628613252 | p100-2f-lmo-40.0-100-5.0-0.003.h5 | 4.0052
print_results | 0.04964693988941372 | p100-2f-lmo-41.0-100-5.0-0.003.h5 | 4.101
print_results | 0.044495239886551304 | p100-2f-lmo-42.0-100-5.0-0.002.h5 | 4.2054
print_results | 0.0368139731227164 | p100-2f-lmo-43.0-100-5.0-0.002.h5 | 4.3003
print_results | 0.04219704869978828 | p100-2f-lmo-44.0-100-5.0-0.003.h5 | 4.4051
print_results | 0.04459088332787522 | p100-2f-lmo-45.0-100-5.0-0.003.h5 | 4.5001
print_results | 0.04554681495597036 | p100-2f-lmo-46.0-100-5.0-0.003.h5 | 4.6057
print_results | 0.030141156911986808 | p100-2f-lmo-47.0-100-5.0-0.002.h5 | 4.7022
print_results | 0.03777736433402992 | p100-2f-lmo-48.0-100-5.0-0.002.h5 | 4.8093
print_results | 0.04898062222162188 | p100-2f-lmo-49.0-100-5.0-0.003.h5 | 4.9059
print_results | 0.03873982831593065 | p100-2f-lmo-50.0-100-5.0-0.002.h5 | 5.002
print_results | 0.04945660871259249 | p100-2f-lmo-51.0-100-5.0-0.002.h5 | 5.1122
print_results | 0.03893221000178754 | p100-2f-lmo-52.0-100-5.0-0.002.h5 | 5.2089
print_results | 0.04420825466432028 | p100-2f-lmo-53.0-100-5.0-0.002.h5 | 5.3056
print_results | 0.038354953876463906 | p100-2f-lmo-54.0-100-5.0-0.002.h5 | 5.4023
print_results | 0.04152574682849831 | p100-2f-lmo-55.0-100-5.0-0.001.h5 | 5.5003
print_results | 0.04793265375530272 | p100-2f-lmo-56.0-100-5.0-0.003.h5 | 5.6079
print_results | 0.03333805961051041 | p100-2f-lmo-57.0-100-5.0-0.003.h5 | 5.7046
print_results | 0.037681066967688484 | p100-2f-lmo-58.0-100-5.0-0.003.h5 | 5.8088
print_results | 0.041237908016244766 | p100-2f-lmo-59.0-100-5.0-0.002.h5 | 5.9046
print_results | 0.03411152962876782 | p100-2f-lmo-60.0-100-5.0-0.002.h5 | 6.0137
print_results | 0.04888539772981066 | p100-2f-lmo-61.0-100-5.0-0.003.h5 | 6.1091
print_results | 0.04955177882924771 | p100-2f-lmo-62.0-100-5.0-0.002.h5 | 6.2045
print_results | 0.044686517622406094 | p100-2f-lmo-63.0-100-5.0-0.003.h5 | 6.3
print_results | 0.04650183365141986 | p100-2f-lmo-64.0-100-5.0-0.003.h5 | 6.4092
print_results | 0.047360571359837574 | p100-2f-lmo-65.0-100-5.0-0.002.h5 | 6.5085
print_results | 0.04046993255371312 | p100-2f-lmo-66.0-100-5.0-0.002.h5 | 6.6008
print_results | 0.029267497680568143 | p100-2f-lmo-67.0-100-5.0-0.003.h5 | 6.7081
print_results | 0.04162167469081945 | p100-2f-lmo-68.0-100-5.0-0.003.h5 | 6.8005
print_results | 0.04363403702006128 | p100-2f-lmo-69.0-100-5.0-0.002.h5 | 6.9083
print_results | 0.03941300235683506 | p100-2f-lmo-70.0-100-5.0-0.002.h5 | 7.0006
print_results | 0.032370380030450646 | p100-2f-lmo-71.0-100-5.0-0.003.h5 | 7.1083
print_results | 0.033241333779801936 | p100-2f-lmo-72.0-100-5.0-0.003.h5 | 7.2006
print_results | 0.04008572353928558 | p100-2f-lmo-73.0-100-5.0-0.002.h5 | 7.308
print_results | 0.037488444410991605 | p100-2f-lmo-74.0-100-5.0-0.002.h5 | 7.4131
print_results | 0.03998964821615841 | p100-2f-lmo-75.0-100-5.0-0.002.h5 | 7.5172
print_results | 0.03527061408191933 | p100-2f-lmo-76.0-100-5.0-0.003.h5 | 7.6035
print_results | 0.03527061408191933 | p100-2f-lmo-77.0-100-5.0-0.003.h5 | 7.7076
print_results | 0.041237908016244766 | p100-2f-lmo-78.0-100-5.0-0.003.h5 | 7.8118
print_results | 0.0453557017207972 | p100-2f-lmo-79.0-100-5.0-0.001.h5 | 7.9017
print_results | 0.036331929247390204 | p100-2f-lmo-80.0-100-5.0-0.002.h5 | 8.0029
print_results | 0.035656677208034684 | p100-2f-lmo-81.0-100-5.0-0.002.h5 | 8.1069
print_results | 0.042676274280436396 | p100-2f-lmo-82.0-100-5.0-0.002.h5 | 8.2109
print_results | 0.04085399400826612 | p100-2f-lmo-83.0-100-5.0-0.003.h5 | 8.3046
print_results | 0.05012260940321052 | p100-2f-lmo-84.0-100-5.0-0.002.h5 | 8.4034
print_results | 0.04459088332787522 | p100-2f-lmo-85.0-100-5.0-0.003.h5 | 8.5005
print_results | 0.03960525459235942 | p100-2f-lmo-86.0-100-5.0-0.001.h5 | 8.6033
print_results | 0.04258044753511848 | p100-2f-lmo-87.0-100-5.0-0.002.h5 | 8.7166
print_results | 0.037488444410991605 | p100-2f-lmo-88.0-100-5.0-0.003.h5 | 8.814
print_results | 0.04305948946044701 | p100-2f-lmo-89.0-100-5.0-0.002.h5 | 8.9122
print_results | 0.08434114843375096 | p100-2f-lmo-0.0-1000-0.1-0.001.h5 | 0.066
print_results | 0.08231704248921375 | p100-2f-lmo-1.0-1000-1.2139-0.003.h5 | 0.1001
print_results | 0.062880898039201 | p100-2f-lmo-2.0-1000-2.0-0.004.h5 | 0.2001
print_results | 0.08810244822154573 | p100-2f-lmo-3.0-1000-5.0-0.002.h5 | 0.3002
print_results | 0.0769610411361284 | p100-2f-lmo-4.0-1000-5.0-0.003.h5 | 0.4002
print_results | 0.05012260940321052 | p100-2f-lmo-84.0-100-5.0-0.002.h5 | 8.4034
print_results | 0.04459088332787522 | p100-2f-lmo-85.0-100-5.0-0.003.h5 | 8.5005
print_results | 0.03960525459235942 | p100-2f-lmo-86.0-100-5.0-0.001.h5 | 8.6033
print_results | 0.04258044753511848 | p100-2f-lmo-87.0-100-5.0-0.002.h5 | 8.7166
print_results | 0.037488444410991605 | p100-2f-lmo-88.0-100-5.0-0.003.h5 | 8.814
print_results | 0.04305948946044701 | p100-2f-lmo-89.0-100-5.0-0.002.h5 | 8.9122
print_results | 0.08434114843375096 | p100-2f-lmo-0.0-1000-0.1-0.001.h5 | 0.066
print_results | 0.08231704248921375 | p100-2f-lmo-1.0-1000-1.2139-0.003.h5 | 0.1001
print_results | 0.062880898039201 | p100-2f-lmo-2.0-1000-2.0-0.004.h5 | 0.2001
print_results | 0.08810244822154573 | p100-2f-lmo-3.0-1000-5.0-0.002.h5 | 0.3002
print_results | 0.0769610411361284 | p100-2f-lmo-4.0-1000-5.0-0.003.h5 | 0.4002
print_results | 0.08369755902156667 | p100-2f-lmo-5.0-1000-5.0-0.002.h5 | 0.5001
print_results | 0.07436508195530674 | p100-2f-lmo-6.0-1000-5.0-0.002.h5 | 0.6
print_results | 0.0822249402556695 | p100-2f-lmo-7.0-1000-5.0-0.002.h5 | 0.7001
print_results | 0.07166928669035968 | p100-2f-lmo-8.0-1000-5.0-0.001.h5 | 0.8004
print_results | 0.06849941642469226 | p100-2f-lmo-9.0-1000-5.0-0.002.h5 | 0.9003
print_results | 0.07027205298533169 | p100-2f-lmo-10.0-1000-5.0-0.003.h5 | 1.0003
print_results | 0.07176236622689079 | p100-2f-lmo-11.0-1000-5.0-0.003.h5 | 1.1024
print_results | 0.07991962317587344 | p100-2f-lmo-12.0-1000-5.0-0.001.h5 | 1.2
print_results | 0.07705362944229147 | p100-2f-lmo-13.0-1000-5.0-0.003.h5 | 1.3002
print_results | 0.08010424424166136 | p100-2f-lmo-14.0-1000-5.0-0.003.h5 | 1.4028
print_results | 0.0829615207143473 | p100-2f-lmo-15.0-1000-5.0-0.001.h5 | 1.5014
print_results | 0.07352923328811553 | p100-2f-lmo-16.0-1000-5.0-0.001.h5 | 1.6003
print_results | 0.07807153542015544 | p100-2f-lmo-17.0-1000-5.0-0.001.h5 | 1.7014
print_results | 0.07334339422420959 | p100-2f-lmo-18.0-1000-5.0-0.003.h5 | 1.8023
print_results | 0.07455073126429625 | p100-2f-lmo-19.0-1000-5.0-0.003.h5 | 1.9003
print_results | 0.07529298403543135 | p100-2f-lmo-20.0-1000-5.0-0.001.h5 | 2.0009
print_results | 0.07408654335269817 | p100-2f-lmo-21.0-1000-5.0-0.001.h5 | 2.1021
print_results | 0.06859279146561167 | p100-2f-lmo-22.0-1000-5.0-0.003.h5 | 2.2008
print_results | 0.07436508195530674 | p100-2f-lmo-23.0-1000-5.0-0.003.h5 | 2.3049
print_results | 0.06812582904760044 | p100-2f-lmo-24.0-1000-5.0-0.001.h5 | 2.4031
print_results | 0.07631268284916351 | p100-2f-lmo-25.0-1000-5.0-0.002.h5 | 2.5007
print_results | 0.07529298403543135 | p100-2f-lmo-26.0-1000-5.0-0.003.h5 | 2.6007
print_results | 0.07547846117590556 | p100-2f-lmo-27.0-1000-5.0-0.003.h5 | 2.7063
print_results | 0.07510747248680548 | p100-2f-lmo-28.0-1000-5.0-0.003.h5 | 2.802
print_results | 0.0822249402556695 | p100-2f-lmo-29.0-1000-5.0-0.002.h5 | 2.901
print_results | 0.07455073126429625 | p100-2f-lmo-30.0-1000-5.0-0.003.h5 | 3.0006
print_results | 0.07677583880204963 | p100-2f-lmo-31.0-1000-5.0-0.003.h5 | 3.1065
print_results | 0.0764053312024053 | p100-2f-lmo-32.0-1000-5.0-0.003.h5 | 3.2063
print_results | 0.0693394780786129 | p100-2f-lmo-33.0-1000-5.0-0.002.h5 | 3.3032
print_results | 0.0701788346212465 | p100-2f-lmo-34.0-1000-5.0-0.003.h5 | 3.4005
print_results | 0.07760897932698288 | p100-2f-lmo-35.0-1000-5.0-0.003.h5 | 3.505
print_results | 0.07436508195530674 | p100-2f-lmo-36.0-1000-5.0-0.003.h5 | 3.6009
print_results | 0.07705362944229147 | p100-2f-lmo-37.0-1000-5.0-0.003.h5 | 3.702
print_results | 0.0820407103362094 | p100-2f-lmo-38.0-1000-5.0-0.003.h5 | 3.8031
print_results | 0.08010424424166136 | p100-2f-lmo-39.0-1000-5.0-0.003.h5 | 3.9042
print_results | 0.06896620446472282 | p100-2f-lmo-40.0-1000-5.0-0.003.h5 | 4.0052
print_results | 0.08194858264716733 | p100-2f-lmo-41.0-1000-5.0-0.003.h5 | 4.101
print_results | 0.08038111194681256 | p100-2f-lmo-42.0-1000-5.0-0.002.h5 | 4.2054
print_results | 0.06961934188005707 | p100-2f-lmo-43.0-1000-5.0-0.002.h5 | 4.3003
print_results | 0.08837711061741292 | p100-2f-lmo-44.0-1000-5.0-0.003.h5 | 4.4051
print_results | 0.08148781684626792 | p100-2f-lmo-45.0-1000-5.0-0.003.h5 | 4.5001
