(0.1, 0.1, 0.1, (2, 1))
0.1 0.1
{'a3': 0.1, 'a4': 0.1, 'E_lambda': 0.1, 'U_b': 1, 'U_a': 0}
[]
{'a3': 0.1, 'a4': 0.1, 'E_lambda': 0.1, 'U_b': 2, 'U_a': 1}
[]
{'a3': 0.1, 'a4': 0.1, 'E_lambda': 0.5, 'U_b': 1, 'U_a': 0}
[]
{'a3': 0.1, 'a4': 0.1, 'E_lambda': 0.5, 'U_b': 2, 'U_a': 1}
[]
{'a3': 0.1, 'a4': 0.1, 'E_lambda': 1, 'U_b': 1, 'U_a': 0}
[]
{'a3': 0.1, 'a4': 0.1, 'E_lambda': 1, 'U_b': 2, 'U_a': 1}
[]
{'a3': 0.1, 'a4': 0.1, 'E_lambda': 5, 'U_b': 1, 'U_a': 0}
[]
{'a3': 0.1, 'a4': 0.1, 'E_lambda': 5, 'U_b': 2, 'U_a': 1}
[]
{'a3': 0.1, 'a4': 0.2, 'E_lambda': 0.1, 'U_b': 1, 'U_a': 0}
[]
{'a3': 0.1, 'a4': 0.2, 'E_lambda': 0.1, 'U_b': 2, 'U_a': 1}
[]
{'a3': 0.1, 'a4': 0.2, 'E_lambda': 0.5, 'U_b': 1, 'U_a': 0}
[]
{'a3': 0.1, 'a4': 0.2, 'E_lambda': 0.5, 'U_b': 2, 'U_a': 1}
[]
{'a3': 0.1, 'a4': 0.2, 'E_lambda': 1, 'U_b': 1, 'U_a': 0}
[]
{'a3': 0.1, 'a4': 0.2, 'E_lambda': 1, 'U_b': 2, 'U_a': 1}
[]
{'a3': 0.1, 'a4': 0.2, 'E_lambda': 5, 'U_b': 1, 'U_a': 0}
[]
{'a3': 0.1, 'a4': 0.2, 'E_lambda': 5, 'U_b': 2, 'U_a': 1}
[]
{'a3': 0.1, 'a4': 0.30000000000000004, 'E_lambda': 0.1, 'U_b': 1, 'U_a': 0}
[]
{'a3': 0.1, 'a4': 0.30000000000000004, 'E_lambda': 0.1, 'U_b': 2, 'U_a': 1}
[]
{'a3': 0.1, 'a4': 0.30000000000000004, 'E_lambda': 0.5, 'U_b': 1, 'U_a': 0}
[]
{'a3': 0.1, 'a4': 0.30000000000000004, 'E_lambda': 0.5, 'U_b': 2, 'U_a': 1}
[]
{'a3': 0.1, 'a4': 0.30000000000000004, 'E_lambda': 1, 'U_b': 1, 'U_a': 0}
[]
{'a3': 0.1, 'a4': 0.30000000000000004, 'E_lambda': 1, 'U_b': 2, 'U_a': 1}
[]
{'a3': 0.1, 'a4': 0.30000000000000004, 'E_lambda': 5, 'U_b': 1, 'U_a': 0}
[]
{'a3': 0.1, 'a4': 0.30000000000000004, 'E_lambda': 5, 'U_b': 2, 'U_a': 1}
[]
{'a3': 0.1, 'a4': 0.4, 'E_lambda': 0.1, 'U_b': 1, 'U_a': 0}
[]
{'a3': 0.1, 'a4': 0.4, 'E_lambda': 0.1, 'U_b': 2, 'U_a': 1}
[]
{'a3': 0.1, 'a4': 0.4, 'E_lambda': 0.5, 'U_b': 1, 'U_a': 0}
[]
{'a3': 0.1, 'a4': 0.4, 'E_lambda': 0.5, 'U_b': 2, 'U_a': 1}
[]
{'a3': 0.1, 'a4': 0.4, 'E_lambda': 1, 'U_b': 1, 'U_a': 0}
[]
{'a3': 0.1, 'a4': 0.4, 'E_lambda': 1, 'U_b': 2, 'U_a': 1}
[]
{'a3': 0.1, 'a4': 0.4, 'E_lambda': 5, 'U_b': 1, 'U_a': 0}
[]
{'a3': 0.1, 'a4': 0.4, 'E_lambda': 5, 'U_b': 2, 'U_a': 1}
[]
{'a3': 0.1, 'a4': 0.5, 'E_lambda': 0.1, 'U_b': 1, 'U_a': 0}
[]
{'a3': 0.1, 'a4': 0.5, 'E_lambda': 0.1, 'U_b': 2, 'U_a': 1}
[]
{'a3': 0.1, 'a4': 0.5, 'E_lambda': 0.5, 'U_b': 1, 'U_a': 0}
[]
{'a3': 0.1, 'a4': 0.5, 'E_lambda': 0.5, 'U_b': 2, 'U_a': 1}
[]
{'a3': 0.1, 'a4': 0.5, 'E_lambda': 1, 'U_b': 1, 'U_a': 0}
[]
{'a3': 0.1, 'a4': 0.5, 'E_lambda': 1, 'U_b': 2, 'U_a': 1}
[]
{'a3': 0.1, 'a4': 0.5, 'E_lambda': 5, 'U_b': 1, 'U_a': 0}
[]
{'a3': 0.1, 'a4': 0.5, 'E_lambda': 5, 'U_b': 2, 'U_a': 1}
[]
{'a3': 0.1, 'a4': 0.6, 'E_lambda': 0.1, 'U_b': 1, 'U_a': 0}
[]
{'a3': 0.1, 'a4': 0.6, 'E_lambda': 0.1, 'U_b': 2, 'U_a': 1}
[]
{'a3': 0.1, 'a4': 0.6, 'E_lambda': 0.5, 'U_b': 1, 'U_a': 0}
[]
{'a3': 0.1, 'a4': 0.6, 'E_lambda': 0.5, 'U_b': 2, 'U_a': 1}
[]
{'a3': 0.1, 'a4': 0.6, 'E_lambda': 1, 'U_b': 1, 'U_a': 0}
[]
{'a3': 0.1, 'a4': 0.6, 'E_lambda': 1, 'U_b': 2, 'U_a': 1}
[]
{'a3': 0.1, 'a4': 0.6, 'E_lambda': 5, 'U_b': 1, 'U_a': 0}
[]
{'a3': 0.1, 'a4': 0.6, 'E_lambda': 5, 'U_b': 2, 'U_a': 1}
[]
{'a3': 0.1, 'a4': 0.7000000000000001, 'E_lambda': 0.1, 'U_b': 1, 'U_a': 0}
[]
{'a3': 0.1, 'a4': 0.7000000000000001, 'E_lambda': 0.1, 'U_b': 2, 'U_a': 1}
[]
{'a3': 0.1, 'a4': 0.7000000000000001, 'E_lambda': 0.5, 'U_b': 1, 'U_a': 0}
[]
{'a3': 0.1, 'a4': 0.7000000000000001, 'E_lambda': 0.5, 'U_b': 2, 'U_a': 1}
[]
{'a3': 0.1, 'a4': 0.7000000000000001, 'E_lambda': 1, 'U_b': 1, 'U_a': 0}
[]
{'a3': 0.1, 'a4': 0.7000000000000001, 'E_lambda': 1, 'U_b': 2, 'U_a': 1}
[]
{'a3': 0.1, 'a4': 0.7000000000000001, 'E_lambda': 5, 'U_b': 1, 'U_a': 0}
[]
{'a3': 0.1, 'a4': 0.7000000000000001, 'E_lambda': 5, 'U_b': 2, 'U_a': 1}
[]
{'a3': 0.1, 'a4': 0.8, 'E_lambda': 0.1, 'U_b': 1, 'U_a': 0}
[]
{'a3': 0.1, 'a4': 0.8, 'E_lambda': 0.1, 'U_b': 2, 'U_a': 1}
[]
{'a3': 0.1, 'a4': 0.8, 'E_lambda': 0.5, 'U_b': 1, 'U_a': 0}
[]
{'a3': 0.1, 'a4': 0.8, 'E_lambda': 0.5, 'U_b': 2, 'U_a': 1}
[]
{'a3': 0.1, 'a4': 0.8, 'E_lambda': 1, 'U_b': 1, 'U_a': 0}
[]
{'a3': 0.1, 'a4': 0.8, 'E_lambda': 1, 'U_b': 2, 'U_a': 1}
[]
{'a3': 0.1, 'a4': 0.8, 'E_lambda': 5, 'U_b': 1, 'U_a': 0}
[]
{'a3': 0.1, 'a4': 0.8, 'E_lambda': 5, 'U_b': 2, 'U_a': 1}
[]
{'a3': 0.1, 'a4': 0.9, 'E_lambda': 0.1, 'U_b': 1, 'U_a': 0}
[]
{'a3': 0.1, 'a4': 0.9, 'E_lambda': 0.1, 'U_b': 2, 'U_a': 1}
[]
{'a3': 0.1, 'a4': 0.9, 'E_lambda': 0.5, 'U_b': 1, 'U_a': 0}
[]
{'a3': 0.1, 'a4': 0.9, 'E_lambda': 0.5, 'U_b': 2, 'U_a': 1}
[]
{'a3': 0.1, 'a4': 0.9, 'E_lambda': 1, 'U_b': 1, 'U_a': 0}
[]
{'a3': 0.1, 'a4': 0.9, 'E_lambda': 1, 'U_b': 2, 'U_a': 1}
[]
{'a3': 0.1, 'a4': 0.9, 'E_lambda': 5, 'U_b': 1, 'U_a': 0}
[]
{'a3': 0.1, 'a4': 0.9, 'E_lambda': 5, 'U_b': 2, 'U_a': 1}
[]
{'a3': 0.2, 'a4': 0.1, 'E_lambda': 0.1, 'U_b': 1, 'U_a': 0}
[]
{'a3': 0.2, 'a4': 0.1, 'E_lambda': 0.1, 'U_b': 2, 'U_a': 1}
[]
{'a3': 0.2, 'a4': 0.1, 'E_lambda': 0.5, 'U_b': 1, 'U_a': 0}
[]
{'a3': 0.2, 'a4': 0.1, 'E_lambda': 0.5, 'U_b': 2, 'U_a': 1}
[]
{'a3': 0.2, 'a4': 0.1, 'E_lambda': 1, 'U_b': 1, 'U_a': 0}
[]
{'a3': 0.2, 'a4': 0.1, 'E_lambda': 1, 'U_b': 2, 'U_a': 1}
[]
{'a3': 0.2, 'a4': 0.1, 'E_lambda': 5, 'U_b': 1, 'U_a': 0}
[]
{'a3': 0.2, 'a4': 0.1, 'E_lambda': 5, 'U_b': 2, 'U_a': 1}
[]
{'a3': 0.2, 'a4': 0.2, 'E_lambda': 0.1, 'U_b': 1, 'U_a': 0}
[]
{'a3': 0.2, 'a4': 0.2, 'E_lambda': 0.1, 'U_b': 2, 'U_a': 1}
[]
{'a3': 0.2, 'a4': 0.2, 'E_lambda': 0.5, 'U_b': 1, 'U_a': 0}
[]
{'a3': 0.2, 'a4': 0.2, 'E_lambda': 0.5, 'U_b': 2, 'U_a': 1}
[]
{'a3': 0.2, 'a4': 0.2, 'E_lambda': 1, 'U_b': 1, 'U_a': 0}
[]
{'a3': 0.2, 'a4': 0.2, 'E_lambda': 1, 'U_b': 2, 'U_a': 1}
[]
{'a3': 0.2, 'a4': 0.2, 'E_lambda': 5, 'U_b': 1, 'U_a': 0}
[]
{'a3': 0.2, 'a4': 0.2, 'E_lambda': 5, 'U_b': 2, 'U_a': 1}
[]
{'a3': 0.2, 'a4': 0.30000000000000004, 'E_lambda': 0.1, 'U_b': 1, 'U_a': 0}
[]
{'a3': 0.2, 'a4': 0.30000000000000004, 'E_lambda': 0.1, 'U_b': 2, 'U_a': 1}
[]
{'a3': 0.2, 'a4': 0.30000000000000004, 'E_lambda': 0.5, 'U_b': 1, 'U_a': 0}
[]
{'a3': 0.2, 'a4': 0.30000000000000004, 'E_lambda': 0.5, 'U_b': 2, 'U_a': 1}
[]
{'a3': 0.2, 'a4': 0.30000000000000004, 'E_lambda': 1, 'U_b': 1, 'U_a': 0}
[]
{'a3': 0.2, 'a4': 0.30000000000000004, 'E_lambda': 1, 'U_b': 2, 'U_a': 1}
[]
{'a3': 0.2, 'a4': 0.30000000000000004, 'E_lambda': 5, 'U_b': 1, 'U_a': 0}
[]
{'a3': 0.2, 'a4': 0.30000000000000004, 'E_lambda': 5, 'U_b': 2, 'U_a': 1}
[]
{'a3': 0.2, 'a4': 0.4, 'E_lambda': 0.1, 'U_b': 1, 'U_a': 0}
[]
{'a3': 0.2, 'a4': 0.4, 'E_lambda': 0.1, 'U_b': 2, 'U_a': 1}
[]
{'a3': 0.2, 'a4': 0.4, 'E_lambda': 0.5, 'U_b': 1, 'U_a': 0}
[]
{'a3': 0.2, 'a4': 0.4, 'E_lambda': 0.5, 'U_b': 2, 'U_a': 1}
[]
{'a3': 0.2, 'a4': 0.4, 'E_lambda': 1, 'U_b': 1, 'U_a': 0}
[]
{'a3': 0.2, 'a4': 0.4, 'E_lambda': 1, 'U_b': 2, 'U_a': 1}
[]
{'a3': 0.2, 'a4': 0.4, 'E_lambda': 5, 'U_b': 1, 'U_a': 0}
[]
{'a3': 0.2, 'a4': 0.4, 'E_lambda': 5, 'U_b': 2, 'U_a': 1}
[]
{'a3': 0.2, 'a4': 0.5, 'E_lambda': 0.1, 'U_b': 1, 'U_a': 0}
[]
{'a3': 0.2, 'a4': 0.5, 'E_lambda': 0.1, 'U_b': 2, 'U_a': 1}
[]
{'a3': 0.2, 'a4': 0.5, 'E_lambda': 0.5, 'U_b': 1, 'U_a': 0}
[]
{'a3': 0.2, 'a4': 0.5, 'E_lambda': 0.5, 'U_b': 2, 'U_a': 1}
[]
{'a3': 0.2, 'a4': 0.5, 'E_lambda': 1, 'U_b': 1, 'U_a': 0}
[]
{'a3': 0.2, 'a4': 0.5, 'E_lambda': 1, 'U_b': 2, 'U_a': 1}
[]
{'a3': 0.2, 'a4': 0.5, 'E_lambda': 5, 'U_b': 1, 'U_a': 0}
[]
{'a3': 0.2, 'a4': 0.5, 'E_lambda': 5, 'U_b': 2, 'U_a': 1}
[]
{'a3': 0.2, 'a4': 0.6, 'E_lambda': 0.1, 'U_b': 1, 'U_a': 0}
[]
{'a3': 0.2, 'a4': 0.6, 'E_lambda': 0.1, 'U_b': 2, 'U_a': 1}
[]
{'a3': 0.2, 'a4': 0.6, 'E_lambda': 0.5, 'U_b': 1, 'U_a': 0}
[]
{'a3': 0.2, 'a4': 0.6, 'E_lambda': 0.5, 'U_b': 2, 'U_a': 1}
[]
{'a3': 0.2, 'a4': 0.6, 'E_lambda': 1, 'U_b': 1, 'U_a': 0}
[]
{'a3': 0.2, 'a4': 0.6, 'E_lambda': 1, 'U_b': 2, 'U_a': 1}
[]
{'a3': 0.2, 'a4': 0.6, 'E_lambda': 5, 'U_b': 1, 'U_a': 0}
[]
{'a3': 0.2, 'a4': 0.6, 'E_lambda': 5, 'U_b': 2, 'U_a': 1}
[]
{'a3': 0.2, 'a4': 0.7000000000000001, 'E_lambda': 0.1, 'U_b': 1, 'U_a': 0}
[]
{'a3': 0.2, 'a4': 0.7000000000000001, 'E_lambda': 0.1, 'U_b': 2, 'U_a': 1}
[]
{'a3': 0.2, 'a4': 0.7000000000000001, 'E_lambda': 0.5, 'U_b': 1, 'U_a': 0}
[]
{'a3': 0.2, 'a4': 0.7000000000000001, 'E_lambda': 0.5, 'U_b': 2, 'U_a': 1}
[]
{'a3': 0.2, 'a4': 0.7000000000000001, 'E_lambda': 1, 'U_b': 1, 'U_a': 0}
[]
{'a3': 0.2, 'a4': 0.7000000000000001, 'E_lambda': 1, 'U_b': 2, 'U_a': 1}
[]
{'a3': 0.2, 'a4': 0.7000000000000001, 'E_lambda': 5, 'U_b': 1, 'U_a': 0}
[]
{'a3': 0.2, 'a4': 0.7000000000000001, 'E_lambda': 5, 'U_b': 2, 'U_a': 1}
[]
{'a3': 0.2, 'a4': 0.8, 'E_lambda': 0.1, 'U_b': 1, 'U_a': 0}
[]
{'a3': 0.2, 'a4': 0.8, 'E_lambda': 0.1, 'U_b': 2, 'U_a': 1}
[]
{'a3': 0.2, 'a4': 0.8, 'E_lambda': 0.5, 'U_b': 1, 'U_a': 0}
[]
{'a3': 0.2, 'a4': 0.8, 'E_lambda': 0.5, 'U_b': 2, 'U_a': 1}
[]
{'a3': 0.2, 'a4': 0.8, 'E_lambda': 1, 'U_b': 1, 'U_a': 0}
[]
{'a3': 0.2, 'a4': 0.8, 'E_lambda': 1, 'U_b': 2, 'U_a': 1}
[]
{'a3': 0.2, 'a4': 0.8, 'E_lambda': 5, 'U_b': 1, 'U_a': 0}
[]
{'a3': 0.2, 'a4': 0.8, 'E_lambda': 5, 'U_b': 2, 'U_a': 1}
[]
{'a3': 0.2, 'a4': 0.9, 'E_lambda': 0.1, 'U_b': 1, 'U_a': 0}
[]
{'a3': 0.2, 'a4': 0.9, 'E_lambda': 0.1, 'U_b': 2, 'U_a': 1}
[]
{'a3': 0.2, 'a4': 0.9, 'E_lambda': 0.5, 'U_b': 1, 'U_a': 0}
[]
{'a3': 0.2, 'a4': 0.9, 'E_lambda': 0.5, 'U_b': 2, 'U_a': 1}
[]
{'a3': 0.2, 'a4': 0.9, 'E_lambda': 1, 'U_b': 1, 'U_a': 0}
[]
{'a3': 0.2, 'a4': 0.9, 'E_lambda': 1, 'U_b': 2, 'U_a': 1}
[]
{'a3': 0.2, 'a4': 0.9, 'E_lambda': 5, 'U_b': 1, 'U_a': 0}
[]
{'a3': 0.2, 'a4': 0.9, 'E_lambda': 5, 'U_b': 2, 'U_a': 1}
[]
{'a3': 0.30000000000000004, 'a4': 0.1, 'E_lambda': 0.1, 'U_b': 1, 'U_a': 0}
[]
{'a3': 0.30000000000000004, 'a4': 0.1, 'E_lambda': 0.1, 'U_b': 2, 'U_a': 1}
[]
{'a3': 0.30000000000000004, 'a4': 0.1, 'E_lambda': 0.5, 'U_b': 1, 'U_a': 0}
[]
{'a3': 0.30000000000000004, 'a4': 0.1, 'E_lambda': 0.5, 'U_b': 2, 'U_a': 1}
[]
{'a3': 0.30000000000000004, 'a4': 0.1, 'E_lambda': 1, 'U_b': 1, 'U_a': 0}
[]
{'a3': 0.30000000000000004, 'a4': 0.1, 'E_lambda': 1, 'U_b': 2, 'U_a': 1}
[]
{'a3': 0.30000000000000004, 'a4': 0.1, 'E_lambda': 5, 'U_b': 1, 'U_a': 0}
[]
{'a3': 0.30000000000000004, 'a4': 0.1, 'E_lambda': 5, 'U_b': 2, 'U_a': 1}
[]
{'a3': 0.30000000000000004, 'a4': 0.2, 'E_lambda': 0.1, 'U_b': 1, 'U_a': 0}
[]
{'a3': 0.30000000000000004, 'a4': 0.2, 'E_lambda': 0.1, 'U_b': 2, 'U_a': 1}
[]
{'a3': 0.30000000000000004, 'a4': 0.2, 'E_lambda': 0.5, 'U_b': 1, 'U_a': 0}
[]
{'a3': 0.30000000000000004, 'a4': 0.2, 'E_lambda': 0.5, 'U_b': 2, 'U_a': 1}
[]
{'a3': 0.30000000000000004, 'a4': 0.2, 'E_lambda': 1, 'U_b': 1, 'U_a': 0}
[]
{'a3': 0.30000000000000004, 'a4': 0.2, 'E_lambda': 1, 'U_b': 2, 'U_a': 1}
[]
{'a3': 0.30000000000000004, 'a4': 0.2, 'E_lambda': 5, 'U_b': 1, 'U_a': 0}
[]
{'a3': 0.30000000000000004, 'a4': 0.2, 'E_lambda': 5, 'U_b': 2, 'U_a': 1}
[]
{'a3': 0.30000000000000004, 'a4': 0.30000000000000004, 'E_lambda': 0.1, 'U_b': 1, 'U_a': 0}
[]
{'a3': 0.30000000000000004, 'a4': 0.30000000000000004, 'E_lambda': 0.1, 'U_b': 2, 'U_a': 1}
[]
{'a3': 0.30000000000000004, 'a4': 0.30000000000000004, 'E_lambda': 0.5, 'U_b': 1, 'U_a': 0}
[]
{'a3': 0.30000000000000004, 'a4': 0.30000000000000004, 'E_lambda': 0.5, 'U_b': 2, 'U_a': 1}
[]
{'a3': 0.30000000000000004, 'a4': 0.30000000000000004, 'E_lambda': 1, 'U_b': 1, 'U_a': 0}
[]
{'a3': 0.30000000000000004, 'a4': 0.30000000000000004, 'E_lambda': 1, 'U_b': 2, 'U_a': 1}
[]
{'a3': 0.30000000000000004, 'a4': 0.30000000000000004, 'E_lambda': 5, 'U_b': 1, 'U_a': 0}
[]
{'a3': 0.30000000000000004, 'a4': 0.30000000000000004, 'E_lambda': 5, 'U_b': 2, 'U_a': 1}
[]
{'a3': 0.30000000000000004, 'a4': 0.4, 'E_lambda': 0.1, 'U_b': 1, 'U_a': 0}
[]
{'a3': 0.30000000000000004, 'a4': 0.4, 'E_lambda': 0.1, 'U_b': 2, 'U_a': 1}
[]
{'a3': 0.30000000000000004, 'a4': 0.4, 'E_lambda': 0.5, 'U_b': 1, 'U_a': 0}
[]
{'a3': 0.30000000000000004, 'a4': 0.4, 'E_lambda': 0.5, 'U_b': 2, 'U_a': 1}
[]
{'a3': 0.30000000000000004, 'a4': 0.4, 'E_lambda': 1, 'U_b': 1, 'U_a': 0}
[]
{'a3': 0.30000000000000004, 'a4': 0.4, 'E_lambda': 1, 'U_b': 2, 'U_a': 1}
[]
{'a3': 0.30000000000000004, 'a4': 0.4, 'E_lambda': 5, 'U_b': 1, 'U_a': 0}
[]
{'a3': 0.30000000000000004, 'a4': 0.4, 'E_lambda': 5, 'U_b': 2, 'U_a': 1}
[]
{'a3': 0.30000000000000004, 'a4': 0.5, 'E_lambda': 0.1, 'U_b': 1, 'U_a': 0}
[]
{'a3': 0.30000000000000004, 'a4': 0.5, 'E_lambda': 0.1, 'U_b': 2, 'U_a': 1}
[]
{'a3': 0.30000000000000004, 'a4': 0.5, 'E_lambda': 0.5, 'U_b': 1, 'U_a': 0}
[]
{'a3': 0.30000000000000004, 'a4': 0.5, 'E_lambda': 0.5, 'U_b': 2, 'U_a': 1}
[]
{'a3': 0.30000000000000004, 'a4': 0.5, 'E_lambda': 1, 'U_b': 1, 'U_a': 0}
[]
{'a3': 0.30000000000000004, 'a4': 0.5, 'E_lambda': 1, 'U_b': 2, 'U_a': 1}
[]
{'a3': 0.30000000000000004, 'a4': 0.5, 'E_lambda': 5, 'U_b': 1, 'U_a': 0}
[]
{'a3': 0.30000000000000004, 'a4': 0.5, 'E_lambda': 5, 'U_b': 2, 'U_a': 1}
[]
{'a3': 0.30000000000000004, 'a4': 0.6, 'E_lambda': 0.1, 'U_b': 1, 'U_a': 0}
[]
{'a3': 0.30000000000000004, 'a4': 0.6, 'E_lambda': 0.1, 'U_b': 2, 'U_a': 1}
[]
{'a3': 0.30000000000000004, 'a4': 0.6, 'E_lambda': 0.5, 'U_b': 1, 'U_a': 0}
[]
{'a3': 0.30000000000000004, 'a4': 0.6, 'E_lambda': 0.5, 'U_b': 2, 'U_a': 1}
[]
{'a3': 0.30000000000000004, 'a4': 0.6, 'E_lambda': 1, 'U_b': 1, 'U_a': 0}
[]
{'a3': 0.30000000000000004, 'a4': 0.6, 'E_lambda': 1, 'U_b': 2, 'U_a': 1}
[]
{'a3': 0.30000000000000004, 'a4': 0.6, 'E_lambda': 5, 'U_b': 1, 'U_a': 0}
[]
{'a3': 0.30000000000000004, 'a4': 0.6, 'E_lambda': 5, 'U_b': 2, 'U_a': 1}
[]
{'a3': 0.30000000000000004, 'a4': 0.7000000000000001, 'E_lambda': 0.1, 'U_b': 1, 'U_a': 0}
[]
{'a3': 0.30000000000000004, 'a4': 0.7000000000000001, 'E_lambda': 0.1, 'U_b': 2, 'U_a': 1}
[]
{'a3': 0.30000000000000004, 'a4': 0.7000000000000001, 'E_lambda': 0.5, 'U_b': 1, 'U_a': 0}
[]
{'a3': 0.30000000000000004, 'a4': 0.7000000000000001, 'E_lambda': 0.5, 'U_b': 2, 'U_a': 1}
[]
{'a3': 0.30000000000000004, 'a4': 0.7000000000000001, 'E_lambda': 1, 'U_b': 1, 'U_a': 0}
[]
{'a3': 0.30000000000000004, 'a4': 0.7000000000000001, 'E_lambda': 1, 'U_b': 2, 'U_a': 1}
[]
{'a3': 0.30000000000000004, 'a4': 0.7000000000000001, 'E_lambda': 5, 'U_b': 1, 'U_a': 0}
[]
{'a3': 0.30000000000000004, 'a4': 0.7000000000000001, 'E_lambda': 5, 'U_b': 2, 'U_a': 1}
[]
{'a3': 0.30000000000000004, 'a4': 0.8, 'E_lambda': 0.1, 'U_b': 1, 'U_a': 0}
[]
{'a3': 0.30000000000000004, 'a4': 0.8, 'E_lambda': 0.1, 'U_b': 2, 'U_a': 1}
[]
{'a3': 0.30000000000000004, 'a4': 0.8, 'E_lambda': 0.5, 'U_b': 1, 'U_a': 0}
[]
{'a3': 0.30000000000000004, 'a4': 0.8, 'E_lambda': 0.5, 'U_b': 2, 'U_a': 1}
[]
{'a3': 0.30000000000000004, 'a4': 0.8, 'E_lambda': 1, 'U_b': 1, 'U_a': 0}
[]
{'a3': 0.30000000000000004, 'a4': 0.8, 'E_lambda': 1, 'U_b': 2, 'U_a': 1}
[]
{'a3': 0.30000000000000004, 'a4': 0.8, 'E_lambda': 5, 'U_b': 1, 'U_a': 0}
[]
{'a3': 0.30000000000000004, 'a4': 0.8, 'E_lambda': 5, 'U_b': 2, 'U_a': 1}
[]
{'a3': 0.30000000000000004, 'a4': 0.9, 'E_lambda': 0.1, 'U_b': 1, 'U_a': 0}
[]
{'a3': 0.30000000000000004, 'a4': 0.9, 'E_lambda': 0.1, 'U_b': 2, 'U_a': 1}
[]
{'a3': 0.30000000000000004, 'a4': 0.9, 'E_lambda': 0.5, 'U_b': 1, 'U_a': 0}
[]
{'a3': 0.30000000000000004, 'a4': 0.9, 'E_lambda': 0.5, 'U_b': 2, 'U_a': 1}
[]
{'a3': 0.30000000000000004, 'a4': 0.9, 'E_lambda': 1, 'U_b': 1, 'U_a': 0}
[]
{'a3': 0.30000000000000004, 'a4': 0.9, 'E_lambda': 1, 'U_b': 2, 'U_a': 1}
[]
{'a3': 0.30000000000000004, 'a4': 0.9, 'E_lambda': 5, 'U_b': 1, 'U_a': 0}
[]
{'a3': 0.30000000000000004, 'a4': 0.9, 'E_lambda': 5, 'U_b': 2, 'U_a': 1}
[]
{'a3': 0.4, 'a4': 0.1, 'E_lambda': 0.1, 'U_b': 1, 'U_a': 0}
[]
{'a3': 0.4, 'a4': 0.1, 'E_lambda': 0.1, 'U_b': 2, 'U_a': 1}
[]
{'a3': 0.4, 'a4': 0.1, 'E_lambda': 0.5, 'U_b': 1, 'U_a': 0}
[]
{'a3': 0.4, 'a4': 0.1, 'E_lambda': 0.5, 'U_b': 2, 'U_a': 1}
[]
{'a3': 0.4, 'a4': 0.1, 'E_lambda': 1, 'U_b': 1, 'U_a': 0}
[]
{'a3': 0.4, 'a4': 0.1, 'E_lambda': 1, 'U_b': 2, 'U_a': 1}
[]
{'a3': 0.4, 'a4': 0.1, 'E_lambda': 5, 'U_b': 1, 'U_a': 0}
[]
{'a3': 0.4, 'a4': 0.1, 'E_lambda': 5, 'U_b': 2, 'U_a': 1}
[]
{'a3': 0.4, 'a4': 0.2, 'E_lambda': 0.1, 'U_b': 1, 'U_a': 0}
[]
{'a3': 0.4, 'a4': 0.2, 'E_lambda': 0.1, 'U_b': 2, 'U_a': 1}
[]
{'a3': 0.4, 'a4': 0.2, 'E_lambda': 0.5, 'U_b': 1, 'U_a': 0}
[]
{'a3': 0.4, 'a4': 0.2, 'E_lambda': 0.5, 'U_b': 2, 'U_a': 1}
[]
{'a3': 0.4, 'a4': 0.2, 'E_lambda': 1, 'U_b': 1, 'U_a': 0}
[]
{'a3': 0.4, 'a4': 0.2, 'E_lambda': 1, 'U_b': 2, 'U_a': 1}
[]
{'a3': 0.4, 'a4': 0.2, 'E_lambda': 5, 'U_b': 1, 'U_a': 0}
[]
{'a3': 0.4, 'a4': 0.2, 'E_lambda': 5, 'U_b': 2, 'U_a': 1}
[]
{'a3': 0.4, 'a4': 0.30000000000000004, 'E_lambda': 0.1, 'U_b': 1, 'U_a': 0}
[]
{'a3': 0.4, 'a4': 0.30000000000000004, 'E_lambda': 0.1, 'U_b': 2, 'U_a': 1}
[]
{'a3': 0.4, 'a4': 0.30000000000000004, 'E_lambda': 0.5, 'U_b': 1, 'U_a': 0}
[]
{'a3': 0.4, 'a4': 0.30000000000000004, 'E_lambda': 0.5, 'U_b': 2, 'U_a': 1}
[]
{'a3': 0.4, 'a4': 0.30000000000000004, 'E_lambda': 1, 'U_b': 1, 'U_a': 0}
[]
{'a3': 0.4, 'a4': 0.30000000000000004, 'E_lambda': 1, 'U_b': 2, 'U_a': 1}
[]
{'a3': 0.4, 'a4': 0.30000000000000004, 'E_lambda': 5, 'U_b': 1, 'U_a': 0}
[]
{'a3': 0.4, 'a4': 0.30000000000000004, 'E_lambda': 5, 'U_b': 2, 'U_a': 1}
[]
{'a3': 0.4, 'a4': 0.4, 'E_lambda': 0.1, 'U_b': 1, 'U_a': 0}
[]
{'a3': 0.4, 'a4': 0.4, 'E_lambda': 0.1, 'U_b': 2, 'U_a': 1}
[]
{'a3': 0.4, 'a4': 0.4, 'E_lambda': 0.5, 'U_b': 1, 'U_a': 0}
[]
{'a3': 0.4, 'a4': 0.4, 'E_lambda': 0.5, 'U_b': 2, 'U_a': 1}
[]
{'a3': 0.4, 'a4': 0.4, 'E_lambda': 1, 'U_b': 1, 'U_a': 0}
[]
{'a3': 0.4, 'a4': 0.4, 'E_lambda': 1, 'U_b': 2, 'U_a': 1}
[]
{'a3': 0.4, 'a4': 0.4, 'E_lambda': 5, 'U_b': 1, 'U_a': 0}
[]
{'a3': 0.4, 'a4': 0.4, 'E_lambda': 5, 'U_b': 2, 'U_a': 1}
[]
{'a3': 0.4, 'a4': 0.5, 'E_lambda': 0.1, 'U_b': 1, 'U_a': 0}
[]
{'a3': 0.4, 'a4': 0.5, 'E_lambda': 0.1, 'U_b': 2, 'U_a': 1}
[]
{'a3': 0.4, 'a4': 0.5, 'E_lambda': 0.5, 'U_b': 1, 'U_a': 0}
[]
{'a3': 0.4, 'a4': 0.5, 'E_lambda': 0.5, 'U_b': 2, 'U_a': 1}
[]
{'a3': 0.4, 'a4': 0.5, 'E_lambda': 1, 'U_b': 1, 'U_a': 0}
[]
{'a3': 0.4, 'a4': 0.5, 'E_lambda': 1, 'U_b': 2, 'U_a': 1}
[]
{'a3': 0.4, 'a4': 0.5, 'E_lambda': 5, 'U_b': 1, 'U_a': 0}
[]
{'a3': 0.4, 'a4': 0.5, 'E_lambda': 5, 'U_b': 2, 'U_a': 1}
[]
{'a3': 0.4, 'a4': 0.6, 'E_lambda': 0.1, 'U_b': 1, 'U_a': 0}
[]
{'a3': 0.4, 'a4': 0.6, 'E_lambda': 0.1, 'U_b': 2, 'U_a': 1}
[]
{'a3': 0.4, 'a4': 0.6, 'E_lambda': 0.5, 'U_b': 1, 'U_a': 0}
[]
{'a3': 0.4, 'a4': 0.6, 'E_lambda': 0.5, 'U_b': 2, 'U_a': 1}
[]
{'a3': 0.4, 'a4': 0.6, 'E_lambda': 1, 'U_b': 1, 'U_a': 0}
[]
{'a3': 0.4, 'a4': 0.6, 'E_lambda': 1, 'U_b': 2, 'U_a': 1}
[]
{'a3': 0.4, 'a4': 0.6, 'E_lambda': 5, 'U_b': 1, 'U_a': 0}
[]
{'a3': 0.4, 'a4': 0.6, 'E_lambda': 5, 'U_b': 2, 'U_a': 1}
[]
{'a3': 0.4, 'a4': 0.7000000000000001, 'E_lambda': 0.1, 'U_b': 1, 'U_a': 0}
[]
{'a3': 0.4, 'a4': 0.7000000000000001, 'E_lambda': 0.1, 'U_b': 2, 'U_a': 1}
[]
{'a3': 0.4, 'a4': 0.7000000000000001, 'E_lambda': 0.5, 'U_b': 1, 'U_a': 0}
[]
{'a3': 0.4, 'a4': 0.7000000000000001, 'E_lambda': 0.5, 'U_b': 2, 'U_a': 1}
[]
{'a3': 0.4, 'a4': 0.7000000000000001, 'E_lambda': 1, 'U_b': 1, 'U_a': 0}
[]
{'a3': 0.4, 'a4': 0.7000000000000001, 'E_lambda': 1, 'U_b': 2, 'U_a': 1}
[]
{'a3': 0.4, 'a4': 0.7000000000000001, 'E_lambda': 5, 'U_b': 1, 'U_a': 0}
[]
{'a3': 0.4, 'a4': 0.7000000000000001, 'E_lambda': 5, 'U_b': 2, 'U_a': 1}
[]
{'a3': 0.4, 'a4': 0.8, 'E_lambda': 0.1, 'U_b': 1, 'U_a': 0}
[]
{'a3': 0.4, 'a4': 0.8, 'E_lambda': 0.1, 'U_b': 2, 'U_a': 1}
[]
{'a3': 0.4, 'a4': 0.8, 'E_lambda': 0.5, 'U_b': 1, 'U_a': 0}
[]
{'a3': 0.4, 'a4': 0.8, 'E_lambda': 0.5, 'U_b': 2, 'U_a': 1}
[]
{'a3': 0.4, 'a4': 0.8, 'E_lambda': 1, 'U_b': 1, 'U_a': 0}
[]
{'a3': 0.4, 'a4': 0.8, 'E_lambda': 1, 'U_b': 2, 'U_a': 1}
[]
{'a3': 0.4, 'a4': 0.8, 'E_lambda': 5, 'U_b': 1, 'U_a': 0}
[]
{'a3': 0.4, 'a4': 0.8, 'E_lambda': 5, 'U_b': 2, 'U_a': 1}
[]
{'a3': 0.4, 'a4': 0.9, 'E_lambda': 0.1, 'U_b': 1, 'U_a': 0}
[]
{'a3': 0.4, 'a4': 0.9, 'E_lambda': 0.1, 'U_b': 2, 'U_a': 1}
[]
{'a3': 0.4, 'a4': 0.9, 'E_lambda': 0.5, 'U_b': 1, 'U_a': 0}
[]
{'a3': 0.4, 'a4': 0.9, 'E_lambda': 0.5, 'U_b': 2, 'U_a': 1}
[]
{'a3': 0.4, 'a4': 0.9, 'E_lambda': 1, 'U_b': 1, 'U_a': 0}
[]
{'a3': 0.4, 'a4': 0.9, 'E_lambda': 1, 'U_b': 2, 'U_a': 1}
[]
{'a3': 0.4, 'a4': 0.9, 'E_lambda': 5, 'U_b': 1, 'U_a': 0}
[]
{'a3': 0.4, 'a4': 0.9, 'E_lambda': 5, 'U_b': 2, 'U_a': 1}
[]
{'a3': 0.5, 'a4': 0.1, 'E_lambda': 0.1, 'U_b': 1, 'U_a': 0}
[]
{'a3': 0.5, 'a4': 0.1, 'E_lambda': 0.1, 'U_b': 2, 'U_a': 1}
[]
{'a3': 0.5, 'a4': 0.1, 'E_lambda': 0.5, 'U_b': 1, 'U_a': 0}
[]
{'a3': 0.5, 'a4': 0.1, 'E_lambda': 0.5, 'U_b': 2, 'U_a': 1}
[]
{'a3': 0.5, 'a4': 0.1, 'E_lambda': 1, 'U_b': 1, 'U_a': 0}
[]
{'a3': 0.5, 'a4': 0.1, 'E_lambda': 1, 'U_b': 2, 'U_a': 1}
[]
{'a3': 0.5, 'a4': 0.1, 'E_lambda': 5, 'U_b': 1, 'U_a': 0}
[]
{'a3': 0.5, 'a4': 0.1, 'E_lambda': 5, 'U_b': 2, 'U_a': 1}
[]
{'a3': 0.5, 'a4': 0.2, 'E_lambda': 0.1, 'U_b': 1, 'U_a': 0}
[]
{'a3': 0.5, 'a4': 0.2, 'E_lambda': 0.1, 'U_b': 2, 'U_a': 1}
[]
{'a3': 0.5, 'a4': 0.2, 'E_lambda': 0.5, 'U_b': 1, 'U_a': 0}
[]
{'a3': 0.5, 'a4': 0.2, 'E_lambda': 0.5, 'U_b': 2, 'U_a': 1}
[]
{'a3': 0.5, 'a4': 0.2, 'E_lambda': 1, 'U_b': 1, 'U_a': 0}
[]
{'a3': 0.5, 'a4': 0.2, 'E_lambda': 1, 'U_b': 2, 'U_a': 1}
[]
{'a3': 0.5, 'a4': 0.2, 'E_lambda': 5, 'U_b': 1, 'U_a': 0}
[]
{'a3': 0.5, 'a4': 0.2, 'E_lambda': 5, 'U_b': 2, 'U_a': 1}
[]
{'a3': 0.5, 'a4': 0.30000000000000004, 'E_lambda': 0.1, 'U_b': 1, 'U_a': 0}
[]
{'a3': 0.5, 'a4': 0.30000000000000004, 'E_lambda': 0.1, 'U_b': 2, 'U_a': 1}
[]
{'a3': 0.5, 'a4': 0.30000000000000004, 'E_lambda': 0.5, 'U_b': 1, 'U_a': 0}
[]
{'a3': 0.5, 'a4': 0.30000000000000004, 'E_lambda': 0.5, 'U_b': 2, 'U_a': 1}
[]
{'a3': 0.5, 'a4': 0.30000000000000004, 'E_lambda': 1, 'U_b': 1, 'U_a': 0}
[]
{'a3': 0.5, 'a4': 0.30000000000000004, 'E_lambda': 1, 'U_b': 2, 'U_a': 1}
[]
{'a3': 0.5, 'a4': 0.30000000000000004, 'E_lambda': 5, 'U_b': 1, 'U_a': 0}
[]
{'a3': 0.5, 'a4': 0.30000000000000004, 'E_lambda': 5, 'U_b': 2, 'U_a': 1}
[]
{'a3': 0.5, 'a4': 0.4, 'E_lambda': 0.1, 'U_b': 1, 'U_a': 0}
[]
{'a3': 0.5, 'a4': 0.4, 'E_lambda': 0.1, 'U_b': 2, 'U_a': 1}
[]
{'a3': 0.5, 'a4': 0.4, 'E_lambda': 0.5, 'U_b': 1, 'U_a': 0}
[]
{'a3': 0.5, 'a4': 0.4, 'E_lambda': 0.5, 'U_b': 2, 'U_a': 1}
[]
{'a3': 0.5, 'a4': 0.4, 'E_lambda': 1, 'U_b': 1, 'U_a': 0}
[]
{'a3': 0.5, 'a4': 0.4, 'E_lambda': 1, 'U_b': 2, 'U_a': 1}
[]
{'a3': 0.5, 'a4': 0.4, 'E_lambda': 5, 'U_b': 1, 'U_a': 0}
[]
{'a3': 0.5, 'a4': 0.4, 'E_lambda': 5, 'U_b': 2, 'U_a': 1}
[]
{'a3': 0.5, 'a4': 0.5, 'E_lambda': 0.1, 'U_b': 1, 'U_a': 0}
[]
{'a3': 0.5, 'a4': 0.5, 'E_lambda': 0.1, 'U_b': 2, 'U_a': 1}
[]
{'a3': 0.5, 'a4': 0.5, 'E_lambda': 0.5, 'U_b': 1, 'U_a': 0}
[]
{'a3': 0.5, 'a4': 0.5, 'E_lambda': 0.5, 'U_b': 2, 'U_a': 1}
[]
{'a3': 0.5, 'a4': 0.5, 'E_lambda': 1, 'U_b': 1, 'U_a': 0}
[]
{'a3': 0.5, 'a4': 0.5, 'E_lambda': 1, 'U_b': 2, 'U_a': 1}
[]
{'a3': 0.5, 'a4': 0.5, 'E_lambda': 5, 'U_b': 1, 'U_a': 0}
[]
{'a3': 0.5, 'a4': 0.5, 'E_lambda': 5, 'U_b': 2, 'U_a': 1}
[]
{'a3': 0.5, 'a4': 0.6, 'E_lambda': 0.1, 'U_b': 1, 'U_a': 0}
[]
{'a3': 0.5, 'a4': 0.6, 'E_lambda': 0.1, 'U_b': 2, 'U_a': 1}
[]
{'a3': 0.5, 'a4': 0.6, 'E_lambda': 0.5, 'U_b': 1, 'U_a': 0}
[]
{'a3': 0.5, 'a4': 0.6, 'E_lambda': 0.5, 'U_b': 2, 'U_a': 1}
[]
{'a3': 0.5, 'a4': 0.6, 'E_lambda': 1, 'U_b': 1, 'U_a': 0}
[]
{'a3': 0.5, 'a4': 0.6, 'E_lambda': 1, 'U_b': 2, 'U_a': 1}
[]
{'a3': 0.5, 'a4': 0.6, 'E_lambda': 5, 'U_b': 1, 'U_a': 0}
[]
{'a3': 0.5, 'a4': 0.6, 'E_lambda': 5, 'U_b': 2, 'U_a': 1}
[]
{'a3': 0.5, 'a4': 0.7000000000000001, 'E_lambda': 0.1, 'U_b': 1, 'U_a': 0}
[]
{'a3': 0.5, 'a4': 0.7000000000000001, 'E_lambda': 0.1, 'U_b': 2, 'U_a': 1}
[]
{'a3': 0.5, 'a4': 0.7000000000000001, 'E_lambda': 0.5, 'U_b': 1, 'U_a': 0}
[]
{'a3': 0.5, 'a4': 0.7000000000000001, 'E_lambda': 0.5, 'U_b': 2, 'U_a': 1}
[]
{'a3': 0.5, 'a4': 0.7000000000000001, 'E_lambda': 1, 'U_b': 1, 'U_a': 0}
[]
{'a3': 0.5, 'a4': 0.7000000000000001, 'E_lambda': 1, 'U_b': 2, 'U_a': 1}
[]
{'a3': 0.5, 'a4': 0.7000000000000001, 'E_lambda': 5, 'U_b': 1, 'U_a': 0}
[]
{'a3': 0.5, 'a4': 0.7000000000000001, 'E_lambda': 5, 'U_b': 2, 'U_a': 1}
[]
{'a3': 0.5, 'a4': 0.8, 'E_lambda': 0.1, 'U_b': 1, 'U_a': 0}
[]
{'a3': 0.5, 'a4': 0.8, 'E_lambda': 0.1, 'U_b': 2, 'U_a': 1}
[]
{'a3': 0.5, 'a4': 0.8, 'E_lambda': 0.5, 'U_b': 1, 'U_a': 0}
[]
{'a3': 0.5, 'a4': 0.8, 'E_lambda': 0.5, 'U_b': 2, 'U_a': 1}
[]
{'a3': 0.5, 'a4': 0.8, 'E_lambda': 1, 'U_b': 1, 'U_a': 0}
[]
{'a3': 0.5, 'a4': 0.8, 'E_lambda': 1, 'U_b': 2, 'U_a': 1}
[]
{'a3': 0.5, 'a4': 0.8, 'E_lambda': 5, 'U_b': 1, 'U_a': 0}
[]
{'a3': 0.5, 'a4': 0.8, 'E_lambda': 5, 'U_b': 2, 'U_a': 1}
[]
{'a3': 0.5, 'a4': 0.9, 'E_lambda': 0.1, 'U_b': 1, 'U_a': 0}
[]
{'a3': 0.5, 'a4': 0.9, 'E_lambda': 0.1, 'U_b': 2, 'U_a': 1}
[]
{'a3': 0.5, 'a4': 0.9, 'E_lambda': 0.5, 'U_b': 1, 'U_a': 0}
[]
{'a3': 0.5, 'a4': 0.9, 'E_lambda': 0.5, 'U_b': 2, 'U_a': 1}
[]
{'a3': 0.5, 'a4': 0.9, 'E_lambda': 1, 'U_b': 1, 'U_a': 0}
[]
{'a3': 0.5, 'a4': 0.9, 'E_lambda': 1, 'U_b': 2, 'U_a': 1}
[]
{'a3': 0.5, 'a4': 0.9, 'E_lambda': 5, 'U_b': 1, 'U_a': 0}
[]
{'a3': 0.5, 'a4': 0.9, 'E_lambda': 5, 'U_b': 2, 'U_a': 1}
[]
{'a3': 0.6, 'a4': 0.1, 'E_lambda': 0.1, 'U_b': 1, 'U_a': 0}
[]
{'a3': 0.6, 'a4': 0.1, 'E_lambda': 0.1, 'U_b': 2, 'U_a': 1}
[]
{'a3': 0.6, 'a4': 0.1, 'E_lambda': 0.5, 'U_b': 1, 'U_a': 0}
[]
{'a3': 0.6, 'a4': 0.1, 'E_lambda': 0.5, 'U_b': 2, 'U_a': 1}
[]
{'a3': 0.6, 'a4': 0.1, 'E_lambda': 1, 'U_b': 1, 'U_a': 0}
[]
{'a3': 0.6, 'a4': 0.1, 'E_lambda': 1, 'U_b': 2, 'U_a': 1}
[]
{'a3': 0.6, 'a4': 0.1, 'E_lambda': 5, 'U_b': 1, 'U_a': 0}
[]
{'a3': 0.6, 'a4': 0.1, 'E_lambda': 5, 'U_b': 2, 'U_a': 1}
[]
{'a3': 0.6, 'a4': 0.2, 'E_lambda': 0.1, 'U_b': 1, 'U_a': 0}
[]
{'a3': 0.6, 'a4': 0.2, 'E_lambda': 0.1, 'U_b': 2, 'U_a': 1}
[]
{'a3': 0.6, 'a4': 0.2, 'E_lambda': 0.5, 'U_b': 1, 'U_a': 0}
[]
{'a3': 0.6, 'a4': 0.2, 'E_lambda': 0.5, 'U_b': 2, 'U_a': 1}
[]
{'a3': 0.6, 'a4': 0.2, 'E_lambda': 1, 'U_b': 1, 'U_a': 0}
[]
{'a3': 0.6, 'a4': 0.2, 'E_lambda': 1, 'U_b': 2, 'U_a': 1}
[]
{'a3': 0.6, 'a4': 0.2, 'E_lambda': 5, 'U_b': 1, 'U_a': 0}
[]
{'a3': 0.6, 'a4': 0.2, 'E_lambda': 5, 'U_b': 2, 'U_a': 1}
[]
{'a3': 0.6, 'a4': 0.30000000000000004, 'E_lambda': 0.1, 'U_b': 1, 'U_a': 0}
[]
{'a3': 0.6, 'a4': 0.30000000000000004, 'E_lambda': 0.1, 'U_b': 2, 'U_a': 1}
[]
{'a3': 0.6, 'a4': 0.30000000000000004, 'E_lambda': 0.5, 'U_b': 1, 'U_a': 0}
[]
{'a3': 0.6, 'a4': 0.30000000000000004, 'E_lambda': 0.5, 'U_b': 2, 'U_a': 1}
[]
{'a3': 0.6, 'a4': 0.30000000000000004, 'E_lambda': 1, 'U_b': 1, 'U_a': 0}
[]
{'a3': 0.6, 'a4': 0.30000000000000004, 'E_lambda': 1, 'U_b': 2, 'U_a': 1}
[]
{'a3': 0.6, 'a4': 0.30000000000000004, 'E_lambda': 5, 'U_b': 1, 'U_a': 0}
[]
{'a3': 0.6, 'a4': 0.30000000000000004, 'E_lambda': 5, 'U_b': 2, 'U_a': 1}
[]
{'a3': 0.6, 'a4': 0.4, 'E_lambda': 0.1, 'U_b': 1, 'U_a': 0}
[]
{'a3': 0.6, 'a4': 0.4, 'E_lambda': 0.1, 'U_b': 2, 'U_a': 1}
[]
{'a3': 0.6, 'a4': 0.4, 'E_lambda': 0.5, 'U_b': 1, 'U_a': 0}
[]
{'a3': 0.6, 'a4': 0.4, 'E_lambda': 0.5, 'U_b': 2, 'U_a': 1}
[]
{'a3': 0.6, 'a4': 0.4, 'E_lambda': 1, 'U_b': 1, 'U_a': 0}
[]
{'a3': 0.6, 'a4': 0.4, 'E_lambda': 1, 'U_b': 2, 'U_a': 1}
[]
{'a3': 0.6, 'a4': 0.4, 'E_lambda': 5, 'U_b': 1, 'U_a': 0}
[]
{'a3': 0.6, 'a4': 0.4, 'E_lambda': 5, 'U_b': 2, 'U_a': 1}
[]
{'a3': 0.6, 'a4': 0.5, 'E_lambda': 0.1, 'U_b': 1, 'U_a': 0}
[]
{'a3': 0.6, 'a4': 0.5, 'E_lambda': 0.1, 'U_b': 2, 'U_a': 1}
[]
{'a3': 0.6, 'a4': 0.5, 'E_lambda': 0.5, 'U_b': 1, 'U_a': 0}
[]
{'a3': 0.6, 'a4': 0.5, 'E_lambda': 0.5, 'U_b': 2, 'U_a': 1}
[]
{'a3': 0.6, 'a4': 0.5, 'E_lambda': 1, 'U_b': 1, 'U_a': 0}
[]
{'a3': 0.6, 'a4': 0.5, 'E_lambda': 1, 'U_b': 2, 'U_a': 1}
[]
{'a3': 0.6, 'a4': 0.5, 'E_lambda': 5, 'U_b': 1, 'U_a': 0}
[]
{'a3': 0.6, 'a4': 0.5, 'E_lambda': 5, 'U_b': 2, 'U_a': 1}
[]
{'a3': 0.6, 'a4': 0.6, 'E_lambda': 0.1, 'U_b': 1, 'U_a': 0}
[]
{'a3': 0.6, 'a4': 0.6, 'E_lambda': 0.1, 'U_b': 2, 'U_a': 1}
[]
{'a3': 0.6, 'a4': 0.6, 'E_lambda': 0.5, 'U_b': 1, 'U_a': 0}
[]
{'a3': 0.6, 'a4': 0.6, 'E_lambda': 0.5, 'U_b': 2, 'U_a': 1}
[]
{'a3': 0.6, 'a4': 0.6, 'E_lambda': 1, 'U_b': 1, 'U_a': 0}
[]
{'a3': 0.6, 'a4': 0.6, 'E_lambda': 1, 'U_b': 2, 'U_a': 1}
[]
{'a3': 0.6, 'a4': 0.6, 'E_lambda': 5, 'U_b': 1, 'U_a': 0}
[]
{'a3': 0.6, 'a4': 0.6, 'E_lambda': 5, 'U_b': 2, 'U_a': 1}
[]
{'a3': 0.6, 'a4': 0.7000000000000001, 'E_lambda': 0.1, 'U_b': 1, 'U_a': 0}
[]
{'a3': 0.6, 'a4': 0.7000000000000001, 'E_lambda': 0.1, 'U_b': 2, 'U_a': 1}
[]
{'a3': 0.6, 'a4': 0.7000000000000001, 'E_lambda': 0.5, 'U_b': 1, 'U_a': 0}
[]
{'a3': 0.6, 'a4': 0.7000000000000001, 'E_lambda': 0.5, 'U_b': 2, 'U_a': 1}
[]
{'a3': 0.6, 'a4': 0.7000000000000001, 'E_lambda': 1, 'U_b': 1, 'U_a': 0}
[]
{'a3': 0.6, 'a4': 0.7000000000000001, 'E_lambda': 1, 'U_b': 2, 'U_a': 1}
[]
{'a3': 0.6, 'a4': 0.7000000000000001, 'E_lambda': 5, 'U_b': 1, 'U_a': 0}
[]
{'a3': 0.6, 'a4': 0.7000000000000001, 'E_lambda': 5, 'U_b': 2, 'U_a': 1}
[]
{'a3': 0.6, 'a4': 0.8, 'E_lambda': 0.1, 'U_b': 1, 'U_a': 0}
[]
{'a3': 0.6, 'a4': 0.8, 'E_lambda': 0.1, 'U_b': 2, 'U_a': 1}
[]
{'a3': 0.6, 'a4': 0.8, 'E_lambda': 0.5, 'U_b': 1, 'U_a': 0}
[]
{'a3': 0.6, 'a4': 0.8, 'E_lambda': 0.5, 'U_b': 2, 'U_a': 1}
[]
{'a3': 0.6, 'a4': 0.8, 'E_lambda': 1, 'U_b': 1, 'U_a': 0}
[]
{'a3': 0.6, 'a4': 0.8, 'E_lambda': 1, 'U_b': 2, 'U_a': 1}
[]
{'a3': 0.6, 'a4': 0.8, 'E_lambda': 5, 'U_b': 1, 'U_a': 0}
[]
{'a3': 0.6, 'a4': 0.8, 'E_lambda': 5, 'U_b': 2, 'U_a': 1}
[]
{'a3': 0.6, 'a4': 0.9, 'E_lambda': 0.1, 'U_b': 1, 'U_a': 0}
[]
{'a3': 0.6, 'a4': 0.9, 'E_lambda': 0.1, 'U_b': 2, 'U_a': 1}
[]
{'a3': 0.6, 'a4': 0.9, 'E_lambda': 0.5, 'U_b': 1, 'U_a': 0}
[]
{'a3': 0.6, 'a4': 0.9, 'E_lambda': 0.5, 'U_b': 2, 'U_a': 1}
[]
{'a3': 0.6, 'a4': 0.9, 'E_lambda': 1, 'U_b': 1, 'U_a': 0}
[]
{'a3': 0.6, 'a4': 0.9, 'E_lambda': 1, 'U_b': 2, 'U_a': 1}
[]
{'a3': 0.6, 'a4': 0.9, 'E_lambda': 5, 'U_b': 1, 'U_a': 0}
[]
{'a3': 0.6, 'a4': 0.9, 'E_lambda': 5, 'U_b': 2, 'U_a': 1}
[]
{'a3': 0.7000000000000001, 'a4': 0.1, 'E_lambda': 0.1, 'U_b': 1, 'U_a': 0}
[]
{'a3': 0.7000000000000001, 'a4': 0.1, 'E_lambda': 0.1, 'U_b': 2, 'U_a': 1}
[]
{'a3': 0.7000000000000001, 'a4': 0.1, 'E_lambda': 0.5, 'U_b': 1, 'U_a': 0}
[]
{'a3': 0.7000000000000001, 'a4': 0.1, 'E_lambda': 0.5, 'U_b': 2, 'U_a': 1}
[]
{'a3': 0.7000000000000001, 'a4': 0.1, 'E_lambda': 1, 'U_b': 1, 'U_a': 0}
[]
{'a3': 0.7000000000000001, 'a4': 0.1, 'E_lambda': 1, 'U_b': 2, 'U_a': 1}
[]
{'a3': 0.7000000000000001, 'a4': 0.1, 'E_lambda': 5, 'U_b': 1, 'U_a': 0}
[]
{'a3': 0.7000000000000001, 'a4': 0.1, 'E_lambda': 5, 'U_b': 2, 'U_a': 1}
[]
{'a3': 0.7000000000000001, 'a4': 0.2, 'E_lambda': 0.1, 'U_b': 1, 'U_a': 0}
[]
{'a3': 0.7000000000000001, 'a4': 0.2, 'E_lambda': 0.1, 'U_b': 2, 'U_a': 1}
[]
{'a3': 0.7000000000000001, 'a4': 0.2, 'E_lambda': 0.5, 'U_b': 1, 'U_a': 0}
[]
{'a3': 0.7000000000000001, 'a4': 0.2, 'E_lambda': 0.5, 'U_b': 2, 'U_a': 1}
[]
{'a3': 0.7000000000000001, 'a4': 0.2, 'E_lambda': 1, 'U_b': 1, 'U_a': 0}
[]
{'a3': 0.7000000000000001, 'a4': 0.2, 'E_lambda': 1, 'U_b': 2, 'U_a': 1}
[]
{'a3': 0.7000000000000001, 'a4': 0.2, 'E_lambda': 5, 'U_b': 1, 'U_a': 0}
[]
{'a3': 0.7000000000000001, 'a4': 0.2, 'E_lambda': 5, 'U_b': 2, 'U_a': 1}
[]
{'a3': 0.7000000000000001, 'a4': 0.30000000000000004, 'E_lambda': 0.1, 'U_b': 1, 'U_a': 0}
[]
{'a3': 0.7000000000000001, 'a4': 0.30000000000000004, 'E_lambda': 0.1, 'U_b': 2, 'U_a': 1}
[]
{'a3': 0.7000000000000001, 'a4': 0.30000000000000004, 'E_lambda': 0.5, 'U_b': 1, 'U_a': 0}
[]
{'a3': 0.7000000000000001, 'a4': 0.30000000000000004, 'E_lambda': 0.5, 'U_b': 2, 'U_a': 1}
[]
{'a3': 0.7000000000000001, 'a4': 0.30000000000000004, 'E_lambda': 1, 'U_b': 1, 'U_a': 0}
[]
{'a3': 0.7000000000000001, 'a4': 0.30000000000000004, 'E_lambda': 1, 'U_b': 2, 'U_a': 1}
[]
{'a3': 0.7000000000000001, 'a4': 0.30000000000000004, 'E_lambda': 5, 'U_b': 1, 'U_a': 0}
[]
{'a3': 0.7000000000000001, 'a4': 0.30000000000000004, 'E_lambda': 5, 'U_b': 2, 'U_a': 1}
[]
{'a3': 0.7000000000000001, 'a4': 0.4, 'E_lambda': 0.1, 'U_b': 1, 'U_a': 0}
[]
{'a3': 0.7000000000000001, 'a4': 0.4, 'E_lambda': 0.1, 'U_b': 2, 'U_a': 1}
[]
{'a3': 0.7000000000000001, 'a4': 0.4, 'E_lambda': 0.5, 'U_b': 1, 'U_a': 0}
[]
{'a3': 0.7000000000000001, 'a4': 0.4, 'E_lambda': 0.5, 'U_b': 2, 'U_a': 1}
[]
{'a3': 0.7000000000000001, 'a4': 0.4, 'E_lambda': 1, 'U_b': 1, 'U_a': 0}
[]
{'a3': 0.7000000000000001, 'a4': 0.4, 'E_lambda': 1, 'U_b': 2, 'U_a': 1}
[]
{'a3': 0.7000000000000001, 'a4': 0.4, 'E_lambda': 5, 'U_b': 1, 'U_a': 0}
[]
{'a3': 0.7000000000000001, 'a4': 0.4, 'E_lambda': 5, 'U_b': 2, 'U_a': 1}
[]
{'a3': 0.7000000000000001, 'a4': 0.5, 'E_lambda': 0.1, 'U_b': 1, 'U_a': 0}
[]
{'a3': 0.7000000000000001, 'a4': 0.5, 'E_lambda': 0.1, 'U_b': 2, 'U_a': 1}
[]
{'a3': 0.7000000000000001, 'a4': 0.5, 'E_lambda': 0.5, 'U_b': 1, 'U_a': 0}
[]
{'a3': 0.7000000000000001, 'a4': 0.5, 'E_lambda': 0.5, 'U_b': 2, 'U_a': 1}
[]
{'a3': 0.7000000000000001, 'a4': 0.5, 'E_lambda': 1, 'U_b': 1, 'U_a': 0}
[]
{'a3': 0.7000000000000001, 'a4': 0.5, 'E_lambda': 1, 'U_b': 2, 'U_a': 1}
[]
{'a3': 0.7000000000000001, 'a4': 0.5, 'E_lambda': 5, 'U_b': 1, 'U_a': 0}
[]
{'a3': 0.7000000000000001, 'a4': 0.5, 'E_lambda': 5, 'U_b': 2, 'U_a': 1}
[]
{'a3': 0.7000000000000001, 'a4': 0.6, 'E_lambda': 0.1, 'U_b': 1, 'U_a': 0}
[]
{'a3': 0.7000000000000001, 'a4': 0.6, 'E_lambda': 0.1, 'U_b': 2, 'U_a': 1}
[]
{'a3': 0.7000000000000001, 'a4': 0.6, 'E_lambda': 0.5, 'U_b': 1, 'U_a': 0}
[]
{'a3': 0.7000000000000001, 'a4': 0.6, 'E_lambda': 0.5, 'U_b': 2, 'U_a': 1}
[]
{'a3': 0.7000000000000001, 'a4': 0.6, 'E_lambda': 1, 'U_b': 1, 'U_a': 0}
[]
{'a3': 0.7000000000000001, 'a4': 0.6, 'E_lambda': 1, 'U_b': 2, 'U_a': 1}
[]
{'a3': 0.7000000000000001, 'a4': 0.6, 'E_lambda': 5, 'U_b': 1, 'U_a': 0}
[]
{'a3': 0.7000000000000001, 'a4': 0.6, 'E_lambda': 5, 'U_b': 2, 'U_a': 1}
[]
{'a3': 0.7000000000000001, 'a4': 0.7000000000000001, 'E_lambda': 0.1, 'U_b': 1, 'U_a': 0}
[]
{'a3': 0.7000000000000001, 'a4': 0.7000000000000001, 'E_lambda': 0.1, 'U_b': 2, 'U_a': 1}
[]
{'a3': 0.7000000000000001, 'a4': 0.7000000000000001, 'E_lambda': 0.5, 'U_b': 1, 'U_a': 0}
[]
{'a3': 0.7000000000000001, 'a4': 0.7000000000000001, 'E_lambda': 0.5, 'U_b': 2, 'U_a': 1}
[]
{'a3': 0.7000000000000001, 'a4': 0.7000000000000001, 'E_lambda': 1, 'U_b': 1, 'U_a': 0}
[]
{'a3': 0.7000000000000001, 'a4': 0.7000000000000001, 'E_lambda': 1, 'U_b': 2, 'U_a': 1}
[]
{'a3': 0.7000000000000001, 'a4': 0.7000000000000001, 'E_lambda': 5, 'U_b': 1, 'U_a': 0}
[]
{'a3': 0.7000000000000001, 'a4': 0.7000000000000001, 'E_lambda': 5, 'U_b': 2, 'U_a': 1}
[]
{'a3': 0.7000000000000001, 'a4': 0.8, 'E_lambda': 0.1, 'U_b': 1, 'U_a': 0}
[]
{'a3': 0.7000000000000001, 'a4': 0.8, 'E_lambda': 0.1, 'U_b': 2, 'U_a': 1}
[]
{'a3': 0.7000000000000001, 'a4': 0.8, 'E_lambda': 0.5, 'U_b': 1, 'U_a': 0}
[]
{'a3': 0.7000000000000001, 'a4': 0.8, 'E_lambda': 0.5, 'U_b': 2, 'U_a': 1}
[]
{'a3': 0.7000000000000001, 'a4': 0.8, 'E_lambda': 1, 'U_b': 1, 'U_a': 0}
[]
{'a3': 0.7000000000000001, 'a4': 0.8, 'E_lambda': 1, 'U_b': 2, 'U_a': 1}
[]
{'a3': 0.7000000000000001, 'a4': 0.8, 'E_lambda': 5, 'U_b': 1, 'U_a': 0}
[]
{'a3': 0.7000000000000001, 'a4': 0.8, 'E_lambda': 5, 'U_b': 2, 'U_a': 1}
[]
{'a3': 0.7000000000000001, 'a4': 0.9, 'E_lambda': 0.1, 'U_b': 1, 'U_a': 0}
[]
{'a3': 0.7000000000000001, 'a4': 0.9, 'E_lambda': 0.1, 'U_b': 2, 'U_a': 1}
[]
{'a3': 0.7000000000000001, 'a4': 0.9, 'E_lambda': 0.5, 'U_b': 1, 'U_a': 0}
[]
{'a3': 0.7000000000000001, 'a4': 0.9, 'E_lambda': 0.5, 'U_b': 2, 'U_a': 1}
[]
{'a3': 0.7000000000000001, 'a4': 0.9, 'E_lambda': 1, 'U_b': 1, 'U_a': 0}
[]
{'a3': 0.7000000000000001, 'a4': 0.9, 'E_lambda': 1, 'U_b': 2, 'U_a': 1}
[]
{'a3': 0.7000000000000001, 'a4': 0.9, 'E_lambda': 5, 'U_b': 1, 'U_a': 0}
[]
{'a3': 0.7000000000000001, 'a4': 0.9, 'E_lambda': 5, 'U_b': 2, 'U_a': 1}
[]
{'a3': 0.8, 'a4': 0.1, 'E_lambda': 0.1, 'U_b': 1, 'U_a': 0}
[]
{'a3': 0.8, 'a4': 0.1, 'E_lambda': 0.1, 'U_b': 2, 'U_a': 1}
[]
{'a3': 0.8, 'a4': 0.1, 'E_lambda': 0.5, 'U_b': 1, 'U_a': 0}
[]
{'a3': 0.8, 'a4': 0.1, 'E_lambda': 0.5, 'U_b': 2, 'U_a': 1}
[]
{'a3': 0.8, 'a4': 0.1, 'E_lambda': 1, 'U_b': 1, 'U_a': 0}
[]
{'a3': 0.8, 'a4': 0.1, 'E_lambda': 1, 'U_b': 2, 'U_a': 1}
[]
{'a3': 0.8, 'a4': 0.1, 'E_lambda': 5, 'U_b': 1, 'U_a': 0}
[]
{'a3': 0.8, 'a4': 0.1, 'E_lambda': 5, 'U_b': 2, 'U_a': 1}
[]
{'a3': 0.8, 'a4': 0.2, 'E_lambda': 0.1, 'U_b': 1, 'U_a': 0}
[]
{'a3': 0.8, 'a4': 0.2, 'E_lambda': 0.1, 'U_b': 2, 'U_a': 1}
[]
{'a3': 0.8, 'a4': 0.2, 'E_lambda': 0.5, 'U_b': 1, 'U_a': 0}
[]
{'a3': 0.8, 'a4': 0.2, 'E_lambda': 0.5, 'U_b': 2, 'U_a': 1}
[]
{'a3': 0.8, 'a4': 0.2, 'E_lambda': 1, 'U_b': 1, 'U_a': 0}
[]
{'a3': 0.8, 'a4': 0.2, 'E_lambda': 1, 'U_b': 2, 'U_a': 1}
[]
{'a3': 0.8, 'a4': 0.2, 'E_lambda': 5, 'U_b': 1, 'U_a': 0}
[]
{'a3': 0.8, 'a4': 0.2, 'E_lambda': 5, 'U_b': 2, 'U_a': 1}
[]
{'a3': 0.8, 'a4': 0.30000000000000004, 'E_lambda': 0.1, 'U_b': 1, 'U_a': 0}
[]
{'a3': 0.8, 'a4': 0.30000000000000004, 'E_lambda': 0.1, 'U_b': 2, 'U_a': 1}
[]
{'a3': 0.8, 'a4': 0.30000000000000004, 'E_lambda': 0.5, 'U_b': 1, 'U_a': 0}
[]
{'a3': 0.8, 'a4': 0.30000000000000004, 'E_lambda': 0.5, 'U_b': 2, 'U_a': 1}
[]
{'a3': 0.8, 'a4': 0.30000000000000004, 'E_lambda': 1, 'U_b': 1, 'U_a': 0}
[]
{'a3': 0.8, 'a4': 0.30000000000000004, 'E_lambda': 1, 'U_b': 2, 'U_a': 1}
[]
{'a3': 0.8, 'a4': 0.30000000000000004, 'E_lambda': 5, 'U_b': 1, 'U_a': 0}
[]
{'a3': 0.8, 'a4': 0.30000000000000004, 'E_lambda': 5, 'U_b': 2, 'U_a': 1}
[]
{'a3': 0.8, 'a4': 0.4, 'E_lambda': 0.1, 'U_b': 1, 'U_a': 0}
[]
{'a3': 0.8, 'a4': 0.4, 'E_lambda': 0.1, 'U_b': 2, 'U_a': 1}
[]
{'a3': 0.8, 'a4': 0.4, 'E_lambda': 0.5, 'U_b': 1, 'U_a': 0}
[]
{'a3': 0.8, 'a4': 0.4, 'E_lambda': 0.5, 'U_b': 2, 'U_a': 1}
[]
{'a3': 0.8, 'a4': 0.4, 'E_lambda': 1, 'U_b': 1, 'U_a': 0}
[]
{'a3': 0.8, 'a4': 0.4, 'E_lambda': 1, 'U_b': 2, 'U_a': 1}
[]
{'a3': 0.8, 'a4': 0.4, 'E_lambda': 5, 'U_b': 1, 'U_a': 0}
[]
{'a3': 0.8, 'a4': 0.4, 'E_lambda': 5, 'U_b': 2, 'U_a': 1}
[]
{'a3': 0.8, 'a4': 0.5, 'E_lambda': 0.1, 'U_b': 1, 'U_a': 0}
[]
{'a3': 0.8, 'a4': 0.5, 'E_lambda': 0.1, 'U_b': 2, 'U_a': 1}
[]
{'a3': 0.8, 'a4': 0.5, 'E_lambda': 0.5, 'U_b': 1, 'U_a': 0}
[]
{'a3': 0.8, 'a4': 0.5, 'E_lambda': 0.5, 'U_b': 2, 'U_a': 1}
[]
{'a3': 0.8, 'a4': 0.5, 'E_lambda': 1, 'U_b': 1, 'U_a': 0}
[]
{'a3': 0.8, 'a4': 0.5, 'E_lambda': 1, 'U_b': 2, 'U_a': 1}
[]
{'a3': 0.8, 'a4': 0.5, 'E_lambda': 5, 'U_b': 1, 'U_a': 0}
[]
{'a3': 0.8, 'a4': 0.5, 'E_lambda': 5, 'U_b': 2, 'U_a': 1}
[]
{'a3': 0.8, 'a4': 0.6, 'E_lambda': 0.1, 'U_b': 1, 'U_a': 0}
[]
{'a3': 0.8, 'a4': 0.6, 'E_lambda': 0.1, 'U_b': 2, 'U_a': 1}
[]
{'a3': 0.8, 'a4': 0.6, 'E_lambda': 0.5, 'U_b': 1, 'U_a': 0}
[]
{'a3': 0.8, 'a4': 0.6, 'E_lambda': 0.5, 'U_b': 2, 'U_a': 1}
[]
{'a3': 0.8, 'a4': 0.6, 'E_lambda': 1, 'U_b': 1, 'U_a': 0}
[]
{'a3': 0.8, 'a4': 0.6, 'E_lambda': 1, 'U_b': 2, 'U_a': 1}
[]
{'a3': 0.8, 'a4': 0.6, 'E_lambda': 5, 'U_b': 1, 'U_a': 0}
[]
{'a3': 0.8, 'a4': 0.6, 'E_lambda': 5, 'U_b': 2, 'U_a': 1}
[]
{'a3': 0.8, 'a4': 0.7000000000000001, 'E_lambda': 0.1, 'U_b': 1, 'U_a': 0}
[]
{'a3': 0.8, 'a4': 0.7000000000000001, 'E_lambda': 0.1, 'U_b': 2, 'U_a': 1}
[]
{'a3': 0.8, 'a4': 0.7000000000000001, 'E_lambda': 0.5, 'U_b': 1, 'U_a': 0}
[]
{'a3': 0.8, 'a4': 0.7000000000000001, 'E_lambda': 0.5, 'U_b': 2, 'U_a': 1}
[]
{'a3': 0.8, 'a4': 0.7000000000000001, 'E_lambda': 1, 'U_b': 1, 'U_a': 0}
[]
{'a3': 0.8, 'a4': 0.7000000000000001, 'E_lambda': 1, 'U_b': 2, 'U_a': 1}
[]
{'a3': 0.8, 'a4': 0.7000000000000001, 'E_lambda': 5, 'U_b': 1, 'U_a': 0}
[]
{'a3': 0.8, 'a4': 0.7000000000000001, 'E_lambda': 5, 'U_b': 2, 'U_a': 1}
[]
{'a3': 0.8, 'a4': 0.8, 'E_lambda': 0.1, 'U_b': 1, 'U_a': 0}
[]
{'a3': 0.8, 'a4': 0.8, 'E_lambda': 0.1, 'U_b': 2, 'U_a': 1}
[]
{'a3': 0.8, 'a4': 0.8, 'E_lambda': 0.5, 'U_b': 1, 'U_a': 0}
[]
{'a3': 0.8, 'a4': 0.8, 'E_lambda': 0.5, 'U_b': 2, 'U_a': 1}
[]
{'a3': 0.8, 'a4': 0.8, 'E_lambda': 1, 'U_b': 1, 'U_a': 0}
[]
{'a3': 0.8, 'a4': 0.8, 'E_lambda': 1, 'U_b': 2, 'U_a': 1}
[]
{'a3': 0.8, 'a4': 0.8, 'E_lambda': 5, 'U_b': 1, 'U_a': 0}
[]
{'a3': 0.8, 'a4': 0.8, 'E_lambda': 5, 'U_b': 2, 'U_a': 1}
[]
{'a3': 0.8, 'a4': 0.9, 'E_lambda': 0.1, 'U_b': 1, 'U_a': 0}
[]
{'a3': 0.8, 'a4': 0.9, 'E_lambda': 0.1, 'U_b': 2, 'U_a': 1}
[]
{'a3': 0.8, 'a4': 0.9, 'E_lambda': 0.5, 'U_b': 1, 'U_a': 0}
[]
{'a3': 0.8, 'a4': 0.9, 'E_lambda': 0.5, 'U_b': 2, 'U_a': 1}
[]
{'a3': 0.8, 'a4': 0.9, 'E_lambda': 1, 'U_b': 1, 'U_a': 0}
[]
{'a3': 0.8, 'a4': 0.9, 'E_lambda': 1, 'U_b': 2, 'U_a': 1}
[]
{'a3': 0.8, 'a4': 0.9, 'E_lambda': 5, 'U_b': 1, 'U_a': 0}
[]
{'a3': 0.8, 'a4': 0.9, 'E_lambda': 5, 'U_b': 2, 'U_a': 1}
[]
{'a3': 0.9, 'a4': 0.1, 'E_lambda': 0.1, 'U_b': 1, 'U_a': 0}
[]
{'a3': 0.9, 'a4': 0.1, 'E_lambda': 0.1, 'U_b': 2, 'U_a': 1}
[]
{'a3': 0.9, 'a4': 0.1, 'E_lambda': 0.5, 'U_b': 1, 'U_a': 0}
[]
{'a3': 0.9, 'a4': 0.1, 'E_lambda': 0.5, 'U_b': 2, 'U_a': 1}
[]
{'a3': 0.9, 'a4': 0.1, 'E_lambda': 1, 'U_b': 1, 'U_a': 0}
[]
{'a3': 0.9, 'a4': 0.1, 'E_lambda': 1, 'U_b': 2, 'U_a': 1}
[]
{'a3': 0.9, 'a4': 0.1, 'E_lambda': 5, 'U_b': 1, 'U_a': 0}
[]
{'a3': 0.9, 'a4': 0.1, 'E_lambda': 5, 'U_b': 2, 'U_a': 1}
[]
{'a3': 0.9, 'a4': 0.2, 'E_lambda': 0.1, 'U_b': 1, 'U_a': 0}
[]
{'a3': 0.9, 'a4': 0.2, 'E_lambda': 0.1, 'U_b': 2, 'U_a': 1}
[]
{'a3': 0.9, 'a4': 0.2, 'E_lambda': 0.5, 'U_b': 1, 'U_a': 0}
[]
{'a3': 0.9, 'a4': 0.2, 'E_lambda': 0.5, 'U_b': 2, 'U_a': 1}
[]
{'a3': 0.9, 'a4': 0.2, 'E_lambda': 1, 'U_b': 1, 'U_a': 0}
[]
{'a3': 0.9, 'a4': 0.2, 'E_lambda': 1, 'U_b': 2, 'U_a': 1}
[]
{'a3': 0.9, 'a4': 0.2, 'E_lambda': 5, 'U_b': 1, 'U_a': 0}
[]
{'a3': 0.9, 'a4': 0.2, 'E_lambda': 5, 'U_b': 2, 'U_a': 1}
[]
{'a3': 0.9, 'a4': 0.30000000000000004, 'E_lambda': 0.1, 'U_b': 1, 'U_a': 0}
[]
{'a3': 0.9, 'a4': 0.30000000000000004, 'E_lambda': 0.1, 'U_b': 2, 'U_a': 1}
[]
{'a3': 0.9, 'a4': 0.30000000000000004, 'E_lambda': 0.5, 'U_b': 1, 'U_a': 0}
[]
{'a3': 0.9, 'a4': 0.30000000000000004, 'E_lambda': 0.5, 'U_b': 2, 'U_a': 1}
[]
{'a3': 0.9, 'a4': 0.30000000000000004, 'E_lambda': 1, 'U_b': 1, 'U_a': 0}
[]
{'a3': 0.9, 'a4': 0.30000000000000004, 'E_lambda': 1, 'U_b': 2, 'U_a': 1}
[]
{'a3': 0.9, 'a4': 0.30000000000000004, 'E_lambda': 5, 'U_b': 1, 'U_a': 0}
[]
{'a3': 0.9, 'a4': 0.30000000000000004, 'E_lambda': 5, 'U_b': 2, 'U_a': 1}
[]
{'a3': 0.9, 'a4': 0.4, 'E_lambda': 0.1, 'U_b': 1, 'U_a': 0}
[]
{'a3': 0.9, 'a4': 0.4, 'E_lambda': 0.1, 'U_b': 2, 'U_a': 1}
[]
{'a3': 0.9, 'a4': 0.4, 'E_lambda': 0.5, 'U_b': 1, 'U_a': 0}
[]
{'a3': 0.9, 'a4': 0.4, 'E_lambda': 0.5, 'U_b': 2, 'U_a': 1}
[]
{'a3': 0.9, 'a4': 0.4, 'E_lambda': 1, 'U_b': 1, 'U_a': 0}
[]
{'a3': 0.9, 'a4': 0.4, 'E_lambda': 1, 'U_b': 2, 'U_a': 1}
[]
{'a3': 0.9, 'a4': 0.4, 'E_lambda': 5, 'U_b': 1, 'U_a': 0}
[]
{'a3': 0.9, 'a4': 0.4, 'E_lambda': 5, 'U_b': 2, 'U_a': 1}
[]
{'a3': 0.9, 'a4': 0.5, 'E_lambda': 0.1, 'U_b': 1, 'U_a': 0}
[]
{'a3': 0.9, 'a4': 0.5, 'E_lambda': 0.1, 'U_b': 2, 'U_a': 1}
[]
{'a3': 0.9, 'a4': 0.5, 'E_lambda': 0.5, 'U_b': 1, 'U_a': 0}
[]
{'a3': 0.9, 'a4': 0.5, 'E_lambda': 0.5, 'U_b': 2, 'U_a': 1}
[]
{'a3': 0.9, 'a4': 0.5, 'E_lambda': 1, 'U_b': 1, 'U_a': 0}
[]
{'a3': 0.9, 'a4': 0.5, 'E_lambda': 1, 'U_b': 2, 'U_a': 1}
[]
{'a3': 0.9, 'a4': 0.5, 'E_lambda': 5, 'U_b': 1, 'U_a': 0}
[]
{'a3': 0.9, 'a4': 0.5, 'E_lambda': 5, 'U_b': 2, 'U_a': 1}
[]
{'a3': 0.9, 'a4': 0.6, 'E_lambda': 0.1, 'U_b': 1, 'U_a': 0}
[]
{'a3': 0.9, 'a4': 0.6, 'E_lambda': 0.1, 'U_b': 2, 'U_a': 1}
[]
{'a3': 0.9, 'a4': 0.6, 'E_lambda': 0.5, 'U_b': 1, 'U_a': 0}
[]
{'a3': 0.9, 'a4': 0.6, 'E_lambda': 0.5, 'U_b': 2, 'U_a': 1}
[]
{'a3': 0.9, 'a4': 0.6, 'E_lambda': 1, 'U_b': 1, 'U_a': 0}
[]
{'a3': 0.9, 'a4': 0.6, 'E_lambda': 1, 'U_b': 2, 'U_a': 1}
[]
{'a3': 0.9, 'a4': 0.6, 'E_lambda': 5, 'U_b': 1, 'U_a': 0}
[]
{'a3': 0.9, 'a4': 0.6, 'E_lambda': 5, 'U_b': 2, 'U_a': 1}
[]
{'a3': 0.9, 'a4': 0.7000000000000001, 'E_lambda': 0.1, 'U_b': 1, 'U_a': 0}
[]
{'a3': 0.9, 'a4': 0.7000000000000001, 'E_lambda': 0.1, 'U_b': 2, 'U_a': 1}
[]
{'a3': 0.9, 'a4': 0.7000000000000001, 'E_lambda': 0.5, 'U_b': 1, 'U_a': 0}
[]
{'a3': 0.9, 'a4': 0.7000000000000001, 'E_lambda': 0.5, 'U_b': 2, 'U_a': 1}
[]
{'a3': 0.9, 'a4': 0.7000000000000001, 'E_lambda': 1, 'U_b': 1, 'U_a': 0}
[]
{'a3': 0.9, 'a4': 0.7000000000000001, 'E_lambda': 1, 'U_b': 2, 'U_a': 1}
[]
{'a3': 0.9, 'a4': 0.7000000000000001, 'E_lambda': 5, 'U_b': 1, 'U_a': 0}
[]
{'a3': 0.9, 'a4': 0.7000000000000001, 'E_lambda': 5, 'U_b': 2, 'U_a': 1}
[]
{'a3': 0.9, 'a4': 0.8, 'E_lambda': 0.1, 'U_b': 1, 'U_a': 0}
[]
{'a3': 0.9, 'a4': 0.8, 'E_lambda': 0.1, 'U_b': 2, 'U_a': 1}
[]
{'a3': 0.9, 'a4': 0.8, 'E_lambda': 0.5, 'U_b': 1, 'U_a': 0}
[]
{'a3': 0.9, 'a4': 0.8, 'E_lambda': 0.5, 'U_b': 2, 'U_a': 1}
[]
{'a3': 0.9, 'a4': 0.8, 'E_lambda': 1, 'U_b': 1, 'U_a': 0}
[]
{'a3': 0.9, 'a4': 0.8, 'E_lambda': 1, 'U_b': 2, 'U_a': 1}
[]
{'a3': 0.9, 'a4': 0.8, 'E_lambda': 5, 'U_b': 1, 'U_a': 0}
[]
{'a3': 0.9, 'a4': 0.8, 'E_lambda': 5, 'U_b': 2, 'U_a': 1}
[]
{'a3': 0.9, 'a4': 0.9, 'E_lambda': 0.1, 'U_b': 1, 'U_a': 0}
[]
{'a3': 0.9, 'a4': 0.9, 'E_lambda': 0.1, 'U_b': 2, 'U_a': 1}
[]
{'a3': 0.9, 'a4': 0.9, 'E_lambda': 0.5, 'U_b': 1, 'U_a': 0}
[]
{'a3': 0.9, 'a4': 0.9, 'E_lambda': 0.5, 'U_b': 2, 'U_a': 1}
[]
{'a3': 0.9, 'a4': 0.9, 'E_lambda': 1, 'U_b': 1, 'U_a': 0}
[]
{'a3': 0.9, 'a4': 0.9, 'E_lambda': 1, 'U_b': 2, 'U_a': 1}
[]
{'a3': 0.9, 'a4': 0.9, 'E_lambda': 5, 'U_b': 1, 'U_a': 0}
[]
{'a3': 0.9, 'a4': 0.9, 'E_lambda': 5, 'U_b': 2, 'U_a': 1}
[]
